------Start of DE processing------ = [3/15/17 0:32:07:555 CST]
Exception = com.ibm.ws.container.service.metadata.MetaDataException
Source = com.ibm.ws.app.manager.module.internal.DeployedAppInfoBase
probeid = 365
Stack Dump = com.ibm.ws.container.service.metadata.MetaDataException: com.ibm.wsspi.adaptable.module.UnableToAdaptException: SRVE9016E: Unable to insert mapping [/SimpleServlet] for servlet named [wasdev.sample.servlet.LogClassifier]. The URL pattern is already defined for servlet named [wasdev.sample.servlet.SimpleServlet].
	at com.ibm.ws.webcontainer.osgi.WebContainer.createModuleMetaData(WebContainer.java:759)
	at com.ibm.ws.app.manager.module.internal.ModuleHandlerBase.createModuleMetaData(ModuleHandlerBase.java:64)
	at com.ibm.ws.app.manager.module.internal.SimpleDeployedAppInfoBase$ModuleContainerInfoBase.createModuleMetaData(SimpleDeployedAppInfoBase.java:169)
	at com.ibm.ws.app.manager.module.internal.DeployedAppInfoBase.preDeployApp(DeployedAppInfoBase.java:364)
	at com.ibm.ws.app.manager.module.internal.DeployedAppInfoBase.deployApp(DeployedAppInfoBase.java:403)
	at com.ibm.ws.app.manager.war.internal.WARApplicationHandlerImpl.install(WARApplicationHandlerImpl.java:66)
	at com.ibm.ws.app.manager.internal.statemachine.StartAction.execute(StartAction.java:141)
	at com.ibm.ws.app.manager.internal.statemachine.ApplicationStateMachineImpl.enterState(ApplicationStateMachineImpl.java:1191)
	at com.ibm.ws.app.manager.internal.statemachine.ApplicationStateMachineImpl.run(ApplicationStateMachineImpl.java:804)
	at java.util.concurrent.ThreadPoolExecutor.runWorker(ThreadPoolExecutor.java:1142)
	at java.util.concurrent.ThreadPoolExecutor$Worker.run(ThreadPoolExecutor.java:617)
	at java.lang.Thread.run(Thread.java:745)
Caused by: com.ibm.wsspi.adaptable.module.UnableToAdaptException: SRVE9016E: Unable to insert mapping [/SimpleServlet] for servlet named [wasdev.sample.servlet.LogClassifier]. The URL pattern is already defined for servlet named [wasdev.sample.servlet.SimpleServlet].
	at com.ibm.ws.webcontainer.osgi.container.config.WebAppConfiguratorHelper.configureWebServletAnnotation(WebAppConfiguratorHelper.java:2640)
	at com.ibm.ws.webcontainer.osgi.container.config.WebAppConfiguratorHelper.configureServletAnnotation(WebAppConfiguratorHelper.java:2411)
	at com.ibm.ws.webcontainer.osgi.container.config.WebAppConfiguratorHelper.configureFromAnnotations(WebAppConfiguratorHelper.java:779)
	at com.ibm.ws.webcontainer.osgi.container.config.WebAppConfigurator.configure(WebAppConfigurator.java:415)
	at com.ibm.ws.webcontainer.osgi.container.config.WebAppConfigurationAdapter.adapt(WebAppConfigurationAdapter.java:116)
	at com.ibm.ws.webcontainer.osgi.container.config.WebAppConfigurationAdapter.adapt(WebAppConfigurationAdapter.java:44)
	at com.ibm.ws.adaptable.module.internal.AdapterFactoryServiceImpl.adapt(AdapterFactoryServiceImpl.java:193)
	at com.ibm.ws.adaptable.module.internal.AdaptableContainerImpl.adapt(AdaptableContainerImpl.java:171)
	at com.ibm.ws.webcontainer.osgi.WebContainer.createModuleMetaData(WebContainer.java:744)
	... 11 more

Dump of callerThis
Object type = com.ibm.ws.app.manager.war.internal.WARDeployedAppInfo
  CONTEXT_ROOT = "context-root"
  webModuleHandler = class com.ibm.ws.app.manager.web.internal.WebModuleHandlerImpl@2b9fff53
    serialVersionUID = 4795602325763828210
    $$$tc$$$ = class com.ibm.websphere.ras.TraceComponent@41c7df88
      strings[0] = "TraceComponent[com.ibm.ws.app.manager.web.internal.WebModuleHandlerImpl,class com.ibm.ws.app.manager.web.internal.WebModuleHandlerImpl,[webcontainer, applications, app.manager],com.ibm.ws.app.manager.war.internal.resources.Messages,null]"
    futureMonitor = class com.ibm.ws.threading.internal.FutureMonitorImpl@1612e79e
    metaDataService = class com.ibm.ws.container.service.metadata.internal.MetaDataServiceImpl@21790c6f
    stateChangeService = class com.ibm.ws.container.service.state.internal.StateChangeServiceImpl@7d5629cb
    moduleRuntimeContainer = class com.ibm.ws.webcontainer.osgi.WebContainer@33f2b45c
      tc = class com.ibm.websphere.ras.TraceComponent@5536ef4a
      CLASS_NAME = "com.ibm.ws.webcontainer.osgi.WebContainer"
      initialized = true
      eventService = class com.ibm.ws.event.internal.EventEngineImpl@d5dfff8
      futureMonitor = class com.ibm.ws.threading.internal.FutureMonitorImpl@1612e79e
      classLoadingSRRef = class com.ibm.wsspi.kernel.service.utils.AtomicServiceReference@457ad00b
      sessionHelperSRRef = class com.ibm.wsspi.kernel.service.utils.AtomicServiceReference@2a5eeb9e
      cacheManagerSRRef = class com.ibm.wsspi.kernel.service.utils.AtomicServiceReference@489e6312
      injectionEngineSRRef = class com.ibm.wsspi.kernel.service.utils.AtomicServiceReference@49314388
      managedObjectServiceSRRef = class com.ibm.wsspi.kernel.service.utils.AtomicServiceReference@5a58382d
      REFERENCE_WEB_MBEAN_RUNTIME = "webMBeanRuntime"
      webMBeanRuntimeServiceRef = class com.ibm.wsspi.kernel.service.utils.AtomicServiceReference@7073ae3
      servletContainerInitializers = class com.ibm.wsspi.kernel.service.utils.ConcurrentServiceReferenceSet@3cba5fe2
      es = class com.ibm.ws.threading.internal.ExecutorServiceImpl@7f5466fe
      locationServiceRef = class java.util.concurrent.atomic.AtomicReference@64d6a069
      transferContextServiceRef = class com.ibm.wsspi.kernel.service.utils.ConcurrentServiceReferenceSet@5ab85e32
      encodingServiceRef = class java.util.concurrent.atomic.AtomicReference@34934fc8
      instance = class java.util.concurrent.atomic.AtomicReference@682cac32
      vhostManager = class com.ibm.ws.webcontainer.osgi.DynamicVirtualHostManager@39289cb6
      metaDataService = class com.ibm.ws.container.service.metadata.internal.MetaDataServiceImpl@21790c6f
      j2eeNameFactory = class com.ibm.ws.container.service.metadata.internal.J2EENameFactoryImpl@fbafa87
      context = class org.apache.felix.scr.impl.manager.ComponentContextImpl@2fa9a7e
      contextRoots = class java.util.Collections$SynchronizedSet@7fca6bbb
      pendingContextRoots = class java.util.HashMap@16b90a59
      deployedModuleMap = class java.util.concurrent.ConcurrentHashMap@4e8fa4cb
      connContextPool = class com.ibm.ws.webcontainer31.osgi.srt.SRTConnectionContextPool31Impl@18f0ee0e
      DEFAULT_PORT = "*"
      DEFAULT_VHOST_NAME = "default_host"
      cachedServerInfo = null
      lock = class com.ibm.ws.webcontainer.osgi.WebContainer$1@344bc918
      webAppFactory = class com.ibm.ws.webcontainer31.osgi.webapp.WebAppFactoryImpl31@6a7ee60a
      requestFactory = class com.ibm.ws.webcontainer31.osgi.response.IRequestResponseFactory@59e4ae72
      responseFactory = class com.ibm.ws.webcontainer31.osgi.response.IRequestResponseFactory@59e4ae72
      asyncContextFactory = class com.ibm.ws.webcontainer31.async.AsyncContextFactory31Impl@46fbabde
      DEFAULT_MAX_VERSION = 30
      versionRef = class org.eclipse.osgi.internal.serviceregistry.ServiceReferenceImpl@2c92a910
      SPEC_LEVEL_UNLOADED = -1
      SPEC_LEVEL_30 = 30
      SPEC_LEVEL_31 = 31
      DEFAULT_SPEC_LEVEL = 30
      loadedContainerSpecLevel = 31
      ISO = "ISO-8859-1"
      encoding = "UTF-8"
      decode = true
      wcconfig = class com.ibm.ws.webcontainer.osgi.WebContainerConfiguration@4daafb4a
      applicationListeners = class java.util.ArrayList@56941c7a
      servletListeners = class java.util.ArrayList@6ff7e591
      servletErrorListeners = class java.util.ArrayList@54ac3cf5
      servletInvocationListeners = class java.util.ArrayList@4e46fd81
      filterInvocationListeners = class java.util.ArrayList@38c74fff
      filterErrorListeners = class java.util.ArrayList@684cee1b
      filterListeners = class java.util.ArrayList@5db22c73
      servletRequestListeners = class java.util.ArrayList@246178b1
      servletRequestAttributeListeners = class java.util.ArrayList@265b7375
      servletContextListeners = class java.util.ArrayList@29e86d93
      servletContextAttributeListeners = class java.util.ArrayList@65f50d69
      sessionListeners = class java.util.ArrayList@4a7e4596
      sessionIdListeners = class java.util.ArrayList@37c34777
      sessionAttributeListeners = class java.util.ArrayList@5d2d20e9
      DEFAULT_HOST = "default_host"
      _initialized = true
      logger = class com.ibm.ws.logging.internal.WsLogger@10fee060
      CLASS_NAME = "com.ibm.ws.webcontainer.internal.WebContainer"
      nls = class com.ibm.ejs.ras.TraceNLS@2894551c
      self = class java.util.concurrent.atomic.AtomicReference@5c14786
      _cipherToBit = class java.util.HashMap@315f05bf
      cacheKeyStringBuilder = class com.ibm.ws.util.WSThreadLocal@56c50e14
      listenersInitialized = false
      webConProperties = class java.util.Properties@5cf39d65
      sessionRegistry = null
      isStopped = false
      readWriteLockForStopping = class java.util.concurrent.locks.ReentrantReadWriteLock@53010c0a
      urlPrefix = ";jsessionid="
      extensionFactories = class java.util.ArrayList@1a3a9928
      postInitExtensionFactories = null
      httpResponseListeners = class java.util.ArrayList@647191d5
      servletContainerInitializers = class java.util.ServiceLoader@2429308b
      invocationCacheSize = 500
      decodePlusSign = true
      _cacheMap = class java.util.concurrent.ConcurrentHashMap@7f930958
      _cacheSize = class java.util.concurrent.atomic.AtomicInteger@312e3c5b
      vHostCompatFlag = false
      platformHelper = class com.ibm.ws.webcontainer.PlatformHelper@5939ec92
      isDefaultTempDir = true
      tempDir = null
      servletCachingInitNeeded = true
      appInstallBegun = false
      commands = class java.util.ArrayList@53473458
      requestMapper = class com.ibm.ws.webcontainer.util.VirtualHostContextRootMapper@134b168f
      parent = null
      name = "Was.webcontainer"
      isAlive = true
      subElements = null
      attributes = null
      config = null
      serialVersionUID = -8271459000149267764
      $$$tc$$$ = class com.ibm.websphere.ras.TraceComponent@5bdc8b2
    firstFailure = null
    serialVersionUID = -4563697739413190872
    $$$tc$$$ = class com.ibm.websphere.ras.TraceComponent@106ecbdc
      strings[0] = "TraceComponent[com.ibm.ws.app.manager.module.internal.ModuleHandlerBase,class com.ibm.ws.app.manager.module.internal.ModuleHandlerBase,[applications, app.manager],,null]"
  webContainerModuleInfo = class com.ibm.ws.app.manager.module.internal.SimpleDeployedAppInfoBase$WebModuleContainerInfo@2ef895fe
    contextRoot = "/ChansyApp"
    defaultContextRoot = "ChansyApp"
    serialVersionUID = -8158961796913348204
    $$$tc$$$ = class com.ibm.websphere.ras.TraceComponent@3e333f9b
      strings[0] = "TraceComponent[com.ibm.ws.app.manager.module.internal.SimpleDeployedAppInfoBase$WebModuleContainerInfo,class com.ibm.ws.app.manager.module.internal.SimpleDeployedAppInfoBase$WebModuleContainerInfo,[applications, app.manager],,null]"
    moduleHandler = class com.ibm.ws.app.manager.web.internal.WebModuleHandlerImpl@2b9fff53
    moduleMetaDataExtenders = class java.util.concurrent.CopyOnWriteArrayList@46f47f6a
      serialVersionUID = 8673264195747942595
      lock = class java.util.concurrent.locks.ReentrantLock@396ec47a
      array = class java.lang.Object[0]
      UNSAFE = class sun.misc.Unsafe@4aed16fb
      lockOffset = 12
    nestedModuleMetaDataFactories = class java.util.concurrent.CopyOnWriteArrayList@3cd9110e
      serialVersionUID = 8673264195747942595
      lock = class java.util.concurrent.locks.ReentrantLock@5f4f30e4
      array = class java.lang.Object[0]
      UNSAFE = class sun.misc.Unsafe@4aed16fb
      lockOffset = 12
    nestedModules = null
    moduleName = "ChansyApp-1.0-SNAPSHOT"
    moduleDD = null
    moduleInfo = class com.ibm.ws.app.manager.module.internal.WebModuleInfoImpl@c809f7f
      contextRoot = "/ChansyApp"
      serialVersionUID = 4357952575365007841
      $$$tc$$$ = class com.ibm.websphere.ras.TraceComponent@48104c24
      tc = class com.ibm.websphere.ras.TraceComponent@927c3dc
      appInfo = class com.ibm.ws.container.service.app.deploy.internal.ApplicationInfoImpl@5d811728
      moduleName = "ChansyApp-1.0-SNAPSHOT"
      path = "ChansyApp-1.0-SNAPSHOT"
      moduleContainer = class com.ibm.ws.adaptable.module.internal.AdaptableContainerImpl@14bca0a3
      altDDEntry = null
      moduleClassesContainers = class java.util.ArrayList@17bed558
      classLoaderFactory = class com.ibm.ws.app.manager.war.internal.WARDeployedAppInfo@4f691a2f
      containerInfoType = class com.ibm.ws.container.service.app.deploy.ContainerInfo$Type@78f86473
      classLoader = class com.ibm.ws.classloading.internal.AppClassLoader@11b1d7bd
      moduleMetaData = null
      nestedModuleMetaDataTypes = null
      nestedModuleMetaDataValues = null
      serialVersionUID = 3986734351620206554
    serialVersionUID = 8693907776607441911
    $$$tc$$$ = class com.ibm.websphere.ras.TraceComponent@6d10fb31
      strings[0] = "TraceComponent[com.ibm.ws.app.manager.module.internal.SimpleDeployedAppInfoBase$ModuleContainerInfoBase,class com.ibm.ws.app.manager.module.internal.SimpleDeployedAppInfoBase$ModuleContainerInfoBase,[applications, app.manager],,null]"
    type = class com.ibm.ws.container.service.app.deploy.ContainerInfo$Type@78f86473
      MANIFEST_CLASSPATH = class com.ibm.ws.container.service.app.deploy.ContainerInfo$Type@42304c43
      WEB_INF_CLASSES = class com.ibm.ws.container.service.app.deploy.ContainerInfo$Type@3848c3a0
      WEB_INF_LIB = class com.ibm.ws.container.service.app.deploy.ContainerInfo$Type@1a30409c
      EAR_LIB = class com.ibm.ws.container.service.app.deploy.ContainerInfo$Type@3d5a6c28
      WEB_MODULE = class com.ibm.ws.container.service.app.deploy.ContainerInfo$Type@78f86473
      EJB_MODULE = class com.ibm.ws.container.service.app.deploy.ContainerInfo$Type@7d486d94
      CLIENT_MODULE = class com.ibm.ws.container.service.app.deploy.ContainerInfo$Type@3e3f45e
      RAR_MODULE = class com.ibm.ws.container.service.app.deploy.ContainerInfo$Type@1bcf701e
      JAR_MODULE = class com.ibm.ws.container.service.app.deploy.ContainerInfo$Type@751a7463
      SHARED_LIB = class com.ibm.ws.container.service.app.deploy.ContainerInfo$Type@4b009399
      $VALUES = class com.ibm.ws.container.service.app.deploy.ContainerInfo$Type[10]
      serialVersionUID = -3226393626317575807
      $$$tc$$$ = class com.ibm.websphere.ras.TraceComponent@5745b5c2
      name = "WEB_MODULE"
      ordinal = 4
    name = "ChansyApp-1.0-SNAPSHOT"
    container = class com.ibm.ws.adaptable.module.internal.AdaptableContainerImpl@14bca0a3
      root = class com.ibm.ws.adaptable.module.internal.AdaptableContainerImpl@14bca0a3
      rootOverlay = class com.ibm.ws.artifact.overlay.internal.DirectoryBasedOverlayContainerImpl@5d5142b2
      factoryHolder = class com.ibm.ws.adaptable.module.internal.AdaptableModuleFactoryImpl@2dd562fe
      delegate = class com.ibm.ws.artifact.overlay.internal.DirectoryBasedOverlayContainerImpl@5d5142b2
      notifier = class com.ibm.ws.adaptable.module.internal.NotifierImpl@374f5740
      serialVersionUID = -5621513278641113667
      $$$tc$$$ = class com.ibm.websphere.ras.TraceComponent@5975b5ca
    altDDEntry = null
    classesContainerInfo = class java.util.ArrayList@17bed558
      serialVersionUID = 8683452581122892189
      DEFAULT_CAPACITY = 10
      EMPTY_ELEMENTDATA = class java.lang.Object[0]
      DEFAULTCAPACITY_EMPTY_ELEMENTDATA = class java.lang.Object[0]
      elementData = class java.lang.Object[33]
      size = 26
      MAX_ARRAY_SIZE = 2147483639
      modCount = 27
      MAX_ARRAY_SIZE = 2147483639
    serialVersionUID = 7427332431485745589
    $$$tc$$$ = class com.ibm.websphere.ras.TraceComponent@d2a8f02
      strings[0] = "TraceComponent[com.ibm.ws.app.manager.module.internal.SimpleDeployedAppInfoBase$ExtendedContainerInfo,class com.ibm.ws.app.manager.module.internal.SimpleDeployedAppInfoBase$ExtendedContainerInfo,[applications, app.manager],,null]"
  DYNAMIC_IMPORT_PACKAGE_LIST = class java.util.Collections$UnmodifiableRandomAccessList@36fd26a1
    serialVersionUID = -2542308836966382001
    serialVersionUID = -283967356065247728
    list = class java.util.Arrays$ArrayList@5a65785
      serialVersionUID = -2764017481108945198
      a = class java.lang.String[1]
      modCount = 0
      MAX_ARRAY_SIZE = 2147483639
    serialVersionUID = 1820017752578914078
    c = class java.util.Arrays$ArrayList@5a65785
  serialVersionUID = -6153587016903242961
  $$$tc$$$ = class com.ibm.websphere.ras.TraceComponent@5515bd0a
    strings[0] = "TraceComponent[com.ibm.ws.app.manager.war.internal.WARDeployedAppInfo,class com.ibm.ws.app.manager.war.internal.WARDeployedAppInfo,[webcontainer, applications, app.manager],com.ibm.ws.app.manager.war.internal.resources.Messages,null]"
  _tc = class com.ibm.websphere.ras.TraceComponent@1e0ab670
    strings[0] = "TraceComponent[com.ibm.ws.app.manager.module.internal.DeployedAppInfoBase,class com.ibm.ws.app.manager.module.internal.DeployedAppInfoBase,[app.manager],com.ibm.ws.app.manager.module.internal.resources.Messages,null]"
  PERMISSION_XML = "permissions.xml"
  applicationInformation = class com.ibm.ws.app.manager.internal.ApplicationInstallInfo@e8b6ce8
    _config = class com.ibm.ws.app.manager.internal.ApplicationConfig@7139de1a
      _configPid = "com.ibm.ws.app.manager_6"
      _config = class com.ibm.ws.config.admin.ConfigurationDictionary@343d3a8a
      _location = "../../../../../ChansyApp-1.0-SNAPSHOT"
      _type = "war"
      _name = "ChansyApp"
      _notificationBroadcasterSupport = class javax.management.NotificationBroadcasterSupport@6ca1c5e9
    _handlerInfo = class java.util.concurrent.atomic.AtomicReference@b40546d
      serialVersionUID = -1848883965231344442
      unsafe = class sun.misc.Unsafe@4aed16fb
      valueOffset = 12
      value = class com.ibm.ws.app.manager.war.internal.WARDeployedAppInfo@4f691a2f
    _container = class java.util.concurrent.atomic.AtomicReference@75dfbb22
      serialVersionUID = -1848883965231344442
      unsafe = class sun.misc.Unsafe@4aed16fb
      valueOffset = 12
      value = class com.ibm.ws.adaptable.module.internal.AdaptableContainerImpl@14bca0a3
    _resolvedLocation = class java.util.concurrent.atomic.AtomicReference@4fed6ac6
      serialVersionUID = -1848883965231344442
      unsafe = class sun.misc.Unsafe@4aed16fb
      valueOffset = 12
      value = class com.ibm.ws.kernel.service.location.internal.LocalFileResource@7271585c
    _handler = class com.ibm.ws.app.manager.war.internal.WARApplicationHandlerImpl@709ba42f
      futureMonitor = class com.ibm.ws.threading.internal.FutureMonitorImpl@1612e79e
      deployedAppFactory = class com.ibm.ws.app.manager.war.internal.WARDeployedAppInfoFactoryImpl@15c405e6
      serialVersionUID = 4622845147410944782
      $$$tc$$$ = class com.ibm.websphere.ras.TraceComponent@3d1f0a7f
    _ami = class java.util.concurrent.atomic.AtomicReference@79f1656d
      serialVersionUID = -1848883965231344442
      unsafe = class sun.misc.Unsafe@4aed16fb
      valueOffset = 12
      value = class com.ibm.wsspi.application.handler.DefaultApplicationMonitoringInformation@583cf8be
    _updateHandler = class com.ibm.ws.app.manager.internal.statemachine.ApplicationStateMachineImpl@717fc7da
      _tc = class com.ibm.websphere.ras.TraceComponent@4f4fcc9e
      EMPTY_FUTURE_ARRAY = interface java.util.concurrent.Future[0]
      asmSequenceNumber = class java.util.concurrent.atomic.AtomicLong@92331b8
      _qscaCounter = class java.util.concurrent.atomic.AtomicInteger@de47620
      _failedThrowable = null
      _interruptibleLock = class com.ibm.ws.app.manager.internal.statemachine.ApplicationStateMachineImpl$2@1ddfa21d
      _interruptible = false
      _performingQueuedActions = true
      _queuedActions = class java.util.concurrent.ConcurrentLinkedQueue@18d8bf43
      _callbackState = class java.util.concurrent.atomic.AtomicReference@8e6f311
      blockAppStartingFutures = class java.util.Collections$SetFromMap@261dd15b
      waitingForAppHandlerFuture = class java.util.concurrent.atomic.AtomicReference@463240cf
      waitingForExplicitStartFuture = class java.util.concurrent.atomic.AtomicReference@1b4dcded
      completionListener = class java.util.concurrent.atomic.AtomicReference@240ccbee
      _notifyAppStopped = class java.util.concurrent.ConcurrentLinkedQueue@6cd3513d
      _notifyAppStarting = class java.util.concurrent.ConcurrentLinkedQueue@38335050
      _notifyAppInstallCalled = class java.util.concurrent.ConcurrentLinkedQueue@4d64c01e
      _notifyAppStarted = class java.util.concurrent.ConcurrentLinkedQueue@f7531e7
      _notifyAppRemoved = class java.util.concurrent.ConcurrentLinkedQueue@79d9c38d
      _stateLock = class com.ibm.ws.app.manager.internal.statemachine.ApplicationStateMachineImpl$3@5b4aad36
      _internalState = class java.util.concurrent.atomic.AtomicReference@30c5f271
      _currentAction = class java.util.concurrent.atomic.AtomicReference@16191787
      _rfa = class java.util.concurrent.atomic.AtomicReference@216b6b62
      _appInstallInfo = class java.util.concurrent.atomic.AtomicReference@2f465164
      _update = class java.util.concurrent.atomic.AtomicBoolean@308f7887
      _appConfig = class java.util.concurrent.atomic.AtomicReference@6e74e43e
      _nextAppConfig = class java.util.concurrent.atomic.AtomicReference@143eb2e9
      _appContainer = class java.util.concurrent.atomic.AtomicReference@9ee1c7b
      _resolvedLocation = class java.util.concurrent.atomic.AtomicReference@426e0681
      _handler = class java.util.concurrent.atomic.AtomicReference@b724fe6
      _asmSeqNo = 0
      _ctx = class org.eclipse.osgi.internal.framework.BundleContextImpl@3e5ad34d
      _locAdmin = class com.ibm.ws.kernel.service.location.internal.WsLocationAdminImpl@3adc5718
      _futureMonitor = class com.ibm.ws.threading.internal.FutureMonitorImpl@1612e79e
      _artifactFactory = class com.ibm.ws.artifact.internal.ArtifactContainerFactoryService@717108bd
      _moduleFactory = class com.ibm.ws.adaptable.module.internal.AdaptableModuleFactoryImpl@2dd562fe
      _executorService = class com.ibm.ws.threading.internal.ExecutorServiceImpl@7f5466fe
      _scheduledExecutorService = class com.ibm.ws.threading.internal.ScheduledExecutorImpl@116dd927
      _asmHelper = class com.ibm.ws.app.manager.internal.ApplicationConfigurator$NamedApplication@6a6746ca
      _appMonitor = class com.ibm.ws.app.manager.internal.monitor.ApplicationMonitor@6aba1d9b
      enterStateCalled = class java.util.concurrent.atomic.AtomicBoolean@134ed973
      serialVersionUID = -1399093980790866556
      serialVersionUID = 5501066335104962649
      $$$tc$$$ = class com.ibm.websphere.ras.TraceComponent@5ae00340
    serialVersionUID = 3995013949638210907
    $$$tc$$$ = class com.ibm.websphere.ras.TraceComponent@37bf57
      strings[0] = "TraceComponent[com.ibm.ws.app.manager.internal.ApplicationInstallInfo,class com.ibm.ws.app.manager.internal.ApplicationInstallInfo,[applications, app.manager],com.ibm.ws.app.manager.internal.resources.AppManagerMessages,null]"
  location = "C:\Users\IBM_ADMIN\Documents\GitHub\chansyapp\target\ChansyApp-1.0-SNAPSHOT"
  classLoadingService = class com.ibm.ws.classloading.internal.ClassLoadingServiceImpl@64365fa2
    tc = class com.ibm.websphere.ras.TraceComponent@10c8890b
      strings[0] = "TraceComponent[com.ibm.ws.classloading.internal.ClassLoadingServiceImpl,class com.ibm.ws.classloading.internal.ClassLoadingServiceImpl,[ClassLoadingService],com.ibm.ws.classloading.internal.resources.ClassLoadingServiceMessages,null]"
    TCCL_LOCK_WAIT = 15000
    REFERENCE_GENERATORS = "generators"
    bundleContext = class org.eclipse.osgi.internal.framework.BundleContextImpl@2db1ecf1
    aclStore = class com.ibm.ws.classloading.internal.util.CanonicalStore@3587943b
      map = class java.util.concurrent.ConcurrentHashMap@536ddd51
      q = class com.ibm.ws.classloading.internal.util.RefQueue@4e1d1fe1
      serialVersionUID = 6715157558227169968
      $$$tc$$$ = class com.ibm.websphere.ras.TraceComponent@96d2722
    tcclStore = class com.ibm.ws.classloading.internal.util.CanonicalStore@13902a76
      map = class java.util.concurrent.ConcurrentHashMap@1efbcfd0
      q = class com.ibm.ws.classloading.internal.util.RefQueue@38677200
      serialVersionUID = 6715157558227169968
      $$$tc$$$ = class com.ibm.websphere.ras.TraceComponent@96d2722
    tcclStoreLock = class java.util.concurrent.locks.ReentrantLock@5ab7b0a5
      serialVersionUID = 7373984872572414699
      sync = class java.util.concurrent.locks.ReentrantLock$NonfairSync@14c33a6b
    digraph = class org.eclipse.equinox.internal.region.StandardRegionDigraph@2b2fbe2c
      EMPTY_EDGE_SET = class java.util.Collections$UnmodifiableSet@23817d3b
      monitor = class java.lang.Object@401d70bc
      regions = class java.util.HashMap@5d88baf1
      bundleIdToRegionMapping = class org.eclipse.equinox.internal.region.StandardBundleIdToRegionMapping@48ead273
      edges = class java.util.HashMap@60aa16f0
      bundleContext = class org.eclipse.osgi.internal.framework.BundleContextImpl@5d1e09bc
      threadLocal = class java.lang.ThreadLocal@4b9912c9
      subgraphTraverser = class org.eclipse.equinox.internal.region.SubgraphTraverser@53de6679
      bundleCollisionHook = class org.eclipse.equinox.internal.region.hook.RegionBundleCollisionHook@4db94f3b
      bundleEventHook = class org.eclipse.equinox.internal.region.hook.RegionBundleEventHook@7d94ddea
      bundleFindHook = class org.eclipse.equinox.internal.region.hook.RegionBundleFindHook@7e9897cb
      serviceEventHook = class org.eclipse.equinox.internal.region.hook.RegionServiceEventHook@5e55cbcf
      serviceFindHook = class org.eclipse.equinox.internal.region.hook.RegionServiceFindHook@599287a9
      resolverHookFactory = class org.eclipse.equinox.internal.region.hook.RegionResolverHookFactory@2b26afc
      origin = null
      originUpdateCount = -1
      updateCount = class java.util.concurrent.atomic.AtomicLong@38ae93ae
      defaultRegion = null
    redefiner = class com.ibm.ws.classloading.internal.util.ClassRedefiner@1ed70468
      tc = class com.ibm.websphere.ras.TraceComponent@1dd35277
      LS = "
"
      inst = class com.ibm.ws.kernel.launch.internal.TraceInstrumentation@46bde314
      serialVersionUID = 2420101865139508526
    listener = class com.ibm.ws.classloading.internal.ClassLoadingServiceImpl$1@2200c13e
      this$0 = class com.ibm.ws.classloading.internal.ClassLoadingServiceImpl@64365fa2
      serialVersionUID = -9159707349812113172
      $$$tc$$$ = class com.ibm.websphere.ras.TraceComponent@5db28345
    classloaders = class java.util.Collections$SynchronizedMap@30d18c92
      serialVersionUID = 1978198479659022715
      m = class java.util.HashMap@43cb54dd
      mutex = class java.util.Collections$SynchronizedMap@30d18c92
      keySet = null
      entrySet = null
      values = null
    resourceProviders = class com.ibm.ws.classloading.internal.CompositeResourceProvider@570430b5
      lockFactory = class java.util.concurrent.locks.ReentrantReadWriteLock@464e49fa
      providerMap = class com.ibm.ws.classloading.internal.util.MultiMap@37be4c2c
      serialVersionUID = -6866398128968222400
      $$$tc$$$ = class com.ibm.websphere.ras.TraceComponent@5c0031cc
    rememberedBundles = class java.util.concurrent.ConcurrentHashMap@10c3aa7
      serialVersionUID = 7249069246763182397
      MAXIMUM_CAPACITY = 1073741824
      DEFAULT_CAPACITY = 16
      MAX_ARRAY_SIZE = 2147483639
      DEFAULT_CONCURRENCY_LEVEL = 16
      LOAD_FACTOR = 0.75
      TREEIFY_THRESHOLD = 8
      UNTREEIFY_THRESHOLD = 6
      MIN_TREEIFY_CAPACITY = 64
      MIN_TRANSFER_STRIDE = 16
      RESIZE_STAMP_BITS = 16
      MAX_RESIZERS = 65535
      RESIZE_STAMP_SHIFT = 16
      MOVED = -1
      TREEBIN = -2
      RESERVED = -3
      HASH_BITS = 2147483647
      NCPU = 4
      serialPersistentFields = class java.io.ObjectStreamField[3]
      table = class java.util.concurrent.ConcurrentHashMap$Node[16]
      nextTable = null
      baseCount = 1
      sizeCtl = 12
      transferIndex = 0
      cellsBusy = 0
      counterCells = null
      keySet = null
      values = null
      entrySet = null
      U = class sun.misc.Unsafe@4aed16fb
      SIZECTL = 20
      TRANSFERINDEX = 32
      BASECOUNT = 24
      CELLSBUSY = 36
      CELLVALUE = 144
      ABASE = 16
      ASHIFT = 2
      keySet = null
      values = null
    collectedBundles = class java.lang.ref.ReferenceQueue@25a11289
      NULL = class java.lang.ref.ReferenceQueue$Null@1466bb4d
      ENQUEUED = class java.lang.ref.ReferenceQueue$Null@25e6d60
      lock = class java.lang.ref.ReferenceQueue$Lock@673eb919
      head = null
      queueLength = 0
      $assertionsDisabled = true
    generatorRefs = class com.ibm.wsspi.kernel.service.utils.ConcurrentServiceReferenceSet@3e90798e
      referenceName = "generators"
      contextRef = class java.util.concurrent.atomic.AtomicReference@64b4471
      elementMap = class java.util.LinkedHashMap@bd636b1
      elementSet = class java.util.concurrent.ConcurrentSkipListSet@3490d67d
      elementSetUnsorted = false
      serialVersionUID = 756240983881166148
      $$$tc$$$ = class com.ibm.websphere.ras.TraceComponent@603b2974
    generatorManager = class com.ibm.ws.classloading.internal.ClassGeneratorManager@5542c92c
      tc = class com.ibm.websphere.ras.TraceComponent@5c4ad048
      generatorRefs = class com.ibm.wsspi.kernel.service.utils.ConcurrentServiceReferenceSet@3e90798e
      serialVersionUID = 4152663586056483310
    protectionDomainMap = class java.util.HashMap@1928bfb3
      serialVersionUID = 362498820763181265
      DEFAULT_INITIAL_CAPACITY = 16
      MAXIMUM_CAPACITY = 1073741824
      DEFAULT_LOAD_FACTOR = 0.75
      TREEIFY_THRESHOLD = 8
      UNTREEIFY_THRESHOLD = 6
      MIN_TREEIFY_CAPACITY = 64
      table = null
      entrySet = null
      size = 0
      modCount = 0
      threshold = 0
      loadFactor = 0.75
      keySet = null
      values = null
    metadataIdentifierService = class com.ibm.ws.container.service.metadata.internal.MetaDataServiceImpl@21790c6f
    serialVersionUID = -6576157393173485176
  globalSharedLibrary = class com.ibm.ws.library.internal.SharedLibraryImpl@3b21a5ab
    tc = class com.ibm.websphere.ras.TraceComponent@7e7b3ff0
      strings[0] = "TraceComponent[com.ibm.ws.library.internal.SharedLibraryImpl,class com.ibm.ws.library.internal.SharedLibraryImpl,[SharedLibrary],com.ibm.ws.classloading.internal.resources.ClassLoadingServiceMessages,null]"
    EMPTY_LIBRARY_LISTENERS = interface com.ibm.wsspi.library.LibraryChangeListener[0]
    deleted = false
    libraryListenersTracker = class org.osgi.util.tracker.ServiceTracker@4e07a7ca
      DEBUG = false
      context = class org.eclipse.osgi.internal.framework.BundleContextImpl@2db1ecf1
      filter = class org.osgi.framework.FrameworkUtil$FilterImpl@2bd81281
      customizer = class org.osgi.util.tracker.ServiceTracker@4e07a7ca
      listenerFilter = "(&(objectClass=com.ibm.wsspi.library.LibraryChangeListener)(|(library=global)(libraryRef=*com.ibm.ws.classloading.sharedlibrary_7*)))"
      trackClass = null
      trackReference = null
      tracked = class org.osgi.util.tracker.ServiceTracker$Tracked@50dedc8b
      cachedReference = null
      cachedService = null
    libraryReg = class org.eclipse.osgi.internal.serviceregistry.ServiceRegistrationImpl@7c8b9b33
      registry = class org.eclipse.osgi.internal.serviceregistry.ServiceRegistry@66f78fa5
      context = class org.eclipse.osgi.internal.framework.BundleContextImpl@2db1ecf1
      bundle = class org.eclipse.osgi.internal.framework.EquinoxBundle@1d2daf74
      clazzes = class java.lang.String[1]
      service = class com.ibm.ws.library.internal.SharedLibraryImpl@3b21a5ab
      reference = class org.eclipse.osgi.internal.serviceregistry.ServiceReferenceImpl@70546440
      contextsUsing = class java.util.ArrayList@450aa499
      properties = class org.eclipse.osgi.internal.serviceregistry.ServiceProperties@1c65ab3c
      serviceid = 177
      serviceranking = 0
      registrationLock = class java.lang.Object@5d653000
      state = 0
      REGISTERED = 0
      UNREGISTERING = 1
      UNREGISTERED = 2
      $assertionsDisabled = true
    ctx = class org.eclipse.osgi.internal.framework.BundleContextImpl@2db1ecf1
      findHookName = "org.osgi.framework.hooks.bundle.FindHook"
      valid = true
      bundle = class org.eclipse.osgi.internal.framework.EquinoxBundle@1d2daf74
      container = class org.eclipse.osgi.internal.framework.EquinoxContainer@3736c14a
      debug = class org.eclipse.osgi.internal.debug.Debug@f3a7157
      servicesInUse = class java.util.HashMap@7704dee5
      activator = null
      contextLock = class java.lang.Object@266a0a84
    classLoadingService = class com.ibm.ws.classloading.internal.ClassLoadingServiceImpl@64365fa2
    configAdmin = class com.ibm.ws.config.admin.internal.ConfigurationAdminImpl@1d92342c
      bundle = class org.eclipse.osgi.internal.framework.EquinoxBundle@1d2daf74
      caFactory = class com.ibm.ws.config.admin.internal.ConfigAdminServiceFactory@6a77534f
      serialVersionUID = -3783880043350273893
      $$$tc$$$ = class com.ibm.websphere.ras.TraceComponent@2a5051b6
    resolvedBasePath = "C:/Users/IBM_ADMIN/Documents/GitHub/chansyapp/target/liberty/wlp/usr/servers/defaultServer/"
    generationLock = class com.ibm.ws.library.internal.SharedLibraryImpl$1@3cc8f5fc
      this$0 = class com.ibm.ws.library.internal.SharedLibraryImpl@3b21a5ab
      serialVersionUID = 2483639803450672373
      $$$tc$$$ = class com.ibm.websphere.ras.TraceComponent@6c3a4f9b
    currentGeneration = class com.ibm.ws.library.internal.LibraryGeneration@567f15c1
      tc = class com.ibm.websphere.ras.TraceComponent@28fb3908
      nextInt = class java.util.concurrent.atomic.AtomicInteger@43163729
      libraryId = "global"
      genId = 0
      libraryProps = class java.util.Hashtable@7e2cfd4f
      filesetRefs = class java.util.Collections$UnmodifiableRandomAccessList@5868077c
      apiTypeVisibility = class java.util.RegularEnumSet@1896c8b3
      files = class java.util.Collections$EmptyList@4bce83a8
      folders = class java.util.ArrayList@6a4b0bf7
      fileAndFolderContainers = class java.util.Collections$EmptyList@4bce83a8
      filesets = class java.util.concurrent.ArrayBlockingQueue@73945574
      filesetListenerRegs = class java.util.concurrent.ConcurrentLinkedQueue@6b5fff9d
      cancelled = false
      library = class com.ibm.ws.library.internal.SharedLibraryImpl@3b21a5ab
      serialVersionUID = 6965220007121905717
    nextGeneration = class com.ibm.ws.library.internal.LibraryGeneration@567f15c1
    artifactContainerFactory = class com.ibm.ws.library.internal.SharedLibraryFactory$1@2535d133
      this$0 = class com.ibm.ws.library.internal.SharedLibraryFactory@53745bb
      serialVersionUID = 7730244564205089330
      $$$tc$$$ = class com.ibm.websphere.ras.TraceComponent@36caf506
    packageExporter = class com.ibm.ws.library.internal.LibraryPackageExporter@298ab2ed
      EXPORTER_POSTFIX = "_library_exporter"
      REGION_EXPORT_TO_LIBERTY = "liberty.library.export.to.liberty"
      REGION_EXPORT_TO_OSGI_APPS = "liberty.library.export.to.osgi.app"
      REGION_KERNEL = "org.eclipse.equinox.region.kernel"
      counter = class java.util.concurrent.atomic.AtomicLong@4fbe11be
      context = class org.eclipse.osgi.internal.framework.BundleContextImpl@2db1ecf1
      digraph = class org.eclipse.equinox.internal.region.StandardRegionDigraph@2b2fbe2c
      bundleToLibrary = class java.util.concurrent.ConcurrentHashMap@4cca9d3b
      libraryToVisibility = class java.util.concurrent.ConcurrentHashMap@1f7f1f27
      serialVersionUID = 8074378969667956573
      $$$tc$$$ = class com.ibm.websphere.ras.TraceComponent@24c5c179
    serialVersionUID = 6288237618632180389
  sharedLibDeploymentInfo = class com.ibm.ws.app.manager.module.internal.DeployedAppInfoBase$SharedLibDeploymentInfo@323e0979
    bundleContext = class org.eclipse.osgi.internal.framework.BundleContextImpl@5364b346
      findHookName = "org.osgi.framework.hooks.bundle.FindHook"
      valid = true
      bundle = class org.eclipse.osgi.internal.framework.EquinoxBundle@33102c6c
      container = class org.eclipse.osgi.internal.framework.EquinoxContainer@3736c14a
      debug = class org.eclipse.osgi.internal.debug.Debug@f3a7157
      servicesInUse = class java.util.HashMap@2f6ee549
      activator = null
      contextLock = class java.lang.Object@405fafa4
    locAdmin = class com.ibm.ws.kernel.service.location.internal.WsLocationAdminImpl@3adc5718
      tc = class com.ibm.websphere.ras.TraceComponent@39a2a048
      LOC_INTERNAL_LIB_DIR = "wlp.lib.dir"
      LOC_AREA_NAME_APPS = "shared/apps/"
      LOC_AREA_NAME_CONFIG = "shared/config/"
      LOC_AREA_NAME_RESC = "shared/resources/"
      LOC_AREA_NAME_STATE = "logs/state/"
      LOC_AREA_NAME_SERVERS = "servers/"
      LOC_AREA_NAME_CLIENTS = "clients/"
      LOC_AREA_NAME_WORKING = "workarea/"
      LOC_AREA_NAME_EXTENSION = "extension/"
      instance = class com.ibm.ws.kernel.service.location.internal.WsLocationAdminImpl@3adc5718
      installRoot = class com.ibm.ws.kernel.service.location.internal.SymbolicRootResource@5da954ce
      installParentRoot = class com.ibm.ws.kernel.service.location.internal.SymbolicRootResource@737c1190
      userRoot = class com.ibm.ws.kernel.service.location.internal.SymbolicRootResource@250c3ad5
      usrExtensionRoot = class com.ibm.ws.kernel.service.location.internal.SymbolicRootResource@50ae60ca
      serverConfigDir = class com.ibm.ws.kernel.service.location.internal.SymbolicRootResource@47364135
      serverOutputDir = class com.ibm.ws.kernel.service.location.internal.SymbolicRootResource@47364135
      bootstrapLib = class com.ibm.ws.kernel.service.location.internal.LocalFileResource@54d538d2
      serverWorkarea = class com.ibm.ws.kernel.service.location.internal.LocalFileResource@104b6a0f
      serverState = class com.ibm.ws.kernel.service.location.internal.LocalFileResource@33c0e0fc
      sharedAppsRoot = class com.ibm.ws.kernel.service.location.internal.SymbolicRootResource@468a2058
      sharedConfigRoot = class com.ibm.ws.kernel.service.location.internal.SymbolicRootResource@3be483f3
      sharedResourceRoot = class com.ibm.ws.kernel.service.location.internal.SymbolicRootResource@70349d92
      tmpRoot = class com.ibm.ws.kernel.service.location.internal.SymbolicRootResource@44475468
      serverName = "defaultServer"
      resourcePaths = class java.util.ArrayList@53582458
      resourceGroups = class java.util.HashMap@4c3ccedb
      commonRoot = class com.ibm.ws.kernel.service.location.internal.VirtualRootResource@183002c3
      serialVersionUID = 7766352982799267432
    artifactFactory = class com.ibm.ws.artifact.internal.ArtifactContainerFactoryService@717108bd
      CATEGORY_PROP_NAME = "category"
      ENTRY_KEY = "com.ibm.wsspi.artifact.ArtifactEntry"
      helperMap = class com.ibm.wsspi.kernel.service.utils.ConcurrentServiceReferenceSetMap@72aa526d
      contributorMap = class com.ibm.wsspi.kernel.service.utils.ConcurrentServiceReferenceSetMap@5db03725
      helperCategoryMap = class com.ibm.wsspi.kernel.service.utils.ConcurrentServiceReferenceSetMap@44c4edf2
      contributorCategoryMap = class com.ibm.wsspi.kernel.service.utils.ConcurrentServiceReferenceSetMap@279699f2
      categories = class java.util.Collections$SynchronizedSet@70f9e57
      baseProperties = class org.apache.felix.scr.impl.helper.ReadOnlyDictionary@5bda988c
      serialVersionUID = -3101641399269402013
      $$$tc$$$ = class com.ibm.websphere.ras.TraceComponent@aad655d
    moduleFactory = class com.ibm.ws.adaptable.module.internal.AdaptableModuleFactoryImpl@2dd562fe
      adapterFactoryService = class com.ibm.ws.adaptable.module.internal.AdapterFactoryServiceImpl@5b921b80
      containerFactory = class com.ibm.ws.artifact.internal.ArtifactContainerFactoryService@717108bd
      overlayContainerFactory = class com.ibm.ws.artifact.overlay.internal.OverlayContainerFactoryImpl@4e9d06f8
      serialVersionUID = 4200251809856292987
      $$$tc$$$ = class com.ibm.websphere.ras.TraceComponent@51d99256
    classesContainerInfo = class java.util.ArrayList@45ed732
      serialVersionUID = 8683452581122892189
      DEFAULT_CAPACITY = 10
      EMPTY_ELEMENTDATA = class java.lang.Object[0]
      DEFAULTCAPACITY_EMPTY_ELEMENTDATA = class java.lang.Object[0]
      elementData = class java.lang.Object[0]
      size = 0
      MAX_ARRAY_SIZE = 2147483639
      modCount = 0
      MAX_ARRAY_SIZE = 2147483639
    serialVersionUID = -9033256786848720484
    $$$tc$$$ = class com.ibm.websphere.ras.TraceComponent@38642cca
      strings[0] = "TraceComponent[com.ibm.ws.app.manager.module.internal.DeployedAppInfoBase$SharedLibDeploymentInfo,class com.ibm.ws.app.manager.module.internal.DeployedAppInfoBase$SharedLibDeploymentInfo,[applications, app.manager],,null]"
  futureMonitor = class com.ibm.ws.threading.internal.FutureMonitorImpl@1612e79e
    _monitor = class java.util.concurrent.ConcurrentLinkedQueue@37720ac6
      serialVersionUID = 196745693267521676
      head = class java.util.concurrent.ConcurrentLinkedQueue$Node@6bcdd4a5
      tail = class java.util.concurrent.ConcurrentLinkedQueue$Node@6bcdd4a5
      UNSAFE = class sun.misc.Unsafe@4aed16fb
      headOffset = 12
      tailOffset = 16
      MAX_ARRAY_SIZE = 2147483639
    _executor = class com.ibm.ws.threading.internal.ScheduledExecutorImpl@116dd927
      threadGroupName = "Scheduled Executor Thread Group"
      executor = class com.ibm.ws.threading.internal.ExecutorServiceImpl@7f5466fe
      serialVersionUID = -9110693807503469597
      $$$tc$$$ = class com.ibm.websphere.ras.TraceComponent@206ec10b
      continueExistingPeriodicTasksAfterShutdown = false
      executeExistingDelayedTasksAfterShutdown = true
      removeOnCancel = false
      sequencer = class java.util.concurrent.atomic.AtomicLong@207d85e0
      ctl = class java.util.concurrent.atomic.AtomicInteger@52e8319a
      COUNT_BITS = 29
      CAPACITY = 536870911
      RUNNING = -536870912
      SHUTDOWN = 0
      STOP = 536870912
      TIDYING = 1073741824
      TERMINATED = 1610612736
      workQueue = class java.util.concurrent.ScheduledThreadPoolExecutor$DelayedWorkQueue@30e01e80
      mainLock = class java.util.concurrent.locks.ReentrantLock@4a57dca7
      workers = class java.util.HashSet@6490288
      termination = class java.util.concurrent.locks.AbstractQueuedSynchronizer$ConditionObject@15be873a
      largestPoolSize = 1
      completedTaskCount = 0
      threadFactory = class com.ibm.ws.threading.internal.ThreadFactoryImpl@259a9f13
      handler = class java.util.concurrent.ThreadPoolExecutor$AbortPolicy@51dcdde3
      keepAliveTime = 0
      allowCoreThreadTimeOut = false
      corePoolSize = 1
      maximumPoolSize = 2147483647
      defaultHandler = class java.util.concurrent.ThreadPoolExecutor$AbortPolicy@51dcdde3
      shutdownPerm = class java.lang.RuntimePermission@1fcfc812
      ONLY_ONE = true
      $assertionsDisabled = true
    _threadRunning = class java.util.concurrent.atomic.AtomicBoolean@5ebe0cc8
      serialVersionUID = 4654671469794556979
      unsafe = class sun.misc.Unsafe@4aed16fb
      valueOffset = 12
      value = 0
    _thread = class com.ibm.ws.threading.internal.FutureMonitorImpl$1@67a7f07b
      this$0 = class com.ibm.ws.threading.internal.FutureMonitorImpl@1612e79e
      serialVersionUID = 2422512430832938099
      $$$tc$$$ = class com.ibm.websphere.ras.TraceComponent@3dd32f08
    serialVersionUID = 2765238413969174390
    $$$tc$$$ = class com.ibm.websphere.ras.TraceComponent@4d4d3eba
      strings[0] = "TraceComponent[com.ibm.ws.threading.internal.FutureMonitorImpl,class com.ibm.ws.threading.internal.FutureMonitorImpl,[Threading],com.ibm.ws.threading.internal.resources.ThreadingMessages,null]"
  configAdmin = class com.ibm.ws.config.admin.internal.ConfigurationAdminImpl@6787dffa
    bundle = class org.eclipse.osgi.internal.framework.EquinoxBundle@33102c6c
      equinoxContainer = class org.eclipse.osgi.internal.framework.EquinoxContainer@3736c14a
      module = class org.eclipse.osgi.internal.framework.EquinoxBundle$EquinoxModule@575cfda7
      monitor = class java.lang.Object@1f675c68
      context = class org.eclipse.osgi.internal.framework.BundleContextImpl@5364b346
      signerInfos = null
      $SWITCH_TABLE$org$eclipse$osgi$container$Module$State = {1,2,3,4,5,6,7} /* array length = 7*/
    caFactory = class com.ibm.ws.config.admin.internal.ConfigAdminServiceFactory@6a77534f
      tc = class com.ibm.websphere.ras.TraceComponent@70de7a4e
      configurationPermission = class org.osgi.service.cm.ConfigurationPermission@1e7e6ab5
      INDEX_DICTIONARY = 0
      INDEX_LOCATION = 1
      INDEX_METATYPE_PROCESSED = 2
      INDEX_IN_OVERRIDES_FILE = 3
      INDEX_REFERENCES = 4
      INDEX_UNIQUES = 5
      bundleContext = class org.eclipse.osgi.internal.framework.BundleContextImpl@4cdfa312
      msTracker = class com.ibm.ws.config.admin.internal.ManagedServiceTracker@2ff31e0d
      msfTracker = class com.ibm.ws.config.admin.internal.ManagedServiceFactoryTracker@5b62dec3
      pluginManager = class com.ibm.ws.config.admin.internal.PluginManager@5461a04e
      configurationStore = class com.ibm.ws.config.admin.internal.ConfigurationStore@39a753b5
      updateQueue = class com.ibm.ws.config.admin.internal.UpdateQueue@e9321fa
      ced = class com.ibm.ws.config.admin.internal.ConfigEventDispatcher@43ca722d
      idMap = class java.util.Collections$SynchronizedMap@1a70d9ca
      referenceMap = class java.util.Collections$SynchronizedMap@19491bca
      variableRegistryTracker = class org.osgi.util.tracker.ServiceTracker@e4275e8
      variableRegistry = class com.ibm.ws.kernel.service.location.internal.VariableRegistryHelper@1e892517
      configurationAdminRef = class org.eclipse.osgi.internal.serviceregistry.ServiceRegistrationImpl@5a4d868f
      serialVersionUID = 6695202270027014725
    serialVersionUID = -3783880043350273893
    $$$tc$$$ = class com.ibm.websphere.ras.TraceComponent@2a5051b6
      strings[0] = "TraceComponent[com.ibm.ws.config.admin.internal.ConfigurationAdminImpl,class com.ibm.ws.config.admin.internal.ConfigurationAdminImpl,[config],com.ibm.ws.config.internal.resources.ConfigMessages,null]"
  libraryConfigHelper = class com.ibm.ws.classloading.ClassLoaderConfigHelper@311a47e7
    tc = class com.ibm.websphere.ras.TraceComponent@612a5fb7
      strings[0] = "TraceComponent[com.ibm.ws.classloading.ClassLoaderConfigHelper,class com.ibm.ws.classloading.ClassLoaderConfigHelper,[ClassLoadingService],com.ibm.ws.classloading.internal.resources.ClassLoadingServiceMessages,null]"
    DEFAULT_API_TYPES = class java.util.RegularEnumSet@61e922e8
      serialVersionUID = 3411599620347842686
      elements = 7
      elementType = class java.lang.Class@2bb59154
      universe = class com.ibm.wsspi.classloading.ApiType[4]
      ZERO_LENGTH_ENUM_ARRAY = class java.lang.Enum[0]
      MAX_ARRAY_SIZE = 2147483639
    sharedLibraries = class java.util.Collections$EmptyList@4bce83a8
      serialVersionUID = 8842843931221139166
      modCount = 0
      MAX_ARRAY_SIZE = 2147483639
    commonLibraries = class java.util.Collections$EmptyList@4bce83a8
    classProviders = class java.util.Collections$EmptyList@4bce83a8
    sharedLibrariesPids = null
    commonLibrariesPids = null
    isDelegateLast = false
    apiTypes = class java.util.RegularEnumSet@61e922e8
    classLoaderConfigProps = null
    serialVersionUID = -4461331051796146154
  isDelegateLast = false
  permissionManager = class com.ibm.ws.security.java2sec.PermissionManager@720a092
    tc = class com.ibm.websphere.ras.TraceComponent@61cb2e9d
      strings[0] = "TraceComponent[com.ibm.ws.security.java2sec.PermissionManager,class com.ibm.ws.security.java2sec.PermissionManager,[Java2SecurityUtil],com.ibm.ws.security.java2sec.resources.Java2SecurityUtilMessages,null]"
    classLoadingService = class com.ibm.ws.classloading.internal.ClassLoadingServiceImpl@64365fa2
    DEFAULT_SERVER_RESTRICTABLE_PERMISSIONS = class java.security.Permission[4]
      DEFAULT_SERVER_RESTRICTABLE_PERMISSIONS[0] = class java.lang.RuntimePermission@513e6556
      DEFAULT_SERVER_RESTRICTABLE_PERMISSIONS[1] = class java.lang.RuntimePermission@6d72561b
      DEFAULT_SERVER_RESTRICTABLE_PERMISSIONS[2] = class java.security.SecurityPermission@30c6d855
      DEFAULT_SERVER_RESTRICTABLE_PERMISSIONS[3] = class javax.security.auth.AuthPermission@522add29
    DEFAULT_CLIENT_RESTRICTABLE_PERMISSIONS = class java.security.Permission[3]
      DEFAULT_CLIENT_RESTRICTABLE_PERMISSIONS[0] = class java.lang.RuntimePermission@4e839b2c
      DEFAULT_CLIENT_RESTRICTABLE_PERMISSIONS[1] = class java.security.SecurityPermission@710f50a3
      DEFAULT_CLIENT_RESTRICTABLE_PERMISSIONS[2] = class javax.security.auth.AuthPermission@69b438fc
    isServer = true
    wsjarUrlStreamHandlerAvailable = true
    restrictablePermissions = class java.util.ArrayList@10d48408
      serialVersionUID = 8683452581122892189
      DEFAULT_CAPACITY = 10
      EMPTY_ELEMENTDATA = class java.lang.Object[0]
      DEFAULTCAPACITY_EMPTY_ELEMENTDATA = class java.lang.Object[0]
      elementData = class java.lang.Object[10]
      size = 4
      MAX_ARRAY_SIZE = 2147483639
      modCount = 4
      MAX_ARRAY_SIZE = 2147483639
    grantedPermissions = class java.util.ArrayList@65ad7af2
      serialVersionUID = 8683452581122892189
      DEFAULT_CAPACITY = 10
      EMPTY_ELEMENTDATA = class java.lang.Object[0]
      DEFAULTCAPACITY_EMPTY_ELEMENTDATA = class java.lang.Object[0]
      elementData = class java.lang.Object[0]
      size = 0
      MAX_ARRAY_SIZE = 2147483639
      modCount = 0
      MAX_ARRAY_SIZE = 2147483639
    KEY_PERMISSION = "permission"
    INCORRECT_PERMISSION_CONFIGURATION = "INCORRECT_PERMISSION_CONFIGURATION"
    SERVER_XML = "server.xml"
    CLIENT_XML = "client.xml"
    originationFile = "server.xml"
    permissions = class com.ibm.wsspi.kernel.service.utils.ConcurrentServiceReferenceSet@2f9ce25f
      referenceName = "permission"
      contextRef = class java.util.concurrent.atomic.AtomicReference@325daac3
      elementMap = class java.util.LinkedHashMap@64215f44
      elementSet = class java.util.concurrent.ConcurrentSkipListSet@350356d3
      elementSetUnsorted = false
      serialVersionUID = 756240983881166148
      $$$tc$$$ = class com.ibm.websphere.ras.TraceComponent@603b2974
    codeBasePermissionMap = class java.util.HashMap@517962f9
      serialVersionUID = 362498820763181265
      DEFAULT_INITIAL_CAPACITY = 16
      MAXIMUM_CAPACITY = 1073741824
      DEFAULT_LOAD_FACTOR = 0.75
      TREEIFY_THRESHOLD = 8
      UNTREEIFY_THRESHOLD = 6
      MIN_TREEIFY_CAPACITY = 64
      table = null
      entrySet = null
      size = 0
      modCount = 0
      threshold = 0
      loadFactor = 0.75
      keySet = class java.util.HashMap$KeySet@19bc6111
      values = null
    permissionXMLPermissionMap = class java.util.HashMap@6539581a
      serialVersionUID = 362498820763181265
      DEFAULT_INITIAL_CAPACITY = 16
      MAXIMUM_CAPACITY = 1073741824
      DEFAULT_LOAD_FACTOR = 0.75
      TREEIFY_THRESHOLD = 8
      UNTREEIFY_THRESHOLD = 6
      MIN_TREEIFY_CAPACITY = 64
      table = null
      entrySet = null
      size = 0
      modCount = 0
      threshold = 0
      loadFactor = 0.75
      keySet = null
      values = null
    serialVersionUID = -1314772785255050069
  permissionsConfig = null
  serialVersionUID = -6908382869835671687
  appInfo = class com.ibm.ws.container.service.app.deploy.internal.ApplicationInfoImpl@5d811728
    appName = "ChansyApp-1.0-SNAPSHOT"
    appMetaData = class com.ibm.ws.container.service.app.deploy.internal.ApplicationMetaDataImpl@145a880b
      j2eeName = class com.ibm.ws.container.service.metadata.internal.J2EENameImpl@3100016c
      serialVersionUID = -7906531148367236579
      $$$tc$$$ = class com.ibm.websphere.ras.TraceComponent@69ea57ba
      tc = class com.ibm.websphere.ras.TraceComponent@44c93a08
      NUM_STATIC_SLOTS = 4
      ID_UNINITIALIZED = -1
      id = 0
      metaDataInterface = class java.lang.Class@1d8271e6
      staticSlots = class java.lang.Object[4]
      dynamicSlots = null
    appContainer = class com.ibm.ws.adaptable.module.internal.AdaptableContainerImpl@14bca0a3
    configHelper = class com.ibm.ws.app.manager.module.ApplicationNestedConfigHelper@167c01bd
      appInfo = class com.ibm.ws.app.manager.internal.ApplicationInstallInfo@e8b6ce8
      serialVersionUID = -3174031738676705046
      $$$tc$$$ = class com.ibm.websphere.ras.TraceComponent@530d8891
    serialVersionUID = 7091777744534637201
    $$$tc$$$ = class com.ibm.websphere.ras.TraceComponent@451a9968
      strings[0] = "TraceComponent[com.ibm.ws.container.service.app.deploy.internal.ApplicationInfoImpl,class com.ibm.ws.container.service.app.deploy.internal.ApplicationInfoImpl,[container.service],com.ibm.ws.container.service.resources.Messages,null]"
  modulesDeployed = class java.util.ArrayList@1cb66b99
    serialVersionUID = 8683452581122892189
    DEFAULT_CAPACITY = 10
    EMPTY_ELEMENTDATA = class java.lang.Object[0]
    DEFAULTCAPACITY_EMPTY_ELEMENTDATA = class java.lang.Object[0]
    elementData = class java.lang.Object[0]
    size = 0
    MAX_ARRAY_SIZE = 2147483639
    modCount = 0
    MAX_ARRAY_SIZE = 2147483639
  starting = false
  started = false
  appInfoFactory = class com.ibm.ws.container.service.app.deploy.internal.ApplicationInfoFactoryImpl@7ff03297
    j2eeNameFactory = class com.ibm.wsspi.kernel.service.utils.AtomicServiceReference@25d444f9
      referenceName = "j2eeNameFactory"
      tuple = class java.util.concurrent.atomic.AtomicReference@2ce1d73a
      serialVersionUID = 2226592364007985000
      $$$tc$$$ = class com.ibm.websphere.ras.TraceComponent@21b2c0e
    names = class java.util.HashSet@7db99afe
      serialVersionUID = -5024744406713321676
      map = class java.util.HashMap@1c1fe5d5
      PRESENT = class java.lang.Object@5e049932
      MAX_ARRAY_SIZE = 2147483639
    serialVersionUID = 6232436640731165768
    $$$tc$$$ = class com.ibm.websphere.ras.TraceComponent@684ded7c
      strings[0] = "TraceComponent[com.ibm.ws.container.service.app.deploy.internal.ApplicationInfoFactoryImpl,class com.ibm.ws.container.service.app.deploy.internal.ApplicationInfoFactoryImpl,[container.service],com.ibm.ws.container.service.resources.Messages,null]"
  metaDataService = class com.ibm.ws.container.service.metadata.internal.MetaDataServiceImpl@21790c6f
    applicationMetaDataManager = class com.ibm.ws.container.service.metadata.internal.ApplicationMetaDataManager@7019491d
      serialVersionUID = 1843747281024490904
      $$$tc$$$ = class com.ibm.websphere.ras.TraceComponent@67b4014c
      listeners = class com.ibm.wsspi.kernel.service.utils.ConcurrentServiceReferenceSet@11c9a67d
      metaDataIDs = class com.ibm.ws.container.service.metadata.internal.IndexList@1b5d95e1
      metaDatas = class java.util.ArrayList@2838030e
      slotIDs = class com.ibm.ws.container.service.metadata.internal.IndexList@59fe90b
      serialVersionUID = 5464421863354792977
      $$$tc$$$ = class com.ibm.websphere.ras.TraceComponent@33cabcda
    moduleMetaDataManager = class com.ibm.ws.container.service.metadata.internal.ModuleMetaDataManager@6be6084a
      serialVersionUID = 2513574389899327209
      $$$tc$$$ = class com.ibm.websphere.ras.TraceComponent@31923031
      listeners = class com.ibm.wsspi.kernel.service.utils.ConcurrentServiceReferenceSet@22a56845
      metaDataIDs = class com.ibm.ws.container.service.metadata.internal.IndexList@4c79a4dd
      metaDatas = class java.util.ArrayList@2a4e9b85
      slotIDs = class com.ibm.ws.container.service.metadata.internal.IndexList@3a384539
      serialVersionUID = 5464421863354792977
      $$$tc$$$ = class com.ibm.websphere.ras.TraceComponent@33cabcda
    componentMetaDataManager = class com.ibm.ws.container.service.metadata.internal.ComponentMetaDataManager@29c7799b
      serialVersionUID = 8629793739641703882
      $$$tc$$$ = class com.ibm.websphere.ras.TraceComponent@6d71226d
      listeners = class com.ibm.wsspi.kernel.service.utils.ConcurrentServiceReferenceSet@30c634dc
      metaDataIDs = class com.ibm.ws.container.service.metadata.internal.IndexList@1f6979e5
      metaDatas = class java.util.ArrayList@619b1b3c
      slotIDs = class com.ibm.ws.container.service.metadata.internal.IndexList@4c7f315
      serialVersionUID = 5464421863354792977
      $$$tc$$$ = class com.ibm.websphere.ras.TraceComponent@33cabcda
    methodMetaDataManager = class com.ibm.ws.container.service.metadata.internal.MethodMetaDataManager@521f42b6
      serialVersionUID = -3308748211841563417
      $$$tc$$$ = class com.ibm.websphere.ras.TraceComponent@7056be9b
      listeners = class com.ibm.wsspi.kernel.service.utils.ConcurrentServiceReferenceSet@503444d9
      metaDataIDs = class com.ibm.ws.container.service.metadata.internal.IndexList@7d211f2b
      metaDatas = class java.util.ArrayList@50e7cab6
      slotIDs = class com.ibm.ws.container.service.metadata.internal.IndexList@25e86730
      serialVersionUID = 5464421863354792977
      $$$tc$$$ = class com.ibm.websphere.ras.TraceComponent@33cabcda
    appModuleNameToModuleContainer = class java.util.concurrent.ConcurrentHashMap@6874a849
      serialVersionUID = 7249069246763182397
      MAXIMUM_CAPACITY = 1073741824
      DEFAULT_CAPACITY = 16
      MAX_ARRAY_SIZE = 2147483639
      DEFAULT_CONCURRENCY_LEVEL = 16
      LOAD_FACTOR = 0.75
      TREEIFY_THRESHOLD = 8
      UNTREEIFY_THRESHOLD = 6
      MIN_TREEIFY_CAPACITY = 64
      MIN_TRANSFER_STRIDE = 16
      RESIZE_STAMP_BITS = 16
      MAX_RESIZERS = 65535
      RESIZE_STAMP_SHIFT = 16
      MOVED = -1
      TREEBIN = -2
      RESERVED = -3
      HASH_BITS = 2147483647
      NCPU = 4
      serialPersistentFields = class java.io.ObjectStreamField[3]
      table = null
      nextTable = null
      baseCount = 0
      sizeCtl = 0
      transferIndex = 0
      cellsBusy = 0
      counterCells = null
      keySet = null
      values = null
      entrySet = null
      U = class sun.misc.Unsafe@4aed16fb
      SIZECTL = 20
      TRANSFERINDEX = 32
      BASECOUNT = 24
      CELLSBUSY = 36
      CELLVALUE = 144
      ABASE = 16
      ASHIFT = 2
      keySet = null
      values = null
    jeeNameToComponentMetaData = class java.util.concurrent.ConcurrentHashMap@338b4955
      serialVersionUID = 7249069246763182397
      MAXIMUM_CAPACITY = 1073741824
      DEFAULT_CAPACITY = 16
      MAX_ARRAY_SIZE = 2147483639
      DEFAULT_CONCURRENCY_LEVEL = 16
      LOAD_FACTOR = 0.75
      TREEIFY_THRESHOLD = 8
      UNTREEIFY_THRESHOLD = 6
      MIN_TREEIFY_CAPACITY = 64
      MIN_TRANSFER_STRIDE = 16
      RESIZE_STAMP_BITS = 16
      MAX_RESIZERS = 65535
      RESIZE_STAMP_SHIFT = 16
      MOVED = -1
      TREEBIN = -2
      RESERVED = -3
      HASH_BITS = 2147483647
      NCPU = 4
      serialPersistentFields = class java.io.ObjectStreamField[3]
      table = null
      nextTable = null
      baseCount = 0
      sizeCtl = 0
      transferIndex = 0
      cellsBusy = 0
      counterCells = null
      keySet = null
      values = null
      entrySet = null
      U = class sun.misc.Unsafe@4aed16fb
      SIZECTL = 20
      TRANSFERINDEX = 32
      BASECOUNT = 24
      CELLSBUSY = 36
      CELLVALUE = 144
      ABASE = 16
      ASHIFT = 2
      keySet = null
      values = null
    deferredMetaDataFactories = class com.ibm.wsspi.kernel.service.utils.ConcurrentServiceReferenceSet@2192f51e
      referenceName = "deferredMetaDataFactory"
      contextRef = class java.util.concurrent.atomic.AtomicReference@5216d535
      elementMap = class java.util.LinkedHashMap@7c6913ab
      elementSet = class java.util.concurrent.ConcurrentSkipListSet@775ef95c
      elementSetUnsorted = false
      serialVersionUID = 756240983881166148
      $$$tc$$$ = class com.ibm.websphere.ras.TraceComponent@603b2974
    deferredMetaDataInitializers = class com.ibm.wsspi.kernel.service.utils.ConcurrentServiceReferenceMap@9b01968
      referenceName = "deferredMetaDataFactory"
      context = class org.apache.felix.scr.impl.manager.ComponentContextImpl@5119e8b4
      elementMap = class java.util.concurrent.ConcurrentHashMap@6221acfa
      serialVersionUID = 6980924785166233786
      $$$tc$$$ = class com.ibm.websphere.ras.TraceComponent@1d2f2b11
    serialVersionUID = -2494605732980966097
    $$$tc$$$ = class com.ibm.websphere.ras.TraceComponent@2db96db2
      strings[0] = "TraceComponent[com.ibm.ws.container.service.metadata.internal.MetaDataServiceImpl,class com.ibm.ws.container.service.metadata.internal.MetaDataServiceImpl,[Runtime],,null]"
  stateChangeService = class com.ibm.ws.container.service.state.internal.StateChangeServiceImpl@7d5629cb
    applicationStateManager = class com.ibm.ws.container.service.state.internal.ApplicationStateManager@7e77eb01
      serialVersionUID = -6685368059484454124
      $$$tc$$$ = class com.ibm.websphere.ras.TraceComponent@2178b582
      listeners = class com.ibm.wsspi.kernel.service.utils.ConcurrentServiceReferenceSet@5cdd34d7
      serialVersionUID = 2284273176985484160
      $$$tc$$$ = class com.ibm.websphere.ras.TraceComponent@14651356
    moduleStateManager = class com.ibm.ws.container.service.state.internal.ModuleStateManager@6c177b09
      serialVersionUID = -5540260902341249963
      $$$tc$$$ = class com.ibm.websphere.ras.TraceComponent@75eff181
      listeners = class com.ibm.wsspi.kernel.service.utils.ConcurrentServiceReferenceSet@1dfffbb5
      serialVersionUID = 2284273176985484160
      $$$tc$$$ = class com.ibm.websphere.ras.TraceComponent@14651356
    serialVersionUID = -537917915330350560
    $$$tc$$$ = class com.ibm.websphere.ras.TraceComponent@4c3d6077
      strings[0] = "TraceComponent[com.ibm.ws.container.service.state.internal.StateChangeServiceImpl,class com.ibm.ws.container.service.state.internal.StateChangeServiceImpl,[Runtime],,null]"
  moduleClassesInfo = class com.ibm.ws.app.manager.module.internal.SimpleDeployedAppInfoBase$ModuleClassesInfoProvider@1a73db
    entryContainerInfosMap = class java.util.HashMap@c7b5bb9
      serialVersionUID = 362498820763181265
      DEFAULT_INITIAL_CAPACITY = 16
      MAXIMUM_CAPACITY = 1073741824
      DEFAULT_LOAD_FACTOR = 0.75
      TREEIFY_THRESHOLD = 8
      UNTREEIFY_THRESHOLD = 6
      MIN_TREEIFY_CAPACITY = 64
      table = null
      entrySet = null
      size = 0
      modCount = 0
      threshold = 0
      loadFactor = 0.75
      keySet = null
      values = null
    serialVersionUID = -70332790531324534
    $$$tc$$$ = class com.ibm.websphere.ras.TraceComponent@79a3094b
      strings[0] = "TraceComponent[com.ibm.ws.app.manager.module.internal.SimpleDeployedAppInfoBase$ModuleClassesInfoProvider,class com.ibm.ws.app.manager.module.internal.SimpleDeployedAppInfoBase$ModuleClassesInfoProvider,[applications, app.manager],,null]"
  moduleContainerInfos = class java.util.ArrayList@2f5f2ae2
    serialVersionUID = 8683452581122892189
    DEFAULT_CAPACITY = 10
    EMPTY_ELEMENTDATA = class java.lang.Object[0]
    DEFAULTCAPACITY_EMPTY_ELEMENTDATA = class java.lang.Object[0]
    elementData = class java.lang.Object[10]
      elementData[0] = class com.ibm.ws.app.manager.module.internal.SimpleDeployedAppInfoBase$WebModuleContainerInfo@2ef895fe
      elementData[1] = null
      elementData[2] = null
      elementData[3] = null
      elementData[4] = null
      elementData[5] = null
      elementData[6] = null
      elementData[7] = null
      elementData[8] = null
      elementData[9] = null
    size = 1
    MAX_ARRAY_SIZE = 2147483639
    modCount = 1
    MAX_ARRAY_SIZE = 2147483639
  activeModuleHandlers = class java.util.IdentityHashMap@51c5c114
    DEFAULT_CAPACITY = 32
    MINIMUM_CAPACITY = 4
    MAXIMUM_CAPACITY = 536870912
    table = class java.lang.Object[16]
      table[0] = null
      table[1] = null
      table[2] = null
      table[3] = null
      table[4] = null
      table[5] = null
      table[6] = null
      table[7] = null
      table[8] = null
      table[9] = null
      table[10] = null
      table[11] = null
      table[12] = null
      table[13] = null
      table[14] = null
      table[15] = null
    size = 0
    modCount = 0
    NULL_KEY = class java.lang.Object@32615b8
    entrySet = null
    serialVersionUID = 8188218128353913216
    keySet = null
    values = null
  serialVersionUID = 7078125893012250887
  $$$tc$$$ = class com.ibm.websphere.ras.TraceComponent@52aba10a
    strings[0] = "TraceComponent[com.ibm.ws.app.manager.module.internal.SimpleDeployedAppInfoBase,class com.ibm.ws.app.manager.module.internal.SimpleDeployedAppInfoBase,[applications, app.manager],,null]"

Dump of objectArray[0]
Object type = com.ibm.ws.threading.internal.NonCancelableResultFuture
  _done = false
  _result = null
  _failure = null
  _listeners = class java.util.concurrent.ConcurrentLinkedQueue@4560b0e2
    serialVersionUID = 196745693267521676
    head = class java.util.concurrent.ConcurrentLinkedQueue$Node@4ee7bcc3
      item = null
      next = null
      UNSAFE = class sun.misc.Unsafe@4aed16fb
      itemOffset = 12
      nextOffset = 16
    tail = class java.util.concurrent.ConcurrentLinkedQueue$Node@4ee7bcc3
    UNSAFE = class sun.misc.Unsafe@4aed16fb
      theUnsafe = class sun.misc.Unsafe@4aed16fb
      INVALID_FIELD_OFFSET = -1
      ARRAY_BOOLEAN_BASE_OFFSET = 16
      ARRAY_BYTE_BASE_OFFSET = 16
      ARRAY_SHORT_BASE_OFFSET = 16
      ARRAY_CHAR_BASE_OFFSET = 16
      ARRAY_INT_BASE_OFFSET = 16
      ARRAY_LONG_BASE_OFFSET = 16
      ARRAY_FLOAT_BASE_OFFSET = 16
      ARRAY_DOUBLE_BASE_OFFSET = 16
      ARRAY_OBJECT_BASE_OFFSET = 16
      ARRAY_BOOLEAN_INDEX_SCALE = 1
      ARRAY_BYTE_INDEX_SCALE = 1
      ARRAY_SHORT_INDEX_SCALE = 2
      ARRAY_CHAR_INDEX_SCALE = 2
      ARRAY_INT_INDEX_SCALE = 4
      ARRAY_LONG_INDEX_SCALE = 8
      ARRAY_FLOAT_INDEX_SCALE = 4
      ARRAY_DOUBLE_INDEX_SCALE = 8
      ARRAY_OBJECT_INDEX_SCALE = 4
      ADDRESS_SIZE = 8
    headOffset = 12
    tailOffset = 16
    MAX_ARRAY_SIZE = 2147483639
  _notifiedListeners = class java.util.concurrent.atomic.AtomicBoolean@43e60373
    serialVersionUID = 4654671469794556979
    unsafe = class sun.misc.Unsafe@4aed16fb
    valueOffset = 12
    value = 0
  serialVersionUID = -296387658814354272
  $$$tc$$$ = class com.ibm.websphere.ras.TraceComponent@61e12061
    strings[0] = "TraceComponent[com.ibm.ws.threading.internal.NonCancelableResultFuture,class com.ibm.ws.threading.internal.NonCancelableResultFuture,[Threading],com.ibm.ws.threading.internal.resources.ThreadingMessages,null]"

