------Start of DE processing------ = [3/15/17 0:32:07:392 CST]
Exception = com.ibm.wsspi.adaptable.module.UnableToAdaptException
Source = com.ibm.ws.webcontainer.osgi.WebContainer
probeid = createModuleMetaData
Stack Dump = com.ibm.wsspi.adaptable.module.UnableToAdaptException: SRVE9016E: Unable to insert mapping [/SimpleServlet] for servlet named [wasdev.sample.servlet.LogClassifier]. The URL pattern is already defined for servlet named [wasdev.sample.servlet.SimpleServlet].
	at com.ibm.ws.webcontainer.osgi.container.config.WebAppConfiguratorHelper.configureWebServletAnnotation(WebAppConfiguratorHelper.java:2640)
	at com.ibm.ws.webcontainer.osgi.container.config.WebAppConfiguratorHelper.configureServletAnnotation(WebAppConfiguratorHelper.java:2411)
	at com.ibm.ws.webcontainer.osgi.container.config.WebAppConfiguratorHelper.configureFromAnnotations(WebAppConfiguratorHelper.java:779)
	at com.ibm.ws.webcontainer.osgi.container.config.WebAppConfigurator.configure(WebAppConfigurator.java:415)
	at com.ibm.ws.webcontainer.osgi.container.config.WebAppConfigurationAdapter.adapt(WebAppConfigurationAdapter.java:116)
	at com.ibm.ws.webcontainer.osgi.container.config.WebAppConfigurationAdapter.adapt(WebAppConfigurationAdapter.java:44)
	at com.ibm.ws.adaptable.module.internal.AdapterFactoryServiceImpl.adapt(AdapterFactoryServiceImpl.java:193)
	at com.ibm.ws.adaptable.module.internal.AdaptableContainerImpl.adapt(AdaptableContainerImpl.java:171)
	at com.ibm.ws.webcontainer.osgi.WebContainer.createModuleMetaData(WebContainer.java:744)
	at com.ibm.ws.app.manager.module.internal.ModuleHandlerBase.createModuleMetaData(ModuleHandlerBase.java:64)
	at com.ibm.ws.app.manager.module.internal.SimpleDeployedAppInfoBase$ModuleContainerInfoBase.createModuleMetaData(SimpleDeployedAppInfoBase.java:169)
	at com.ibm.ws.app.manager.module.internal.DeployedAppInfoBase.preDeployApp(DeployedAppInfoBase.java:364)
	at com.ibm.ws.app.manager.module.internal.DeployedAppInfoBase.deployApp(DeployedAppInfoBase.java:403)
	at com.ibm.ws.app.manager.war.internal.WARApplicationHandlerImpl.install(WARApplicationHandlerImpl.java:66)
	at com.ibm.ws.app.manager.internal.statemachine.StartAction.execute(StartAction.java:141)
	at com.ibm.ws.app.manager.internal.statemachine.ApplicationStateMachineImpl.enterState(ApplicationStateMachineImpl.java:1191)
	at com.ibm.ws.app.manager.internal.statemachine.ApplicationStateMachineImpl.run(ApplicationStateMachineImpl.java:804)
	at java.util.concurrent.ThreadPoolExecutor.runWorker(ThreadPoolExecutor.java:1142)
	at java.util.concurrent.ThreadPoolExecutor$Worker.run(ThreadPoolExecutor.java:617)
	at java.lang.Thread.run(Thread.java:745)

Dump of callerThis
Object type = [Ljava.lang.Object;
  Object type[0] = class com.ibm.ws.app.manager.module.internal.WebModuleInfoImpl@c809f7f
    contextRoot = "/ChansyApp"
    serialVersionUID = 4357952575365007841
    $$$tc$$$ = class com.ibm.websphere.ras.TraceComponent@48104c24
      strings[0] = "TraceComponent[com.ibm.ws.app.manager.module.internal.WebModuleInfoImpl,class com.ibm.ws.app.manager.module.internal.WebModuleInfoImpl,[applications, app.manager],,null]"
    tc = class com.ibm.websphere.ras.TraceComponent@927c3dc
      strings[0] = "TraceComponent[com.ibm.ws.app.manager.module.internal.ExtendedModuleInfoImpl,class com.ibm.ws.app.manager.module.internal.ExtendedModuleInfoImpl,[app.manager],com.ibm.ws.app.manager.module.internal.resources.Messages,null]"
    appInfo = class com.ibm.ws.container.service.app.deploy.internal.ApplicationInfoImpl@5d811728
      appName = "ChansyApp-1.0-SNAPSHOT"
      appMetaData = class com.ibm.ws.container.service.app.deploy.internal.ApplicationMetaDataImpl@145a880b
      appContainer = class com.ibm.ws.adaptable.module.internal.AdaptableContainerImpl@14bca0a3
      configHelper = class com.ibm.ws.app.manager.module.ApplicationNestedConfigHelper@167c01bd
      serialVersionUID = 7091777744534637201
      $$$tc$$$ = class com.ibm.websphere.ras.TraceComponent@451a9968
    moduleName = "ChansyApp-1.0-SNAPSHOT"
    path = "ChansyApp-1.0-SNAPSHOT"
    moduleContainer = class com.ibm.ws.adaptable.module.internal.AdaptableContainerImpl@14bca0a3
      root = class com.ibm.ws.adaptable.module.internal.AdaptableContainerImpl@14bca0a3
      rootOverlay = class com.ibm.ws.artifact.overlay.internal.DirectoryBasedOverlayContainerImpl@5d5142b2
      factoryHolder = class com.ibm.ws.adaptable.module.internal.AdaptableModuleFactoryImpl@2dd562fe
      delegate = class com.ibm.ws.artifact.overlay.internal.DirectoryBasedOverlayContainerImpl@5d5142b2
      notifier = class com.ibm.ws.adaptable.module.internal.NotifierImpl@374f5740
      serialVersionUID = -5621513278641113667
      $$$tc$$$ = class com.ibm.websphere.ras.TraceComponent@5975b5ca
    altDDEntry = null
    moduleClassesContainers = class java.util.ArrayList@17bed558
      serialVersionUID = 8683452581122892189
      DEFAULT_CAPACITY = 10
      EMPTY_ELEMENTDATA = class java.lang.Object[0]
      DEFAULTCAPACITY_EMPTY_ELEMENTDATA = class java.lang.Object[0]
      elementData = class java.lang.Object[33]
      size = 26
      MAX_ARRAY_SIZE = 2147483639
      modCount = 27
      MAX_ARRAY_SIZE = 2147483639
    classLoaderFactory = class com.ibm.ws.app.manager.war.internal.WARDeployedAppInfo@4f691a2f
      CONTEXT_ROOT = "context-root"
      webModuleHandler = class com.ibm.ws.app.manager.web.internal.WebModuleHandlerImpl@2b9fff53
      webContainerModuleInfo = class com.ibm.ws.app.manager.module.internal.SimpleDeployedAppInfoBase$WebModuleContainerInfo@2ef895fe
      DYNAMIC_IMPORT_PACKAGE_LIST = class java.util.Collections$UnmodifiableRandomAccessList@36fd26a1
      serialVersionUID = -6153587016903242961
      $$$tc$$$ = class com.ibm.websphere.ras.TraceComponent@5515bd0a
      _tc = class com.ibm.websphere.ras.TraceComponent@1e0ab670
      PERMISSION_XML = "permissions.xml"
      applicationInformation = class com.ibm.ws.app.manager.internal.ApplicationInstallInfo@e8b6ce8
      location = "C:\Users\IBM_ADMIN\Documents\GitHub\chansyapp\target\ChansyApp-1.0-SNAPSHOT"
      classLoadingService = class com.ibm.ws.classloading.internal.ClassLoadingServiceImpl@64365fa2
      globalSharedLibrary = class com.ibm.ws.library.internal.SharedLibraryImpl@3b21a5ab
      sharedLibDeploymentInfo = class com.ibm.ws.app.manager.module.internal.DeployedAppInfoBase$SharedLibDeploymentInfo@323e0979
      futureMonitor = class com.ibm.ws.threading.internal.FutureMonitorImpl@1612e79e
      configAdmin = class com.ibm.ws.config.admin.internal.ConfigurationAdminImpl@6787dffa
      libraryConfigHelper = class com.ibm.ws.classloading.ClassLoaderConfigHelper@311a47e7
      isDelegateLast = false
      permissionManager = class com.ibm.ws.security.java2sec.PermissionManager@720a092
      permissionsConfig = null
      serialVersionUID = -6908382869835671687
      appInfo = class com.ibm.ws.container.service.app.deploy.internal.ApplicationInfoImpl@5d811728
      modulesDeployed = class java.util.ArrayList@1cb66b99
      starting = false
      started = false
      appInfoFactory = class com.ibm.ws.container.service.app.deploy.internal.ApplicationInfoFactoryImpl@7ff03297
      metaDataService = class com.ibm.ws.container.service.metadata.internal.MetaDataServiceImpl@21790c6f
      stateChangeService = class com.ibm.ws.container.service.state.internal.StateChangeServiceImpl@7d5629cb
      moduleClassesInfo = class com.ibm.ws.app.manager.module.internal.SimpleDeployedAppInfoBase$ModuleClassesInfoProvider@1a73db
      moduleContainerInfos = class java.util.ArrayList@2f5f2ae2
      activeModuleHandlers = class java.util.IdentityHashMap@51c5c114
      serialVersionUID = 7078125893012250887
      $$$tc$$$ = class com.ibm.websphere.ras.TraceComponent@52aba10a
    containerInfoType = class com.ibm.ws.container.service.app.deploy.ContainerInfo$Type@78f86473
      MANIFEST_CLASSPATH = class com.ibm.ws.container.service.app.deploy.ContainerInfo$Type@42304c43
      WEB_INF_CLASSES = class com.ibm.ws.container.service.app.deploy.ContainerInfo$Type@3848c3a0
      WEB_INF_LIB = class com.ibm.ws.container.service.app.deploy.ContainerInfo$Type@1a30409c
      EAR_LIB = class com.ibm.ws.container.service.app.deploy.ContainerInfo$Type@3d5a6c28
      WEB_MODULE = class com.ibm.ws.container.service.app.deploy.ContainerInfo$Type@78f86473
      EJB_MODULE = class com.ibm.ws.container.service.app.deploy.ContainerInfo$Type@7d486d94
      CLIENT_MODULE = class com.ibm.ws.container.service.app.deploy.ContainerInfo$Type@3e3f45e
      RAR_MODULE = class com.ibm.ws.container.service.app.deploy.ContainerInfo$Type@1bcf701e
      JAR_MODULE = class com.ibm.ws.container.service.app.deploy.ContainerInfo$Type@751a7463
      SHARED_LIB = class com.ibm.ws.container.service.app.deploy.ContainerInfo$Type@4b009399
      $VALUES = class com.ibm.ws.container.service.app.deploy.ContainerInfo$Type[10]
      serialVersionUID = -3226393626317575807
      $$$tc$$$ = class com.ibm.websphere.ras.TraceComponent@5745b5c2
      name = "WEB_MODULE"
      ordinal = 4
    classLoader = class com.ibm.ws.classloading.internal.AppClassLoader@11b1d7bd
      tc = class com.ibm.websphere.ras.TraceComponent@556354df
      PARENT_FIRST_SEARCH_ORDER = class java.util.Collections$UnmodifiableRandomAccessList@11893cda
      CLASS_LOADING_TRACE_PREFIX = "com.ibm.ws.class.load."
      DEFAULT_PACKAGE = "default.package"
      perPackageClassLoadingTraceComponents = class java.util.concurrent.ConcurrentHashMap@497522b8
      config = class com.ibm.ws.classloading.internal.ClassLoaderConfigurationImpl@2ea5f68f
      privateLibraries = null
      delegateLoaders = class com.ibm.ws.classloading.internal.util.CompositeIterable@6c6546dd
      nativeLibraryFiles = class java.util.ArrayList@34d2c867
      transformers = class java.util.ArrayList@54525ca7
      apiAccess = class com.ibm.ws.classloading.internal.GatewayClassLoader@4ea2355c
      generator = class com.ibm.ws.classloading.internal.ClassGeneratorManager@5542c92c
      protectionDomains = class java.util.concurrent.ConcurrentHashMap@13573ef7
      parent = class com.ibm.ws.classloading.internal.GatewayClassLoader@4ea2355c
      serialVersionUID = -2240525179349384666
      tc = class com.ibm.websphere.ras.TraceComponent@3efed547
      EMPTY_URL_ARRAY = class java.net.URL[0]
      smartClassPath = class com.ibm.ws.classloading.internal.ContainerClassLoader$SmartClassPathImpl@779588f5
      nativeLibraryContainers = class java.util.ArrayList@34dd3482
      redefiner = class com.ibm.ws.classloading.internal.util.ClassRedefiner@1ed70468
      mapCreationQueue = class java.util.concurrent.Executors$FinalizableDelegatedExecutorService@dc806b5
      serialVersionUID = 7249739282446266343
      serialVersionUID = -7411549862368381758
      $$$tc$$$ = class com.ibm.websphere.ras.TraceComponent@248efc2
      serialVersionUID = -4868702105808481416
      $$$tc$$$ = class com.ibm.websphere.ras.TraceComponent@5349b20e
      serialVersionUID = 2596921220292114344
      $$$tc$$$ = class com.ibm.websphere.ras.TraceComponent@c1e6e04
      initialized = true
      pdcache = class java.util.HashMap@6087554a
      debug = null
      parent = class com.ibm.ws.classloading.internal.GatewayClassLoader@4ea2355c
      parallelLockMap = null
      package2certs = class java.util.Hashtable@39319bbe
      nocerts = class java.security.cert.Certificate[0]
      classes = class java.util.Vector@1f67e635
      defaultDomain = class java.security.ProtectionDomain@adaf685
      domains = class java.util.HashSet@502dcf91
      packages = class java.util.HashMap@65f44241
      scl = class sun.misc.Launcher$AppClassLoader@18b4aac2
      sclSet = true
      loadedLibraryNames = class java.util.Vector@45025684
      systemNativeLibraries = class java.util.Vector@1831fe7f
      nativeLibraries = class java.util.Vector@265efbaf
      nativeLibraryContext = class java.util.Stack@617f436f
      usr_paths = class java.lang.String[32]
      sys_paths = class java.lang.String[1]
      assertionLock = class com.ibm.ws.classloading.internal.AppClassLoader@11b1d7bd
      defaultAssertionStatus = false
      packageAssertionStatus = null
      classAssertionStatus = null
    moduleMetaData = null
    nestedModuleMetaDataTypes = null
    nestedModuleMetaDataValues = null
    serialVersionUID = 3986734351620206554
  Object type[1] = class com.ibm.ws.webcontainer.osgi.WebContainer@33f2b45c
    tc = class com.ibm.websphere.ras.TraceComponent@5536ef4a
      strings[0] = "TraceComponent[com.ibm.ws.webcontainer.osgi.WebContainer,class com.ibm.ws.webcontainer.osgi.WebContainer,[webcontainer],com.ibm.ws.webcontainer.resources.LShimMessages,null]"
    CLASS_NAME = "com.ibm.ws.webcontainer.osgi.WebContainer"
    initialized = true
    eventService = class com.ibm.ws.event.internal.EventEngineImpl@d5dfff8
      tc = class com.ibm.websphere.ras.TraceComponent@aabab34
      OSGI_EVENT_HANDLER_REFERENCE_NAME = "OsgiEventHandler"
      WS_EVENT_HANDLER_REFERENCE_NAME = "WsEventHandler"
      CFG_KEY_REENTRANT_HANDLER_DEFAULT = "reentrant.handler.default"
      CFG_KEY_STAGE_PREFIX = "stage.topics."
      topicCache = class com.ibm.ws.event.internal.TopicBasedCache@98671dc
      componentContext = class org.apache.felix.scr.impl.manager.ComponentContextImpl@3f5eb735
      bundleContext = class org.eclipse.osgi.internal.framework.BundleContextImpl@5d15bef1
      logService = class com.ibm.ws.logging.internal.osgi.TrLogServiceImpl@2dda1898
      frameworkEventAdapter = class com.ibm.ws.event.internal.adapter.FrameworkEventAdapter@3747d9b3
      bundleEventAdapter = class com.ibm.ws.event.internal.adapter.BundleEventAdapter@df54616
      serviceEventAdapter = class com.ibm.ws.event.internal.adapter.ServiceEventAdapter@4758af82
      executorServiceFactory = class com.ibm.ws.event.internal.WorkStageExecutorServiceFactory@3a3b7129
      defaultReentrancy = true
      skipSchedule = false
      serialVersionUID = -3714378010555321089
    futureMonitor = class com.ibm.ws.threading.internal.FutureMonitorImpl@1612e79e
      _monitor = class java.util.concurrent.ConcurrentLinkedQueue@37720ac6
      _executor = class com.ibm.ws.threading.internal.ScheduledExecutorImpl@116dd927
      _threadRunning = class java.util.concurrent.atomic.AtomicBoolean@5ebe0cc8
      _thread = class com.ibm.ws.threading.internal.FutureMonitorImpl$1@67a7f07b
      serialVersionUID = 2765238413969174390
      $$$tc$$$ = class com.ibm.websphere.ras.TraceComponent@4d4d3eba
    classLoadingSRRef = class com.ibm.wsspi.kernel.service.utils.AtomicServiceReference@457ad00b
      referenceName = "classLoadingService"
      tuple = class java.util.concurrent.atomic.AtomicReference@6dc08861
      serialVersionUID = 2226592364007985000
      $$$tc$$$ = class com.ibm.websphere.ras.TraceComponent@21b2c0e
    sessionHelperSRRef = class com.ibm.wsspi.kernel.service.utils.AtomicServiceReference@2a5eeb9e
      referenceName = "sessionHelper"
      tuple = class java.util.concurrent.atomic.AtomicReference@2aac2d11
      serialVersionUID = 2226592364007985000
      $$$tc$$$ = class com.ibm.websphere.ras.TraceComponent@21b2c0e
    cacheManagerSRRef = class com.ibm.wsspi.kernel.service.utils.AtomicServiceReference@489e6312
      referenceName = "cacheManager"
      tuple = class java.util.concurrent.atomic.AtomicReference@3f7fbfb1
      serialVersionUID = 2226592364007985000
      $$$tc$$$ = class com.ibm.websphere.ras.TraceComponent@21b2c0e
    injectionEngineSRRef = class com.ibm.wsspi.kernel.service.utils.AtomicServiceReference@49314388
      referenceName = "injectionEngine"
      tuple = class java.util.concurrent.atomic.AtomicReference@55a9683d
      serialVersionUID = 2226592364007985000
      $$$tc$$$ = class com.ibm.websphere.ras.TraceComponent@21b2c0e
    managedObjectServiceSRRef = class com.ibm.wsspi.kernel.service.utils.AtomicServiceReference@5a58382d
      referenceName = "managedObjectService"
      tuple = class java.util.concurrent.atomic.AtomicReference@2052d997
      serialVersionUID = 2226592364007985000
      $$$tc$$$ = class com.ibm.websphere.ras.TraceComponent@21b2c0e
    REFERENCE_WEB_MBEAN_RUNTIME = "webMBeanRuntime"
    webMBeanRuntimeServiceRef = class com.ibm.wsspi.kernel.service.utils.AtomicServiceReference@7073ae3
      referenceName = "webMBeanRuntime"
      tuple = class java.util.concurrent.atomic.AtomicReference@3d77eda0
      serialVersionUID = 2226592364007985000
      $$$tc$$$ = class com.ibm.websphere.ras.TraceComponent@21b2c0e
    servletContainerInitializers = class com.ibm.wsspi.kernel.service.utils.ConcurrentServiceReferenceSet@3cba5fe2
      referenceName = "servletContainerInitializers"
      contextRef = class java.util.concurrent.atomic.AtomicReference@77bf1143
      elementMap = class java.util.LinkedHashMap@d7115ce
      elementSet = class java.util.concurrent.ConcurrentSkipListSet@501e23a1
      elementSetUnsorted = false
      serialVersionUID = 756240983881166148
      $$$tc$$$ = class com.ibm.websphere.ras.TraceComponent@603b2974
    es = class com.ibm.ws.threading.internal.ExecutorServiceImpl@7f5466fe
      JAVA_6 = false
      threadPool = class java.util.concurrent.ThreadPoolExecutor@77af9862
      threadPoolController = class com.ibm.ws.threading.internal.ThreadPoolController@10d1f46
      poolName = "Default Executor"
      componentConfig = class org.apache.felix.scr.impl.helper.ReadOnlyDictionary@4157c5bc
      interceptorsActive = false
      interceptors = class java.util.concurrent.CopyOnWriteArraySet@375045c2
      threadFactory = null
      serialVersionUID = 4947246897844900590
      $$$tc$$$ = class com.ibm.websphere.ras.TraceComponent@6e2bfda7
    locationServiceRef = class java.util.concurrent.atomic.AtomicReference@64d6a069
      serialVersionUID = -1848883965231344442
      unsafe = class sun.misc.Unsafe@4aed16fb
      valueOffset = 12
      value = class com.ibm.ws.kernel.service.location.internal.WsLocationAdminImpl@3adc5718
    transferContextServiceRef = class com.ibm.wsspi.kernel.service.utils.ConcurrentServiceReferenceSet@5ab85e32
      referenceName = "transferService"
      contextRef = class java.util.concurrent.atomic.AtomicReference@26d78c66
      elementMap = class java.util.LinkedHashMap@6b767898
      elementSet = class java.util.concurrent.ConcurrentSkipListSet@19c1b32f
      elementSetUnsorted = false
      serialVersionUID = 756240983881166148
      $$$tc$$$ = class com.ibm.websphere.ras.TraceComponent@603b2974
    encodingServiceRef = class java.util.concurrent.atomic.AtomicReference@34934fc8
      serialVersionUID = -1848883965231344442
      unsafe = class sun.misc.Unsafe@4aed16fb
      valueOffset = 12
      value = class com.ibm.ws.http.internal.EncodingUtilsImpl@6752d89a
    instance = class java.util.concurrent.atomic.AtomicReference@682cac32
      serialVersionUID = -1848883965231344442
      unsafe = class sun.misc.Unsafe@4aed16fb
      valueOffset = 12
      value = class com.ibm.ws.webcontainer.osgi.WebContainer@33f2b45c
    vhostManager = class com.ibm.ws.webcontainer.osgi.DynamicVirtualHostManager@39289cb6
      tc = class com.ibm.websphere.ras.TraceComponent@1d595dc4
      hostMap = class java.util.concurrent.ConcurrentHashMap@129dfd31
      transportMap = class java.util.concurrent.ConcurrentHashMap@83ba5f3
      locationService = class com.ibm.ws.kernel.service.location.internal.WsLocationAdminImpl@3adc5718
      schedExecutor = class com.ibm.ws.threading.internal.ScheduledExecutorImpl@116dd927
      pluginCfgVhostUris = class java.util.HashMap@5fb5780a
      PLUGIN_CFG = "plugin-cfg.xml"
    metaDataService = class com.ibm.ws.container.service.metadata.internal.MetaDataServiceImpl@21790c6f
      applicationMetaDataManager = class com.ibm.ws.container.service.metadata.internal.ApplicationMetaDataManager@7019491d
      moduleMetaDataManager = class com.ibm.ws.container.service.metadata.internal.ModuleMetaDataManager@6be6084a
      componentMetaDataManager = class com.ibm.ws.container.service.metadata.internal.ComponentMetaDataManager@29c7799b
      methodMetaDataManager = class com.ibm.ws.container.service.metadata.internal.MethodMetaDataManager@521f42b6
      appModuleNameToModuleContainer = class java.util.concurrent.ConcurrentHashMap@6874a849
      jeeNameToComponentMetaData = class java.util.concurrent.ConcurrentHashMap@338b4955
      deferredMetaDataFactories = class com.ibm.wsspi.kernel.service.utils.ConcurrentServiceReferenceSet@2192f51e
      deferredMetaDataInitializers = class com.ibm.wsspi.kernel.service.utils.ConcurrentServiceReferenceMap@9b01968
      serialVersionUID = -2494605732980966097
      $$$tc$$$ = class com.ibm.websphere.ras.TraceComponent@2db96db2
    j2eeNameFactory = class com.ibm.ws.container.service.metadata.internal.J2EENameFactoryImpl@fbafa87
      serialVersionUID = 3486344295038028821
      $$$tc$$$ = class com.ibm.websphere.ras.TraceComponent@3e3acc3c
    context = class org.apache.felix.scr.impl.manager.ComponentContextImpl@2fa9a7e
      m_componentManager = class org.apache.felix.scr.impl.manager.SingleComponentManager@4bdfc32d
      edgeInfos = class org.apache.felix.scr.impl.manager.EdgeInfo[25]
      m_componentInstance = class org.apache.felix.scr.impl.manager.ComponentContextImpl$ComponentInstanceImpl@758fda41
      m_usingBundle = class org.eclipse.osgi.internal.framework.EquinoxBundle@17ddad2e
      m_serviceRegistration = class org.eclipse.osgi.internal.serviceregistry.ServiceRegistrationImpl@721b9823
      m_implementationObject = class com.ibm.ws.webcontainer.osgi.WebContainer@33f2b45c
      m_implementationAccessible = true
      accessibleLatch = class java.util.concurrent.CountDownLatch@3924c37c
      serviceObjectsHelper = class org.apache.felix.scr.impl.helper.ComponentServiceObjectsHelper@cd7a9de
    contextRoots = class java.util.Collections$SynchronizedSet@7fca6bbb
      serialVersionUID = 487447009682186044
      serialVersionUID = 3053995032091335093
      c = class java.util.HashSet@22ca2a83
      mutex = class java.util.Collections$SynchronizedSet@7fca6bbb
    pendingContextRoots = class java.util.HashMap@16b90a59
      serialVersionUID = 362498820763181265
      DEFAULT_INITIAL_CAPACITY = 16
      MAXIMUM_CAPACITY = 1073741824
      DEFAULT_LOAD_FACTOR = 0.75
      TREEIFY_THRESHOLD = 8
      UNTREEIFY_THRESHOLD = 6
      MIN_TREEIFY_CAPACITY = 64
      table = null
      entrySet = null
      size = 0
      modCount = 0
      threshold = 0
      loadFactor = 0.75
      keySet = null
      values = null
    deployedModuleMap = class java.util.concurrent.ConcurrentHashMap@4e8fa4cb
      serialVersionUID = 7249069246763182397
      MAXIMUM_CAPACITY = 1073741824
      DEFAULT_CAPACITY = 16
      MAX_ARRAY_SIZE = 2147483639
      DEFAULT_CONCURRENCY_LEVEL = 16
      LOAD_FACTOR = 0.75
      TREEIFY_THRESHOLD = 8
      UNTREEIFY_THRESHOLD = 6
      MIN_TREEIFY_CAPACITY = 64
      MIN_TRANSFER_STRIDE = 16
      RESIZE_STAMP_BITS = 16
      MAX_RESIZERS = 65535
      RESIZE_STAMP_SHIFT = 16
      MOVED = -1
      TREEBIN = -2
      RESERVED = -3
      HASH_BITS = 2147483647
      NCPU = 4
      serialPersistentFields = class java.io.ObjectStreamField[3]
      table = null
      nextTable = null
      baseCount = 0
      sizeCtl = 0
      transferIndex = 0
      cellsBusy = 0
      counterCells = null
      keySet = null
      values = null
      entrySet = null
      U = class sun.misc.Unsafe@4aed16fb
      SIZECTL = 20
      TRANSFERINDEX = 32
      BASECOUNT = 24
      CELLSBUSY = 36
      CELLVALUE = 144
      ABASE = 16
      ASHIFT = 2
      keySet = null
      values = null
    connContextPool = class com.ibm.ws.webcontainer31.osgi.srt.SRTConnectionContextPool31Impl@18f0ee0e
      head = class java.lang.ThreadLocal@3d66ff0a
    DEFAULT_PORT = "*"
    DEFAULT_VHOST_NAME = "default_host"
    cachedServerInfo = null
    lock = class com.ibm.ws.webcontainer.osgi.WebContainer$1@344bc918
      this$0 = class com.ibm.ws.webcontainer.osgi.WebContainer@33f2b45c
    webAppFactory = class com.ibm.ws.webcontainer31.osgi.webapp.WebAppFactoryImpl31@6a7ee60a
    requestFactory = class com.ibm.ws.webcontainer31.osgi.response.IRequestResponseFactory@59e4ae72
    responseFactory = class com.ibm.ws.webcontainer31.osgi.response.IRequestResponseFactory@59e4ae72
    asyncContextFactory = class com.ibm.ws.webcontainer31.async.AsyncContextFactory31Impl@46fbabde
    DEFAULT_MAX_VERSION = 30
    versionRef = class org.eclipse.osgi.internal.serviceregistry.ServiceReferenceImpl@2c92a910
      registration = class org.eclipse.osgi.internal.serviceregistry.ServiceRegistrationImpl@6dbf097f
    SPEC_LEVEL_UNLOADED = -1
    SPEC_LEVEL_30 = 30
    SPEC_LEVEL_31 = 31
    DEFAULT_SPEC_LEVEL = 30
    loadedContainerSpecLevel = 31
    ISO = "ISO-8859-1"
    encoding = "UTF-8"
    decode = true
    wcconfig = class com.ibm.ws.webcontainer.osgi.WebContainerConfiguration@4daafb4a
      properties = class org.apache.felix.scr.impl.helper.ReadOnlyDictionary@6d325f9c
      CFG_KEY_ENFORCE_SEC = "enforce.security"
      logger = class com.ibm.ws.logging.internal.WsLogger@10fee060
      CLASS_NAME = "com.ibm.ws.webcontainer.WebContainerConfiguration"
      _localeProps = null
      _jvmProps = null
      enableServletCaching = false
      defaultVirtualHostName = "default_host"
      ardEnabled = false
      ardIncludeTimeout = 0
      poolingDisabled = false
      maximumExpiredEntries = 0
      maximumResponseStoreSize = 0
      useAsyncRunnableWorkManager = false
      asyncRunnableWorkManagerName = null
      numAsyncTimerThreads = 2
      defaultAsyncServletTimeout = 30000
    applicationListeners = class java.util.ArrayList@56941c7a
      serialVersionUID = 8683452581122892189
      DEFAULT_CAPACITY = 10
      EMPTY_ELEMENTDATA = class java.lang.Object[0]
      DEFAULTCAPACITY_EMPTY_ELEMENTDATA = class java.lang.Object[0]
      elementData = class java.lang.Object[0]
      size = 0
      MAX_ARRAY_SIZE = 2147483639
      modCount = 0
      MAX_ARRAY_SIZE = 2147483639
    servletListeners = class java.util.ArrayList@6ff7e591
      serialVersionUID = 8683452581122892189
      DEFAULT_CAPACITY = 10
      EMPTY_ELEMENTDATA = class java.lang.Object[0]
      DEFAULTCAPACITY_EMPTY_ELEMENTDATA = class java.lang.Object[0]
      elementData = class java.lang.Object[0]
      size = 0
      MAX_ARRAY_SIZE = 2147483639
      modCount = 0
      MAX_ARRAY_SIZE = 2147483639
    servletErrorListeners = class java.util.ArrayList@54ac3cf5
      serialVersionUID = 8683452581122892189
      DEFAULT_CAPACITY = 10
      EMPTY_ELEMENTDATA = class java.lang.Object[0]
      DEFAULTCAPACITY_EMPTY_ELEMENTDATA = class java.lang.Object[0]
      elementData = class java.lang.Object[0]
      size = 0
      MAX_ARRAY_SIZE = 2147483639
      modCount = 0
      MAX_ARRAY_SIZE = 2147483639
    servletInvocationListeners = class java.util.ArrayList@4e46fd81
      serialVersionUID = 8683452581122892189
      DEFAULT_CAPACITY = 10
      EMPTY_ELEMENTDATA = class java.lang.Object[0]
      DEFAULTCAPACITY_EMPTY_ELEMENTDATA = class java.lang.Object[0]
      elementData = class java.lang.Object[0]
      size = 0
      MAX_ARRAY_SIZE = 2147483639
      modCount = 0
      MAX_ARRAY_SIZE = 2147483639
    filterInvocationListeners = class java.util.ArrayList@38c74fff
      serialVersionUID = 8683452581122892189
      DEFAULT_CAPACITY = 10
      EMPTY_ELEMENTDATA = class java.lang.Object[0]
      DEFAULTCAPACITY_EMPTY_ELEMENTDATA = class java.lang.Object[0]
      elementData = class java.lang.Object[0]
      size = 0
      MAX_ARRAY_SIZE = 2147483639
      modCount = 0
      MAX_ARRAY_SIZE = 2147483639
    filterErrorListeners = class java.util.ArrayList@684cee1b
      serialVersionUID = 8683452581122892189
      DEFAULT_CAPACITY = 10
      EMPTY_ELEMENTDATA = class java.lang.Object[0]
      DEFAULTCAPACITY_EMPTY_ELEMENTDATA = class java.lang.Object[0]
      elementData = class java.lang.Object[0]
      size = 0
      MAX_ARRAY_SIZE = 2147483639
      modCount = 0
      MAX_ARRAY_SIZE = 2147483639
    filterListeners = class java.util.ArrayList@5db22c73
      serialVersionUID = 8683452581122892189
      DEFAULT_CAPACITY = 10
      EMPTY_ELEMENTDATA = class java.lang.Object[0]
      DEFAULTCAPACITY_EMPTY_ELEMENTDATA = class java.lang.Object[0]
      elementData = class java.lang.Object[0]
      size = 0
      MAX_ARRAY_SIZE = 2147483639
      modCount = 0
      MAX_ARRAY_SIZE = 2147483639
    servletRequestListeners = class java.util.ArrayList@246178b1
      serialVersionUID = 8683452581122892189
      DEFAULT_CAPACITY = 10
      EMPTY_ELEMENTDATA = class java.lang.Object[0]
      DEFAULTCAPACITY_EMPTY_ELEMENTDATA = class java.lang.Object[0]
      elementData = class java.lang.Object[0]
      size = 0
      MAX_ARRAY_SIZE = 2147483639
      modCount = 0
      MAX_ARRAY_SIZE = 2147483639
    servletRequestAttributeListeners = class java.util.ArrayList@265b7375
      serialVersionUID = 8683452581122892189
      DEFAULT_CAPACITY = 10
      EMPTY_ELEMENTDATA = class java.lang.Object[0]
      DEFAULTCAPACITY_EMPTY_ELEMENTDATA = class java.lang.Object[0]
      elementData = class java.lang.Object[0]
      size = 0
      MAX_ARRAY_SIZE = 2147483639
      modCount = 0
      MAX_ARRAY_SIZE = 2147483639
    servletContextListeners = class java.util.ArrayList@29e86d93
      serialVersionUID = 8683452581122892189
      DEFAULT_CAPACITY = 10
      EMPTY_ELEMENTDATA = class java.lang.Object[0]
      DEFAULTCAPACITY_EMPTY_ELEMENTDATA = class java.lang.Object[0]
      elementData = class java.lang.Object[0]
      size = 0
      MAX_ARRAY_SIZE = 2147483639
      modCount = 0
      MAX_ARRAY_SIZE = 2147483639
    servletContextAttributeListeners = class java.util.ArrayList@65f50d69
      serialVersionUID = 8683452581122892189
      DEFAULT_CAPACITY = 10
      EMPTY_ELEMENTDATA = class java.lang.Object[0]
      DEFAULTCAPACITY_EMPTY_ELEMENTDATA = class java.lang.Object[0]
      elementData = class java.lang.Object[0]
      size = 0
      MAX_ARRAY_SIZE = 2147483639
      modCount = 0
      MAX_ARRAY_SIZE = 2147483639
    sessionListeners = class java.util.ArrayList@4a7e4596
      serialVersionUID = 8683452581122892189
      DEFAULT_CAPACITY = 10
      EMPTY_ELEMENTDATA = class java.lang.Object[0]
      DEFAULTCAPACITY_EMPTY_ELEMENTDATA = class java.lang.Object[0]
      elementData = class java.lang.Object[0]
      size = 0
      MAX_ARRAY_SIZE = 2147483639
      modCount = 0
      MAX_ARRAY_SIZE = 2147483639
    sessionIdListeners = class java.util.ArrayList@37c34777
      serialVersionUID = 8683452581122892189
      DEFAULT_CAPACITY = 10
      EMPTY_ELEMENTDATA = class java.lang.Object[0]
      DEFAULTCAPACITY_EMPTY_ELEMENTDATA = class java.lang.Object[0]
      elementData = class java.lang.Object[0]
      size = 0
      MAX_ARRAY_SIZE = 2147483639
      modCount = 0
      MAX_ARRAY_SIZE = 2147483639
    sessionAttributeListeners = class java.util.ArrayList@5d2d20e9
      serialVersionUID = 8683452581122892189
      DEFAULT_CAPACITY = 10
      EMPTY_ELEMENTDATA = class java.lang.Object[0]
      DEFAULTCAPACITY_EMPTY_ELEMENTDATA = class java.lang.Object[0]
      elementData = class java.lang.Object[0]
      size = 0
      MAX_ARRAY_SIZE = 2147483639
      modCount = 0
      MAX_ARRAY_SIZE = 2147483639
    DEFAULT_HOST = "default_host"
    _initialized = true
    logger = class com.ibm.ws.logging.internal.WsLogger@10fee060
      tc = class com.ibm.websphere.ras.TraceComponent@df65796
      ivCachedResourceBundleName = null
      ivCachedResourceBundle = null
      ivComponent = null
      ivOrganization = null
      ivProduct = null
      ivMinimumLocalizationLevelIntValue = 625
      ivTC = class com.ibm.websphere.ras.TraceComponent@3d130bcc
      loggerRegistrationComponent = class java.lang.ThreadLocal@777d4f31
      emptyHandlers = class java.util.logging.Handler[0]
      offValue = 2147483647
      SYSTEM_LOGGER_RB_NAME = "sun.util.logging.resources.logging"
      SYSTEM_BUNDLE = class java.util.logging.Logger$LoggerBundle@5b40ea9b
      NO_RESOURCE_BUNDLE = class java.util.logging.Logger$LoggerBundle@1aa86ae9
      manager = class com.ibm.ws.kernel.boot.logging.WsLogManager@731ba4a
      name = "com.ibm.ws.webcontainer"
      handlers = class java.util.concurrent.CopyOnWriteArrayList@25c053c7
      loggerBundle = class java.util.logging.Logger$LoggerBundle@798871d6
      useParentHandlers = true
      filter = null
      anonymous = false
      catalog = class com.ibm.ws.webcontainer.resources.Messages@20aea32c
      catalogName = "com.ibm.ws.webcontainer.resources.Messages"
      catalogLocale = class java.util.Locale@2ac7be99
      treeLock = class java.lang.Object@dbe8e6d
      parent = class java.util.logging.Logger@378248cd
      kids = class java.util.ArrayList@62e03ad2
      levelObject = class java.util.logging.Level@75c46361
      levelValue = 800
      callersClassLoaderRef = class java.lang.ref.WeakReference@cf05652
      isSystemLogger = false
      GLOBAL_LOGGER_NAME = "global"
      global = class java.util.logging.Logger@1ccd8729
      $assertionsDisabled = true
    CLASS_NAME = "com.ibm.ws.webcontainer.internal.WebContainer"
    nls = class com.ibm.ejs.ras.TraceNLS@2894551c
      resolver = class com.ibm.ws.logging.internal.TraceNLSResolver@8df535a
      finder = null
      ivBundleName = "com.ibm.ws.webcontainer.resources.Messages"
      caller = class java.lang.Class@31c1543e
    self = class java.util.concurrent.atomic.AtomicReference@5c14786
      serialVersionUID = -1848883965231344442
      unsafe = class sun.misc.Unsafe@4aed16fb
      valueOffset = 12
      value = class com.ibm.ws.webcontainer.osgi.WebContainer@33f2b45c
    _cipherToBit = class java.util.HashMap@315f05bf
      serialVersionUID = 362498820763181265
      DEFAULT_INITIAL_CAPACITY = 16
      MAXIMUM_CAPACITY = 1073741824
      DEFAULT_LOAD_FACTOR = 0.75
      TREEIFY_THRESHOLD = 8
      UNTREEIFY_THRESHOLD = 6
      MIN_TREEIFY_CAPACITY = 64
      table = null
      entrySet = null
      size = 0
      modCount = 0
      threshold = 0
      loadFactor = 0.75
      keySet = null
      values = null
    cacheKeyStringBuilder = class com.ibm.ws.util.WSThreadLocal@56c50e14
      tc = class com.ibm.ejs.ras.TraceComponent@43e43529
      count = 1
      index = 0
      SUSPECTED_MISUSAGE_THRESHOLD = 200
      threadLocalHashCode = 118100915
      nextHashCode = class java.util.concurrent.atomic.AtomicInteger@1898a544
      HASH_INCREMENT = 1640531527
    listenersInitialized = false
    webConProperties = class java.util.Properties@5cf39d65
      serialVersionUID = 4112578634029874840
      defaults = null
      hexDigit = {0123456789ABCDEF} /* array length = 16*/
      table = class java.util.Hashtable$Entry[95]
      count = 55
      threshold = 71
      loadFactor = 0.75
      modCount = 58
      serialVersionUID = 1421746759512286392
      MAX_ARRAY_SIZE = 2147483639
      keySet = null
      entrySet = null
      values = null
      KEYS = 0
      VALUES = 1
      ENTRIES = 2
    sessionRegistry = null
    isStopped = false
    readWriteLockForStopping = class java.util.concurrent.locks.ReentrantReadWriteLock@53010c0a
      serialVersionUID = -6992448646407690164
      readerLock = class java.util.concurrent.locks.ReentrantReadWriteLock$ReadLock@6e0d97f9
      writerLock = class java.util.concurrent.locks.ReentrantReadWriteLock$WriteLock@36679018
      sync = class java.util.concurrent.locks.ReentrantReadWriteLock$NonfairSync@22ab1530
      UNSAFE = class sun.misc.Unsafe@4aed16fb
      TID_OFFSET = 40
    urlPrefix = ";jsessionid="
    extensionFactories = class java.util.ArrayList@1a3a9928
      serialVersionUID = 8683452581122892189
      DEFAULT_CAPACITY = 10
      EMPTY_ELEMENTDATA = class java.lang.Object[0]
      DEFAULTCAPACITY_EMPTY_ELEMENTDATA = class java.lang.Object[0]
      elementData = class java.lang.Object[0]
      size = 0
      MAX_ARRAY_SIZE = 2147483639
      modCount = 0
      MAX_ARRAY_SIZE = 2147483639
    postInitExtensionFactories = null
    httpResponseListeners = class java.util.ArrayList@647191d5
      serialVersionUID = 8683452581122892189
      DEFAULT_CAPACITY = 10
      EMPTY_ELEMENTDATA = class java.lang.Object[0]
      DEFAULTCAPACITY_EMPTY_ELEMENTDATA = class java.lang.Object[0]
      elementData = class java.lang.Object[0]
      size = 0
      MAX_ARRAY_SIZE = 2147483639
      modCount = 0
      MAX_ARRAY_SIZE = 2147483639
    servletContainerInitializers = class java.util.ServiceLoader@2429308b
      PREFIX = "META-INF/services/"
      service = class java.lang.Class@3f2139e0
      loader = class org.eclipse.osgi.internal.loader.EquinoxClassLoader@2677003d
      acc = null
      providers = class java.util.LinkedHashMap@39e56e68
      lookupIterator = class java.util.ServiceLoader$LazyIterator@745dcb43
    invocationCacheSize = 500
    decodePlusSign = true
    _cacheMap = class java.util.concurrent.ConcurrentHashMap@7f930958
      serialVersionUID = 7249069246763182397
      MAXIMUM_CAPACITY = 1073741824
      DEFAULT_CAPACITY = 16
      MAX_ARRAY_SIZE = 2147483639
      DEFAULT_CONCURRENCY_LEVEL = 16
      LOAD_FACTOR = 0.75
      TREEIFY_THRESHOLD = 8
      UNTREEIFY_THRESHOLD = 6
      MIN_TREEIFY_CAPACITY = 64
      MIN_TRANSFER_STRIDE = 16
      RESIZE_STAMP_BITS = 16
      MAX_RESIZERS = 65535
      RESIZE_STAMP_SHIFT = 16
      MOVED = -1
      TREEBIN = -2
      RESERVED = -3
      HASH_BITS = 2147483647
      NCPU = 4
      serialPersistentFields = class java.io.ObjectStreamField[3]
      table = null
      nextTable = null
      baseCount = 0
      sizeCtl = 1024
      transferIndex = 0
      cellsBusy = 0
      counterCells = null
      keySet = null
      values = null
      entrySet = null
      U = class sun.misc.Unsafe@4aed16fb
      SIZECTL = 20
      TRANSFERINDEX = 32
      BASECOUNT = 24
      CELLSBUSY = 36
      CELLVALUE = 144
      ABASE = 16
      ASHIFT = 2
      keySet = null
      values = null
    _cacheSize = class java.util.concurrent.atomic.AtomicInteger@312e3c5b
      serialVersionUID = 6214790243416807050
      unsafe = class sun.misc.Unsafe@4aed16fb
      valueOffset = 12
      value = 0
      serialVersionUID = -8742448824652078965
    vHostCompatFlag = false
    platformHelper = class com.ibm.ws.webcontainer.PlatformHelper@5939ec92
    isDefaultTempDir = true
    tempDir = null
    servletCachingInitNeeded = true
    appInstallBegun = false
    commands = class java.util.ArrayList@53473458
      serialVersionUID = 8683452581122892189
      DEFAULT_CAPACITY = 10
      EMPTY_ELEMENTDATA = class java.lang.Object[0]
      DEFAULTCAPACITY_EMPTY_ELEMENTDATA = class java.lang.Object[0]
      elementData = class java.lang.Object[3]
      size = 0
      MAX_ARRAY_SIZE = 2147483639
      modCount = 0
      MAX_ARRAY_SIZE = 2147483639
    requestMapper = class com.ibm.ws.webcontainer.util.VirtualHostContextRootMapper@134b168f
      cachedMappers = class java.util.Collections$SynchronizedMap@19c53a
      nls = class com.ibm.ejs.ras.TraceNLS@4b16b48d
      logger = class com.ibm.ws.logging.internal.WsLogger@6cc84fb7
      CLASS_NAME = "com.ibm.ws.webcontainer.util.VirtualHostContextRootMapper"
      CLASSNAME = "com.ibm.ws.util.VirtualHostMapper"
      tc = class com.ibm.ejs.ras.TraceComponent@1503e6ef
      vHostTable = class java.util.concurrent.ConcurrentHashMap@3f84f32b
    parent = null
    name = "Was.webcontainer"
    isAlive = true
    subElements = null
    attributes = null
    config = null
    serialVersionUID = -8271459000149267764
    $$$tc$$$ = class com.ibm.websphere.ras.TraceComponent@5bdc8b2
      strings[0] = "TraceComponent[com.ibm.ws.container.AbstractContainer,class com.ibm.ws.container.AbstractContainer,[],null,null]"

