------Start of DE processing------ = [3/15/17 0:36:02:434 CST]
Exception = com.ibm.wsspi.adaptable.module.UnableToAdaptException
Source = com.ibm.ws.webcontainer.osgi.WebContainer
probeid = createModuleMetaData
Stack Dump = com.ibm.wsspi.adaptable.module.UnableToAdaptException: SRVE9016E: Unable to insert mapping [/SimpleServlet] for servlet named [wasdev.sample.servlet.LogClassifier]. The URL pattern is already defined for servlet named [wasdev.sample.servlet.SimpleServlet].
	at com.ibm.ws.webcontainer.osgi.container.config.WebAppConfiguratorHelper.configureWebServletAnnotation(WebAppConfiguratorHelper.java:2640)
	at com.ibm.ws.webcontainer.osgi.container.config.WebAppConfiguratorHelper.configureServletAnnotation(WebAppConfiguratorHelper.java:2411)
	at com.ibm.ws.webcontainer.osgi.container.config.WebAppConfiguratorHelper.configureFromAnnotations(WebAppConfiguratorHelper.java:779)
	at com.ibm.ws.webcontainer.osgi.container.config.WebAppConfigurator.configure(WebAppConfigurator.java:415)
	at com.ibm.ws.webcontainer.osgi.container.config.WebAppConfigurationAdapter.adapt(WebAppConfigurationAdapter.java:116)
	at com.ibm.ws.webcontainer.osgi.container.config.WebAppConfigurationAdapter.adapt(WebAppConfigurationAdapter.java:44)
	at com.ibm.ws.adaptable.module.internal.AdapterFactoryServiceImpl.adapt(AdapterFactoryServiceImpl.java:193)
	at com.ibm.ws.adaptable.module.internal.AdaptableContainerImpl.adapt(AdaptableContainerImpl.java:171)
	at com.ibm.ws.webcontainer.osgi.WebContainer.createModuleMetaData(WebContainer.java:744)
	at com.ibm.ws.app.manager.module.internal.ModuleHandlerBase.createModuleMetaData(ModuleHandlerBase.java:64)
	at com.ibm.ws.app.manager.module.internal.SimpleDeployedAppInfoBase$ModuleContainerInfoBase.createModuleMetaData(SimpleDeployedAppInfoBase.java:169)
	at com.ibm.ws.app.manager.module.internal.DeployedAppInfoBase.preDeployApp(DeployedAppInfoBase.java:364)
	at com.ibm.ws.app.manager.module.internal.DeployedAppInfoBase.deployApp(DeployedAppInfoBase.java:403)
	at com.ibm.ws.app.manager.war.internal.WARApplicationHandlerImpl.install(WARApplicationHandlerImpl.java:66)
	at com.ibm.ws.app.manager.internal.statemachine.StartAction.execute(StartAction.java:141)
	at com.ibm.ws.app.manager.internal.statemachine.ApplicationStateMachineImpl.enterState(ApplicationStateMachineImpl.java:1191)
	at com.ibm.ws.app.manager.internal.statemachine.ApplicationStateMachineImpl.run(ApplicationStateMachineImpl.java:804)
	at java.util.concurrent.ThreadPoolExecutor.runWorker(ThreadPoolExecutor.java:1142)
	at java.util.concurrent.ThreadPoolExecutor$Worker.run(ThreadPoolExecutor.java:617)
	at java.lang.Thread.run(Thread.java:745)

Dump of callerThis
Object type = [Ljava.lang.Object;
  Object type[0] = class com.ibm.ws.app.manager.module.internal.WebModuleInfoImpl@373139b8
    contextRoot = "/ChansyApp"
    serialVersionUID = 4357952575365007841
    $$$tc$$$ = class com.ibm.websphere.ras.TraceComponent@2fa724ba
      strings[0] = "TraceComponent[com.ibm.ws.app.manager.module.internal.WebModuleInfoImpl,class com.ibm.ws.app.manager.module.internal.WebModuleInfoImpl,[applications, app.manager],,null]"
    tc = class com.ibm.websphere.ras.TraceComponent@628f8478
      strings[0] = "TraceComponent[com.ibm.ws.app.manager.module.internal.ExtendedModuleInfoImpl,class com.ibm.ws.app.manager.module.internal.ExtendedModuleInfoImpl,[app.manager],com.ibm.ws.app.manager.module.internal.resources.Messages,null]"
    appInfo = class com.ibm.ws.container.service.app.deploy.internal.ApplicationInfoImpl@d2fefa1
      appName = "ChansyApp-1.0-SNAPSHOT"
      appMetaData = class com.ibm.ws.container.service.app.deploy.internal.ApplicationMetaDataImpl@55fb8c26
      appContainer = class com.ibm.ws.adaptable.module.internal.AdaptableContainerImpl@26e11492
      configHelper = class com.ibm.ws.app.manager.module.ApplicationNestedConfigHelper@18fa60d0
      serialVersionUID = 7091777744534637201
      $$$tc$$$ = class com.ibm.websphere.ras.TraceComponent@1954a331
    moduleName = "ChansyApp-1.0-SNAPSHOT"
    path = "ChansyApp-1.0-SNAPSHOT"
    moduleContainer = class com.ibm.ws.adaptable.module.internal.AdaptableContainerImpl@26e11492
      root = class com.ibm.ws.adaptable.module.internal.AdaptableContainerImpl@26e11492
      rootOverlay = class com.ibm.ws.artifact.overlay.internal.DirectoryBasedOverlayContainerImpl@3b43e798
      factoryHolder = class com.ibm.ws.adaptable.module.internal.AdaptableModuleFactoryImpl@6876a64b
      delegate = class com.ibm.ws.artifact.overlay.internal.DirectoryBasedOverlayContainerImpl@3b43e798
      notifier = class com.ibm.ws.adaptable.module.internal.NotifierImpl@5119fc74
      serialVersionUID = -5621513278641113667
      $$$tc$$$ = class com.ibm.websphere.ras.TraceComponent@3134b55c
    altDDEntry = null
    moduleClassesContainers = class java.util.ArrayList@631a5d41
      serialVersionUID = 8683452581122892189
      DEFAULT_CAPACITY = 10
      EMPTY_ELEMENTDATA = class java.lang.Object[0]
      DEFAULTCAPACITY_EMPTY_ELEMENTDATA = class java.lang.Object[0]
      elementData = class java.lang.Object[33]
      size = 26
      MAX_ARRAY_SIZE = 2147483639
      modCount = 27
      MAX_ARRAY_SIZE = 2147483639
    classLoaderFactory = class com.ibm.ws.app.manager.war.internal.WARDeployedAppInfo@491a6c41
      CONTEXT_ROOT = "context-root"
      webModuleHandler = class com.ibm.ws.app.manager.web.internal.WebModuleHandlerImpl@b1cc9fb
      webContainerModuleInfo = class com.ibm.ws.app.manager.module.internal.SimpleDeployedAppInfoBase$WebModuleContainerInfo@420d53a6
      DYNAMIC_IMPORT_PACKAGE_LIST = class java.util.Collections$UnmodifiableRandomAccessList@2ab5f5cc
      serialVersionUID = -6153587016903242961
      $$$tc$$$ = class com.ibm.websphere.ras.TraceComponent@54a0b733
      _tc = class com.ibm.websphere.ras.TraceComponent@6b0841af
      PERMISSION_XML = "permissions.xml"
      applicationInformation = class com.ibm.ws.app.manager.internal.ApplicationInstallInfo@108e321
      location = "C:\Users\IBM_ADMIN\Documents\GitHub\chansyapp\target\ChansyApp-1.0-SNAPSHOT"
      classLoadingService = class com.ibm.ws.classloading.internal.ClassLoadingServiceImpl@293010c5
      globalSharedLibrary = class com.ibm.ws.library.internal.SharedLibraryImpl@2c2e8bba
      sharedLibDeploymentInfo = class com.ibm.ws.app.manager.module.internal.DeployedAppInfoBase$SharedLibDeploymentInfo@75a30eb6
      futureMonitor = class com.ibm.ws.threading.internal.FutureMonitorImpl@4884ecc6
      configAdmin = class com.ibm.ws.config.admin.internal.ConfigurationAdminImpl@33f4fac8
      libraryConfigHelper = class com.ibm.ws.classloading.ClassLoaderConfigHelper@1a6b724b
      isDelegateLast = false
      permissionManager = class com.ibm.ws.security.java2sec.PermissionManager@42c059e7
      permissionsConfig = null
      serialVersionUID = -6908382869835671687
      appInfo = class com.ibm.ws.container.service.app.deploy.internal.ApplicationInfoImpl@d2fefa1
      modulesDeployed = class java.util.ArrayList@3bcda42a
      starting = false
      started = false
      appInfoFactory = class com.ibm.ws.container.service.app.deploy.internal.ApplicationInfoFactoryImpl@7a757032
      metaDataService = class com.ibm.ws.container.service.metadata.internal.MetaDataServiceImpl@1ffac9e3
      stateChangeService = class com.ibm.ws.container.service.state.internal.StateChangeServiceImpl@3aba11fa
      moduleClassesInfo = class com.ibm.ws.app.manager.module.internal.SimpleDeployedAppInfoBase$ModuleClassesInfoProvider@4cfaa18b
      moduleContainerInfos = class java.util.ArrayList@1a40a0ca
      activeModuleHandlers = class java.util.IdentityHashMap@4b65a750
      serialVersionUID = 7078125893012250887
      $$$tc$$$ = class com.ibm.websphere.ras.TraceComponent@5cc4d17a
    containerInfoType = class com.ibm.ws.container.service.app.deploy.ContainerInfo$Type@2a267205
      MANIFEST_CLASSPATH = class com.ibm.ws.container.service.app.deploy.ContainerInfo$Type@d0eda1
      WEB_INF_CLASSES = class com.ibm.ws.container.service.app.deploy.ContainerInfo$Type@6bc7d7ac
      WEB_INF_LIB = class com.ibm.ws.container.service.app.deploy.ContainerInfo$Type@599e612e
      EAR_LIB = class com.ibm.ws.container.service.app.deploy.ContainerInfo$Type@7a5508ac
      WEB_MODULE = class com.ibm.ws.container.service.app.deploy.ContainerInfo$Type@2a267205
      EJB_MODULE = class com.ibm.ws.container.service.app.deploy.ContainerInfo$Type@7d6f5fa2
      CLIENT_MODULE = class com.ibm.ws.container.service.app.deploy.ContainerInfo$Type@28c08d14
      RAR_MODULE = class com.ibm.ws.container.service.app.deploy.ContainerInfo$Type@2fd0e33
      JAR_MODULE = class com.ibm.ws.container.service.app.deploy.ContainerInfo$Type@503f66a8
      SHARED_LIB = class com.ibm.ws.container.service.app.deploy.ContainerInfo$Type@572ab142
      $VALUES = class com.ibm.ws.container.service.app.deploy.ContainerInfo$Type[10]
      serialVersionUID = -3226393626317575807
      $$$tc$$$ = class com.ibm.websphere.ras.TraceComponent@2022e978
      name = "WEB_MODULE"
      ordinal = 4
    classLoader = class com.ibm.ws.classloading.internal.AppClassLoader@21b3e113
      tc = class com.ibm.websphere.ras.TraceComponent@3e50c396
      PARENT_FIRST_SEARCH_ORDER = class java.util.Collections$UnmodifiableRandomAccessList@3d045535
      CLASS_LOADING_TRACE_PREFIX = "com.ibm.ws.class.load."
      DEFAULT_PACKAGE = "default.package"
      perPackageClassLoadingTraceComponents = class java.util.concurrent.ConcurrentHashMap@459fb37e
      config = class com.ibm.ws.classloading.internal.ClassLoaderConfigurationImpl@671d8ce4
      privateLibraries = null
      delegateLoaders = class com.ibm.ws.classloading.internal.util.CompositeIterable@4458353a
      nativeLibraryFiles = class java.util.ArrayList@5b6a7d79
      transformers = class java.util.ArrayList@63d63129
      apiAccess = class com.ibm.ws.classloading.internal.GatewayClassLoader@171b4240
      generator = class com.ibm.ws.classloading.internal.ClassGeneratorManager@6827fb1b
      protectionDomains = class java.util.concurrent.ConcurrentHashMap@6dd3e2c0
      parent = class com.ibm.ws.classloading.internal.GatewayClassLoader@171b4240
      serialVersionUID = -2240525179349384666
      tc = class com.ibm.websphere.ras.TraceComponent@5b53c5e7
      EMPTY_URL_ARRAY = class java.net.URL[0]
      smartClassPath = class com.ibm.ws.classloading.internal.ContainerClassLoader$SmartClassPathImpl@3757f14d
      nativeLibraryContainers = class java.util.ArrayList@60ff2b9f
      redefiner = class com.ibm.ws.classloading.internal.util.ClassRedefiner@12c800a2
      mapCreationQueue = class java.util.concurrent.Executors$FinalizableDelegatedExecutorService@21fcfe26
      serialVersionUID = 7249739282446266343
      serialVersionUID = -7411549862368381758
      $$$tc$$$ = class com.ibm.websphere.ras.TraceComponent@33bd6e3e
      serialVersionUID = -4868702105808481416
      $$$tc$$$ = class com.ibm.websphere.ras.TraceComponent@196886f7
      serialVersionUID = 2596921220292114344
      $$$tc$$$ = class com.ibm.websphere.ras.TraceComponent@542cc770
      initialized = true
      pdcache = class java.util.HashMap@2447dfad
      debug = null
      parent = class com.ibm.ws.classloading.internal.GatewayClassLoader@171b4240
      parallelLockMap = null
      package2certs = class java.util.Hashtable@40fc523e
      nocerts = class java.security.cert.Certificate[0]
      classes = class java.util.Vector@6e1c7fee
      defaultDomain = class java.security.ProtectionDomain@6c125e99
      domains = class java.util.HashSet@76b24e01
      packages = class java.util.HashMap@54fd9f4b
      scl = class sun.misc.Launcher$AppClassLoader@18b4aac2
      sclSet = true
      loadedLibraryNames = class java.util.Vector@59936935
      systemNativeLibraries = class java.util.Vector@270b1208
      nativeLibraries = class java.util.Vector@43ad92ae
      nativeLibraryContext = class java.util.Stack@7b925a57
      usr_paths = class java.lang.String[32]
      sys_paths = class java.lang.String[1]
      assertionLock = class com.ibm.ws.classloading.internal.AppClassLoader@21b3e113
      defaultAssertionStatus = false
      packageAssertionStatus = null
      classAssertionStatus = null
    moduleMetaData = null
    nestedModuleMetaDataTypes = null
    nestedModuleMetaDataValues = null
    serialVersionUID = 3986734351620206554
  Object type[1] = class com.ibm.ws.webcontainer.osgi.WebContainer@411e8198
    tc = class com.ibm.websphere.ras.TraceComponent@59ac85ca
      strings[0] = "TraceComponent[com.ibm.ws.webcontainer.osgi.WebContainer,class com.ibm.ws.webcontainer.osgi.WebContainer,[webcontainer],com.ibm.ws.webcontainer.resources.LShimMessages,null]"
    CLASS_NAME = "com.ibm.ws.webcontainer.osgi.WebContainer"
    initialized = true
    eventService = class com.ibm.ws.event.internal.EventEngineImpl@6257762c
      tc = class com.ibm.websphere.ras.TraceComponent@2993b24a
      OSGI_EVENT_HANDLER_REFERENCE_NAME = "OsgiEventHandler"
      WS_EVENT_HANDLER_REFERENCE_NAME = "WsEventHandler"
      CFG_KEY_REENTRANT_HANDLER_DEFAULT = "reentrant.handler.default"
      CFG_KEY_STAGE_PREFIX = "stage.topics."
      topicCache = class com.ibm.ws.event.internal.TopicBasedCache@371dead8
      componentContext = class org.apache.felix.scr.impl.manager.ComponentContextImpl@13c6b484
      bundleContext = class org.eclipse.osgi.internal.framework.BundleContextImpl@5c42fabc
      logService = class com.ibm.ws.logging.internal.osgi.TrLogServiceImpl@4e5f1c49
      frameworkEventAdapter = class com.ibm.ws.event.internal.adapter.FrameworkEventAdapter@50bbb3aa
      bundleEventAdapter = class com.ibm.ws.event.internal.adapter.BundleEventAdapter@828d84f
      serviceEventAdapter = class com.ibm.ws.event.internal.adapter.ServiceEventAdapter@2eec3f5a
      executorServiceFactory = class com.ibm.ws.event.internal.WorkStageExecutorServiceFactory@18e7d39a
      defaultReentrancy = true
      skipSchedule = false
      serialVersionUID = -3714378010555321089
    futureMonitor = class com.ibm.ws.threading.internal.FutureMonitorImpl@4884ecc6
      _monitor = class java.util.concurrent.ConcurrentLinkedQueue@43d04aa2
      _executor = class com.ibm.ws.threading.internal.ScheduledExecutorImpl@2f84ea9
      _threadRunning = class java.util.concurrent.atomic.AtomicBoolean@6e4bad0
      _thread = class com.ibm.ws.threading.internal.FutureMonitorImpl$1@462931a3
      serialVersionUID = 2765238413969174390
      $$$tc$$$ = class com.ibm.websphere.ras.TraceComponent@66eb803e
    classLoadingSRRef = class com.ibm.wsspi.kernel.service.utils.AtomicServiceReference@64c0955e
      referenceName = "classLoadingService"
      tuple = class java.util.concurrent.atomic.AtomicReference@4afd236e
      serialVersionUID = 2226592364007985000
      $$$tc$$$ = class com.ibm.websphere.ras.TraceComponent@2520bbca
    sessionHelperSRRef = class com.ibm.wsspi.kernel.service.utils.AtomicServiceReference@2e767c7b
      referenceName = "sessionHelper"
      tuple = class java.util.concurrent.atomic.AtomicReference@e127723
      serialVersionUID = 2226592364007985000
      $$$tc$$$ = class com.ibm.websphere.ras.TraceComponent@2520bbca
    cacheManagerSRRef = class com.ibm.wsspi.kernel.service.utils.AtomicServiceReference@7749998f
      referenceName = "cacheManager"
      tuple = class java.util.concurrent.atomic.AtomicReference@3188c989
      serialVersionUID = 2226592364007985000
      $$$tc$$$ = class com.ibm.websphere.ras.TraceComponent@2520bbca
    injectionEngineSRRef = class com.ibm.wsspi.kernel.service.utils.AtomicServiceReference@1844a97c
      referenceName = "injectionEngine"
      tuple = class java.util.concurrent.atomic.AtomicReference@17cf9db9
      serialVersionUID = 2226592364007985000
      $$$tc$$$ = class com.ibm.websphere.ras.TraceComponent@2520bbca
    managedObjectServiceSRRef = class com.ibm.wsspi.kernel.service.utils.AtomicServiceReference@78ceb54f
      referenceName = "managedObjectService"
      tuple = class java.util.concurrent.atomic.AtomicReference@69c77c03
      serialVersionUID = 2226592364007985000
      $$$tc$$$ = class com.ibm.websphere.ras.TraceComponent@2520bbca
    REFERENCE_WEB_MBEAN_RUNTIME = "webMBeanRuntime"
    webMBeanRuntimeServiceRef = class com.ibm.wsspi.kernel.service.utils.AtomicServiceReference@65468b89
      referenceName = "webMBeanRuntime"
      tuple = class java.util.concurrent.atomic.AtomicReference@d1dd2fd
      serialVersionUID = 2226592364007985000
      $$$tc$$$ = class com.ibm.websphere.ras.TraceComponent@2520bbca
    servletContainerInitializers = class com.ibm.wsspi.kernel.service.utils.ConcurrentServiceReferenceSet@5ef8e34f
      referenceName = "servletContainerInitializers"
      contextRef = class java.util.concurrent.atomic.AtomicReference@4185d558
      elementMap = class java.util.LinkedHashMap@63075eb1
      elementSet = class java.util.concurrent.ConcurrentSkipListSet@17b1b9db
      elementSetUnsorted = false
      serialVersionUID = 756240983881166148
      $$$tc$$$ = class com.ibm.websphere.ras.TraceComponent@23bd8f06
    es = class com.ibm.ws.threading.internal.ExecutorServiceImpl@634aaea5
      JAVA_6 = false
      threadPool = class java.util.concurrent.ThreadPoolExecutor@38d55152
      threadPoolController = class com.ibm.ws.threading.internal.ThreadPoolController@270ce072
      poolName = "Default Executor"
      componentConfig = class org.apache.felix.scr.impl.helper.ReadOnlyDictionary@41358ce4
      interceptorsActive = false
      interceptors = class java.util.concurrent.CopyOnWriteArraySet@322c1ca7
      threadFactory = null
      serialVersionUID = 4947246897844900590
      $$$tc$$$ = class com.ibm.websphere.ras.TraceComponent@7240682
    locationServiceRef = class java.util.concurrent.atomic.AtomicReference@6e231b4e
      serialVersionUID = -1848883965231344442
      unsafe = class sun.misc.Unsafe@73256d1e
      valueOffset = 12
      value = class com.ibm.ws.kernel.service.location.internal.WsLocationAdminImpl@9799111
    transferContextServiceRef = class com.ibm.wsspi.kernel.service.utils.ConcurrentServiceReferenceSet@3f68dfc0
      referenceName = "transferService"
      contextRef = class java.util.concurrent.atomic.AtomicReference@3ae915e9
      elementMap = class java.util.LinkedHashMap@38cb1357
      elementSet = class java.util.concurrent.ConcurrentSkipListSet@329b000e
      elementSetUnsorted = false
      serialVersionUID = 756240983881166148
      $$$tc$$$ = class com.ibm.websphere.ras.TraceComponent@23bd8f06
    encodingServiceRef = class java.util.concurrent.atomic.AtomicReference@2613b1f9
      serialVersionUID = -1848883965231344442
      unsafe = class sun.misc.Unsafe@73256d1e
      valueOffset = 12
      value = class com.ibm.ws.http.internal.EncodingUtilsImpl@213a5a07
    instance = class java.util.concurrent.atomic.AtomicReference@109a0c18
      serialVersionUID = -1848883965231344442
      unsafe = class sun.misc.Unsafe@73256d1e
      valueOffset = 12
      value = class com.ibm.ws.webcontainer.osgi.WebContainer@411e8198
    vhostManager = class com.ibm.ws.webcontainer.osgi.DynamicVirtualHostManager@66958c2e
      tc = class com.ibm.websphere.ras.TraceComponent@27a6e7a9
      hostMap = class java.util.concurrent.ConcurrentHashMap@40acd1ee
      transportMap = class java.util.concurrent.ConcurrentHashMap@2208a84c
      locationService = class com.ibm.ws.kernel.service.location.internal.WsLocationAdminImpl@9799111
      schedExecutor = class com.ibm.ws.threading.internal.ScheduledExecutorImpl@2f84ea9
      pluginCfgVhostUris = class java.util.HashMap@24fddcb9
      PLUGIN_CFG = "plugin-cfg.xml"
    metaDataService = class com.ibm.ws.container.service.metadata.internal.MetaDataServiceImpl@1ffac9e3
      applicationMetaDataManager = class com.ibm.ws.container.service.metadata.internal.ApplicationMetaDataManager@4d81a5e2
      moduleMetaDataManager = class com.ibm.ws.container.service.metadata.internal.ModuleMetaDataManager@44128ac8
      componentMetaDataManager = class com.ibm.ws.container.service.metadata.internal.ComponentMetaDataManager@f259e7a
      methodMetaDataManager = class com.ibm.ws.container.service.metadata.internal.MethodMetaDataManager@49bf443d
      appModuleNameToModuleContainer = class java.util.concurrent.ConcurrentHashMap@951565d
      jeeNameToComponentMetaData = class java.util.concurrent.ConcurrentHashMap@59c5d975
      deferredMetaDataFactories = class com.ibm.wsspi.kernel.service.utils.ConcurrentServiceReferenceSet@7ab05a79
      deferredMetaDataInitializers = class com.ibm.wsspi.kernel.service.utils.ConcurrentServiceReferenceMap@499d67be
      serialVersionUID = -2494605732980966097
      $$$tc$$$ = class com.ibm.websphere.ras.TraceComponent@5e9527ff
    j2eeNameFactory = class com.ibm.ws.container.service.metadata.internal.J2EENameFactoryImpl@24dd3f9c
      serialVersionUID = 3486344295038028821
      $$$tc$$$ = class com.ibm.websphere.ras.TraceComponent@2e5f04a4
    context = class org.apache.felix.scr.impl.manager.ComponentContextImpl@64670dd3
      m_componentManager = class org.apache.felix.scr.impl.manager.SingleComponentManager@32a67a31
      edgeInfos = class org.apache.felix.scr.impl.manager.EdgeInfo[25]
      m_componentInstance = class org.apache.felix.scr.impl.manager.ComponentContextImpl$ComponentInstanceImpl@5d3ff3fa
      m_usingBundle = class org.eclipse.osgi.internal.framework.EquinoxBundle@30cab1c
      m_serviceRegistration = class org.eclipse.osgi.internal.serviceregistry.ServiceRegistrationImpl@16266437
      m_implementationObject = class com.ibm.ws.webcontainer.osgi.WebContainer@411e8198
      m_implementationAccessible = true
      accessibleLatch = class java.util.concurrent.CountDownLatch@2d4b3123
      serviceObjectsHelper = class org.apache.felix.scr.impl.helper.ComponentServiceObjectsHelper@2cbdb149
    contextRoots = class java.util.Collections$SynchronizedSet@2e59098d
      serialVersionUID = 487447009682186044
      serialVersionUID = 3053995032091335093
      c = class java.util.HashSet@7487bbed
      mutex = class java.util.Collections$SynchronizedSet@2e59098d
    pendingContextRoots = class java.util.HashMap@67a57874
      serialVersionUID = 362498820763181265
      DEFAULT_INITIAL_CAPACITY = 16
      MAXIMUM_CAPACITY = 1073741824
      DEFAULT_LOAD_FACTOR = 0.75
      TREEIFY_THRESHOLD = 8
      UNTREEIFY_THRESHOLD = 6
      MIN_TREEIFY_CAPACITY = 64
      table = null
      entrySet = null
      size = 0
      modCount = 0
      threshold = 0
      loadFactor = 0.75
      keySet = null
      values = null
    deployedModuleMap = class java.util.concurrent.ConcurrentHashMap@2a499ac3
      serialVersionUID = 7249069246763182397
      MAXIMUM_CAPACITY = 1073741824
      DEFAULT_CAPACITY = 16
      MAX_ARRAY_SIZE = 2147483639
      DEFAULT_CONCURRENCY_LEVEL = 16
      LOAD_FACTOR = 0.75
      TREEIFY_THRESHOLD = 8
      UNTREEIFY_THRESHOLD = 6
      MIN_TREEIFY_CAPACITY = 64
      MIN_TRANSFER_STRIDE = 16
      RESIZE_STAMP_BITS = 16
      MAX_RESIZERS = 65535
      RESIZE_STAMP_SHIFT = 16
      MOVED = -1
      TREEBIN = -2
      RESERVED = -3
      HASH_BITS = 2147483647
      NCPU = 4
      serialPersistentFields = class java.io.ObjectStreamField[3]
      table = null
      nextTable = null
      baseCount = 0
      sizeCtl = 0
      transferIndex = 0
      cellsBusy = 0
      counterCells = null
      keySet = null
      values = null
      entrySet = null
      U = class sun.misc.Unsafe@73256d1e
      SIZECTL = 20
      TRANSFERINDEX = 32
      BASECOUNT = 24
      CELLSBUSY = 36
      CELLVALUE = 144
      ABASE = 16
      ASHIFT = 2
      keySet = null
      values = null
    connContextPool = class com.ibm.ws.webcontainer31.osgi.srt.SRTConnectionContextPool31Impl@761c03cc
      head = class java.lang.ThreadLocal@133036b2
    DEFAULT_PORT = "*"
    DEFAULT_VHOST_NAME = "default_host"
    cachedServerInfo = null
    lock = class com.ibm.ws.webcontainer.osgi.WebContainer$1@106f79e3
      this$0 = class com.ibm.ws.webcontainer.osgi.WebContainer@411e8198
    webAppFactory = class com.ibm.ws.webcontainer31.osgi.webapp.WebAppFactoryImpl31@5cc5c542
    requestFactory = class com.ibm.ws.webcontainer31.osgi.response.IRequestResponseFactory@3a3cc39b
    responseFactory = class com.ibm.ws.webcontainer31.osgi.response.IRequestResponseFactory@3a3cc39b
    asyncContextFactory = class com.ibm.ws.webcontainer31.async.AsyncContextFactory31Impl@2ca8b573
    DEFAULT_MAX_VERSION = 30
    versionRef = class org.eclipse.osgi.internal.serviceregistry.ServiceReferenceImpl@47637164
      registration = class org.eclipse.osgi.internal.serviceregistry.ServiceRegistrationImpl@41ff00a2
    SPEC_LEVEL_UNLOADED = -1
    SPEC_LEVEL_30 = 30
    SPEC_LEVEL_31 = 31
    DEFAULT_SPEC_LEVEL = 30
    loadedContainerSpecLevel = 31
    ISO = "ISO-8859-1"
    encoding = "UTF-8"
    decode = true
    wcconfig = class com.ibm.ws.webcontainer.osgi.WebContainerConfiguration@69026e30
      properties = class org.apache.felix.scr.impl.helper.ReadOnlyDictionary@106d48b7
      CFG_KEY_ENFORCE_SEC = "enforce.security"
      logger = class com.ibm.ws.logging.internal.WsLogger@24457980
      CLASS_NAME = "com.ibm.ws.webcontainer.WebContainerConfiguration"
      _localeProps = null
      _jvmProps = null
      enableServletCaching = false
      defaultVirtualHostName = "default_host"
      ardEnabled = false
      ardIncludeTimeout = 0
      poolingDisabled = false
      maximumExpiredEntries = 0
      maximumResponseStoreSize = 0
      useAsyncRunnableWorkManager = false
      asyncRunnableWorkManagerName = null
      numAsyncTimerThreads = 2
      defaultAsyncServletTimeout = 30000
    applicationListeners = class java.util.ArrayList@685d4e
      serialVersionUID = 8683452581122892189
      DEFAULT_CAPACITY = 10
      EMPTY_ELEMENTDATA = class java.lang.Object[0]
      DEFAULTCAPACITY_EMPTY_ELEMENTDATA = class java.lang.Object[0]
      elementData = class java.lang.Object[0]
      size = 0
      MAX_ARRAY_SIZE = 2147483639
      modCount = 0
      MAX_ARRAY_SIZE = 2147483639
    servletListeners = class java.util.ArrayList@5cdcf476
      serialVersionUID = 8683452581122892189
      DEFAULT_CAPACITY = 10
      EMPTY_ELEMENTDATA = class java.lang.Object[0]
      DEFAULTCAPACITY_EMPTY_ELEMENTDATA = class java.lang.Object[0]
      elementData = class java.lang.Object[0]
      size = 0
      MAX_ARRAY_SIZE = 2147483639
      modCount = 0
      MAX_ARRAY_SIZE = 2147483639
    servletErrorListeners = class java.util.ArrayList@1bfd3249
      serialVersionUID = 8683452581122892189
      DEFAULT_CAPACITY = 10
      EMPTY_ELEMENTDATA = class java.lang.Object[0]
      DEFAULTCAPACITY_EMPTY_ELEMENTDATA = class java.lang.Object[0]
      elementData = class java.lang.Object[0]
      size = 0
      MAX_ARRAY_SIZE = 2147483639
      modCount = 0
      MAX_ARRAY_SIZE = 2147483639
    servletInvocationListeners = class java.util.ArrayList@6174bce8
      serialVersionUID = 8683452581122892189
      DEFAULT_CAPACITY = 10
      EMPTY_ELEMENTDATA = class java.lang.Object[0]
      DEFAULTCAPACITY_EMPTY_ELEMENTDATA = class java.lang.Object[0]
      elementData = class java.lang.Object[0]
      size = 0
      MAX_ARRAY_SIZE = 2147483639
      modCount = 0
      MAX_ARRAY_SIZE = 2147483639
    filterInvocationListeners = class java.util.ArrayList@23341fa5
      serialVersionUID = 8683452581122892189
      DEFAULT_CAPACITY = 10
      EMPTY_ELEMENTDATA = class java.lang.Object[0]
      DEFAULTCAPACITY_EMPTY_ELEMENTDATA = class java.lang.Object[0]
      elementData = class java.lang.Object[0]
      size = 0
      MAX_ARRAY_SIZE = 2147483639
      modCount = 0
      MAX_ARRAY_SIZE = 2147483639
    filterErrorListeners = class java.util.ArrayList@187030f1
      serialVersionUID = 8683452581122892189
      DEFAULT_CAPACITY = 10
      EMPTY_ELEMENTDATA = class java.lang.Object[0]
      DEFAULTCAPACITY_EMPTY_ELEMENTDATA = class java.lang.Object[0]
      elementData = class java.lang.Object[0]
      size = 0
      MAX_ARRAY_SIZE = 2147483639
      modCount = 0
      MAX_ARRAY_SIZE = 2147483639
    filterListeners = class java.util.ArrayList@6a6d36cc
      serialVersionUID = 8683452581122892189
      DEFAULT_CAPACITY = 10
      EMPTY_ELEMENTDATA = class java.lang.Object[0]
      DEFAULTCAPACITY_EMPTY_ELEMENTDATA = class java.lang.Object[0]
      elementData = class java.lang.Object[0]
      size = 0
      MAX_ARRAY_SIZE = 2147483639
      modCount = 0
      MAX_ARRAY_SIZE = 2147483639
    servletRequestListeners = class java.util.ArrayList@2e3a4495
      serialVersionUID = 8683452581122892189
      DEFAULT_CAPACITY = 10
      EMPTY_ELEMENTDATA = class java.lang.Object[0]
      DEFAULTCAPACITY_EMPTY_ELEMENTDATA = class java.lang.Object[0]
      elementData = class java.lang.Object[0]
      size = 0
      MAX_ARRAY_SIZE = 2147483639
      modCount = 0
      MAX_ARRAY_SIZE = 2147483639
    servletRequestAttributeListeners = class java.util.ArrayList@2df0bfc0
      serialVersionUID = 8683452581122892189
      DEFAULT_CAPACITY = 10
      EMPTY_ELEMENTDATA = class java.lang.Object[0]
      DEFAULTCAPACITY_EMPTY_ELEMENTDATA = class java.lang.Object[0]
      elementData = class java.lang.Object[0]
      size = 0
      MAX_ARRAY_SIZE = 2147483639
      modCount = 0
      MAX_ARRAY_SIZE = 2147483639
    servletContextListeners = class java.util.ArrayList@341ef537
      serialVersionUID = 8683452581122892189
      DEFAULT_CAPACITY = 10
      EMPTY_ELEMENTDATA = class java.lang.Object[0]
      DEFAULTCAPACITY_EMPTY_ELEMENTDATA = class java.lang.Object[0]
      elementData = class java.lang.Object[0]
      size = 0
      MAX_ARRAY_SIZE = 2147483639
      modCount = 0
      MAX_ARRAY_SIZE = 2147483639
    servletContextAttributeListeners = class java.util.ArrayList@37467e2e
      serialVersionUID = 8683452581122892189
      DEFAULT_CAPACITY = 10
      EMPTY_ELEMENTDATA = class java.lang.Object[0]
      DEFAULTCAPACITY_EMPTY_ELEMENTDATA = class java.lang.Object[0]
      elementData = class java.lang.Object[0]
      size = 0
      MAX_ARRAY_SIZE = 2147483639
      modCount = 0
      MAX_ARRAY_SIZE = 2147483639
    sessionListeners = class java.util.ArrayList@4ba49abf
      serialVersionUID = 8683452581122892189
      DEFAULT_CAPACITY = 10
      EMPTY_ELEMENTDATA = class java.lang.Object[0]
      DEFAULTCAPACITY_EMPTY_ELEMENTDATA = class java.lang.Object[0]
      elementData = class java.lang.Object[0]
      size = 0
      MAX_ARRAY_SIZE = 2147483639
      modCount = 0
      MAX_ARRAY_SIZE = 2147483639
    sessionIdListeners = class java.util.ArrayList@630222b4
      serialVersionUID = 8683452581122892189
      DEFAULT_CAPACITY = 10
      EMPTY_ELEMENTDATA = class java.lang.Object[0]
      DEFAULTCAPACITY_EMPTY_ELEMENTDATA = class java.lang.Object[0]
      elementData = class java.lang.Object[0]
      size = 0
      MAX_ARRAY_SIZE = 2147483639
      modCount = 0
      MAX_ARRAY_SIZE = 2147483639
    sessionAttributeListeners = class java.util.ArrayList@2076c4ae
      serialVersionUID = 8683452581122892189
      DEFAULT_CAPACITY = 10
      EMPTY_ELEMENTDATA = class java.lang.Object[0]
      DEFAULTCAPACITY_EMPTY_ELEMENTDATA = class java.lang.Object[0]
      elementData = class java.lang.Object[0]
      size = 0
      MAX_ARRAY_SIZE = 2147483639
      modCount = 0
      MAX_ARRAY_SIZE = 2147483639
    DEFAULT_HOST = "default_host"
    _initialized = true
    logger = class com.ibm.ws.logging.internal.WsLogger@24457980
      tc = class com.ibm.websphere.ras.TraceComponent@75cee5e4
      ivCachedResourceBundleName = null
      ivCachedResourceBundle = null
      ivComponent = null
      ivOrganization = null
      ivProduct = null
      ivMinimumLocalizationLevelIntValue = 625
      ivTC = class com.ibm.websphere.ras.TraceComponent@62e84d
      loggerRegistrationComponent = class java.lang.ThreadLocal@4dbfebbc
      emptyHandlers = class java.util.logging.Handler[0]
      offValue = 2147483647
      SYSTEM_LOGGER_RB_NAME = "sun.util.logging.resources.logging"
      SYSTEM_BUNDLE = class java.util.logging.Logger$LoggerBundle@61056abe
      NO_RESOURCE_BUNDLE = class java.util.logging.Logger$LoggerBundle@3405de38
      manager = class com.ibm.ws.kernel.boot.logging.WsLogManager@655210f
      name = "com.ibm.ws.webcontainer"
      handlers = class java.util.concurrent.CopyOnWriteArrayList@1fb53ac6
      loggerBundle = class java.util.logging.Logger$LoggerBundle@55aff314
      useParentHandlers = true
      filter = null
      anonymous = false
      catalog = class com.ibm.ws.webcontainer.resources.Messages@4fc11387
      catalogName = "com.ibm.ws.webcontainer.resources.Messages"
      catalogLocale = class java.util.Locale@60330e29
      treeLock = class java.lang.Object@56e66be3
      parent = class java.util.logging.Logger@7cfb1578
      kids = class java.util.ArrayList@3b617c4b
      levelObject = class java.util.logging.Level@43db7f48
      levelValue = 800
      callersClassLoaderRef = class java.lang.ref.WeakReference@2687ada3
      isSystemLogger = false
      GLOBAL_LOGGER_NAME = "global"
      global = class java.util.logging.Logger@2a7993d0
      $assertionsDisabled = true
    CLASS_NAME = "com.ibm.ws.webcontainer.internal.WebContainer"
    nls = class com.ibm.ejs.ras.TraceNLS@4b5b7ed5
      resolver = class com.ibm.ws.logging.internal.TraceNLSResolver@23ca8447
      finder = null
      ivBundleName = "com.ibm.ws.webcontainer.resources.Messages"
      caller = class java.lang.Class@357e431f
    self = class java.util.concurrent.atomic.AtomicReference@39bef288
      serialVersionUID = -1848883965231344442
      unsafe = class sun.misc.Unsafe@73256d1e
      valueOffset = 12
      value = class com.ibm.ws.webcontainer.osgi.WebContainer@411e8198
    _cipherToBit = class java.util.HashMap@2f7b12a5
      serialVersionUID = 362498820763181265
      DEFAULT_INITIAL_CAPACITY = 16
      MAXIMUM_CAPACITY = 1073741824
      DEFAULT_LOAD_FACTOR = 0.75
      TREEIFY_THRESHOLD = 8
      UNTREEIFY_THRESHOLD = 6
      MIN_TREEIFY_CAPACITY = 64
      table = null
      entrySet = null
      size = 0
      modCount = 0
      threshold = 0
      loadFactor = 0.75
      keySet = null
      values = null
    cacheKeyStringBuilder = class com.ibm.ws.util.WSThreadLocal@207df7b3
      tc = class com.ibm.ejs.ras.TraceComponent@43718274
      count = 1
      index = 0
      SUSPECTED_MISUSAGE_THRESHOLD = 200
      threadLocalHashCode = -1522430612
      nextHashCode = class java.util.concurrent.atomic.AtomicInteger@7aae98a0
      HASH_INCREMENT = 1640531527
    listenersInitialized = false
    webConProperties = class java.util.Properties@30c088bf
      serialVersionUID = 4112578634029874840
      defaults = null
      hexDigit = {0123456789ABCDEF} /* array length = 16*/
      table = class java.util.Hashtable$Entry[95]
      count = 55
      threshold = 71
      loadFactor = 0.75
      modCount = 58
      serialVersionUID = 1421746759512286392
      MAX_ARRAY_SIZE = 2147483639
      keySet = null
      entrySet = null
      values = null
      KEYS = 0
      VALUES = 1
      ENTRIES = 2
    sessionRegistry = null
    isStopped = false
    readWriteLockForStopping = class java.util.concurrent.locks.ReentrantReadWriteLock@7e24169d
      serialVersionUID = -6992448646407690164
      readerLock = class java.util.concurrent.locks.ReentrantReadWriteLock$ReadLock@177eb700
      writerLock = class java.util.concurrent.locks.ReentrantReadWriteLock$WriteLock@26a1bf7b
      sync = class java.util.concurrent.locks.ReentrantReadWriteLock$NonfairSync@4d68cc43
      UNSAFE = class sun.misc.Unsafe@73256d1e
      TID_OFFSET = 40
    urlPrefix = ";jsessionid="
    extensionFactories = class java.util.ArrayList@9bdddc6
      serialVersionUID = 8683452581122892189
      DEFAULT_CAPACITY = 10
      EMPTY_ELEMENTDATA = class java.lang.Object[0]
      DEFAULTCAPACITY_EMPTY_ELEMENTDATA = class java.lang.Object[0]
      elementData = class java.lang.Object[0]
      size = 0
      MAX_ARRAY_SIZE = 2147483639
      modCount = 0
      MAX_ARRAY_SIZE = 2147483639
    postInitExtensionFactories = null
    httpResponseListeners = class java.util.ArrayList@46b2632d
      serialVersionUID = 8683452581122892189
      DEFAULT_CAPACITY = 10
      EMPTY_ELEMENTDATA = class java.lang.Object[0]
      DEFAULTCAPACITY_EMPTY_ELEMENTDATA = class java.lang.Object[0]
      elementData = class java.lang.Object[0]
      size = 0
      MAX_ARRAY_SIZE = 2147483639
      modCount = 0
      MAX_ARRAY_SIZE = 2147483639
    servletContainerInitializers = class java.util.ServiceLoader@72039e34
      PREFIX = "META-INF/services/"
      service = class java.lang.Class@39874508
      loader = class org.eclipse.osgi.internal.loader.EquinoxClassLoader@3a7e28a5
      acc = null
      providers = class java.util.LinkedHashMap@602c665f
      lookupIterator = class java.util.ServiceLoader$LazyIterator@7ac974e0
    invocationCacheSize = 500
    decodePlusSign = true
    _cacheMap = class java.util.concurrent.ConcurrentHashMap@2c4dfe17
      serialVersionUID = 7249069246763182397
      MAXIMUM_CAPACITY = 1073741824
      DEFAULT_CAPACITY = 16
      MAX_ARRAY_SIZE = 2147483639
      DEFAULT_CONCURRENCY_LEVEL = 16
      LOAD_FACTOR = 0.75
      TREEIFY_THRESHOLD = 8
      UNTREEIFY_THRESHOLD = 6
      MIN_TREEIFY_CAPACITY = 64
      MIN_TRANSFER_STRIDE = 16
      RESIZE_STAMP_BITS = 16
      MAX_RESIZERS = 65535
      RESIZE_STAMP_SHIFT = 16
      MOVED = -1
      TREEBIN = -2
      RESERVED = -3
      HASH_BITS = 2147483647
      NCPU = 4
      serialPersistentFields = class java.io.ObjectStreamField[3]
      table = null
      nextTable = null
      baseCount = 0
      sizeCtl = 1024
      transferIndex = 0
      cellsBusy = 0
      counterCells = null
      keySet = null
      values = null
      entrySet = null
      U = class sun.misc.Unsafe@73256d1e
      SIZECTL = 20
      TRANSFERINDEX = 32
      BASECOUNT = 24
      CELLSBUSY = 36
      CELLVALUE = 144
      ABASE = 16
      ASHIFT = 2
      keySet = null
      values = null
    _cacheSize = class java.util.concurrent.atomic.AtomicInteger@4b7955b5
      serialVersionUID = 6214790243416807050
      unsafe = class sun.misc.Unsafe@73256d1e
      valueOffset = 12
      value = 0
      serialVersionUID = -8742448824652078965
    vHostCompatFlag = false
    platformHelper = class com.ibm.ws.webcontainer.PlatformHelper@1e07ecfc
    isDefaultTempDir = true
    tempDir = null
    servletCachingInitNeeded = true
    appInstallBegun = false
    commands = class java.util.ArrayList@33e5d674
      serialVersionUID = 8683452581122892189
      DEFAULT_CAPACITY = 10
      EMPTY_ELEMENTDATA = class java.lang.Object[0]
      DEFAULTCAPACITY_EMPTY_ELEMENTDATA = class java.lang.Object[0]
      elementData = class java.lang.Object[3]
      size = 0
      MAX_ARRAY_SIZE = 2147483639
      modCount = 0
      MAX_ARRAY_SIZE = 2147483639
    requestMapper = class com.ibm.ws.webcontainer.util.VirtualHostContextRootMapper@3230e940
      cachedMappers = class java.util.Collections$SynchronizedMap@602eef6f
      nls = class com.ibm.ejs.ras.TraceNLS@d111d22
      logger = class com.ibm.ws.logging.internal.WsLogger@5f8af103
      CLASS_NAME = "com.ibm.ws.webcontainer.util.VirtualHostContextRootMapper"
      CLASSNAME = "com.ibm.ws.util.VirtualHostMapper"
      tc = class com.ibm.ejs.ras.TraceComponent@45272e61
      vHostTable = class java.util.concurrent.ConcurrentHashMap@61db01b0
    parent = null
    name = "Was.webcontainer"
    isAlive = true
    subElements = null
    attributes = null
    config = null
    serialVersionUID = -8271459000149267764
    $$$tc$$$ = class com.ibm.websphere.ras.TraceComponent@8c85463
      strings[0] = "TraceComponent[com.ibm.ws.container.AbstractContainer,class com.ibm.ws.container.AbstractContainer,[],null,null]"

