------Start of DE processing------ = [3/16/17 0:38:33:229 CST]
Exception = java.lang.IllegalArgumentException
Source = com.ibm.ws.webcontainer.filter.WebAppFilterManager.invokeFilters
probeid = 1105
Stack Dump = java.lang.IllegalArgumentException: text cannot be null or empty
	at com.ibm.watson.developer_cloud.util.Validator.isTrue(Validator.java:40)
	at com.ibm.watson.developer_cloud.natural_language_classifier.v1.NaturalLanguageClassifier.classify(NaturalLanguageClassifier.java:87)
	at wasdev.sample.servlet.LogClassifier.logClassify(LogClassifier.java:105)
	at wasdev.sample.servlet.LogClassifier.doPost(LogClassifier.java:76)
	at javax.servlet.http.HttpServlet.service(HttpServlet.java:707)
	at javax.servlet.http.HttpServlet.service(HttpServlet.java:790)
	at com.ibm.ws.webcontainer.servlet.ServletWrapper.service(ServletWrapper.java:1285)
	at com.ibm.ws.webcontainer.servlet.ServletWrapper.handleRequest(ServletWrapper.java:778)
	at com.ibm.ws.webcontainer.servlet.ServletWrapper.handleRequest(ServletWrapper.java:475)
	at com.ibm.ws.webcontainer.filter.WebAppFilterManager.invokeFilters(WebAppFilterManager.java:1161)
	at com.ibm.ws.webcontainer.webapp.WebApp.handleRequest(WebApp.java:4956)
	at com.ibm.ws.webcontainer31.osgi.webapp.WebApp31.handleRequest(WebApp31.java:525)
	at com.ibm.ws.webcontainer.osgi.DynamicVirtualHost$2.handleRequest(DynamicVirtualHost.java:315)
	at com.ibm.ws.webcontainer.WebContainer.handleRequest(WebContainer.java:1014)
	at com.ibm.ws.webcontainer.osgi.DynamicVirtualHost$2.run(DynamicVirtualHost.java:280)
	at com.ibm.ws.http.dispatcher.internal.channel.HttpDispatcherLink$TaskWrapper.run(HttpDispatcherLink.java:967)
	at com.ibm.ws.http.dispatcher.internal.channel.HttpDispatcherLink.wrapHandlerAndExecute(HttpDispatcherLink.java:359)
	at com.ibm.ws.http.dispatcher.internal.channel.HttpDispatcherLink.ready(HttpDispatcherLink.java:318)
	at com.ibm.ws.http.channel.internal.inbound.HttpInboundLink.handleDiscrimination(HttpInboundLink.java:471)
	at com.ibm.ws.http.channel.internal.inbound.HttpInboundLink.handleNewRequest(HttpInboundLink.java:405)
	at com.ibm.ws.http.channel.internal.inbound.HttpInboundLink.processRequest(HttpInboundLink.java:285)
	at com.ibm.ws.http.channel.internal.inbound.HttpInboundLink.ready(HttpInboundLink.java:256)
	at com.ibm.ws.tcpchannel.internal.NewConnectionInitialReadCallback.sendToDiscriminators(NewConnectionInitialReadCallback.java:174)
	at com.ibm.ws.tcpchannel.internal.NewConnectionInitialReadCallback.complete(NewConnectionInitialReadCallback.java:83)
	at com.ibm.ws.tcpchannel.internal.WorkQueueManager.requestComplete(WorkQueueManager.java:504)
	at com.ibm.ws.tcpchannel.internal.WorkQueueManager.attemptIO(WorkQueueManager.java:574)
	at com.ibm.ws.tcpchannel.internal.WorkQueueManager.workerRun(WorkQueueManager.java:929)
	at com.ibm.ws.tcpchannel.internal.WorkQueueManager$Worker.run(WorkQueueManager.java:1018)
	at java.util.concurrent.ThreadPoolExecutor.runWorker(ThreadPoolExecutor.java:1142)
	at java.util.concurrent.ThreadPoolExecutor$Worker.run(ThreadPoolExecutor.java:617)
	at java.lang.Thread.run(Thread.java:745)

Dump of callerThis
Object type = com.ibm.ws.webcontainer.osgi.filter.WebAppFilterManagerImpl
  _filterWrappers = class java.util.Hashtable@42ad016e
    table = class java.util.Hashtable$Entry[11]
      table[0] = null
      table[1] = null
      table[2] = null
      table[3] = null
      table[4] = null
      table[5] = null
      table[6] = null
      table[7] = null
      table[8] = null
      table[9] = null
      table[10] = null
    count = 0
    threshold = 8
    loadFactor = 0.75
    modCount = 0
    serialVersionUID = 1421746759512286392
    MAX_ARRAY_SIZE = 2147483639
    keySet = null
    entrySet = null
    values = null
    KEYS = 0
    VALUES = 1
    ENTRIES = 2
  chainCache = class java.util.Collections$SynchronizedMap@13079b32
    serialVersionUID = 1978198479659022715
    m = class com.ibm.ws.webcontainer.filter.WebAppFilterManager$1@36d1900a
      this$0 = class com.ibm.ws.webcontainer.osgi.filter.WebAppFilterManagerImpl@377ccc16
      serialVersionUID = 3801124242820219131
      head = null
      tail = null
      accessOrder = true
      serialVersionUID = 362498820763181265
      DEFAULT_INITIAL_CAPACITY = 16
      MAXIMUM_CAPACITY = 1073741824
      DEFAULT_LOAD_FACTOR = 0.75
      TREEIFY_THRESHOLD = 8
      UNTREEIFY_THRESHOLD = 6
      MIN_TREEIFY_CAPACITY = 64
      table = null
      entrySet = null
      size = 0
      modCount = 0
      threshold = 32
      loadFactor = 0.75
      keySet = null
      values = null
    mutex = class java.util.Collections$SynchronizedMap@13079b32
    keySet = null
    entrySet = null
    values = null
  forwardChainCache = class java.util.Collections$SynchronizedMap@556fdd8e
    serialVersionUID = 1978198479659022715
    m = class com.ibm.ws.webcontainer.filter.WebAppFilterManager$2@66510de7
      this$0 = class com.ibm.ws.webcontainer.osgi.filter.WebAppFilterManagerImpl@377ccc16
      serialVersionUID = 3801124242820219131
      head = null
      tail = null
      accessOrder = true
      serialVersionUID = 362498820763181265
      DEFAULT_INITIAL_CAPACITY = 16
      MAXIMUM_CAPACITY = 1073741824
      DEFAULT_LOAD_FACTOR = 0.75
      TREEIFY_THRESHOLD = 8
      UNTREEIFY_THRESHOLD = 6
      MIN_TREEIFY_CAPACITY = 64
      table = null
      entrySet = null
      size = 0
      modCount = 0
      threshold = 16
      loadFactor = 0.75
      keySet = null
      values = null
    mutex = class java.util.Collections$SynchronizedMap@556fdd8e
    keySet = null
    entrySet = null
    values = null
  includeChainCache = class java.util.Collections$SynchronizedMap@5017a03f
    serialVersionUID = 1978198479659022715
    m = class com.ibm.ws.webcontainer.filter.WebAppFilterManager$3@15092e21
      this$0 = class com.ibm.ws.webcontainer.osgi.filter.WebAppFilterManagerImpl@377ccc16
      serialVersionUID = 3801124242820219131
      head = null
      tail = null
      accessOrder = true
      serialVersionUID = 362498820763181265
      DEFAULT_INITIAL_CAPACITY = 16
      MAXIMUM_CAPACITY = 1073741824
      DEFAULT_LOAD_FACTOR = 0.75
      TREEIFY_THRESHOLD = 8
      UNTREEIFY_THRESHOLD = 6
      MIN_TREEIFY_CAPACITY = 64
      table = null
      entrySet = null
      size = 0
      modCount = 0
      threshold = 8
      loadFactor = 0.75
      keySet = null
      values = null
    mutex = class java.util.Collections$SynchronizedMap@5017a03f
    keySet = null
    entrySet = null
    values = null
  errorChainCache = class java.util.Collections$SynchronizedMap@7a1b6d22
    serialVersionUID = 1978198479659022715
    m = class com.ibm.ws.webcontainer.filter.WebAppFilterManager$4@70ec7d1d
      this$0 = class com.ibm.ws.webcontainer.osgi.filter.WebAppFilterManagerImpl@377ccc16
      serialVersionUID = 3801124242820219131
      head = null
      tail = null
      accessOrder = true
      serialVersionUID = 362498820763181265
      DEFAULT_INITIAL_CAPACITY = 16
      MAXIMUM_CAPACITY = 1073741824
      DEFAULT_LOAD_FACTOR = 0.75
      TREEIFY_THRESHOLD = 8
      UNTREEIFY_THRESHOLD = 6
      MIN_TREEIFY_CAPACITY = 64
      table = null
      entrySet = null
      size = 0
      modCount = 0
      threshold = 2
      loadFactor = 0.75
      keySet = null
      values = null
    mutex = class java.util.Collections$SynchronizedMap@7a1b6d22
    keySet = null
    entrySet = null
    values = null
  _filtersDefined = false
  FMI_MAPPING_SINGLE_SLASH = 0
  FMI_MAPPING_PATH_MATCH = 1
  FMI_MAPPING_EXTENSION_MATCH = 2
  FMI_MAPPING_EXACT_MATCH = 3
  logger = class com.ibm.ws.logging.internal.WsLogger@556ab758
    tc = class com.ibm.websphere.ras.TraceComponent@677c1402
      strings[0] = "TraceComponent[com.ibm.ws.logging.internal.WsLogger,class com.ibm.ws.logging.internal.WsLogger,[logging],com.ibm.ws.logging.internal.resources.LoggingMessages,null]"
    ivCachedResourceBundleName = null
    ivCachedResourceBundle = null
    ivComponent = null
    ivOrganization = null
    ivProduct = null
    ivMinimumLocalizationLevelIntValue = 625
    ivTC = class com.ibm.websphere.ras.TraceComponent@6c5d8b4
      strings[0] = "TraceComponent[com.ibm.ws.webcontainer.filter,class com.ibm.wsspi.webcontainer.logging.LoggerFactory$1,[com.ibm.ws.webcontainer.filter],null,null]"
    loggerRegistrationComponent = class java.lang.ThreadLocal@4a36a0f1
      threadLocalHashCode = -2140814344
      nextHashCode = class java.util.concurrent.atomic.AtomicInteger@329388d1
      HASH_INCREMENT = 1640531527
    emptyHandlers = class java.util.logging.Handler[0]
    offValue = 2147483647
    SYSTEM_LOGGER_RB_NAME = "sun.util.logging.resources.logging"
    SYSTEM_BUNDLE = class java.util.logging.Logger$LoggerBundle@5ca749fb
      resourceBundleName = "sun.util.logging.resources.logging"
      userBundle = null
    NO_RESOURCE_BUNDLE = class java.util.logging.Logger$LoggerBundle@627ce6b4
      resourceBundleName = null
      userBundle = null
    manager = class com.ibm.ws.kernel.boot.logging.WsLogManager@1d32e322
      CLASS_NAME = "com.ibm.ws.kernel.boot.logging.WsLogManager"
      CONFIGURE_BY_SERVER_PROPERTY_NAME = "java.util.logging.configureByServer"
      CONFIGURE_BY_LOGGING_PROPERTIES_FILE = "java.util.logging.configureByLoggingPropertiesFile"
      configureByServer = true
      configureByLoggingProperties = false
      wsLogger = class java.lang.reflect.Constructor@5d9cff32
      resetEnabled = true
      manager = class com.ibm.ws.kernel.boot.logging.WsLogManager@1d32e322
      props = class java.util.Properties@5ec5d5f2
      defaultLevel = class java.util.logging.Level@42207668
      listenerMap = class java.util.HashMap@3670fdc4
      systemContext = class java.util.logging.LogManager$SystemLoggerContext@c2ff157
      userContext = class java.util.logging.LogManager$LoggerContext@6cf04c21
      rootLogger = class java.util.logging.LogManager$RootLogger@1cea6e08
      readPrimordialConfiguration = true
      initializedGlobalHandlers = true
      deathImminent = false
      initializedCalled = true
      initializationDone = true
      contextsMap = null
      loggerRefQueue = class java.lang.ref.ReferenceQueue@2dc52e8c
      MAX_ITERATIONS = 400
      controlPermission = class java.util.logging.LoggingPermission@5e13d72a
      loggingMXBean = null
      LOGGING_MXBEAN_NAME = "java.util.logging:type=Logging"
      $assertionsDisabled = true
    name = "com.ibm.ws.webcontainer.filter"
    handlers = class java.util.concurrent.CopyOnWriteArrayList@3cb9c7b0
      serialVersionUID = 8673264195747942595
      lock = class java.util.concurrent.locks.ReentrantLock@254ee42f
      array = class java.lang.Object[0]
      UNSAFE = class sun.misc.Unsafe@1727edde
      lockOffset = 12
    loggerBundle = class java.util.logging.Logger$LoggerBundle@5a37b94d
      resourceBundleName = "com.ibm.ws.webcontainer.resources.Messages"
      userBundle = null
    useParentHandlers = true
    filter = null
    anonymous = false
    catalog = class com.ibm.ws.webcontainer.resources.Messages@5f7bbdf9
      resources = class [Ljava.lang.Object;[332]
      lookup = null
      INITIAL_CACHE_SIZE = 32
      NONEXISTENT_BUNDLE = class java.util.ResourceBundle$1@30ce75e4
      cacheList = class java.util.concurrent.ConcurrentHashMap@1ad778aa
      referenceQueue = class java.lang.ref.ReferenceQueue@7baebaf9
      parent = null
      locale = class java.util.Locale@4f307f53
      name = "com.ibm.ws.webcontainer.resources.Messages"
      expired = false
      cacheKey = class java.util.ResourceBundle$CacheKey@c125204
      keySet = null
      providers = null
      $assertionsDisabled = true
    catalogName = "com.ibm.ws.webcontainer.resources.Messages"
    catalogLocale = class java.util.Locale@555a6ec7
      LOCALECACHE = class java.util.Locale$Cache@10d79f90
      ENGLISH = class java.util.Locale@2180e7aa
      FRENCH = class java.util.Locale@3300cf57
      GERMAN = class java.util.Locale@1e0fced
      ITALIAN = class java.util.Locale@2d67c85e
      JAPANESE = class java.util.Locale@bfcd7ef
      KOREAN = class java.util.Locale@3e33cbb0
      CHINESE = class java.util.Locale@38325f0f
      SIMPLIFIED_CHINESE = class java.util.Locale@2b84456f
      TRADITIONAL_CHINESE = class java.util.Locale@46aabc5f
      FRANCE = class java.util.Locale@66648171
      GERMANY = class java.util.Locale@4c046095
      ITALY = class java.util.Locale@4522eb47
      JAPAN = class java.util.Locale@56f9eff8
      KOREA = class java.util.Locale@14d4935f
      CHINA = class java.util.Locale@2b84456f
      PRC = class java.util.Locale@2b84456f
      TAIWAN = class java.util.Locale@46aabc5f
      UK = class java.util.Locale@7b3b4998
      US = class java.util.Locale@555a6ec7
      CANADA = class java.util.Locale@2911ed6b
      CANADA_FRENCH = class java.util.Locale@308e419e
      ROOT = class java.util.Locale@4f307f53
      PRIVATE_USE_EXTENSION = x
      UNICODE_LOCALE_EXTENSION = u
      serialVersionUID = 9149081749638150636
      DISPLAY_LANGUAGE = 0
      DISPLAY_COUNTRY = 1
      DISPLAY_VARIANT = 2
      DISPLAY_SCRIPT = 3
      baseLocale = class sun.util.locale.BaseLocale@f062bb
      localeExtensions = null
      hashCodeValue = 96636889
      defaultLocale = class java.util.Locale@555a6ec7
      defaultDisplayLocale = null
      defaultFormatLocale = class java.util.Locale@555a6ec7
      languageTag = "en-US"
      serialPersistentFields = class java.io.ObjectStreamField[6]
      isoLanguages = null
      isoCountries = null
      $assertionsDisabled = true
    treeLock = class java.lang.Object@272ca79b
    parent = class com.ibm.ws.logging.internal.WsLogger@40369fe2
      tc = class com.ibm.websphere.ras.TraceComponent@677c1402
      ivCachedResourceBundleName = "com.ibm.ws.webcontainer.resources.Messages"
      ivCachedResourceBundle = class com.ibm.ws.webcontainer.resources.Messages@34d510f9
      ivComponent = null
      ivOrganization = null
      ivProduct = null
      ivMinimumLocalizationLevelIntValue = 625
      ivTC = class com.ibm.websphere.ras.TraceComponent@4d833363
      loggerRegistrationComponent = class java.lang.ThreadLocal@4a36a0f1
      emptyHandlers = class java.util.logging.Handler[0]
      offValue = 2147483647
      SYSTEM_LOGGER_RB_NAME = "sun.util.logging.resources.logging"
      SYSTEM_BUNDLE = class java.util.logging.Logger$LoggerBundle@5ca749fb
      NO_RESOURCE_BUNDLE = class java.util.logging.Logger$LoggerBundle@627ce6b4
      manager = class com.ibm.ws.kernel.boot.logging.WsLogManager@1d32e322
      name = "com.ibm.ws.webcontainer"
      handlers = class java.util.concurrent.CopyOnWriteArrayList@6865f0e9
      loggerBundle = class java.util.logging.Logger$LoggerBundle@74804853
      useParentHandlers = true
      filter = null
      anonymous = false
      catalog = class com.ibm.ws.webcontainer.resources.Messages@34d510f9
      catalogName = "com.ibm.ws.webcontainer.resources.Messages"
      catalogLocale = class java.util.Locale@555a6ec7
      treeLock = class java.lang.Object@272ca79b
      parent = class java.util.logging.Logger@6fc1920f
      kids = class java.util.ArrayList@1387f1ff
      levelObject = class java.util.logging.Level@42207668
      levelValue = 800
      callersClassLoaderRef = class java.lang.ref.WeakReference@b27c5f1
      isSystemLogger = false
      GLOBAL_LOGGER_NAME = "global"
      global = class java.util.logging.Logger@270c4b5b
      $assertionsDisabled = true
    kids = null
    levelObject = class java.util.logging.Level@42207668
      defaultBundle = "sun.util.logging.resources.logging"
      name = "INFO"
      value = 800
      resourceBundleName = "sun.util.logging.resources.logging"
      localizedLevelName = "INFO"
      cachedLocale = class java.util.Locale@555a6ec7
      OFF = class java.util.logging.Level@251a9a33
      SEVERE = class java.util.logging.Level@5f168853
      WARNING = class java.util.logging.Level@19cd86e4
      INFO = class java.util.logging.Level@42207668
      CONFIG = class java.util.logging.Level@2d7fbe1f
      FINE = class java.util.logging.Level@5c457281
      FINER = class java.util.logging.Level@377a2d4a
      FINEST = class java.util.logging.Level@427567e7
      ALL = class java.util.logging.Level@122aa6f0
      serialVersionUID = -8176160795706313070
    levelValue = 800
    callersClassLoaderRef = class java.lang.ref.WeakReference@448a14bd
      referent = class org.eclipse.osgi.internal.loader.EquinoxClassLoader@7a8b0c74
      queue = class java.lang.ref.ReferenceQueue$Null@505104bc
      next = null
      discovered = null
      lock = class java.lang.ref.Reference$Lock@4029c887
      pending = null
    isSystemLogger = false
    GLOBAL_LOGGER_NAME = "global"
    global = class java.util.logging.Logger@270c4b5b
      emptyHandlers = class java.util.logging.Handler[0]
      offValue = 2147483647
      SYSTEM_LOGGER_RB_NAME = "sun.util.logging.resources.logging"
      SYSTEM_BUNDLE = class java.util.logging.Logger$LoggerBundle@5ca749fb
      NO_RESOURCE_BUNDLE = class java.util.logging.Logger$LoggerBundle@627ce6b4
      manager = class com.ibm.ws.kernel.boot.logging.WsLogManager@1d32e322
      name = "global"
      handlers = class java.util.concurrent.CopyOnWriteArrayList@462ad52a
      loggerBundle = class java.util.logging.Logger$LoggerBundle@627ce6b4
      useParentHandlers = true
      filter = null
      anonymous = false
      catalog = null
      catalogName = null
      catalogLocale = null
      treeLock = class java.lang.Object@272ca79b
      parent = class java.util.logging.Logger@6fc1920f
      kids = null
      levelObject = null
      levelValue = 800
      callersClassLoaderRef = null
      isSystemLogger = true
      GLOBAL_LOGGER_NAME = "global"
      global = class java.util.logging.Logger@270c4b5b
      $assertionsDisabled = true
    $assertionsDisabled = true
  CLASS_NAME = "com.ibm.ws.webcontainer.filter.WebAppFilterManager"
  nls = class com.ibm.ejs.ras.TraceNLS@7e4283d6
    resolver = class com.ibm.ws.logging.internal.TraceNLSResolver@399aad2b
      tc = class com.ibm.websphere.ras.TraceComponent@3276732
      DEBUG_TRACE_NLS_PROPERTY = "com.ibm.ejs.ras.debugTraceNLSResolver"
      debugTraceNLSResolver = false
      makeNoise = false
      nullKey = "null"
      svNullBundleName = "Resource Bundle name is null, key = {0}"
      svBundleNotLoaded = "Unable to load ResourceBundle {0}"
      svNullKeyMessage = "Null key passed while using ResourceBundle {0}"
      svMalformedMessage = "No message text associated with key {0} in bundle {1}"
    finder = null
    ivBundleName = "com.ibm.ws.webcontainer.resources.Messages"
    caller = class java.lang.Class@388905fa
      ANNOTATION = 8192
      ENUM = 16384
      SYNTHETIC = 4096
      cachedConstructor = null
      newInstanceCallerCache = null
      name = null
      allPermDomain = class java.security.ProtectionDomain@4566815b
      useCaches = true
      reflectionData = class java.lang.ref.SoftReference@3db89d70
      classRedefinedCount = 0
      genericInfo = null
      serialVersionUID = 3206093459760846163
      serialPersistentFields = class java.io.ObjectStreamField[0]
      reflectionFactory = class sun.reflect.ReflectionFactory@564dd25e
      initted = true
      enumConstants = null
      enumConstantDirectory = null
      annotationData = class java.lang.Class$AnnotationData@6a172830
      annotationType = null
      classValueMap = null
  webAppConfig = class com.ibm.ws.webcontainer.osgi.webapp.WebAppConfiguration@1339c279
    webModuleMetaData = class com.ibm.ws.webcontainer.osgi.metadata.WebModuleMetaDataImpl@38ade5b4
      applicationMetaData = class com.ibm.ws.container.service.app.deploy.internal.ApplicationMetaDataImpl@43c41f74
      j2eeName = class com.ibm.ws.container.service.metadata.internal.J2EENameImpl@6ae5402f
      wccmd = class com.ibm.ws.webcontainer.osgi.metadata.WebCollaboratorComponentMetaDataImpl@60cf67e3
      securityMetaData = null
      annotatedSecurityMetaData = null
      webAppConfig = class com.ibm.ws.webcontainer.osgi.webapp.WebAppConfiguration@1339c279
      _isServlet23OrHigher = false
      jspComponentMetaData = null
      sessionCookieNameInUse = null
      mBeanServiceReg = null
      tc = class com.ibm.websphere.ras.TraceComponent@52c7370f
      NUM_STATIC_SLOTS = 4
      ID_UNINITIALIZED = -1
      id = 0
      metaDataInterface = class java.lang.Class@282d47d6
      staticSlots = class java.lang.Object[4]
      dynamicSlots = null
    webComponentMetaData = class com.ibm.ws.webcontainer.osgi.metadata.WebComponentMetaDataImpl@610f7bca
    dVirtualHost = class com.ibm.ws.webcontainer.osgi.DynamicVirtualHost@30d35cdf
      tc = class com.ibm.websphere.ras.TraceComponent@2a733af
      CLASS_NAME = "com.ibm.ws.webcontainer.osgi.DynamicVirtualHost"
      webContainerParent = class com.ibm.ws.webcontainer.osgi.WebContainer@63dea1e3
      dhostConfig = class com.ibm.ws.webcontainer.osgi.DynamicVirtualHostConfiguration@53bb34c9
      predefinedMatcher = null
      normalizeRequestURI = false
      logger = class com.ibm.ws.logging.internal.WsLogger@40369fe2
      CLASS_NAME = "com.ibm.ws.webcontainer.VirtualHost"
      vHostConfig = class com.ibm.ws.webcontainer.osgi.DynamicVirtualHostConfiguration@53bb34c9
      commands = class java.util.ArrayList@41cf1fbe
      requestMapper = class com.ibm.wsspi.webcontainer.util.URIMapper@57887fdd
      parent = class com.ibm.ws.webcontainer.osgi.WebContainer@63dea1e3
      name = "default_host"
      isAlive = true
      subElements = class java.util.HashMap@5d1f0499
      attributes = null
      config = null
      serialVersionUID = -8271459000149267764
      $$$tc$$$ = class com.ibm.websphere.ras.TraceComponent@51fca6b6
    orderedLibPaths = class java.util.Collections$UnmodifiableRandomAccessList@646d4a66
      serialVersionUID = -2542308836966382001
      serialVersionUID = -283967356065247728
      list = class java.util.ArrayList@3971249d
      serialVersionUID = 1820017752578914078
      c = class java.util.ArrayList@3971249d
    bundleHeaders = null
    cdiEnabled = false
    CLASS_NAME = "com.ibm.ws.webcontainer.webapp.WebAppConfiguration"
    logger = class com.ibm.ws.logging.internal.WsLogger@507cedca
      tc = class com.ibm.websphere.ras.TraceComponent@677c1402
      ivCachedResourceBundleName = null
      ivCachedResourceBundle = null
      ivComponent = null
      ivOrganization = null
      ivProduct = null
      ivMinimumLocalizationLevelIntValue = 625
      ivTC = class com.ibm.websphere.ras.TraceComponent@1ee7f50d
      loggerRegistrationComponent = class java.lang.ThreadLocal@4a36a0f1
      emptyHandlers = class java.util.logging.Handler[0]
      offValue = 2147483647
      SYSTEM_LOGGER_RB_NAME = "sun.util.logging.resources.logging"
      SYSTEM_BUNDLE = class java.util.logging.Logger$LoggerBundle@5ca749fb
      NO_RESOURCE_BUNDLE = class java.util.logging.Logger$LoggerBundle@627ce6b4
      manager = class com.ibm.ws.kernel.boot.logging.WsLogManager@1d32e322
      name = "com.ibm.ws.webcontainer.webapp"
      handlers = class java.util.concurrent.CopyOnWriteArrayList@2480f8c1
      loggerBundle = class java.util.logging.Logger$LoggerBundle@133bf00a
      useParentHandlers = true
      filter = null
      anonymous = false
      catalog = class com.ibm.ws.webcontainer.resources.Messages@34d510f9
      catalogName = "com.ibm.ws.webcontainer.resources.Messages"
      catalogLocale = class java.util.Locale@555a6ec7
      treeLock = class java.lang.Object@272ca79b
      parent = class com.ibm.ws.logging.internal.WsLogger@40369fe2
      kids = null
      levelObject = class java.util.logging.Level@42207668
      levelValue = 800
      callersClassLoaderRef = class java.lang.ref.WeakReference@63bf1905
      isSystemLogger = false
      GLOBAL_LOGGER_NAME = "global"
      global = class java.util.logging.Logger@270c4b5b
      $assertionsDisabled = true
    tc = class com.ibm.websphere.ras.TraceComponent@26ccb1b7
      strings[0] = "TraceComponent[com.ibm.ws.webcontainer.webapp.WebAppConfiguration,class com.ibm.ws.webcontainer.webapp.WebAppConfiguration,[webcontainer],com.ibm.ws.webcontainer.resources.LShimMessages,null]"
    nls = class com.ibm.ejs.ras.TraceNLS@72b2234
      resolver = class com.ibm.ws.logging.internal.TraceNLSResolver@399aad2b
      finder = null
      ivBundleName = "com.ibm.ws.webcontainer.resources.Messages"
      caller = class java.lang.Class@7ea6ac0a
    version = 30
    contextRoot = "/ChansyApp"
    sessionTimeout = 0
    moduleSessionTimeoutSet = false
    moduleSessionTrackingModeSet = false
    sessionCookieConfig = class com.ibm.ws.session.SessionCookieConfigImpl@99b76cd
      comment = ""
      domain = ""
      maxAge = -1
      maxAgeSet = false
      name = "JSESSIONID"
      path = "/"
      httpOnly = true
      httpOnlySet = false
      secure = false
      secureSet = false
      contextInitialized = true
      externalCall = true
      programmaticChange = false
      nls = class com.ibm.ejs.ras.TraceNLS@75054bf8
    hasProgrammaticCookieConfig = false
    sessionDefaultTrackingModeSet = class java.util.RegularEnumSet@42964d08
      serialVersionUID = 3411599620347842686
      elements = 1
      elementType = class java.lang.Class@708a1c2
      universe = class javax.servlet.SessionTrackingMode[3]
      ZERO_LENGTH_ENUM_ARRAY = class java.lang.Enum[0]
      MAX_ARRAY_SIZE = 2147483639
    sessionManagerConfig = class com.ibm.ws.session.SessionManagerConfig@7533fa2d
      usingWebContainerSM = true
      useContextRootForSessionCookiePath = false
      usingMemory = true
      usingDatabase = false
      usingMemToMem = false
      enableUrlProtocolSwitchRewriting = false
      dcookieName = "SSLJSESSION"
      sipSessionCookieName = "ibmappid"
      inMemorySize = 1000
      enableOverflow = true
      sessionInvalidationTime = 1800
      integrateSec = true
      throwSecurityExceptionOnGetSessionFalse = true
      invalidateOnUnauthorizedSessionRequestException = false
      allowSerializedSessionAccess = false
      serializedSessionAccessMaxWaitTime = 0
      accessSessionOnTimeout = true
      JNDIDataSourceName = "jdbc/sample"
      sessionDBID = null
      sessionDBPWD = null
      rowSize = 4
      tableSpaceName = null
      usingMultirow = false
      drsSettings = null
      enableEOSWrite = true
      enableManualWrite = false
      enableTimeBasedWrite = false
      mPropertyWriterInterval = 120
      writeAllProperties = false
      scheduledInvalidation = false
      firstHour = 0
      secondHour = 0
      is_zOS = false
      serverId = "6f820886-6578-430d-998c-f1e7bcbbe482"
      cloneId = "6f820886-6578-430d-998c-f1e7bcbbe482"
      sacKey = "DEFAULT_SAC_KEY"
      cloneSeparator = :
      debugSessionCrossover = false
      cloneIdPropertySet = false
      expectedCloneIdsPropertySet = false
      expectedCloneIds = null
      idReuse = false
      reaperPollInterval = 152
      turnOffCacheId = false
      turnOffCloneId = false
      noAffinitySwitchBack = false
      maxSessionIdentifierLength = 1024
      sessUrlRewritePrefix = ";jsessionid="
      tableNameValue = null
      checkRecentlyInvalidList = true
      useOracleBlob = false
      usingCustomSchemaName = false
      trackGCCount = false
      hideSessionValues = true
      hideSessionValuesPropertySet = false
      doRemoteInvalidations = true
      zosBaseServerReplication = false
      servlet21SessionCompat = false
      cacheIdLength = 0
      sessionIDLength = 23
      trackingModes = class java.util.RegularEnumSet@585395de
      privateSessionCookieName = "JSESSIONID"
      privateSessionCookieComment = ""
      privateSessionCookieDomain = ""
      privateSessionCookieMaxAge = -1
      privateSessionCookiePath = "/"
      privateSessionCookieSecure = false
      privateSessionCookieHttpOnly = true
      cookieConfig = class com.ibm.ws.session.SessionCookieConfigImpl@99b76cd
      SIPConvergedHttpPort = 80
      SIPConvergedHttpsPort = 443
      SIPConvergedHostName = "localhost"
      optimizeCacheIdIncrements = false
      alwaysEncodeURL = false
      checkSessionCookieNameOnEncodeURL = false
      onlyCheckInCacheDuringPreInvoke = false
      enableHotFailover = true
      forceSessionInvalidationMultiple = 3
      persistSessionAfterPassivation = false
      usingApplicationSessionsAndInvalidateAll = false
      usingApplicationSessionsAlwaysRetrieve = false
      forceSessionIdLengthCheck = false
      securityUserIgnoreCase = false
      sessionTableSkipIndexCreation = false
      checkSessionNewOnIsValidRequest = true
      delayInvalidationAlarmDuringServerStartup = 0
      useSeparateSessionInvalidatorThreadPool = true
      connectionRetryCount = 2
    displayName = "ChansyApp-1.0-SNAPSHOT"
    description = null
    reloadInterval = 0
    distributable = false
    denyUncoveredHttpMethods = false
    reloadingEnabled = false
    serveServletsByClassnameEnabled = false
    defaultErrorPage = null
    additionalClassPath = null
    fileServingEnabled = null
    directoryBrowsingEnabled = false
    autoRequestEncoding = false
    autoResponseEncoding = false
    autoLoadFilters = false
    requestListeners = null
    requestAttributeListeners = null
    sessionListeners = null
    localeMap = null
    moduleName = "ChansyApp-1.0-SNAPSHOT"
    j2eeModuleName = "ChansyApp-1.0-SNAPSHOT"
    moduleId = null
    isSyncToThreadEnabled = false
    encodeDispatchedRequestURI = false
    isSystemApp = false
    ardEnabled = false
    ardDispatchType = null
    listeners = class java.util.ArrayList@2bd74c3d
      serialVersionUID = 8683452581122892189
      DEFAULT_CAPACITY = 10
      EMPTY_ELEMENTDATA = class java.lang.Object[0]
      DEFAULTCAPACITY_EMPTY_ELEMENTDATA = class java.lang.Object[0]
      elementData = class java.lang.Object[0]
      size = 0
      MAX_ARRAY_SIZE = 2147483639
      modCount = 0
      MAX_ARRAY_SIZE = 2147483639
    welcomeFileList = class java.util.ArrayList@79286a94
      serialVersionUID = 8683452581122892189
      DEFAULT_CAPACITY = 10
      EMPTY_ELEMENTDATA = class java.lang.Object[0]
      DEFAULTCAPACITY_EMPTY_ELEMENTDATA = class java.lang.Object[0]
      elementData = class java.lang.Object[10]
      size = 3
      MAX_ARRAY_SIZE = 2147483639
      modCount = 1
      MAX_ARRAY_SIZE = 2147483639
    servletMappings = class java.util.HashMap@9a696b4
      serialVersionUID = 362498820763181265
      DEFAULT_INITIAL_CAPACITY = 16
      MAXIMUM_CAPACITY = 1073741824
      DEFAULT_LOAD_FACTOR = 0.75
      TREEIFY_THRESHOLD = 8
      UNTREEIFY_THRESHOLD = 6
      MIN_TREEIFY_CAPACITY = 64
      table = class java.util.HashMap$Node[16]
      entrySet = null
      size = 2
      modCount = 2
      threshold = 12
      loadFactor = 0.75
      keySet = null
      values = null
    lastIndexBeforeDeclaredFilters = 0
    filterMappings = class java.util.ArrayList@63aee73f
      serialVersionUID = 8683452581122892189
      DEFAULT_CAPACITY = 10
      EMPTY_ELEMENTDATA = class java.lang.Object[0]
      DEFAULTCAPACITY_EMPTY_ELEMENTDATA = class java.lang.Object[0]
      elementData = class java.lang.Object[0]
      size = 0
      MAX_ARRAY_SIZE = 2147483639
      modCount = 0
      MAX_ARRAY_SIZE = 2147483639
    servletInfo = class java.util.HashMap@7209e9d3
      serialVersionUID = 362498820763181265
      DEFAULT_INITIAL_CAPACITY = 16
      MAXIMUM_CAPACITY = 1073741824
      DEFAULT_LOAD_FACTOR = 0.75
      TREEIFY_THRESHOLD = 8
      UNTREEIFY_THRESHOLD = 6
      MIN_TREEIFY_CAPACITY = 64
      table = class java.util.HashMap$Node[16]
      entrySet = null
      size = 2
      modCount = 2
      threshold = 12
      loadFactor = 0.75
      keySet = class java.util.HashMap$KeySet@3ab685d7
      values = class java.util.HashMap$Values@16928377
    filterInfo = class java.util.HashMap@484f41cc
      serialVersionUID = 362498820763181265
      DEFAULT_INITIAL_CAPACITY = 16
      MAXIMUM_CAPACITY = 1073741824
      DEFAULT_LOAD_FACTOR = 0.75
      TREEIFY_THRESHOLD = 8
      UNTREEIFY_THRESHOLD = 6
      MIN_TREEIFY_CAPACITY = 64
      table = null
      entrySet = null
      size = 0
      modCount = 0
      threshold = 0
      loadFactor = 0.75
      keySet = null
      values = class java.util.HashMap$Values@2da17904
    mimeMappings = class java.util.HashMap@75617d47
      serialVersionUID = 362498820763181265
      DEFAULT_INITIAL_CAPACITY = 16
      MAXIMUM_CAPACITY = 1073741824
      DEFAULT_LOAD_FACTOR = 0.75
      TREEIFY_THRESHOLD = 8
      UNTREEIFY_THRESHOLD = 6
      MIN_TREEIFY_CAPACITY = 64
      table = null
      entrySet = null
      size = 0
      modCount = 0
      threshold = 0
      loadFactor = 0.75
      keySet = null
      values = null
    mimeFilters = null
    isMimeFilteringEnabled = false
    theWebGroup = null
    jspAttributes = class java.util.HashMap@6162ebcb
      serialVersionUID = 362498820763181265
      DEFAULT_INITIAL_CAPACITY = 16
      MAXIMUM_CAPACITY = 1073741824
      DEFAULT_LOAD_FACTOR = 0.75
      TREEIFY_THRESHOLD = 8
      UNTREEIFY_THRESHOLD = 6
      MIN_TREEIFY_CAPACITY = 64
      table = null
      entrySet = null
      size = 0
      modCount = 0
      threshold = 0
      loadFactor = 0.75
      keySet = class java.util.HashMap$KeySet@61f3963
      values = null
    fileServingAttributes = class java.util.HashMap@5c98d145
      serialVersionUID = 362498820763181265
      DEFAULT_INITIAL_CAPACITY = 16
      MAXIMUM_CAPACITY = 1073741824
      DEFAULT_LOAD_FACTOR = 0.75
      TREEIFY_THRESHOLD = 8
      UNTREEIFY_THRESHOLD = 6
      MIN_TREEIFY_CAPACITY = 64
      table = null
      entrySet = null
      size = 0
      modCount = 0
      threshold = 0
      loadFactor = 0.75
      keySet = null
      values = null
    invokerAttributes = class java.util.HashMap@6e6baa3b
      serialVersionUID = 362498820763181265
      DEFAULT_INITIAL_CAPACITY = 16
      MAXIMUM_CAPACITY = 1073741824
      DEFAULT_LOAD_FACTOR = 0.75
      TREEIFY_THRESHOLD = 8
      UNTREEIFY_THRESHOLD = 6
      MIN_TREEIFY_CAPACITY = 64
      table = null
      entrySet = null
      size = 0
      modCount = 0
      threshold = 0
      loadFactor = 0.75
      keySet = null
      values = null
    contextParams = class java.util.HashMap@101e69f4
      serialVersionUID = 362498820763181265
      DEFAULT_INITIAL_CAPACITY = 16
      MAXIMUM_CAPACITY = 1073741824
      DEFAULT_LOAD_FACTOR = 0.75
      TREEIFY_THRESHOLD = 8
      UNTREEIFY_THRESHOLD = 6
      MIN_TREEIFY_CAPACITY = 64
      table = null
      entrySet = null
      size = 0
      modCount = 0
      threshold = 0
      loadFactor = 0.75
      keySet = null
      values = null
    virtualHost = "default_host"
    exceptionErrorPages = class java.util.HashMap@6654f48f
      serialVersionUID = 362498820763181265
      DEFAULT_INITIAL_CAPACITY = 16
      MAXIMUM_CAPACITY = 1073741824
      DEFAULT_LOAD_FACTOR = 0.75
      TREEIFY_THRESHOLD = 8
      UNTREEIFY_THRESHOLD = 6
      MIN_TREEIFY_CAPACITY = 64
      table = null
      entrySet = null
      size = 0
      modCount = 0
      threshold = 0
      loadFactor = 0.75
      keySet = null
      values = null
    codeErrorPages = class java.util.HashMap@7c5c03f9
      serialVersionUID = 362498820763181265
      DEFAULT_INITIAL_CAPACITY = 16
      MAXIMUM_CAPACITY = 1073741824
      DEFAULT_LOAD_FACTOR = 0.75
      TREEIFY_THRESHOLD = 8
      UNTREEIFY_THRESHOLD = 6
      MIN_TREEIFY_CAPACITY = 64
      table = null
      entrySet = null
      size = 0
      modCount = 0
      threshold = 0
      loadFactor = 0.75
      keySet = null
      values = null
    tagLibList = null
    precompileJsps = false
    webApp = class com.ibm.ws.webcontainer31.osgi.webapp.WebApp31@4360bd8e
    virtualHostList = class java.util.Collections$EmptyList@4f55543b
      serialVersionUID = 8842843931221139166
      modCount = 0
      MAX_ARRAY_SIZE = 2147483639
    appStartupWeight = 0
    moduleStartupWeight = 0
    metaDataComplete = false
    classesToScan = class java.util.ArrayList@2c67d5ec
      serialVersionUID = 8683452581122892189
      DEFAULT_CAPACITY = 10
      EMPTY_ELEMENTDATA = class java.lang.Object[0]
      DEFAULTCAPACITY_EMPTY_ELEMENTDATA = class java.lang.Object[0]
      elementData = class java.lang.Object[0]
      size = 0
      MAX_ARRAY_SIZE = 2147483639
      modCount = 0
      MAX_ARRAY_SIZE = 2147483639
    uriFilterMappingInfos = null
    servletFilterMappingInfos = null
    dynamicServletRegistrationMap = null
    applicationName = "ChansyApp"
    libBinPathList = null
    webXmlDefinedListeners = class java.util.HashSet@6dd6bc63
      serialVersionUID = -5024744406713321676
      map = class java.util.HashMap@2150c32f
      PRESENT = class java.lang.Object@f2b12d4
      MAX_ARRAY_SIZE = 2147483639
    allRefs = class java.util.EnumMap@718929eb
      keyType = class java.lang.Class@57f79f43
      keyUniverse = class com.ibm.wsspi.injectionengine.JNDIEnvironmentRefType[14]
      vals = class java.lang.Object[14]
      size = 0
      NULL = class java.util.EnumMap$1@5e963f73
      ZERO_LENGTH_ENUM_ARRAY = class java.lang.Enum[0]
      entrySet = null
      serialVersionUID = 458661240069192865
      keySet = null
      values = null
    allRefBindings = class java.util.EnumMap@14184f6d
      keyType = class java.lang.Class@57f79f43
      keyUniverse = class com.ibm.wsspi.injectionengine.JNDIEnvironmentRefType[14]
      vals = class java.lang.Object[14]
      size = 6
      NULL = class java.util.EnumMap$1@5e963f73
      ZERO_LENGTH_ENUM_ARRAY = class java.lang.Enum[0]
      entrySet = null
      serialVersionUID = 458661240069192865
      keySet = null
      values = null
    envEntryValues = class java.util.HashMap@64220b7
      serialVersionUID = 362498820763181265
      DEFAULT_INITIAL_CAPACITY = 16
      MAXIMUM_CAPACITY = 1073741824
      DEFAULT_LOAD_FACTOR = 0.75
      TREEIFY_THRESHOLD = 8
      UNTREEIFY_THRESHOLD = 6
      MIN_TREEIFY_CAPACITY = 64
      table = null
      entrySet = null
      size = 0
      modCount = 0
      threshold = 0
      loadFactor = 0.75
      keySet = null
      values = null
    resourceRefConfigList = null
    disallowAllFileServingProp = "false"
    disallowServeServletsByClassnameProp = "true"
    disableStaticMappingCache = false
    jspCachedLocations = null
    primedSTSHeader = "NoValue"
    _id = "WebAppGeneratedId1"
    _attributes = null
    serialVersionUID = 7511545662945734886
    $$$tc$$$ = class com.ibm.websphere.ras.TraceComponent@385bdbe
      strings[0] = "TraceComponent[com.ibm.ws.container.BaseConfiguration,class com.ibm.ws.container.BaseConfiguration,[],null,null]"
  webApp = class com.ibm.ws.webcontainer31.osgi.webapp.WebApp31@4360bd8e
    tc = class com.ibm.websphere.ras.TraceComponent@74a60635
      strings[0] = "TraceComponent[com.ibm.ws.webcontainer31.osgi.webapp.WebApp31,class com.ibm.ws.webcontainer31.osgi.webapp.WebApp31,[webcontainer],com.ibm.ws.webcontainer31.resources.Messages,null]"
    CLASS_NAME = "com.ibm.ws.webcontainer31.osgi.webapp.WebApp31"
    servlet31NLS = class com.ibm.ejs.ras.TraceNLS@660b5562
      resolver = class com.ibm.ws.logging.internal.TraceNLSResolver@399aad2b
      finder = null
      ivBundleName = "com.ibm.ws.webcontainer31.resources.Messages"
      caller = class java.lang.Class@6eb8895e
    validListenerClasses = class java.lang.Class[7]
      validListenerClasses[0] = class java.lang.Class@10e32b56
      validListenerClasses[1] = class java.lang.Class@b8f6f7e
      validListenerClasses[2] = class java.lang.Class@1eda85e7
      validListenerClasses[3] = class java.lang.Class@7f910cee
      validListenerClasses[4] = class java.lang.Class@762131d1
      validListenerClasses[5] = class java.lang.Class@6a544f4
      validListenerClasses[6] = class java.lang.Class@4c9a1c7a
    wsocServHandler = null
    tc = class com.ibm.websphere.ras.TraceComponent@24ec46db
      strings[0] = "TraceComponent[com.ibm.ws.webcontainer.osgi.webapp.WebApp,class com.ibm.ws.webcontainer.osgi.webapp.WebApp,[webcontainer],com.ibm.ws.webcontainer.resources.LShimMessages,null]"
    CLASS_NAME = "com.ibm.ws.webcontainer.osgi.webapp.WebApp"
    metaDataService = class com.ibm.ws.container.service.metadata.internal.MetaDataServiceImpl@3390b6b2
      applicationMetaDataManager = class com.ibm.ws.container.service.metadata.internal.ApplicationMetaDataManager@1ed5bc51
      moduleMetaDataManager = class com.ibm.ws.container.service.metadata.internal.ModuleMetaDataManager@1dffbc84
      componentMetaDataManager = class com.ibm.ws.container.service.metadata.internal.ComponentMetaDataManager@59c62780
      methodMetaDataManager = class com.ibm.ws.container.service.metadata.internal.MethodMetaDataManager@501a3b9f
      appModuleNameToModuleContainer = class java.util.concurrent.ConcurrentHashMap@639e22f9
      jeeNameToComponentMetaData = class java.util.concurrent.ConcurrentHashMap@365a992
      deferredMetaDataFactories = class com.ibm.wsspi.kernel.service.utils.ConcurrentServiceReferenceSet@6b776459
      deferredMetaDataInitializers = class com.ibm.wsspi.kernel.service.utils.ConcurrentServiceReferenceMap@6ab06c6b
      serialVersionUID = -2494605732980966097
      $$$tc$$$ = class com.ibm.websphere.ras.TraceComponent@1f213ab3
    namespacePopulated = false
    referenceContext = class com.ibm.ws.injectionengine.osgi.internal.OSGiReferenceContextImpl@7bbd5dd7
      scopeData = class com.ibm.ws.injectionengine.osgi.internal.OSGiInjectionScopeData@68eb4e66
      serialVersionUID = 521511923892134915
      $$$tc$$$ = class com.ibm.websphere.ras.TraceComponent@5ae3817f
      CLASS_NAME = "com.ibm.ws.injectionengine.ReferenceContextImpl"
      tc = class com.ibm.ejs.ras.TraceComponent@70fb6b6d
      ivInjectionEngine = class com.ibm.ws.injectionengine.osgi.internal.OSGiInjectionEngineImpl@6ec55973
      ivProviders = class java.util.ArrayList@3075d00d
      ivComponentJavaContext = null
      ivComponentNameSpace = null
      ivJavaColonCompEnvMap = class java.util.LinkedHashMap@17d27963
      ivEjbContext10 = class java.util.Properties@6617d2ed
      ivResourceRefConfigList = null
      isAlreadyProcessed = true
      ivProcessFailure = null
      ivInjectionTargetMap = class java.util.concurrent.ConcurrentHashMap@225d119d
      ivDeclaredInjectionTargets = class java.util.HashMap@3cb65863
      ivProcessedInjectionClasses = class java.util.HashSet@382b27f7
      ivProcessedInjectionBindings = class java.util.ArrayList@60730aa5
      ivAnyProcessDynamic = false
      ivCheckAppConfig = false
    j2eeNameFactory = class com.ibm.ws.container.service.metadata.internal.J2EENameFactoryImpl@f0c55e7
      serialVersionUID = 3486344295038028821
      $$$tc$$$ = class com.ibm.websphere.ras.TraceComponent@41787681
    moduleLoader = class com.ibm.ws.classloading.internal.AppClassLoader@381c1b4c
      tc = class com.ibm.websphere.ras.TraceComponent@4fc29e7c
      PARENT_FIRST_SEARCH_ORDER = class java.util.Collections$UnmodifiableRandomAccessList@6ad96b0f
      CLASS_LOADING_TRACE_PREFIX = "com.ibm.ws.class.load."
      DEFAULT_PACKAGE = "default.package"
      perPackageClassLoadingTraceComponents = class java.util.concurrent.ConcurrentHashMap@2d034d82
      config = class com.ibm.ws.classloading.internal.ClassLoaderConfigurationImpl@28f0d103
      privateLibraries = null
      delegateLoaders = class com.ibm.ws.classloading.internal.util.CompositeIterable@78ace67b
      nativeLibraryFiles = class java.util.ArrayList@590c6b72
      transformers = class java.util.ArrayList@6e54428c
      apiAccess = class com.ibm.ws.classloading.internal.GatewayClassLoader@2cb096bc
      generator = class com.ibm.ws.classloading.internal.ClassGeneratorManager@4082ee8c
      protectionDomains = class java.util.concurrent.ConcurrentHashMap@5f8247d9
      parent = class com.ibm.ws.classloading.internal.GatewayClassLoader@2cb096bc
      serialVersionUID = -2240525179349384666
      tc = class com.ibm.websphere.ras.TraceComponent@2b9323f5
      EMPTY_URL_ARRAY = class java.net.URL[0]
      smartClassPath = class com.ibm.ws.classloading.internal.ContainerClassLoader$SmartClassPathImpl@29639ea3
      nativeLibraryContainers = class java.util.ArrayList@7ec2e38d
      redefiner = class com.ibm.ws.classloading.internal.util.ClassRedefiner@33b3df03
      mapCreationQueue = class java.util.concurrent.Executors$FinalizableDelegatedExecutorService@2943d325
      serialVersionUID = 7249739282446266343
      serialVersionUID = -7411549862368381758
      $$$tc$$$ = class com.ibm.websphere.ras.TraceComponent@626a6071
      serialVersionUID = -4868702105808481416
      $$$tc$$$ = class com.ibm.websphere.ras.TraceComponent@4e1c8ad9
      serialVersionUID = 2596921220292114344
      $$$tc$$$ = class com.ibm.websphere.ras.TraceComponent@6631e5d5
      initialized = true
      pdcache = class java.util.HashMap@755790b2
      debug = null
      parent = class com.ibm.ws.classloading.internal.GatewayClassLoader@2cb096bc
      parallelLockMap = null
      package2certs = class java.util.Hashtable@583102dc
      nocerts = class java.security.cert.Certificate[0]
      classes = class java.util.Vector@6f5c3804
      defaultDomain = class java.security.ProtectionDomain@7597f251
      domains = class java.util.HashSet@3c0c3e51
      packages = class java.util.HashMap@6c7becee
      scl = class sun.misc.Launcher$AppClassLoader@18b4aac2
      sclSet = true
      loadedLibraryNames = class java.util.Vector@4370544a
      systemNativeLibraries = class java.util.Vector@363bb763
      nativeLibraries = class java.util.Vector@6269757d
      nativeLibraryContext = class java.util.Stack@1e6c4dfb
      usr_paths = class java.lang.String[32]
      sys_paths = class java.lang.String[1]
      assertionLock = class com.ibm.ws.classloading.internal.AppClassLoader@381c1b4c
      defaultAssertionStatus = false
      packageAssertionStatus = null
      classAssertionStatus = null
    webAppConfig = class com.ibm.ws.webcontainer.osgi.webapp.WebAppConfiguration@1339c279
    extensionProcessingDisabled = false
    managedObjectService = class com.ibm.ws.managedobject.internal.ManagedObjectServiceImpl@1ddb740c
      serialVersionUID = 2287241231190391755
      $$$tc$$$ = class com.ibm.websphere.ras.TraceComponent@78eae0b2
    GenPluginCfgMB = null
    internalServletMetaData = interface com.ibm.wsspi.webcontainer.metadata.WebComponentMetaData[2]
      internalServletMetaData[0] = null
      internalServletMetaData[1] = null
    loginProcessor = null
    logoutProcessor = null
    collabHelper = class com.ibm.ws.webcontainer.osgi.collaborator.CollaboratorHelperImpl@32eacf41
    envObject = class com.ibm.ws.util.WSThreadLocal@76a1ee11
      tc = class com.ibm.ejs.ras.TraceComponent@6376391d
      count = 4
      index = 1
      SUSPECTED_MISUSAGE_THRESHOLD = 200
      threadLocalHashCode = 1997982770
      nextHashCode = class java.util.concurrent.atomic.AtomicInteger@329388d1
      HASH_INCREMENT = 1640531527
    orderedLibPaths = class java.util.Collections$UnmodifiableRandomAccessList@646d4a66
    perm = class com.ibm.websphere.security.WebSphereRuntimePermission@5b4c6bd3
      serialVersionUID = -3306242789188168337
      $$$tc$$$ = class com.ibm.websphere.ras.TraceComponent@2d2fb6ad
      serialVersionUID = 6279438298436773498
      wildcard = false
      path = "accessServletContext"
      exitVM = false
      serialVersionUID = -5636570222231596674
      name = "accessServletContext"
    WELCOME_FILE_LIST = "com.ibm.ws.webcontainer.config.WelcomeFileList"
    DIR_BROWSING_MAPPING = "__dirBrowsing__1489595824619"
    FILTER_PROXY_MAPPING = "/__filterProxy__1489595824619"
    logger = class com.ibm.ws.logging.internal.WsLogger@507cedca
    CLASS_NAME = "com.ibm.ws.webcontainer.webapp.WebApp"
    loader = class com.ibm.ws.classloading.internal.ThreadContextClassLoader@5575e251
      tc = class com.ibm.websphere.ras.TraceComponent@4b14bbcc
      bundle = class java.util.concurrent.atomic.AtomicReference@78ab022e
      key = "WebModule:ChansyApp#ChansyApp-1.0-SNAPSHOT"
      refCount = class java.util.concurrent.atomic.AtomicInteger@562c0d90
      appLoader = class com.ibm.ws.classloading.internal.AppClassLoader@381c1b4c
      serialVersionUID = 7093379526360135425
      followOnClassLoaders = class java.util.ArrayList@6f93092a
      serialVersionUID = -5107316606107305512
      $$$tc$$$ = class com.ibm.websphere.ras.TraceComponent@592fd947
      serialVersionUID = -4868702105808481416
      $$$tc$$$ = class com.ibm.websphere.ras.TraceComponent@4e1c8ad9
      serialVersionUID = 2596921220292114344
      $$$tc$$$ = class com.ibm.websphere.ras.TraceComponent@6631e5d5
      initialized = true
      pdcache = class java.util.HashMap@306aa509
      debug = null
      parent = class com.ibm.ws.classloading.internal.GatewayClassLoader@3554660
      parallelLockMap = null
      package2certs = class java.util.Hashtable@47472077
      nocerts = class java.security.cert.Certificate[0]
      classes = class java.util.Vector@462b39f7
      defaultDomain = class java.security.ProtectionDomain@47165502
      domains = class java.util.HashSet@2231f204
      packages = class java.util.HashMap@5c8b2aad
      scl = class sun.misc.Launcher$AppClassLoader@18b4aac2
      sclSet = true
      loadedLibraryNames = class java.util.Vector@4370544a
      systemNativeLibraries = class java.util.Vector@363bb763
      nativeLibraries = class java.util.Vector@1b37c272
      nativeLibraryContext = class java.util.Stack@1e6c4dfb
      usr_paths = class java.lang.String[32]
      sys_paths = class java.lang.String[1]
      assertionLock = class com.ibm.ws.classloading.internal.ThreadContextClassLoader@5575e251
      defaultAssertionStatus = false
      packageAssertionStatus = null
      classAssertionStatus = null
    facade = class com.ibm.ws.webcontainer31.facade.ServletContextFacade31@2a2b1261
      context = class com.ibm.ws.webcontainer31.osgi.webapp.WebApp31@4360bd8e
    features = class java.util.ArrayList@b567750
      serialVersionUID = 8683452581122892189
      DEFAULT_CAPACITY = 10
      EMPTY_ELEMENTDATA = class java.lang.Object[0]
      DEFAULTCAPACITY_EMPTY_ELEMENTDATA = class java.lang.Object[0]
      elementData = class java.lang.Object[0]
      size = 0
      MAX_ARRAY_SIZE = 2147483639
      modCount = 0
      MAX_ARRAY_SIZE = 2147483639
    applicationName = "ChansyApp"
    config = class com.ibm.ws.webcontainer.osgi.webapp.WebAppConfiguration@1339c279
    securityEnabledForApp = false
    webExtensionProcessor = class com.ibm.ws.webcontainer.osgi.extension.WebExtensionProcessor@727ed14d
      webApp = class com.ibm.ws.webcontainer31.osgi.webapp.WebApp31@4360bd8e
      extensionContext = class com.ibm.ws.webcontainer31.osgi.webapp.WebApp31@4360bd8e
    production = true
    isServlet23 = true
    contextPath = "/ChansyApp"
    internalServletList = class [Ljava.lang.String;[2]
      internalServletList[0] = class java.lang.String[2]
      internalServletList[1] = class java.lang.String[2]
    BY_NAME_ONLY = "/_1489595824621_/"
    filterManager = class com.ibm.ws.webcontainer.osgi.filter.WebAppFilterManagerImpl@377ccc16
    documentRoot = null
    SERVLET_API_VERSION = "Servlet 2.5"
    disableServletAuditLogging = -1
    serverInfo = "IBM WebSphere Liberty/16.0.0.4"
    sessionCtx = class com.ibm.ws.webcontainer31.session.impl.HttpSessionContext31Impl@389e9513
      methodClassName = "HttpSessionContextImpl"
      _smc = class com.ibm.ws.session.SessionManagerConfig@7533fa2d
      sessionStoreService = null
      _sap = class com.ibm.ws.session.SessionApplicationParameters@2a361e85
      _coreHttpSessionManager = class com.ibm.ws.session.SessionManager@3ef52741
      _coreHttpAppSessionManager = null
      _sam = class com.ibm.ws.webcontainer.session.impl.SessionAffinityManagerImpl@75d5be67
      isSIPApplication = false
      sessionAttributeListener = false
      sessionListener = false
      mHttpSessionAttributeListeners = class java.util.ArrayList@503768ab
      mHttpSessionListeners = class java.util.ArrayList@4a6f961e
      mHttpSessionIdListeners = class java.util.ArrayList@5d376f3d
      mHttpSessionAttributeListenersJ2eeNames = class java.util.ArrayList@5c9c47a
      mHttpSessionListenersJ2eeNames = class java.util.ArrayList@6e509658
      mHttpSessionIdListenersJ2eeNames = class java.util.ArrayList@583922ea
      mLocalHost = null
      _refCount = 1
      currentThreadSacHashtable = null
      methodClassName = "SessionContext"
      ANONYMOUS_USER = "anonymous"
      wasHttpSessionObserver = class com.ibm.ws.session.WasHttpSessionObserver@3e91f057
      wasHttpSessionAttributeObserver = null
      _invalidator = class com.ibm.ws.session.SessionInvalidatorWithThreadPool@75b009eb
      _storer = class com.ibm.ws.session.EOSSessionStorer@1fb8a353
      wasHttpAppSessionObserver = null
      mHttpAppSessionListeners = null
      cmvcInfo = "CMVC Version 1.9 6/24/07 11:12:24"
      _loggedVersion = true
      CREATE_CORE_SESSION_MANAGER = 0
      GET_REQUESTED_SESSION_ID = 1
      GET_IHTTP_SESSION = 2
      SESSION_PRE_INVOKE = 3
      SESSION_POST_INVOKE = 4
      STOP = 5
      STOP_LISTENERS = 6
      IS_VALID = 7
      ENCODE_URL = 8
      SHOULD_ENCODE_URL = 9
      IS_PROTOCOL_SWITCH = 10
      GET_LOCAL_HOST = 11
      ADD_HTTP_SESSION_ATTRIBUTE_LISTENER = 12
      ADD_HTTP_SESSION_LISTENER = 13
      GET_SESSION_AFFINITY_CONTEXT = 14
      CHECK_SECURITY = 15
      INVALIDATE = 16
      CHECK_SESSSIONID_IS_RIGHT_LENGTH = 17
      LOCK_SESSION = 18
      UNLOCK_SESSION = 19
      ADD_HTTP_SESSION_ID_LISTENER = 20
      methodNames = class java.lang.String[21]
    eventSource = class com.ibm.ws.webcontainer.webapp.WebAppEventSource@57b3ce3
    nls = class com.ibm.ejs.ras.TraceNLS@4a89a7
      resolver = class com.ibm.ws.logging.internal.TraceNLSResolver@399aad2b
      finder = null
      ivBundleName = "com.ibm.ws.webcontainer.resources.Messages"
      caller = class java.lang.Class@763afcc8
    liberty_nls = class com.ibm.ejs.ras.TraceNLS@43ac45a
      resolver = class com.ibm.ws.logging.internal.TraceNLSResolver@399aad2b
      finder = null
      ivBundleName = "com.ibm.ws.webcontainer.resources.LShimMessages"
      caller = class java.lang.Class@763afcc8
    error_nls = class com.ibm.ejs.ras.TraceNLS@6f745fd1
      resolver = class com.ibm.ws.logging.internal.TraceNLSResolver@399aad2b
      finder = null
      ivBundleName = "com.ibm.ws.webcontainer.resources.ErrorPage"
      caller = class java.lang.Class@763afcc8
    sessionListeners = class java.util.ArrayList@238e6921
      serialVersionUID = 8683452581122892189
      DEFAULT_CAPACITY = 10
      EMPTY_ELEMENTDATA = class java.lang.Object[0]
      DEFAULTCAPACITY_EMPTY_ELEMENTDATA = class java.lang.Object[0]
      elementData = class java.lang.Object[0]
      size = 0
      MAX_ARRAY_SIZE = 2147483639
      modCount = 1
      MAX_ARRAY_SIZE = 2147483639
    sessionIdListeners = class java.util.ArrayList@77ddcb46
      serialVersionUID = 8683452581122892189
      DEFAULT_CAPACITY = 10
      EMPTY_ELEMENTDATA = class java.lang.Object[0]
      DEFAULTCAPACITY_EMPTY_ELEMENTDATA = class java.lang.Object[0]
      elementData = class java.lang.Object[0]
      size = 0
      MAX_ARRAY_SIZE = 2147483639
      modCount = 0
      MAX_ARRAY_SIZE = 2147483639
    sessionAttrListeners = class java.util.ArrayList@2597d9f3
      serialVersionUID = 8683452581122892189
      DEFAULT_CAPACITY = 10
      EMPTY_ELEMENTDATA = class java.lang.Object[0]
      DEFAULTCAPACITY_EMPTY_ELEMENTDATA = class java.lang.Object[0]
      elementData = class java.lang.Object[0]
      size = 0
      MAX_ARRAY_SIZE = 2147483639
      modCount = 1
      MAX_ARRAY_SIZE = 2147483639
    addedSessionListeners = class java.util.ArrayList@68d09047
      serialVersionUID = 8683452581122892189
      DEFAULT_CAPACITY = 10
      EMPTY_ELEMENTDATA = class java.lang.Object[0]
      DEFAULTCAPACITY_EMPTY_ELEMENTDATA = class java.lang.Object[0]
      elementData = class java.lang.Object[0]
      size = 0
      MAX_ARRAY_SIZE = 2147483639
      modCount = 0
      MAX_ARRAY_SIZE = 2147483639
    addedSessionAttrListeners = class java.util.ArrayList@38c73b1d
      serialVersionUID = 8683452581122892189
      DEFAULT_CAPACITY = 10
      EMPTY_ELEMENTDATA = class java.lang.Object[0]
      DEFAULTCAPACITY_EMPTY_ELEMENTDATA = class java.lang.Object[0]
      elementData = class java.lang.Object[0]
      size = 0
      MAX_ARRAY_SIZE = 2147483639
      modCount = 0
      MAX_ARRAY_SIZE = 2147483639
    servletContextListeners = class java.util.ArrayList@215950b8
      serialVersionUID = 8683452581122892189
      DEFAULT_CAPACITY = 10
      EMPTY_ELEMENTDATA = class java.lang.Object[0]
      DEFAULTCAPACITY_EMPTY_ELEMENTDATA = class java.lang.Object[0]
      elementData = class java.lang.Object[0]
      size = 0
      MAX_ARRAY_SIZE = 2147483639
      modCount = 1
      MAX_ARRAY_SIZE = 2147483639
    servletContextLAttrListeners = class java.util.ArrayList@3a1a5d21
      serialVersionUID = 8683452581122892189
      DEFAULT_CAPACITY = 10
      EMPTY_ELEMENTDATA = class java.lang.Object[0]
      DEFAULTCAPACITY_EMPTY_ELEMENTDATA = class java.lang.Object[0]
      elementData = class java.lang.Object[0]
      size = 0
      MAX_ARRAY_SIZE = 2147483639
      modCount = 1
      MAX_ARRAY_SIZE = 2147483639
    servletRequestListeners = class java.util.ArrayList@56a4b08d
      serialVersionUID = 8683452581122892189
      DEFAULT_CAPACITY = 10
      EMPTY_ELEMENTDATA = class java.lang.Object[0]
      DEFAULTCAPACITY_EMPTY_ELEMENTDATA = class java.lang.Object[0]
      elementData = class java.lang.Object[0]
      size = 0
      MAX_ARRAY_SIZE = 2147483639
      modCount = 1
      MAX_ARRAY_SIZE = 2147483639
    servletRequestLAttrListeners = class java.util.ArrayList@573a7697
      serialVersionUID = 8683452581122892189
      DEFAULT_CAPACITY = 10
      EMPTY_ELEMENTDATA = class java.lang.Object[0]
      DEFAULTCAPACITY_EMPTY_ELEMENTDATA = class java.lang.Object[0]
      elementData = class java.lang.Object[0]
      size = 0
      MAX_ARRAY_SIZE = 2147483639
      modCount = 1
      MAX_ARRAY_SIZE = 2147483639
    prependSlashToResource = false
    destroyed = false
    webAppNameSpaceCollab = class com.ibm.ws.webcontainer.osgi.collaborator.WebAppNameSpaceCollaboratorImpl@32ba7e33
    txCollab = class com.ibm.ws.webcontainer.collaborator.WebAppTransactionCollaborator@46fb3451
    sessionActivationListeners = class java.util.ArrayList@3c8d2058
      serialVersionUID = 8683452581122892189
      DEFAULT_CAPACITY = 10
      EMPTY_ELEMENTDATA = class java.lang.Object[0]
      DEFAULTCAPACITY_EMPTY_ELEMENTDATA = class java.lang.Object[0]
      elementData = class java.lang.Object[0]
      size = 0
      MAX_ARRAY_SIZE = 2147483639
      modCount = 1
      MAX_ARRAY_SIZE = 2147483639
    sessionBindingListeners = class java.util.ArrayList@541691bd
      serialVersionUID = 8683452581122892189
      DEFAULT_CAPACITY = 10
      EMPTY_ELEMENTDATA = class java.lang.Object[0]
      DEFAULTCAPACITY_EMPTY_ELEMENTDATA = class java.lang.Object[0]
      elementData = class java.lang.Object[0]
      size = 0
      MAX_ARRAY_SIZE = 2147483639
      modCount = 1
      MAX_ARRAY_SIZE = 2147483639
    scratchdir = null
    jspClassLoaderLimit = 0
    jspClassLoaderExclusionList = null
    jspClassLoadersMap = null
    jspClassLoaderLimitTrackIF = false
    defaultExtProc = null
    directoryBrowsingServlet = null
    cdiContexts = class java.util.concurrent.ConcurrentHashMap@2745736a
      serialVersionUID = 7249069246763182397
      MAXIMUM_CAPACITY = 1073741824
      DEFAULT_CAPACITY = 16
      MAX_ARRAY_SIZE = 2147483639
      DEFAULT_CONCURRENCY_LEVEL = 16
      LOAD_FACTOR = 0.75
      TREEIFY_THRESHOLD = 8
      UNTREEIFY_THRESHOLD = 6
      MIN_TREEIFY_CAPACITY = 64
      MIN_TRANSFER_STRIDE = 16
      RESIZE_STAMP_BITS = 16
      MAX_RESIZERS = 65535
      RESIZE_STAMP_SHIFT = 16
      MOVED = -1
      TREEBIN = -2
      RESERVED = -3
      HASH_BITS = 2147483647
      NCPU = 4
      serialPersistentFields = class java.io.ObjectStreamField[3]
      table = null
      nextTable = null
      baseCount = 0
      sizeCtl = 0
      transferIndex = 0
      cellsBusy = 0
      counterCells = null
      keySet = null
      values = null
      entrySet = null
      U = class sun.misc.Unsafe@1727edde
      SIZECTL = 20
      TRANSFERINDEX = 32
      BASECOUNT = 24
      CELLSBUSY = 36
      CELLVALUE = 144
      ABASE = 16
      ASHIFT = 2
      keySet = null
      values = null
    moduleConfig = class com.ibm.ws.webcontainer.osgi.container.DeployedModule@23cf27db
      tc = class com.ibm.websphere.ras.TraceComponent@26bf2fdc
      loader = class com.ibm.ws.classloading.internal.ThreadContextClassLoader@5575e251
      webApp = class com.ibm.ws.webcontainer31.osgi.webapp.WebApp31@4360bd8e
      webAppConfig = class com.ibm.ws.webcontainer.osgi.webapp.WebAppConfiguration@1339c279
      contextRootAdded = null
      properContextRoot = "/ChansyApp"
      mappingContextRoot = "/ChansyApp/*"
      serialVersionUID = -2104814060051592457
      $$$tc$$$ = class com.ibm.websphere.ras.TraceComponent@1fd3b45
    extensionFactories = class java.util.ArrayList@76955c1a
      serialVersionUID = 8683452581122892189
      DEFAULT_CAPACITY = 10
      EMPTY_ELEMENTDATA = class java.lang.Object[0]
      DEFAULTCAPACITY_EMPTY_ELEMENTDATA = class java.lang.Object[0]
      elementData = class java.lang.Object[0]
      size = 0
      MAX_ARRAY_SIZE = 2147483639
      modCount = 0
      MAX_ARRAY_SIZE = 2147483639
    initialized = true
    lock = class com.ibm.ws.webcontainer.webapp.WebApp$1@166eb00c
      this$0 = class com.ibm.ws.webcontainer31.osgi.webapp.WebApp31@4360bd8e
    afterServletContextCreated = false
    redirectContextRoot = false
    errorExceptionTypeFirst = false
    initFilterBeforeServletInit = false
    sortedServletConfigs = class java.util.ArrayList@1a3c4f88
      serialVersionUID = 8683452581122892189
      DEFAULT_CAPACITY = 10
      EMPTY_ELEMENTDATA = class java.lang.Object[0]
      DEFAULTCAPACITY_EMPTY_ELEMENTDATA = class java.lang.Object[0]
      elementData = class java.lang.Object[10]
      size = 2
      MAX_ARRAY_SIZE = 2147483639
      modCount = 2
      MAX_ARRAY_SIZE = 2147483639
    effectiveMajorVersion = 3
    effectiveMinorVersion = 0
    canAddServletContextListener = true
    withinContextInitOfProgAddListener = false
    lastProgAddListenerInitialized = null
    webInfLibClassloader = null
    metaInfCache = class com.ibm.ws.webcontainer.webapp.WebApp$2@401752eb
      this$0 = class com.ibm.ws.webcontainer31.osgi.webapp.WebApp31@4360bd8e
      serialVersionUID = 3801124242820219131
      head = null
      tail = null
      accessOrder = true
      serialVersionUID = 362498820763181265
      DEFAULT_INITIAL_CAPACITY = 16
      MAXIMUM_CAPACITY = 1073741824
      DEFAULT_LOAD_FACTOR = 0.75
      TREEIFY_THRESHOLD = 8
      UNTREEIFY_THRESHOLD = 6
      MIN_TREEIFY_CAPACITY = 64
      table = null
      entrySet = null
      size = 0
      modCount = 0
      threshold = 32
      loadFactor = 1.0
      keySet = null
      values = null
    useMetaInfCache = true
    SUN_CONFIGURE_LISTENER_CLASSNAME = "com.sun.faces.config.ConfigureListener"
    MYFACES_LIFECYCLE_LISTENER_CLASSNAME = "org.apache.myfaces.webapp.StartupServletContextListener"
    JSF_IMPL_ENABLED_PARAM = "com.ibm.ws.jsf.JSF_IMPL_ENABLED"
    JSF_IMPL_ENABLED_CUSTOM = "Custom"
    JSF_IMPL_ENABLED_NONE = "None"
    staticDocRoot = class com.ibm.ws.webcontainer.util.DocumentRootUtils@1cbea37f
      logger = class com.ibm.ws.logging.internal.WsLogger@66e21896
      CLASS_NAME = "com.ibm.ws.webcontainer.util.DocumentRootUtils"
      useContentLength = false
      matchedFile = null
      matchedZipFile = null
      matchedEntry = null
      matchedURL = null
      edrRoot = null
      pfedrRoot = null
      ctxt = class com.ibm.ws.webcontainer31.osgi.webapp.WebApp31@4360bd8e
      baseDir = null
      edr = null
      pfedr = null
      metaInfRes = null
      searchpfEDR = true
      searchEDR = true
      searchMetaInfRes = true
      matchFromEDR = false
      matchFromMetaInfRes = false
      matchIsADirectory = false
      appConfig = class com.ibm.ws.webcontainer.osgi.webapp.WebAppConfiguration@1339c279
      attributeType = "staticFile"
      STATIC_FILE = "staticFile"
      JSP = "jsp"
      PFEDR = "preFragmentExtendedDocumentRoot"
      EDR = "extendedDocumentRoot"
    jspDocRoot = class com.ibm.ws.webcontainer.util.DocumentRootUtils@7f338e34
      logger = class com.ibm.ws.logging.internal.WsLogger@66e21896
      CLASS_NAME = "com.ibm.ws.webcontainer.util.DocumentRootUtils"
      useContentLength = false
      matchedFile = null
      matchedZipFile = null
      matchedEntry = null
      matchedURL = null
      edrRoot = null
      pfedrRoot = null
      ctxt = class com.ibm.ws.webcontainer31.osgi.webapp.WebApp31@4360bd8e
      baseDir = null
      edr = null
      pfedr = null
      metaInfRes = null
      searchpfEDR = true
      searchEDR = true
      searchMetaInfRes = true
      matchFromEDR = false
      matchFromMetaInfRes = false
      matchIsADirectory = false
      appConfig = class com.ibm.ws.webcontainer.osgi.webapp.WebAppConfiguration@1339c279
      attributeType = "jsp"
      STATIC_FILE = "staticFile"
      JSP = "jsp"
      PFEDR = "preFragmentExtendedDocumentRoot"
      EDR = "extendedDocumentRoot"
    container = class com.ibm.ws.adaptable.module.internal.AdaptableContainerImpl@3c6b8578
      root = class com.ibm.ws.adaptable.module.internal.AdaptableContainerImpl@3c6b8578
      rootOverlay = class com.ibm.ws.artifact.overlay.internal.DirectoryBasedOverlayContainerImpl@7b8c5b93
      factoryHolder = class com.ibm.ws.adaptable.module.internal.AdaptableModuleFactoryImpl@3b66694f
      delegate = class com.ibm.ws.artifact.overlay.internal.DirectoryBasedOverlayContainerImpl@7b8c5b93
      notifier = class com.ibm.ws.adaptable.module.internal.NotifierImpl@6b96afdf
      serialVersionUID = -5621513278641113667
      $$$tc$$$ = class com.ibm.websphere.ras.TraceComponent@61fc9b73
    metaInfResourceFinder = class com.ibm.ws.webcontainer.util.MetaInfResourceFinder@70bde55
      jarResourceContainers = class java.util.ArrayList@38598b1e
      container = class com.ibm.ws.adaptable.module.internal.AdaptableContainerImpl@3c6b8578
    postConstructMethods = class com.ibm.ws.webcontainer.webapp.WebApp$AnnotatedMethods@7d714455
      annotationClass = class java.lang.Class@79d6f30c
      noOpClassNames = class java.util.HashSet@6dea58a5
      annotatedMethodNames = class java.util.concurrent.ConcurrentHashMap@4e752138
      EMPTY_METHODS = class java.lang.reflect.Method[0]
    preDestroyMethods = class com.ibm.ws.webcontainer.webapp.WebApp$AnnotatedMethods@14bdb5df
      annotationClass = class java.lang.Class@4fec6637
      noOpClassNames = class java.util.HashSet@aedfa5b
      annotatedMethodNames = class java.util.concurrent.ConcurrentHashMap@3a3c8a4c
      EMPTY_METHODS = class java.lang.reflect.Method[0]
    OBJ_EMPTY = class java.lang.Object[0]
    CLASS_EMPTY = class java.lang.Class[0]
    DEFAULT_JSP_EXTENSIONS = class java.util.ArrayList@779cdb52
      serialVersionUID = 8683452581122892189
      DEFAULT_CAPACITY = 10
      EMPTY_ELEMENTDATA = class java.lang.Object[0]
      DEFAULTCAPACITY_EMPTY_ELEMENTDATA = class java.lang.Object[0]
      elementData = class java.lang.Object[10]
      size = 4
      MAX_ARRAY_SIZE = 2147483639
      modCount = 4
      MAX_ARRAY_SIZE = 2147483639
    DEFER_SERVLET_REQUEST_LISTENER_DESTROY_ON_ERROR = false
    DO_ACCEPT_PARTIAL = true
    DO_NOT_ACCEPT_PARTIAL = false
    DO_ACCEPT_EXCLUDED = true
    DO_NOT_ACCEPT_EXCLUDED = false
    commands = class java.util.ArrayList@5918f0ec
      serialVersionUID = 8683452581122892189
      DEFAULT_CAPACITY = 10
      EMPTY_ELEMENTDATA = class java.lang.Object[0]
      DEFAULTCAPACITY_EMPTY_ELEMENTDATA = class java.lang.Object[0]
      elementData = class java.lang.Object[3]
      size = 0
      MAX_ARRAY_SIZE = 2147483639
      modCount = 0
      MAX_ARRAY_SIZE = 2147483639
    requestMapper = class com.ibm.wsspi.webcontainer.util.URIMapper@20f2a55d
      matcher = class com.ibm.wsspi.webcontainer.util.URIMatcher@7f846a72
    parent = class com.ibm.ws.webcontainer.osgi.webapp.WebGroup@3125bc5a
      tc = class com.ibm.websphere.ras.TraceComponent@45ad7c1a
      logger = class com.ibm.ws.logging.internal.WsLogger@507cedca
      CLASS_NAME = "com.ibm.ws.webcontainer.webapp.WebGroup"
      sessUrlRewritePrefix = ";jsessionid="
      qMark = "?"
      config = class com.ibm.ws.webcontainer.osgi.webapp.WebGroupConfiguration@55c3c9ff
      webApp = class com.ibm.ws.webcontainer31.osgi.webapp.WebApp31@4360bd8e
      commands = class java.util.ArrayList@5d14d128
      requestMapper = null
      parent = class com.ibm.ws.webcontainer.osgi.DynamicVirtualHost@30d35cdf
      name = "/ChansyApp/*"
      isAlive = true
      subElements = class java.util.HashMap@5ecc39cc
      attributes = null
      config = null
      serialVersionUID = -8271459000149267764
      $$$tc$$$ = class com.ibm.websphere.ras.TraceComponent@51fca6b6
    name = "ChansyApp-1.0-SNAPSHOT"
    isAlive = true
    subElements = null
    attributes = class java.util.Collections$SynchronizedMap@6300986a
      serialVersionUID = 1978198479659022715
      m = class java.util.HashMap@2a682ecf
      mutex = class java.util.Collections$SynchronizedMap@6300986a
      keySet = null
      entrySet = null
      values = null
    config = null
    serialVersionUID = -8271459000149267764
    $$$tc$$$ = class com.ibm.websphere.ras.TraceComponent@51fca6b6
      strings[0] = "TraceComponent[com.ibm.ws.container.AbstractContainer,class com.ibm.ws.container.AbstractContainer,[],null,null]"
  collabHelper = class com.ibm.ws.webcontainer.osgi.collaborator.CollaboratorHelperImpl@32eacf41
    webAppInvCollabs = class java.util.Collections$UnmodifiableSet@5b2c0e82
      serialVersionUID = -9215047833775013803
      serialVersionUID = 1820017752578914078
      c = class java.util.concurrent.CopyOnWriteArraySet@3259a4ea
    securityDomainForApp = null
    logger = class com.ibm.ws.logging.internal.WsLogger@5b1f9e11
      tc = class com.ibm.websphere.ras.TraceComponent@677c1402
      ivCachedResourceBundleName = null
      ivCachedResourceBundle = null
      ivComponent = null
      ivOrganization = null
      ivProduct = null
      ivMinimumLocalizationLevelIntValue = 625
      ivTC = class com.ibm.websphere.ras.TraceComponent@714bdbf3
      loggerRegistrationComponent = class java.lang.ThreadLocal@4a36a0f1
      emptyHandlers = class java.util.logging.Handler[0]
      offValue = 2147483647
      SYSTEM_LOGGER_RB_NAME = "sun.util.logging.resources.logging"
      SYSTEM_BUNDLE = class java.util.logging.Logger$LoggerBundle@5ca749fb
      NO_RESOURCE_BUNDLE = class java.util.logging.Logger$LoggerBundle@627ce6b4
      manager = class com.ibm.ws.kernel.boot.logging.WsLogManager@1d32e322
      name = "com.ibm.ws.webcontainer.collaborator"
      handlers = class java.util.concurrent.CopyOnWriteArrayList@b5aa6a9
      loggerBundle = class java.util.logging.Logger$LoggerBundle@32517a93
      useParentHandlers = true
      filter = null
      anonymous = false
      catalog = class com.ibm.ws.webcontainer.resources.Messages@5f7bbdf9
      catalogName = "com.ibm.ws.webcontainer.resources.Messages"
      catalogLocale = class java.util.Locale@555a6ec7
      treeLock = class java.lang.Object@272ca79b
      parent = class com.ibm.ws.logging.internal.WsLogger@40369fe2
      kids = null
      levelObject = class java.util.logging.Level@42207668
      levelValue = 800
      callersClassLoaderRef = class java.lang.ref.WeakReference@26b39d93
      isSystemLogger = false
      GLOBAL_LOGGER_NAME = "global"
      global = class java.util.logging.Logger@270c4b5b
      $assertionsDisabled = true
    staticDefaultSecurityCollaborator = class com.ibm.ws.webcontainer.collaborator.WebAppSecurityCollaborator@588c1781
    logger = class com.ibm.ws.logging.internal.WsLogger@7d186d6e
      tc = class com.ibm.websphere.ras.TraceComponent@677c1402
      ivCachedResourceBundleName = null
      ivCachedResourceBundle = null
      ivComponent = null
      ivOrganization = null
      ivProduct = null
      ivMinimumLocalizationLevelIntValue = 625
      ivTC = class com.ibm.websphere.ras.TraceComponent@70629f43
      loggerRegistrationComponent = class java.lang.ThreadLocal@4a36a0f1
      emptyHandlers = class java.util.logging.Handler[0]
      offValue = 2147483647
      SYSTEM_LOGGER_RB_NAME = "sun.util.logging.resources.logging"
      SYSTEM_BUNDLE = class java.util.logging.Logger$LoggerBundle@5ca749fb
      NO_RESOURCE_BUNDLE = class java.util.logging.Logger$LoggerBundle@627ce6b4
      manager = class com.ibm.ws.kernel.boot.logging.WsLogManager@1d32e322
      name = "com.ibm.wsspi.webcontainer.collaborator"
      handlers = class java.util.concurrent.CopyOnWriteArrayList@62204d6c
      loggerBundle = class java.util.logging.Logger$LoggerBundle@5a47bc54
      useParentHandlers = true
      filter = null
      anonymous = false
      catalog = class com.ibm.ws.webcontainer.resources.Messages@5f7bbdf9
      catalogName = "com.ibm.ws.webcontainer.resources.Messages"
      catalogLocale = class java.util.Locale@555a6ec7
      treeLock = class java.lang.Object@272ca79b
      parent = class com.ibm.ws.logging.internal.WsLogger@9c25984
      kids = null
      levelObject = class java.util.logging.Level@42207668
      levelValue = 800
      callersClassLoaderRef = class java.lang.ref.WeakReference@4200c15c
      isSystemLogger = false
      GLOBAL_LOGGER_NAME = "global"
      global = class java.util.logging.Logger@270c4b5b
      $assertionsDisabled = true
    CLASS_NAME = "com.ibm.wsspi.webcontainer.collaborator.CollaboratorHelper"
    webApp = class com.ibm.ws.webcontainer31.osgi.webapp.WebApp31@4360bd8e
    securityCollaborator = class com.ibm.ws.webcontainer.collaborator.WebAppSecurityCollaborator@588c1781
    nameSpaceCollaborator = class com.ibm.ws.webcontainer.osgi.collaborator.WebAppNameSpaceCollaboratorImpl@32ba7e33
    transactionCollaborator = class com.ibm.ws.webcontainer.collaborator.WebAppTransactionCollaborator@46fb3451
      logger = class com.ibm.ws.logging.internal.WsLogger@5b1f9e11
      CLASS_NAME = "com.ibm.ws.webcontainer.collaborator.WebAppTransactionCollaborator"
    connectionCollaborator = class com.ibm.ws.webcontainer.collaborator.ConnectionCollaborator@61b3c589
    allCollabEnum = class java.util.RegularEnumSet@6de601de
      serialVersionUID = 3411599620347842686
      elements = 511
      elementType = class java.lang.Class@5910fb91
      universe = class com.ibm.wsspi.webcontainer.collaborator.CollaboratorInvocationEnum[9]
      ZERO_LENGTH_ENUM_ARRAY = class java.lang.Enum[0]
      MAX_ARRAY_SIZE = 2147483639
    servlet_23_or_greater = true
    DEFER_SERVLET_REQUEST_LISTENER_DESTROY_ON_ERROR = false
  webAppNameSpaceCollab = class com.ibm.ws.webcontainer.osgi.collaborator.WebAppNameSpaceCollaboratorImpl@32ba7e33
    cmdai = class com.ibm.ws.threadContext.ComponentMetaDataAccessorImpl@3d5bde2c
      tc = class com.ibm.websphere.ras.TraceComponent@5963243f
      cmdai = class com.ibm.ws.threadContext.ComponentMetaDataAccessorImpl@3d5bde2c
      threadContext = class com.ibm.ws.threadContext.ThreadContextImpl@1ab24db2
      defaultCMD = null
  secCollab = class com.ibm.ws.webcontainer.collaborator.WebAppSecurityCollaborator@588c1781
  sessionSecurityIntegrationEnabled = true
  assumeFilterSuccessOnSecurityError = false
  useOriginalRequestState = false
  _evtSource = class com.ibm.ws.webcontainer.webapp.WebAppEventSource@57b3ce3
    _invocationListeners = class com.ibm.ws.webcontainer.util.EventListeners@6c003293
      EMPTY_LISTENERS = interface java.util.EventListener[0]
      logger = class com.ibm.ws.logging.internal.WsLogger@66e21896
      CLASS_NAME = "com.ibm.ws.webcontainer.util.EventListeners"
      listeners = interface java.util.EventListener[1]
    _servletListeners = class com.ibm.ws.webcontainer.util.EventListeners@9f29cd
      EMPTY_LISTENERS = interface java.util.EventListener[0]
      logger = class com.ibm.ws.logging.internal.WsLogger@66e21896
      CLASS_NAME = "com.ibm.ws.webcontainer.util.EventListeners"
      listeners = interface java.util.EventListener[0]
    _errorListeners = class com.ibm.ws.webcontainer.util.EventListeners@3af4a814
      EMPTY_LISTENERS = interface java.util.EventListener[0]
      logger = class com.ibm.ws.logging.internal.WsLogger@66e21896
      CLASS_NAME = "com.ibm.ws.webcontainer.util.EventListeners"
      listeners = interface java.util.EventListener[0]
    _applicationListeners = class com.ibm.ws.webcontainer.util.EventListeners@5bcf66d1
      EMPTY_LISTENERS = interface java.util.EventListener[0]
      logger = class com.ibm.ws.logging.internal.WsLogger@66e21896
      CLASS_NAME = "com.ibm.ws.webcontainer.util.EventListeners"
      listeners = interface java.util.EventListener[0]
    _filterInvocationListeners = class com.ibm.ws.webcontainer.util.EventListeners@36b64391
      EMPTY_LISTENERS = interface java.util.EventListener[0]
      logger = class com.ibm.ws.logging.internal.WsLogger@66e21896
      CLASS_NAME = "com.ibm.ws.webcontainer.util.EventListeners"
      listeners = interface java.util.EventListener[0]
    _filterListeners = class com.ibm.ws.webcontainer.util.EventListeners@4f1ed5cb
      EMPTY_LISTENERS = interface java.util.EventListener[0]
      logger = class com.ibm.ws.logging.internal.WsLogger@66e21896
      CLASS_NAME = "com.ibm.ws.webcontainer.util.EventListeners"
      listeners = interface java.util.EventListener[0]
    _filterErrorListeners = class com.ibm.ws.webcontainer.util.EventListeners@50b56034
      EMPTY_LISTENERS = interface java.util.EventListener[0]
      logger = class com.ibm.ws.logging.internal.WsLogger@66e21896
      CLASS_NAME = "com.ibm.ws.webcontainer.util.EventListeners"
      listeners = interface java.util.EventListener[0]
  defaultComponentMetaData = class com.ibm.ws.webcontainer.osgi.metadata.WebComponentMetaDataImpl@610f7bca
    j2eeName = class com.ibm.ws.container.service.metadata.internal.J2EENameImpl@6ae5402f
      serialVersionUID = 7488184044073147667
      application = "ChansyApp"
      module = "ChansyApp-1.0-SNAPSHOT"
      component = null
      string = "ChansyApp#ChansyApp-1.0-SNAPSHOT"
      j2eeNameBytes = null
      $$$tc$$$ = class com.ibm.websphere.ras.TraceComponent@6c4183b6
    webModuleMetaData = class com.ibm.ws.webcontainer.osgi.metadata.WebModuleMetaDataImpl@38ade5b4
    mBeanServiceReg = null
    tc = class com.ibm.websphere.ras.TraceComponent@52c7370f
      strings[0] = "TraceComponent[com.ibm.ws.runtime.metadata.MetaDataImpl,class com.ibm.ws.runtime.metadata.MetaDataImpl,[Runtime],null,null]"
    NUM_STATIC_SLOTS = 4
    ID_UNINITIALIZED = -1
    id = 1
    metaDataInterface = class java.lang.Class@7b6d9a96
      ANNOTATION = 8192
      ENUM = 16384
      SYNTHETIC = 4096
      cachedConstructor = null
      newInstanceCallerCache = null
      name = null
      allPermDomain = class java.security.ProtectionDomain@4566815b
      useCaches = true
      reflectionData = null
      classRedefinedCount = 0
      genericInfo = null
      serialVersionUID = 3206093459760846163
      serialPersistentFields = class java.io.ObjectStreamField[0]
      reflectionFactory = class sun.reflect.ReflectionFactory@564dd25e
      initted = true
      enumConstants = null
      enumConstantDirectory = null
      annotationData = null
      annotationType = null
      classValueMap = null
    staticSlots = class java.lang.Object[4]
      staticSlots[0] = null
      staticSlots[1] = null
      staticSlots[2] = null
      staticSlots[3] = null
    dynamicSlots = null
  DEFER_SERVLET_REQUEST_LISTENER_DESTROY_ON_ERROR = false

