------Start of DE processing------ = [3/15/17 22:47:41:152 CST]
Exception = com.ibm.watson.developer_cloud.service.exception.UnauthorizedException
Source = com.ibm.ws.webcontainer.filter.WebAppFilterManager.invokeFilters
probeid = 1105
Stack Dump = com.ibm.watson.developer_cloud.service.exception.UnauthorizedException: Unauthorized: Access is denied due to invalid credentials
	at com.ibm.watson.developer_cloud.service.WatsonService.processServiceCall(WatsonService.java:418)
	at com.ibm.watson.developer_cloud.service.WatsonService$1.execute(WatsonService.java:180)
	at wasdev.sample.servlet.LogClassifier.logClassify(LogClassifier.java:105)
	at wasdev.sample.servlet.LogClassifier.doPost(LogClassifier.java:56)
	at javax.servlet.http.HttpServlet.service(HttpServlet.java:707)
	at javax.servlet.http.HttpServlet.service(HttpServlet.java:790)
	at com.ibm.ws.webcontainer.servlet.ServletWrapper.service(ServletWrapper.java:1285)
	at com.ibm.ws.webcontainer.servlet.ServletWrapper.handleRequest(ServletWrapper.java:778)
	at com.ibm.ws.webcontainer.servlet.ServletWrapper.handleRequest(ServletWrapper.java:475)
	at com.ibm.ws.webcontainer.filter.WebAppFilterManager.invokeFilters(WebAppFilterManager.java:1161)
	at com.ibm.ws.webcontainer.webapp.WebApp.handleRequest(WebApp.java:4956)
	at com.ibm.ws.webcontainer31.osgi.webapp.WebApp31.handleRequest(WebApp31.java:525)
	at com.ibm.ws.webcontainer.osgi.DynamicVirtualHost$2.handleRequest(DynamicVirtualHost.java:315)
	at com.ibm.ws.webcontainer.WebContainer.handleRequest(WebContainer.java:1014)
	at com.ibm.ws.webcontainer.osgi.DynamicVirtualHost$2.run(DynamicVirtualHost.java:280)
	at com.ibm.ws.http.dispatcher.internal.channel.HttpDispatcherLink$TaskWrapper.run(HttpDispatcherLink.java:967)
	at com.ibm.ws.http.dispatcher.internal.channel.HttpDispatcherLink.wrapHandlerAndExecute(HttpDispatcherLink.java:359)
	at com.ibm.ws.http.dispatcher.internal.channel.HttpDispatcherLink.ready(HttpDispatcherLink.java:318)
	at com.ibm.ws.http.channel.internal.inbound.HttpInboundLink.handleDiscrimination(HttpInboundLink.java:471)
	at com.ibm.ws.http.channel.internal.inbound.HttpInboundLink.handleNewRequest(HttpInboundLink.java:405)
	at com.ibm.ws.http.channel.internal.inbound.HttpInboundLink.processRequest(HttpInboundLink.java:285)
	at com.ibm.ws.http.channel.internal.inbound.HttpInboundLink.ready(HttpInboundLink.java:256)
	at com.ibm.ws.tcpchannel.internal.NewConnectionInitialReadCallback.sendToDiscriminators(NewConnectionInitialReadCallback.java:174)
	at com.ibm.ws.tcpchannel.internal.NewConnectionInitialReadCallback.complete(NewConnectionInitialReadCallback.java:83)
	at com.ibm.ws.tcpchannel.internal.WorkQueueManager.requestComplete(WorkQueueManager.java:504)
	at com.ibm.ws.tcpchannel.internal.WorkQueueManager.attemptIO(WorkQueueManager.java:574)
	at com.ibm.ws.tcpchannel.internal.WorkQueueManager.workerRun(WorkQueueManager.java:929)
	at com.ibm.ws.tcpchannel.internal.WorkQueueManager$Worker.run(WorkQueueManager.java:1018)
	at java.util.concurrent.ThreadPoolExecutor.runWorker(ThreadPoolExecutor.java:1142)
	at java.util.concurrent.ThreadPoolExecutor$Worker.run(ThreadPoolExecutor.java:617)
	at java.lang.Thread.run(Thread.java:745)

Dump of callerThis
Object type = com.ibm.ws.webcontainer.osgi.filter.WebAppFilterManagerImpl
  _filterWrappers = class java.util.Hashtable@3d12e9a2
    table = class java.util.Hashtable$Entry[11]
      table[0] = null
      table[1] = null
      table[2] = null
      table[3] = null
      table[4] = null
      table[5] = null
      table[6] = null
      table[7] = null
      table[8] = null
      table[9] = null
      table[10] = null
    count = 0
    threshold = 8
    loadFactor = 0.75
    modCount = 0
    serialVersionUID = 1421746759512286392
    MAX_ARRAY_SIZE = 2147483639
    keySet = null
    entrySet = null
    values = null
    KEYS = 0
    VALUES = 1
    ENTRIES = 2
  chainCache = class java.util.Collections$SynchronizedMap@51efffb8
    serialVersionUID = 1978198479659022715
    m = class com.ibm.ws.webcontainer.filter.WebAppFilterManager$1@1e8e271
      this$0 = class com.ibm.ws.webcontainer.osgi.filter.WebAppFilterManagerImpl@7121d514
      serialVersionUID = 3801124242820219131
      head = null
      tail = null
      accessOrder = true
      serialVersionUID = 362498820763181265
      DEFAULT_INITIAL_CAPACITY = 16
      MAXIMUM_CAPACITY = 1073741824
      DEFAULT_LOAD_FACTOR = 0.75
      TREEIFY_THRESHOLD = 8
      UNTREEIFY_THRESHOLD = 6
      MIN_TREEIFY_CAPACITY = 64
      table = null
      entrySet = null
      size = 0
      modCount = 0
      threshold = 32
      loadFactor = 0.75
      keySet = null
      values = null
    mutex = class java.util.Collections$SynchronizedMap@51efffb8
    keySet = null
    entrySet = null
    values = null
  forwardChainCache = class java.util.Collections$SynchronizedMap@2d1fa248
    serialVersionUID = 1978198479659022715
    m = class com.ibm.ws.webcontainer.filter.WebAppFilterManager$2@8a4126b
      this$0 = class com.ibm.ws.webcontainer.osgi.filter.WebAppFilterManagerImpl@7121d514
      serialVersionUID = 3801124242820219131
      head = null
      tail = null
      accessOrder = true
      serialVersionUID = 362498820763181265
      DEFAULT_INITIAL_CAPACITY = 16
      MAXIMUM_CAPACITY = 1073741824
      DEFAULT_LOAD_FACTOR = 0.75
      TREEIFY_THRESHOLD = 8
      UNTREEIFY_THRESHOLD = 6
      MIN_TREEIFY_CAPACITY = 64
      table = null
      entrySet = null
      size = 0
      modCount = 0
      threshold = 16
      loadFactor = 0.75
      keySet = null
      values = null
    mutex = class java.util.Collections$SynchronizedMap@2d1fa248
    keySet = null
    entrySet = null
    values = null
  includeChainCache = class java.util.Collections$SynchronizedMap@45637218
    serialVersionUID = 1978198479659022715
    m = class com.ibm.ws.webcontainer.filter.WebAppFilterManager$3@75bbbdf5
      this$0 = class com.ibm.ws.webcontainer.osgi.filter.WebAppFilterManagerImpl@7121d514
      serialVersionUID = 3801124242820219131
      head = null
      tail = null
      accessOrder = true
      serialVersionUID = 362498820763181265
      DEFAULT_INITIAL_CAPACITY = 16
      MAXIMUM_CAPACITY = 1073741824
      DEFAULT_LOAD_FACTOR = 0.75
      TREEIFY_THRESHOLD = 8
      UNTREEIFY_THRESHOLD = 6
      MIN_TREEIFY_CAPACITY = 64
      table = null
      entrySet = null
      size = 0
      modCount = 0
      threshold = 8
      loadFactor = 0.75
      keySet = null
      values = null
    mutex = class java.util.Collections$SynchronizedMap@45637218
    keySet = null
    entrySet = null
    values = null
  errorChainCache = class java.util.Collections$SynchronizedMap@6f16ccef
    serialVersionUID = 1978198479659022715
    m = class com.ibm.ws.webcontainer.filter.WebAppFilterManager$4@e9f123e
      this$0 = class com.ibm.ws.webcontainer.osgi.filter.WebAppFilterManagerImpl@7121d514
      serialVersionUID = 3801124242820219131
      head = null
      tail = null
      accessOrder = true
      serialVersionUID = 362498820763181265
      DEFAULT_INITIAL_CAPACITY = 16
      MAXIMUM_CAPACITY = 1073741824
      DEFAULT_LOAD_FACTOR = 0.75
      TREEIFY_THRESHOLD = 8
      UNTREEIFY_THRESHOLD = 6
      MIN_TREEIFY_CAPACITY = 64
      table = null
      entrySet = null
      size = 0
      modCount = 0
      threshold = 2
      loadFactor = 0.75
      keySet = null
      values = null
    mutex = class java.util.Collections$SynchronizedMap@6f16ccef
    keySet = null
    entrySet = null
    values = null
  _filtersDefined = false
  FMI_MAPPING_SINGLE_SLASH = 0
  FMI_MAPPING_PATH_MATCH = 1
  FMI_MAPPING_EXTENSION_MATCH = 2
  FMI_MAPPING_EXACT_MATCH = 3
  logger = class com.ibm.ws.logging.internal.WsLogger@412afc8a
    tc = class com.ibm.websphere.ras.TraceComponent@28589449
      strings[0] = "TraceComponent[com.ibm.ws.logging.internal.WsLogger,class com.ibm.ws.logging.internal.WsLogger,[logging],com.ibm.ws.logging.internal.resources.LoggingMessages,null]"
    ivCachedResourceBundleName = null
    ivCachedResourceBundle = null
    ivComponent = null
    ivOrganization = null
    ivProduct = null
    ivMinimumLocalizationLevelIntValue = 625
    ivTC = class com.ibm.websphere.ras.TraceComponent@60161da
      strings[0] = "TraceComponent[com.ibm.ws.webcontainer.filter,class com.ibm.wsspi.webcontainer.logging.LoggerFactory$1,[com.ibm.ws.webcontainer.filter],null,null]"
    loggerRegistrationComponent = class java.lang.ThreadLocal@2f80036a
      threadLocalHashCode = -500282817
      nextHashCode = class java.util.concurrent.atomic.AtomicInteger@81c98c9
      HASH_INCREMENT = 1640531527
    emptyHandlers = class java.util.logging.Handler[0]
    offValue = 2147483647
    SYSTEM_LOGGER_RB_NAME = "sun.util.logging.resources.logging"
    SYSTEM_BUNDLE = class java.util.logging.Logger$LoggerBundle@23909ff4
      resourceBundleName = "sun.util.logging.resources.logging"
      userBundle = null
    NO_RESOURCE_BUNDLE = class java.util.logging.Logger$LoggerBundle@681a7636
      resourceBundleName = null
      userBundle = null
    manager = class com.ibm.ws.kernel.boot.logging.WsLogManager@472ea30c
      CLASS_NAME = "com.ibm.ws.kernel.boot.logging.WsLogManager"
      CONFIGURE_BY_SERVER_PROPERTY_NAME = "java.util.logging.configureByServer"
      CONFIGURE_BY_LOGGING_PROPERTIES_FILE = "java.util.logging.configureByLoggingPropertiesFile"
      configureByServer = true
      configureByLoggingProperties = false
      wsLogger = class java.lang.reflect.Constructor@6088f9a1
      resetEnabled = true
      manager = class com.ibm.ws.kernel.boot.logging.WsLogManager@472ea30c
      props = class java.util.Properties@36cc34d
      defaultLevel = class java.util.logging.Level@2aeb1619
      listenerMap = class java.util.HashMap@26ec1054
      systemContext = class java.util.logging.LogManager$SystemLoggerContext@10eb0d9
      userContext = class java.util.logging.LogManager$LoggerContext@6320912e
      rootLogger = class java.util.logging.LogManager$RootLogger@6b350ac
      readPrimordialConfiguration = true
      initializedGlobalHandlers = true
      deathImminent = false
      initializedCalled = true
      initializationDone = true
      contextsMap = null
      loggerRefQueue = class java.lang.ref.ReferenceQueue@401b8e9e
      MAX_ITERATIONS = 400
      controlPermission = class java.util.logging.LoggingPermission@34e7663c
      loggingMXBean = null
      LOGGING_MXBEAN_NAME = "java.util.logging:type=Logging"
      $assertionsDisabled = true
    name = "com.ibm.ws.webcontainer.filter"
    handlers = class java.util.concurrent.CopyOnWriteArrayList@72779d64
      serialVersionUID = 8673264195747942595
      lock = class java.util.concurrent.locks.ReentrantLock@7c7ed471
      array = class java.lang.Object[0]
      UNSAFE = class sun.misc.Unsafe@1d8dfea5
      lockOffset = 12
    loggerBundle = class java.util.logging.Logger$LoggerBundle@553fc3e1
      resourceBundleName = "com.ibm.ws.webcontainer.resources.Messages"
      userBundle = null
    useParentHandlers = true
    filter = null
    anonymous = false
    catalog = class com.ibm.ws.webcontainer.resources.Messages@6eafa4b6
      resources = class [Ljava.lang.Object;[332]
      lookup = null
      INITIAL_CACHE_SIZE = 32
      NONEXISTENT_BUNDLE = class java.util.ResourceBundle$1@59decf95
      cacheList = class java.util.concurrent.ConcurrentHashMap@77a651a
      referenceQueue = class java.lang.ref.ReferenceQueue@7ef39606
      parent = null
      locale = class java.util.Locale@105601cd
      name = "com.ibm.ws.webcontainer.resources.Messages"
      expired = false
      cacheKey = class java.util.ResourceBundle$CacheKey@13bf2918
      keySet = null
      providers = null
      $assertionsDisabled = true
    catalogName = "com.ibm.ws.webcontainer.resources.Messages"
    catalogLocale = class java.util.Locale@5cab5cac
      LOCALECACHE = class java.util.Locale$Cache@52aba9e2
      ENGLISH = class java.util.Locale@7c328341
      FRENCH = class java.util.Locale@78fd1e7a
      GERMAN = class java.util.Locale@73e0fced
      ITALIAN = class java.util.Locale@7c8bafca
      JAPANESE = class java.util.Locale@144b1391
      KOREAN = class java.util.Locale@4d5d1ac
      CHINESE = class java.util.Locale@70a6524f
      SIMPLIFIED_CHINESE = class java.util.Locale@51f2466e
      TRADITIONAL_CHINESE = class java.util.Locale@1d69005a
      FRANCE = class java.util.Locale@371beaea
      GERMANY = class java.util.Locale@75edf26c
      ITALY = class java.util.Locale@36ef1b89
      JAPAN = class java.util.Locale@63d1a6de
      KOREA = class java.util.Locale@b755cf4
      CHINA = class java.util.Locale@51f2466e
      PRC = class java.util.Locale@51f2466e
      TAIWAN = class java.util.Locale@1d69005a
      UK = class java.util.Locale@1191a164
      US = class java.util.Locale@5cab5cac
      CANADA = class java.util.Locale@5fecc38c
      CANADA_FRENCH = class java.util.Locale@31e579f9
      ROOT = class java.util.Locale@105601cd
      PRIVATE_USE_EXTENSION = x
      UNICODE_LOCALE_EXTENSION = u
      serialVersionUID = 9149081749638150636
      DISPLAY_LANGUAGE = 0
      DISPLAY_COUNTRY = 1
      DISPLAY_VARIANT = 2
      DISPLAY_SCRIPT = 3
      baseLocale = class sun.util.locale.BaseLocale@c500822
      localeExtensions = null
      hashCodeValue = 96636889
      defaultLocale = class java.util.Locale@5cab5cac
      defaultDisplayLocale = null
      defaultFormatLocale = class java.util.Locale@5cab5cac
      languageTag = "en-US"
      serialPersistentFields = class java.io.ObjectStreamField[6]
      isoLanguages = null
      isoCountries = null
      $assertionsDisabled = true
    treeLock = class java.lang.Object@12f976e0
    parent = class com.ibm.ws.logging.internal.WsLogger@39728f95
      tc = class com.ibm.websphere.ras.TraceComponent@28589449
      ivCachedResourceBundleName = "com.ibm.ws.webcontainer.resources.Messages"
      ivCachedResourceBundle = class com.ibm.ws.webcontainer.resources.Messages@795f7e18
      ivComponent = null
      ivOrganization = null
      ivProduct = null
      ivMinimumLocalizationLevelIntValue = 625
      ivTC = class com.ibm.websphere.ras.TraceComponent@3ee696d8
      loggerRegistrationComponent = class java.lang.ThreadLocal@2f80036a
      emptyHandlers = class java.util.logging.Handler[0]
      offValue = 2147483647
      SYSTEM_LOGGER_RB_NAME = "sun.util.logging.resources.logging"
      SYSTEM_BUNDLE = class java.util.logging.Logger$LoggerBundle@23909ff4
      NO_RESOURCE_BUNDLE = class java.util.logging.Logger$LoggerBundle@681a7636
      manager = class com.ibm.ws.kernel.boot.logging.WsLogManager@472ea30c
      name = "com.ibm.ws.webcontainer"
      handlers = class java.util.concurrent.CopyOnWriteArrayList@583f8dc4
      loggerBundle = class java.util.logging.Logger$LoggerBundle@369b20e6
      useParentHandlers = true
      filter = null
      anonymous = false
      catalog = class com.ibm.ws.webcontainer.resources.Messages@795f7e18
      catalogName = "com.ibm.ws.webcontainer.resources.Messages"
      catalogLocale = class java.util.Locale@5cab5cac
      treeLock = class java.lang.Object@12f976e0
      parent = class java.util.logging.Logger@55de80da
      kids = class java.util.ArrayList@45a11728
      levelObject = class java.util.logging.Level@2aeb1619
      levelValue = 800
      callersClassLoaderRef = class java.lang.ref.WeakReference@64d89716
      isSystemLogger = false
      GLOBAL_LOGGER_NAME = "global"
      global = class java.util.logging.Logger@1da49c45
      $assertionsDisabled = true
    kids = null
    levelObject = class java.util.logging.Level@2aeb1619
      defaultBundle = "sun.util.logging.resources.logging"
      name = "INFO"
      value = 800
      resourceBundleName = "sun.util.logging.resources.logging"
      localizedLevelName = "INFO"
      cachedLocale = class java.util.Locale@5cab5cac
      OFF = class java.util.logging.Level@620bb993
      SEVERE = class java.util.logging.Level@424be2e3
      WARNING = class java.util.logging.Level@69f2bf19
      INFO = class java.util.logging.Level@2aeb1619
      CONFIG = class java.util.logging.Level@31ec2ffb
      FINE = class java.util.logging.Level@e94cf74
      FINER = class java.util.logging.Level@135578bf
      FINEST = class java.util.logging.Level@6fa307bb
      ALL = class java.util.logging.Level@3f607e43
      serialVersionUID = -8176160795706313070
    levelValue = 800
    callersClassLoaderRef = class java.lang.ref.WeakReference@2ca361d4
      referent = class org.eclipse.osgi.internal.loader.EquinoxClassLoader@a115acb
      queue = class java.lang.ref.ReferenceQueue$Null@6b610de2
      next = null
      discovered = null
      lock = class java.lang.ref.Reference$Lock@5cbc2a74
      pending = null
    isSystemLogger = false
    GLOBAL_LOGGER_NAME = "global"
    global = class java.util.logging.Logger@1da49c45
      emptyHandlers = class java.util.logging.Handler[0]
      offValue = 2147483647
      SYSTEM_LOGGER_RB_NAME = "sun.util.logging.resources.logging"
      SYSTEM_BUNDLE = class java.util.logging.Logger$LoggerBundle@23909ff4
      NO_RESOURCE_BUNDLE = class java.util.logging.Logger$LoggerBundle@681a7636
      manager = class com.ibm.ws.kernel.boot.logging.WsLogManager@472ea30c
      name = "global"
      handlers = class java.util.concurrent.CopyOnWriteArrayList@1ce40f5
      loggerBundle = class java.util.logging.Logger$LoggerBundle@681a7636
      useParentHandlers = true
      filter = null
      anonymous = false
      catalog = null
      catalogName = null
      catalogLocale = null
      treeLock = class java.lang.Object@12f976e0
      parent = class java.util.logging.Logger@55de80da
      kids = null
      levelObject = null
      levelValue = 800
      callersClassLoaderRef = null
      isSystemLogger = true
      GLOBAL_LOGGER_NAME = "global"
      global = class java.util.logging.Logger@1da49c45
      $assertionsDisabled = true
    $assertionsDisabled = true
  CLASS_NAME = "com.ibm.ws.webcontainer.filter.WebAppFilterManager"
  nls = class com.ibm.ejs.ras.TraceNLS@11770b05
    resolver = class com.ibm.ws.logging.internal.TraceNLSResolver@3a8fb756
      tc = class com.ibm.websphere.ras.TraceComponent@5049d8b2
      DEBUG_TRACE_NLS_PROPERTY = "com.ibm.ejs.ras.debugTraceNLSResolver"
      debugTraceNLSResolver = false
      makeNoise = false
      nullKey = "null"
      svNullBundleName = "Resource Bundle name is null, key = {0}"
      svBundleNotLoaded = "Unable to load ResourceBundle {0}"
      svNullKeyMessage = "Null key passed while using ResourceBundle {0}"
      svMalformedMessage = "No message text associated with key {0} in bundle {1}"
    finder = null
    ivBundleName = "com.ibm.ws.webcontainer.resources.Messages"
    caller = class java.lang.Class@2bdacd4b
      ANNOTATION = 8192
      ENUM = 16384
      SYNTHETIC = 4096
      cachedConstructor = null
      newInstanceCallerCache = null
      name = null
      allPermDomain = class java.security.ProtectionDomain@53a9386f
      useCaches = true
      reflectionData = class java.lang.ref.SoftReference@57dc44cd
      classRedefinedCount = 0
      genericInfo = null
      serialVersionUID = 3206093459760846163
      serialPersistentFields = class java.io.ObjectStreamField[0]
      reflectionFactory = class sun.reflect.ReflectionFactory@4f033486
      initted = true
      enumConstants = null
      enumConstantDirectory = null
      annotationData = class java.lang.Class$AnnotationData@149afd53
      annotationType = null
      classValueMap = null
  webAppConfig = class com.ibm.ws.webcontainer.osgi.webapp.WebAppConfiguration@4f5a5881
    webModuleMetaData = class com.ibm.ws.webcontainer.osgi.metadata.WebModuleMetaDataImpl@768bda89
    webComponentMetaData = class com.ibm.ws.webcontainer.osgi.metadata.WebComponentMetaDataImpl@367efaa6
    dVirtualHost = class com.ibm.ws.webcontainer.osgi.DynamicVirtualHost@20233350
      tc = class com.ibm.websphere.ras.TraceComponent@2a5ec842
      CLASS_NAME = "com.ibm.ws.webcontainer.osgi.DynamicVirtualHost"
      webContainerParent = class com.ibm.ws.webcontainer.osgi.WebContainer@1328d679
      dhostConfig = class com.ibm.ws.webcontainer.osgi.DynamicVirtualHostConfiguration@6bb8ba0c
      predefinedMatcher = null
      normalizeRequestURI = false
      logger = class com.ibm.ws.logging.internal.WsLogger@39728f95
      CLASS_NAME = "com.ibm.ws.webcontainer.VirtualHost"
      vHostConfig = class com.ibm.ws.webcontainer.osgi.DynamicVirtualHostConfiguration@6bb8ba0c
      commands = class java.util.ArrayList@2449eea7
      requestMapper = class com.ibm.wsspi.webcontainer.util.URIMapper@71076f49
      parent = class com.ibm.ws.webcontainer.osgi.WebContainer@1328d679
      name = "default_host"
      isAlive = true
      subElements = class java.util.HashMap@5f41c3bf
      attributes = null
      config = null
      serialVersionUID = -8271459000149267764
      $$$tc$$$ = class com.ibm.websphere.ras.TraceComponent@3eb9c5bd
    orderedLibPaths = class java.util.Collections$UnmodifiableRandomAccessList@7860dae2
    bundleHeaders = null
    cdiEnabled = false
    CLASS_NAME = "com.ibm.ws.webcontainer.webapp.WebAppConfiguration"
    logger = class com.ibm.ws.logging.internal.WsLogger@472f5092
    tc = class com.ibm.websphere.ras.TraceComponent@68aaf4c7
      strings[0] = "TraceComponent[com.ibm.ws.webcontainer.webapp.WebAppConfiguration,class com.ibm.ws.webcontainer.webapp.WebAppConfiguration,[webcontainer],com.ibm.ws.webcontainer.resources.LShimMessages,null]"
    nls = class com.ibm.ejs.ras.TraceNLS@40c3cbb0
      resolver = class com.ibm.ws.logging.internal.TraceNLSResolver@3a8fb756
      finder = null
      ivBundleName = "com.ibm.ws.webcontainer.resources.Messages"
      caller = class java.lang.Class@36bb31bb
    version = 30
    contextRoot = "/ChansyApp"
    sessionTimeout = 0
    moduleSessionTimeoutSet = false
    moduleSessionTrackingModeSet = false
    sessionCookieConfig = class com.ibm.ws.session.SessionCookieConfigImpl@683f9248
      comment = ""
      domain = ""
      maxAge = -1
      maxAgeSet = false
      name = "JSESSIONID"
      path = "/"
      httpOnly = true
      httpOnlySet = false
      secure = false
      secureSet = false
      contextInitialized = true
      externalCall = true
      programmaticChange = false
      nls = class com.ibm.ejs.ras.TraceNLS@7dae7dc8
    hasProgrammaticCookieConfig = false
    sessionDefaultTrackingModeSet = class java.util.RegularEnumSet@5add60f5
      serialVersionUID = 3411599620347842686
      elements = 1
      elementType = class java.lang.Class@7b0f5202
      universe = class javax.servlet.SessionTrackingMode[3]
      ZERO_LENGTH_ENUM_ARRAY = class java.lang.Enum[0]
      MAX_ARRAY_SIZE = 2147483639
    sessionManagerConfig = class com.ibm.ws.session.SessionManagerConfig@3584b4fc
      usingWebContainerSM = true
      useContextRootForSessionCookiePath = false
      usingMemory = true
      usingDatabase = false
      usingMemToMem = false
      enableUrlProtocolSwitchRewriting = false
      dcookieName = "SSLJSESSION"
      sipSessionCookieName = "ibmappid"
      inMemorySize = 1000
      enableOverflow = true
      sessionInvalidationTime = 1800
      integrateSec = true
      throwSecurityExceptionOnGetSessionFalse = true
      invalidateOnUnauthorizedSessionRequestException = false
      allowSerializedSessionAccess = false
      serializedSessionAccessMaxWaitTime = 0
      accessSessionOnTimeout = true
      JNDIDataSourceName = "jdbc/sample"
      sessionDBID = null
      sessionDBPWD = null
      rowSize = 4
      tableSpaceName = null
      usingMultirow = false
      drsSettings = null
      enableEOSWrite = true
      enableManualWrite = false
      enableTimeBasedWrite = false
      mPropertyWriterInterval = 120
      writeAllProperties = false
      scheduledInvalidation = false
      firstHour = 0
      secondHour = 0
      is_zOS = false
      serverId = "6f820886-6578-430d-998c-f1e7bcbbe482"
      cloneId = "6f820886-6578-430d-998c-f1e7bcbbe482"
      sacKey = "DEFAULT_SAC_KEY"
      cloneSeparator = :
      debugSessionCrossover = false
      cloneIdPropertySet = false
      expectedCloneIdsPropertySet = false
      expectedCloneIds = null
      idReuse = false
      reaperPollInterval = 156
      turnOffCacheId = false
      turnOffCloneId = false
      noAffinitySwitchBack = false
      maxSessionIdentifierLength = 1024
      sessUrlRewritePrefix = ";jsessionid="
      tableNameValue = null
      checkRecentlyInvalidList = true
      useOracleBlob = false
      usingCustomSchemaName = false
      trackGCCount = false
      hideSessionValues = true
      hideSessionValuesPropertySet = false
      doRemoteInvalidations = true
      zosBaseServerReplication = false
      servlet21SessionCompat = false
      cacheIdLength = 0
      sessionIDLength = 23
      trackingModes = class java.util.RegularEnumSet@308ce668
      privateSessionCookieName = "JSESSIONID"
      privateSessionCookieComment = ""
      privateSessionCookieDomain = ""
      privateSessionCookieMaxAge = -1
      privateSessionCookiePath = "/"
      privateSessionCookieSecure = false
      privateSessionCookieHttpOnly = true
      cookieConfig = class com.ibm.ws.session.SessionCookieConfigImpl@683f9248
      SIPConvergedHttpPort = 80
      SIPConvergedHttpsPort = 443
      SIPConvergedHostName = "localhost"
      optimizeCacheIdIncrements = false
      alwaysEncodeURL = false
      checkSessionCookieNameOnEncodeURL = false
      onlyCheckInCacheDuringPreInvoke = false
      enableHotFailover = true
      forceSessionInvalidationMultiple = 3
      persistSessionAfterPassivation = false
      usingApplicationSessionsAndInvalidateAll = false
      usingApplicationSessionsAlwaysRetrieve = false
      forceSessionIdLengthCheck = false
      securityUserIgnoreCase = false
      sessionTableSkipIndexCreation = false
      checkSessionNewOnIsValidRequest = true
      delayInvalidationAlarmDuringServerStartup = 0
      useSeparateSessionInvalidatorThreadPool = true
      connectionRetryCount = 2
    displayName = "ChansyApp-1.0-SNAPSHOT"
    description = null
    reloadInterval = 0
    distributable = false
    denyUncoveredHttpMethods = false
    reloadingEnabled = false
    serveServletsByClassnameEnabled = false
    defaultErrorPage = null
    additionalClassPath = null
    fileServingEnabled = null
    directoryBrowsingEnabled = false
    autoRequestEncoding = false
    autoResponseEncoding = false
    autoLoadFilters = false
    requestListeners = null
    requestAttributeListeners = null
    sessionListeners = null
    localeMap = null
    moduleName = "ChansyApp-1.0-SNAPSHOT"
    j2eeModuleName = "ChansyApp-1.0-SNAPSHOT"
    moduleId = null
    isSyncToThreadEnabled = false
    encodeDispatchedRequestURI = false
    isSystemApp = false
    ardEnabled = false
    ardDispatchType = null
    listeners = class java.util.ArrayList@6bc467b7
      serialVersionUID = 8683452581122892189
      DEFAULT_CAPACITY = 10
      EMPTY_ELEMENTDATA = class java.lang.Object[0]
      DEFAULTCAPACITY_EMPTY_ELEMENTDATA = class java.lang.Object[0]
      elementData = class java.lang.Object[0]
      size = 0
      MAX_ARRAY_SIZE = 2147483639
      modCount = 0
      MAX_ARRAY_SIZE = 2147483639
    welcomeFileList = class java.util.ArrayList@7ffd0555
      serialVersionUID = 8683452581122892189
      DEFAULT_CAPACITY = 10
      EMPTY_ELEMENTDATA = class java.lang.Object[0]
      DEFAULTCAPACITY_EMPTY_ELEMENTDATA = class java.lang.Object[0]
      elementData = class java.lang.Object[10]
      size = 3
      MAX_ARRAY_SIZE = 2147483639
      modCount = 1
      MAX_ARRAY_SIZE = 2147483639
    servletMappings = class java.util.HashMap@4e961897
      serialVersionUID = 362498820763181265
      DEFAULT_INITIAL_CAPACITY = 16
      MAXIMUM_CAPACITY = 1073741824
      DEFAULT_LOAD_FACTOR = 0.75
      TREEIFY_THRESHOLD = 8
      UNTREEIFY_THRESHOLD = 6
      MIN_TREEIFY_CAPACITY = 64
      table = class java.util.HashMap$Node[16]
      entrySet = null
      size = 2
      modCount = 2
      threshold = 12
      loadFactor = 0.75
      keySet = null
      values = null
    lastIndexBeforeDeclaredFilters = 0
    filterMappings = class java.util.ArrayList@5ea576ed
      serialVersionUID = 8683452581122892189
      DEFAULT_CAPACITY = 10
      EMPTY_ELEMENTDATA = class java.lang.Object[0]
      DEFAULTCAPACITY_EMPTY_ELEMENTDATA = class java.lang.Object[0]
      elementData = class java.lang.Object[0]
      size = 0
      MAX_ARRAY_SIZE = 2147483639
      modCount = 0
      MAX_ARRAY_SIZE = 2147483639
    servletInfo = class java.util.HashMap@16944b51
      serialVersionUID = 362498820763181265
      DEFAULT_INITIAL_CAPACITY = 16
      MAXIMUM_CAPACITY = 1073741824
      DEFAULT_LOAD_FACTOR = 0.75
      TREEIFY_THRESHOLD = 8
      UNTREEIFY_THRESHOLD = 6
      MIN_TREEIFY_CAPACITY = 64
      table = class java.util.HashMap$Node[16]
      entrySet = null
      size = 2
      modCount = 2
      threshold = 12
      loadFactor = 0.75
      keySet = class java.util.HashMap$KeySet@17ccbeb4
      values = class java.util.HashMap$Values@6f137d21
    filterInfo = class java.util.HashMap@1d4337b
      serialVersionUID = 362498820763181265
      DEFAULT_INITIAL_CAPACITY = 16
      MAXIMUM_CAPACITY = 1073741824
      DEFAULT_LOAD_FACTOR = 0.75
      TREEIFY_THRESHOLD = 8
      UNTREEIFY_THRESHOLD = 6
      MIN_TREEIFY_CAPACITY = 64
      table = null
      entrySet = null
      size = 0
      modCount = 0
      threshold = 0
      loadFactor = 0.75
      keySet = null
      values = class java.util.HashMap$Values@15ab27c2
    mimeMappings = class java.util.HashMap@7ff8d176
      serialVersionUID = 362498820763181265
      DEFAULT_INITIAL_CAPACITY = 16
      MAXIMUM_CAPACITY = 1073741824
      DEFAULT_LOAD_FACTOR = 0.75
      TREEIFY_THRESHOLD = 8
      UNTREEIFY_THRESHOLD = 6
      MIN_TREEIFY_CAPACITY = 64
      table = null
      entrySet = null
      size = 0
      modCount = 0
      threshold = 0
      loadFactor = 0.75
      keySet = null
      values = null
    mimeFilters = null
    isMimeFilteringEnabled = false
    theWebGroup = null
    jspAttributes = class java.util.HashMap@a1fc27a
      serialVersionUID = 362498820763181265
      DEFAULT_INITIAL_CAPACITY = 16
      MAXIMUM_CAPACITY = 1073741824
      DEFAULT_LOAD_FACTOR = 0.75
      TREEIFY_THRESHOLD = 8
      UNTREEIFY_THRESHOLD = 6
      MIN_TREEIFY_CAPACITY = 64
      table = null
      entrySet = null
      size = 0
      modCount = 0
      threshold = 0
      loadFactor = 0.75
      keySet = class java.util.HashMap$KeySet@1fae3810
      values = null
    fileServingAttributes = class java.util.HashMap@3e65ceab
      serialVersionUID = 362498820763181265
      DEFAULT_INITIAL_CAPACITY = 16
      MAXIMUM_CAPACITY = 1073741824
      DEFAULT_LOAD_FACTOR = 0.75
      TREEIFY_THRESHOLD = 8
      UNTREEIFY_THRESHOLD = 6
      MIN_TREEIFY_CAPACITY = 64
      table = null
      entrySet = null
      size = 0
      modCount = 0
      threshold = 0
      loadFactor = 0.75
      keySet = null
      values = null
    invokerAttributes = class java.util.HashMap@1e0a7df7
      serialVersionUID = 362498820763181265
      DEFAULT_INITIAL_CAPACITY = 16
      MAXIMUM_CAPACITY = 1073741824
      DEFAULT_LOAD_FACTOR = 0.75
      TREEIFY_THRESHOLD = 8
      UNTREEIFY_THRESHOLD = 6
      MIN_TREEIFY_CAPACITY = 64
      table = null
      entrySet = null
      size = 0
      modCount = 0
      threshold = 0
      loadFactor = 0.75
      keySet = null
      values = null
    contextParams = class java.util.HashMap@27407c21
      serialVersionUID = 362498820763181265
      DEFAULT_INITIAL_CAPACITY = 16
      MAXIMUM_CAPACITY = 1073741824
      DEFAULT_LOAD_FACTOR = 0.75
      TREEIFY_THRESHOLD = 8
      UNTREEIFY_THRESHOLD = 6
      MIN_TREEIFY_CAPACITY = 64
      table = null
      entrySet = null
      size = 0
      modCount = 0
      threshold = 0
      loadFactor = 0.75
      keySet = null
      values = null
    virtualHost = "default_host"
    exceptionErrorPages = class java.util.HashMap@53b876a1
      serialVersionUID = 362498820763181265
      DEFAULT_INITIAL_CAPACITY = 16
      MAXIMUM_CAPACITY = 1073741824
      DEFAULT_LOAD_FACTOR = 0.75
      TREEIFY_THRESHOLD = 8
      UNTREEIFY_THRESHOLD = 6
      MIN_TREEIFY_CAPACITY = 64
      table = null
      entrySet = null
      size = 0
      modCount = 0
      threshold = 0
      loadFactor = 0.75
      keySet = null
      values = null
    codeErrorPages = class java.util.HashMap@4338faeb
      serialVersionUID = 362498820763181265
      DEFAULT_INITIAL_CAPACITY = 16
      MAXIMUM_CAPACITY = 1073741824
      DEFAULT_LOAD_FACTOR = 0.75
      TREEIFY_THRESHOLD = 8
      UNTREEIFY_THRESHOLD = 6
      MIN_TREEIFY_CAPACITY = 64
      table = null
      entrySet = null
      size = 0
      modCount = 0
      threshold = 0
      loadFactor = 0.75
      keySet = null
      values = null
    tagLibList = null
    precompileJsps = false
    webApp = class com.ibm.ws.webcontainer31.osgi.webapp.WebApp31@386c73c8
    virtualHostList = class java.util.Collections$EmptyList@e10c2be
      serialVersionUID = 8842843931221139166
      modCount = 0
      MAX_ARRAY_SIZE = 2147483639
    appStartupWeight = 0
    moduleStartupWeight = 0
    metaDataComplete = false
    classesToScan = class java.util.ArrayList@2a151629
      serialVersionUID = 8683452581122892189
      DEFAULT_CAPACITY = 10
      EMPTY_ELEMENTDATA = class java.lang.Object[0]
      DEFAULTCAPACITY_EMPTY_ELEMENTDATA = class java.lang.Object[0]
      elementData = class java.lang.Object[0]
      size = 0
      MAX_ARRAY_SIZE = 2147483639
      modCount = 0
      MAX_ARRAY_SIZE = 2147483639
    uriFilterMappingInfos = null
    servletFilterMappingInfos = null
    dynamicServletRegistrationMap = null
    applicationName = "ChansyApp"
    libBinPathList = null
    webXmlDefinedListeners = class java.util.HashSet@3a8870b4
      serialVersionUID = -5024744406713321676
      map = class java.util.HashMap@7de8d07d
      PRESENT = class java.lang.Object@1f551817
      MAX_ARRAY_SIZE = 2147483639
    allRefs = class java.util.EnumMap@3e633aac
      keyType = class java.lang.Class@7dfccf1c
      keyUniverse = class com.ibm.wsspi.injectionengine.JNDIEnvironmentRefType[14]
      vals = class java.lang.Object[14]
      size = 0
      NULL = class java.util.EnumMap$1@270479e4
      ZERO_LENGTH_ENUM_ARRAY = class java.lang.Enum[0]
      entrySet = null
      serialVersionUID = 458661240069192865
      keySet = null
      values = null
    allRefBindings = class java.util.EnumMap@36ee0aec
      keyType = class java.lang.Class@7dfccf1c
      keyUniverse = class com.ibm.wsspi.injectionengine.JNDIEnvironmentRefType[14]
      vals = class java.lang.Object[14]
      size = 6
      NULL = class java.util.EnumMap$1@270479e4
      ZERO_LENGTH_ENUM_ARRAY = class java.lang.Enum[0]
      entrySet = null
      serialVersionUID = 458661240069192865
      keySet = null
      values = null
    envEntryValues = class java.util.HashMap@3448e646
      serialVersionUID = 362498820763181265
      DEFAULT_INITIAL_CAPACITY = 16
      MAXIMUM_CAPACITY = 1073741824
      DEFAULT_LOAD_FACTOR = 0.75
      TREEIFY_THRESHOLD = 8
      UNTREEIFY_THRESHOLD = 6
      MIN_TREEIFY_CAPACITY = 64
      table = null
      entrySet = null
      size = 0
      modCount = 0
      threshold = 0
      loadFactor = 0.75
      keySet = null
      values = null
    resourceRefConfigList = null
    disallowAllFileServingProp = "false"
    disallowServeServletsByClassnameProp = "true"
    disableStaticMappingCache = false
    jspCachedLocations = null
    primedSTSHeader = "NoValue"
    _id = "WebAppGeneratedId1"
    _attributes = null
    serialVersionUID = 7511545662945734886
    $$$tc$$$ = class com.ibm.websphere.ras.TraceComponent@54b70267
      strings[0] = "TraceComponent[com.ibm.ws.container.BaseConfiguration,class com.ibm.ws.container.BaseConfiguration,[],null,null]"
  webApp = class com.ibm.ws.webcontainer31.osgi.webapp.WebApp31@386c73c8
    tc = class com.ibm.websphere.ras.TraceComponent@55c00825
      strings[0] = "TraceComponent[com.ibm.ws.webcontainer31.osgi.webapp.WebApp31,class com.ibm.ws.webcontainer31.osgi.webapp.WebApp31,[webcontainer],com.ibm.ws.webcontainer31.resources.Messages,null]"
    CLASS_NAME = "com.ibm.ws.webcontainer31.osgi.webapp.WebApp31"
    servlet31NLS = class com.ibm.ejs.ras.TraceNLS@3e45bd9a
      resolver = class com.ibm.ws.logging.internal.TraceNLSResolver@3a8fb756
      finder = null
      ivBundleName = "com.ibm.ws.webcontainer31.resources.Messages"
      caller = class java.lang.Class@78653509
    validListenerClasses = class java.lang.Class[7]
      validListenerClasses[0] = class java.lang.Class@65234bde
      validListenerClasses[1] = class java.lang.Class@4f69fe0f
      validListenerClasses[2] = class java.lang.Class@2061d5
      validListenerClasses[3] = class java.lang.Class@1757818
      validListenerClasses[4] = class java.lang.Class@7ef7ae53
      validListenerClasses[5] = class java.lang.Class@7eeebe04
      validListenerClasses[6] = class java.lang.Class@7d4346c5
    wsocServHandler = null
    tc = class com.ibm.websphere.ras.TraceComponent@2426de5f
      strings[0] = "TraceComponent[com.ibm.ws.webcontainer.osgi.webapp.WebApp,class com.ibm.ws.webcontainer.osgi.webapp.WebApp,[webcontainer],com.ibm.ws.webcontainer.resources.LShimMessages,null]"
    CLASS_NAME = "com.ibm.ws.webcontainer.osgi.webapp.WebApp"
    metaDataService = class com.ibm.ws.container.service.metadata.internal.MetaDataServiceImpl@da8da9d
      applicationMetaDataManager = class com.ibm.ws.container.service.metadata.internal.ApplicationMetaDataManager@7ac55209
      moduleMetaDataManager = class com.ibm.ws.container.service.metadata.internal.ModuleMetaDataManager@60175d9d
      componentMetaDataManager = class com.ibm.ws.container.service.metadata.internal.ComponentMetaDataManager@784a4e25
      methodMetaDataManager = class com.ibm.ws.container.service.metadata.internal.MethodMetaDataManager@277debf4
      appModuleNameToModuleContainer = class java.util.concurrent.ConcurrentHashMap@77f8a008
      jeeNameToComponentMetaData = class java.util.concurrent.ConcurrentHashMap@2d59f0df
      deferredMetaDataFactories = class com.ibm.wsspi.kernel.service.utils.ConcurrentServiceReferenceSet@7c8b837
      deferredMetaDataInitializers = class com.ibm.wsspi.kernel.service.utils.ConcurrentServiceReferenceMap@4f22d171
      serialVersionUID = -2494605732980966097
      $$$tc$$$ = class com.ibm.websphere.ras.TraceComponent@ae60489
    namespacePopulated = false
    referenceContext = class com.ibm.ws.injectionengine.osgi.internal.OSGiReferenceContextImpl@fbde02e
      scopeData = class com.ibm.ws.injectionengine.osgi.internal.OSGiInjectionScopeData@41867d0b
      serialVersionUID = 521511923892134915
      $$$tc$$$ = class com.ibm.websphere.ras.TraceComponent@78b6aeca
      CLASS_NAME = "com.ibm.ws.injectionengine.ReferenceContextImpl"
      tc = class com.ibm.ejs.ras.TraceComponent@31de6d61
      ivInjectionEngine = class com.ibm.ws.injectionengine.osgi.internal.OSGiInjectionEngineImpl@4d52aef2
      ivProviders = class java.util.ArrayList@e61a26e
      ivComponentJavaContext = null
      ivComponentNameSpace = null
      ivJavaColonCompEnvMap = class java.util.LinkedHashMap@6a707947
      ivEjbContext10 = class java.util.Properties@794636ee
      ivResourceRefConfigList = null
      isAlreadyProcessed = true
      ivProcessFailure = null
      ivInjectionTargetMap = class java.util.concurrent.ConcurrentHashMap@213b220a
      ivDeclaredInjectionTargets = class java.util.HashMap@22ca8691
      ivProcessedInjectionClasses = class java.util.HashSet@4b1969ce
      ivProcessedInjectionBindings = class java.util.ArrayList@3a0c705
      ivAnyProcessDynamic = false
      ivCheckAppConfig = false
    j2eeNameFactory = class com.ibm.ws.container.service.metadata.internal.J2EENameFactoryImpl@1e921fdf
      serialVersionUID = 3486344295038028821
      $$$tc$$$ = class com.ibm.websphere.ras.TraceComponent@151f9275
    moduleLoader = class com.ibm.ws.classloading.internal.AppClassLoader@54d70f74
      tc = class com.ibm.websphere.ras.TraceComponent@418b191b
      PARENT_FIRST_SEARCH_ORDER = class java.util.Collections$UnmodifiableRandomAccessList@2f693521
      CLASS_LOADING_TRACE_PREFIX = "com.ibm.ws.class.load."
      DEFAULT_PACKAGE = "default.package"
      perPackageClassLoadingTraceComponents = class java.util.concurrent.ConcurrentHashMap@9fd444c
      config = class com.ibm.ws.classloading.internal.ClassLoaderConfigurationImpl@65f946e5
      privateLibraries = null
      delegateLoaders = class com.ibm.ws.classloading.internal.util.CompositeIterable@1f1187b8
      nativeLibraryFiles = class java.util.ArrayList@79b77946
      transformers = class java.util.ArrayList@1a0b8d18
      apiAccess = class com.ibm.ws.classloading.internal.GatewayClassLoader@228d9377
      generator = class com.ibm.ws.classloading.internal.ClassGeneratorManager@35ea2ed2
      protectionDomains = class java.util.concurrent.ConcurrentHashMap@26554390
      parent = class com.ibm.ws.classloading.internal.GatewayClassLoader@228d9377
      serialVersionUID = -2240525179349384666
      tc = class com.ibm.websphere.ras.TraceComponent@71b58eb7
      EMPTY_URL_ARRAY = class java.net.URL[0]
      smartClassPath = class com.ibm.ws.classloading.internal.ContainerClassLoader$SmartClassPathImpl@22cf419d
      nativeLibraryContainers = class java.util.ArrayList@463767a8
      redefiner = class com.ibm.ws.classloading.internal.util.ClassRedefiner@4a72e53d
      mapCreationQueue = class java.util.concurrent.Executors$FinalizableDelegatedExecutorService@7db5d7ed
      serialVersionUID = 7249739282446266343
      serialVersionUID = -7411549862368381758
      $$$tc$$$ = class com.ibm.websphere.ras.TraceComponent@297b7b6e
      serialVersionUID = -4868702105808481416
      $$$tc$$$ = class com.ibm.websphere.ras.TraceComponent@57620662
      serialVersionUID = 2596921220292114344
      $$$tc$$$ = class com.ibm.websphere.ras.TraceComponent@19ba3809
      initialized = true
      pdcache = class java.util.HashMap@58d99b45
      debug = null
      parent = class com.ibm.ws.classloading.internal.GatewayClassLoader@228d9377
      parallelLockMap = null
      package2certs = class java.util.Hashtable@55fd66e
      nocerts = class java.security.cert.Certificate[0]
      classes = class java.util.Vector@56866397
      defaultDomain = class java.security.ProtectionDomain@66b0ee2
      domains = class java.util.HashSet@127caed9
      packages = class java.util.HashMap@696bf65e
      scl = class sun.misc.Launcher$AppClassLoader@18b4aac2
      sclSet = true
      loadedLibraryNames = class java.util.Vector@5d55690f
      systemNativeLibraries = class java.util.Vector@309c37cc
      nativeLibraries = class java.util.Vector@c14ba3f
      nativeLibraryContext = class java.util.Stack@73ef64a5
      usr_paths = class java.lang.String[32]
      sys_paths = class java.lang.String[1]
      assertionLock = class com.ibm.ws.classloading.internal.AppClassLoader@54d70f74
      defaultAssertionStatus = false
      packageAssertionStatus = null
      classAssertionStatus = null
    webAppConfig = class com.ibm.ws.webcontainer.osgi.webapp.WebAppConfiguration@4f5a5881
    extensionProcessingDisabled = false
    managedObjectService = class com.ibm.ws.managedobject.internal.ManagedObjectServiceImpl@7d8159f8
      serialVersionUID = 2287241231190391755
      $$$tc$$$ = class com.ibm.websphere.ras.TraceComponent@5e83f09a
    GenPluginCfgMB = null
    internalServletMetaData = interface com.ibm.wsspi.webcontainer.metadata.WebComponentMetaData[2]
      internalServletMetaData[0] = null
      internalServletMetaData[1] = null
    loginProcessor = null
    logoutProcessor = null
    collabHelper = class com.ibm.ws.webcontainer.osgi.collaborator.CollaboratorHelperImpl@16729431
    envObject = class com.ibm.ws.util.WSThreadLocal@238ceacc
      tc = class com.ibm.ejs.ras.TraceComponent@48f807cd
      count = 4
      index = 1
      SUSPECTED_MISUSAGE_THRESHOLD = 200
      threadLocalHashCode = -29825714
      nextHashCode = class java.util.concurrent.atomic.AtomicInteger@81c98c9
      HASH_INCREMENT = 1640531527
    orderedLibPaths = class java.util.Collections$UnmodifiableRandomAccessList@7860dae2
      serialVersionUID = -2542308836966382001
      serialVersionUID = -283967356065247728
      list = class java.util.ArrayList@69ef828c
      serialVersionUID = 1820017752578914078
      c = class java.util.ArrayList@69ef828c
    perm = class com.ibm.websphere.security.WebSphereRuntimePermission@64b79314
      serialVersionUID = -3306242789188168337
      $$$tc$$$ = class com.ibm.websphere.ras.TraceComponent@257a9dbb
      serialVersionUID = 6279438298436773498
      wildcard = false
      path = "accessServletContext"
      exitVM = false
      serialVersionUID = -5636570222231596674
      name = "accessServletContext"
    WELCOME_FILE_LIST = "com.ibm.ws.webcontainer.config.WelcomeFileList"
    DIR_BROWSING_MAPPING = "__dirBrowsing__1489589103733"
    FILTER_PROXY_MAPPING = "/__filterProxy__1489589103733"
    logger = class com.ibm.ws.logging.internal.WsLogger@472f5092
      tc = class com.ibm.websphere.ras.TraceComponent@28589449
      ivCachedResourceBundleName = null
      ivCachedResourceBundle = null
      ivComponent = null
      ivOrganization = null
      ivProduct = null
      ivMinimumLocalizationLevelIntValue = 625
      ivTC = class com.ibm.websphere.ras.TraceComponent@3f11ba91
      loggerRegistrationComponent = class java.lang.ThreadLocal@2f80036a
      emptyHandlers = class java.util.logging.Handler[0]
      offValue = 2147483647
      SYSTEM_LOGGER_RB_NAME = "sun.util.logging.resources.logging"
      SYSTEM_BUNDLE = class java.util.logging.Logger$LoggerBundle@23909ff4
      NO_RESOURCE_BUNDLE = class java.util.logging.Logger$LoggerBundle@681a7636
      manager = class com.ibm.ws.kernel.boot.logging.WsLogManager@472ea30c
      name = "com.ibm.ws.webcontainer.webapp"
      handlers = class java.util.concurrent.CopyOnWriteArrayList@6bf7665a
      loggerBundle = class java.util.logging.Logger$LoggerBundle@2b3b142e
      useParentHandlers = true
      filter = null
      anonymous = false
      catalog = class com.ibm.ws.webcontainer.resources.Messages@795f7e18
      catalogName = "com.ibm.ws.webcontainer.resources.Messages"
      catalogLocale = class java.util.Locale@5cab5cac
      treeLock = class java.lang.Object@12f976e0
      parent = class com.ibm.ws.logging.internal.WsLogger@39728f95
      kids = null
      levelObject = class java.util.logging.Level@2aeb1619
      levelValue = 800
      callersClassLoaderRef = class java.lang.ref.WeakReference@3506c3c6
      isSystemLogger = false
      GLOBAL_LOGGER_NAME = "global"
      global = class java.util.logging.Logger@1da49c45
      $assertionsDisabled = true
    CLASS_NAME = "com.ibm.ws.webcontainer.webapp.WebApp"
    loader = class com.ibm.ws.classloading.internal.ThreadContextClassLoader@1445e0d9
      tc = class com.ibm.websphere.ras.TraceComponent@7a45a4ad
      bundle = class java.util.concurrent.atomic.AtomicReference@83148cf
      key = "WebModule:ChansyApp#ChansyApp-1.0-SNAPSHOT"
      refCount = class java.util.concurrent.atomic.AtomicInteger@6fd58c06
      appLoader = class com.ibm.ws.classloading.internal.AppClassLoader@54d70f74
      serialVersionUID = 7093379526360135425
      followOnClassLoaders = class java.util.ArrayList@55c3b535
      serialVersionUID = -5107316606107305512
      $$$tc$$$ = class com.ibm.websphere.ras.TraceComponent@158c1e57
      serialVersionUID = -4868702105808481416
      $$$tc$$$ = class com.ibm.websphere.ras.TraceComponent@57620662
      serialVersionUID = 2596921220292114344
      $$$tc$$$ = class com.ibm.websphere.ras.TraceComponent@19ba3809
      initialized = true
      pdcache = class java.util.HashMap@1315577f
      debug = null
      parent = class com.ibm.ws.classloading.internal.GatewayClassLoader@6d5e329
      parallelLockMap = null
      package2certs = class java.util.Hashtable@5b373235
      nocerts = class java.security.cert.Certificate[0]
      classes = class java.util.Vector@3ba2b449
      defaultDomain = class java.security.ProtectionDomain@28a8a188
      domains = class java.util.HashSet@113fa54d
      packages = class java.util.HashMap@73fb9bc5
      scl = class sun.misc.Launcher$AppClassLoader@18b4aac2
      sclSet = true
      loadedLibraryNames = class java.util.Vector@5d55690f
      systemNativeLibraries = class java.util.Vector@309c37cc
      nativeLibraries = class java.util.Vector@5c65f95f
      nativeLibraryContext = class java.util.Stack@73ef64a5
      usr_paths = class java.lang.String[32]
      sys_paths = class java.lang.String[1]
      assertionLock = class com.ibm.ws.classloading.internal.ThreadContextClassLoader@1445e0d9
      defaultAssertionStatus = false
      packageAssertionStatus = null
      classAssertionStatus = null
    facade = class com.ibm.ws.webcontainer31.facade.ServletContextFacade31@3310831
      context = class com.ibm.ws.webcontainer31.osgi.webapp.WebApp31@386c73c8
    features = class java.util.ArrayList@7df8657f
      serialVersionUID = 8683452581122892189
      DEFAULT_CAPACITY = 10
      EMPTY_ELEMENTDATA = class java.lang.Object[0]
      DEFAULTCAPACITY_EMPTY_ELEMENTDATA = class java.lang.Object[0]
      elementData = class java.lang.Object[0]
      size = 0
      MAX_ARRAY_SIZE = 2147483639
      modCount = 0
      MAX_ARRAY_SIZE = 2147483639
    applicationName = "ChansyApp"
    config = class com.ibm.ws.webcontainer.osgi.webapp.WebAppConfiguration@4f5a5881
    securityEnabledForApp = false
    webExtensionProcessor = class com.ibm.ws.webcontainer.osgi.extension.WebExtensionProcessor@258f66e7
      webApp = class com.ibm.ws.webcontainer31.osgi.webapp.WebApp31@386c73c8
      extensionContext = class com.ibm.ws.webcontainer31.osgi.webapp.WebApp31@386c73c8
    production = true
    isServlet23 = true
    contextPath = "/ChansyApp"
    internalServletList = class [Ljava.lang.String;[2]
      internalServletList[0] = class java.lang.String[2]
      internalServletList[1] = class java.lang.String[2]
    BY_NAME_ONLY = "/_1489589103734_/"
    filterManager = class com.ibm.ws.webcontainer.osgi.filter.WebAppFilterManagerImpl@7121d514
    documentRoot = null
    SERVLET_API_VERSION = "Servlet 2.5"
    disableServletAuditLogging = -1
    serverInfo = "IBM WebSphere Liberty/16.0.0.4"
    sessionCtx = class com.ibm.ws.webcontainer31.session.impl.HttpSessionContext31Impl@1362fab6
      methodClassName = "HttpSessionContextImpl"
      _smc = class com.ibm.ws.session.SessionManagerConfig@3584b4fc
      sessionStoreService = null
      _sap = class com.ibm.ws.session.SessionApplicationParameters@22c6aec8
      _coreHttpSessionManager = class com.ibm.ws.session.SessionManager@6141c0d8
      _coreHttpAppSessionManager = null
      _sam = class com.ibm.ws.webcontainer.session.impl.SessionAffinityManagerImpl@6fbefbbe
      isSIPApplication = false
      sessionAttributeListener = false
      sessionListener = false
      mHttpSessionAttributeListeners = class java.util.ArrayList@41100bc0
      mHttpSessionListeners = class java.util.ArrayList@56b74dc4
      mHttpSessionIdListeners = class java.util.ArrayList@399f10ca
      mHttpSessionAttributeListenersJ2eeNames = class java.util.ArrayList@21646f4c
      mHttpSessionListenersJ2eeNames = class java.util.ArrayList@606b2eab
      mHttpSessionIdListenersJ2eeNames = class java.util.ArrayList@cde960f
      mLocalHost = null
      _refCount = 1
      currentThreadSacHashtable = null
      methodClassName = "SessionContext"
      ANONYMOUS_USER = "anonymous"
      wasHttpSessionObserver = class com.ibm.ws.session.WasHttpSessionObserver@4d86ce1e
      wasHttpSessionAttributeObserver = null
      _invalidator = class com.ibm.ws.session.SessionInvalidatorWithThreadPool@4f9ad6ed
      _storer = class com.ibm.ws.session.EOSSessionStorer@76bdb7c3
      wasHttpAppSessionObserver = null
      mHttpAppSessionListeners = null
      cmvcInfo = "CMVC Version 1.9 6/24/07 11:12:24"
      _loggedVersion = true
      CREATE_CORE_SESSION_MANAGER = 0
      GET_REQUESTED_SESSION_ID = 1
      GET_IHTTP_SESSION = 2
      SESSION_PRE_INVOKE = 3
      SESSION_POST_INVOKE = 4
      STOP = 5
      STOP_LISTENERS = 6
      IS_VALID = 7
      ENCODE_URL = 8
      SHOULD_ENCODE_URL = 9
      IS_PROTOCOL_SWITCH = 10
      GET_LOCAL_HOST = 11
      ADD_HTTP_SESSION_ATTRIBUTE_LISTENER = 12
      ADD_HTTP_SESSION_LISTENER = 13
      GET_SESSION_AFFINITY_CONTEXT = 14
      CHECK_SECURITY = 15
      INVALIDATE = 16
      CHECK_SESSSIONID_IS_RIGHT_LENGTH = 17
      LOCK_SESSION = 18
      UNLOCK_SESSION = 19
      ADD_HTTP_SESSION_ID_LISTENER = 20
      methodNames = class java.lang.String[21]
    eventSource = class com.ibm.ws.webcontainer.webapp.WebAppEventSource@342f330e
    nls = class com.ibm.ejs.ras.TraceNLS@2d8fa638
      resolver = class com.ibm.ws.logging.internal.TraceNLSResolver@3a8fb756
      finder = null
      ivBundleName = "com.ibm.ws.webcontainer.resources.Messages"
      caller = class java.lang.Class@411c44f4
    liberty_nls = class com.ibm.ejs.ras.TraceNLS@73e95530
      resolver = class com.ibm.ws.logging.internal.TraceNLSResolver@3a8fb756
      finder = null
      ivBundleName = "com.ibm.ws.webcontainer.resources.LShimMessages"
      caller = class java.lang.Class@411c44f4
    error_nls = class com.ibm.ejs.ras.TraceNLS@2368b370
      resolver = class com.ibm.ws.logging.internal.TraceNLSResolver@3a8fb756
      finder = null
      ivBundleName = "com.ibm.ws.webcontainer.resources.ErrorPage"
      caller = class java.lang.Class@411c44f4
    sessionListeners = class java.util.ArrayList@275b4ae1
      serialVersionUID = 8683452581122892189
      DEFAULT_CAPACITY = 10
      EMPTY_ELEMENTDATA = class java.lang.Object[0]
      DEFAULTCAPACITY_EMPTY_ELEMENTDATA = class java.lang.Object[0]
      elementData = class java.lang.Object[0]
      size = 0
      MAX_ARRAY_SIZE = 2147483639
      modCount = 1
      MAX_ARRAY_SIZE = 2147483639
    sessionIdListeners = class java.util.ArrayList@77358654
      serialVersionUID = 8683452581122892189
      DEFAULT_CAPACITY = 10
      EMPTY_ELEMENTDATA = class java.lang.Object[0]
      DEFAULTCAPACITY_EMPTY_ELEMENTDATA = class java.lang.Object[0]
      elementData = class java.lang.Object[0]
      size = 0
      MAX_ARRAY_SIZE = 2147483639
      modCount = 0
      MAX_ARRAY_SIZE = 2147483639
    sessionAttrListeners = class java.util.ArrayList@4e4c1d57
      serialVersionUID = 8683452581122892189
      DEFAULT_CAPACITY = 10
      EMPTY_ELEMENTDATA = class java.lang.Object[0]
      DEFAULTCAPACITY_EMPTY_ELEMENTDATA = class java.lang.Object[0]
      elementData = class java.lang.Object[0]
      size = 0
      MAX_ARRAY_SIZE = 2147483639
      modCount = 1
      MAX_ARRAY_SIZE = 2147483639
    addedSessionListeners = class java.util.ArrayList@28d9d4dd
      serialVersionUID = 8683452581122892189
      DEFAULT_CAPACITY = 10
      EMPTY_ELEMENTDATA = class java.lang.Object[0]
      DEFAULTCAPACITY_EMPTY_ELEMENTDATA = class java.lang.Object[0]
      elementData = class java.lang.Object[0]
      size = 0
      MAX_ARRAY_SIZE = 2147483639
      modCount = 0
      MAX_ARRAY_SIZE = 2147483639
    addedSessionAttrListeners = class java.util.ArrayList@55a89f65
      serialVersionUID = 8683452581122892189
      DEFAULT_CAPACITY = 10
      EMPTY_ELEMENTDATA = class java.lang.Object[0]
      DEFAULTCAPACITY_EMPTY_ELEMENTDATA = class java.lang.Object[0]
      elementData = class java.lang.Object[0]
      size = 0
      MAX_ARRAY_SIZE = 2147483639
      modCount = 0
      MAX_ARRAY_SIZE = 2147483639
    servletContextListeners = class java.util.ArrayList@e74b4a2
      serialVersionUID = 8683452581122892189
      DEFAULT_CAPACITY = 10
      EMPTY_ELEMENTDATA = class java.lang.Object[0]
      DEFAULTCAPACITY_EMPTY_ELEMENTDATA = class java.lang.Object[0]
      elementData = class java.lang.Object[0]
      size = 0
      MAX_ARRAY_SIZE = 2147483639
      modCount = 1
      MAX_ARRAY_SIZE = 2147483639
    servletContextLAttrListeners = class java.util.ArrayList@20fca69e
      serialVersionUID = 8683452581122892189
      DEFAULT_CAPACITY = 10
      EMPTY_ELEMENTDATA = class java.lang.Object[0]
      DEFAULTCAPACITY_EMPTY_ELEMENTDATA = class java.lang.Object[0]
      elementData = class java.lang.Object[0]
      size = 0
      MAX_ARRAY_SIZE = 2147483639
      modCount = 1
      MAX_ARRAY_SIZE = 2147483639
    servletRequestListeners = class java.util.ArrayList@4665f160
      serialVersionUID = 8683452581122892189
      DEFAULT_CAPACITY = 10
      EMPTY_ELEMENTDATA = class java.lang.Object[0]
      DEFAULTCAPACITY_EMPTY_ELEMENTDATA = class java.lang.Object[0]
      elementData = class java.lang.Object[0]
      size = 0
      MAX_ARRAY_SIZE = 2147483639
      modCount = 1
      MAX_ARRAY_SIZE = 2147483639
    servletRequestLAttrListeners = class java.util.ArrayList@57271d7e
      serialVersionUID = 8683452581122892189
      DEFAULT_CAPACITY = 10
      EMPTY_ELEMENTDATA = class java.lang.Object[0]
      DEFAULTCAPACITY_EMPTY_ELEMENTDATA = class java.lang.Object[0]
      elementData = class java.lang.Object[0]
      size = 0
      MAX_ARRAY_SIZE = 2147483639
      modCount = 1
      MAX_ARRAY_SIZE = 2147483639
    prependSlashToResource = false
    destroyed = false
    webAppNameSpaceCollab = class com.ibm.ws.webcontainer.osgi.collaborator.WebAppNameSpaceCollaboratorImpl@2af4d9
    txCollab = class com.ibm.ws.webcontainer.collaborator.WebAppTransactionCollaborator@6dd758de
    sessionActivationListeners = class java.util.ArrayList@7cdd629c
      serialVersionUID = 8683452581122892189
      DEFAULT_CAPACITY = 10
      EMPTY_ELEMENTDATA = class java.lang.Object[0]
      DEFAULTCAPACITY_EMPTY_ELEMENTDATA = class java.lang.Object[0]
      elementData = class java.lang.Object[0]
      size = 0
      MAX_ARRAY_SIZE = 2147483639
      modCount = 1
      MAX_ARRAY_SIZE = 2147483639
    sessionBindingListeners = class java.util.ArrayList@3950f3cf
      serialVersionUID = 8683452581122892189
      DEFAULT_CAPACITY = 10
      EMPTY_ELEMENTDATA = class java.lang.Object[0]
      DEFAULTCAPACITY_EMPTY_ELEMENTDATA = class java.lang.Object[0]
      elementData = class java.lang.Object[0]
      size = 0
      MAX_ARRAY_SIZE = 2147483639
      modCount = 1
      MAX_ARRAY_SIZE = 2147483639
    scratchdir = null
    jspClassLoaderLimit = 0
    jspClassLoaderExclusionList = null
    jspClassLoadersMap = null
    jspClassLoaderLimitTrackIF = false
    defaultExtProc = null
    directoryBrowsingServlet = null
    cdiContexts = class java.util.concurrent.ConcurrentHashMap@50d7eb74
      serialVersionUID = 7249069246763182397
      MAXIMUM_CAPACITY = 1073741824
      DEFAULT_CAPACITY = 16
      MAX_ARRAY_SIZE = 2147483639
      DEFAULT_CONCURRENCY_LEVEL = 16
      LOAD_FACTOR = 0.75
      TREEIFY_THRESHOLD = 8
      UNTREEIFY_THRESHOLD = 6
      MIN_TREEIFY_CAPACITY = 64
      MIN_TRANSFER_STRIDE = 16
      RESIZE_STAMP_BITS = 16
      MAX_RESIZERS = 65535
      RESIZE_STAMP_SHIFT = 16
      MOVED = -1
      TREEBIN = -2
      RESERVED = -3
      HASH_BITS = 2147483647
      NCPU = 4
      serialPersistentFields = class java.io.ObjectStreamField[3]
      table = null
      nextTable = null
      baseCount = 0
      sizeCtl = 0
      transferIndex = 0
      cellsBusy = 0
      counterCells = null
      keySet = null
      values = null
      entrySet = null
      U = class sun.misc.Unsafe@1d8dfea5
      SIZECTL = 20
      TRANSFERINDEX = 32
      BASECOUNT = 24
      CELLSBUSY = 36
      CELLVALUE = 144
      ABASE = 16
      ASHIFT = 2
      keySet = null
      values = null
    moduleConfig = class com.ibm.ws.webcontainer.osgi.container.DeployedModule@3f74c0fd
      tc = class com.ibm.websphere.ras.TraceComponent@7b5780fb
      loader = class com.ibm.ws.classloading.internal.ThreadContextClassLoader@1445e0d9
      webApp = class com.ibm.ws.webcontainer31.osgi.webapp.WebApp31@386c73c8
      webAppConfig = class com.ibm.ws.webcontainer.osgi.webapp.WebAppConfiguration@4f5a5881
      contextRootAdded = null
      properContextRoot = "/ChansyApp"
      mappingContextRoot = "/ChansyApp/*"
      serialVersionUID = -2104814060051592457
      $$$tc$$$ = class com.ibm.websphere.ras.TraceComponent@edc59d1
    extensionFactories = class java.util.ArrayList@282a8c0d
      serialVersionUID = 8683452581122892189
      DEFAULT_CAPACITY = 10
      EMPTY_ELEMENTDATA = class java.lang.Object[0]
      DEFAULTCAPACITY_EMPTY_ELEMENTDATA = class java.lang.Object[0]
      elementData = class java.lang.Object[0]
      size = 0
      MAX_ARRAY_SIZE = 2147483639
      modCount = 0
      MAX_ARRAY_SIZE = 2147483639
    initialized = true
    lock = class com.ibm.ws.webcontainer.webapp.WebApp$1@165adc4c
      this$0 = class com.ibm.ws.webcontainer31.osgi.webapp.WebApp31@386c73c8
    afterServletContextCreated = false
    redirectContextRoot = false
    errorExceptionTypeFirst = false
    initFilterBeforeServletInit = false
    sortedServletConfigs = class java.util.ArrayList@793919b8
      serialVersionUID = 8683452581122892189
      DEFAULT_CAPACITY = 10
      EMPTY_ELEMENTDATA = class java.lang.Object[0]
      DEFAULTCAPACITY_EMPTY_ELEMENTDATA = class java.lang.Object[0]
      elementData = class java.lang.Object[10]
      size = 2
      MAX_ARRAY_SIZE = 2147483639
      modCount = 2
      MAX_ARRAY_SIZE = 2147483639
    effectiveMajorVersion = 3
    effectiveMinorVersion = 0
    canAddServletContextListener = true
    withinContextInitOfProgAddListener = false
    lastProgAddListenerInitialized = null
    webInfLibClassloader = null
    metaInfCache = class com.ibm.ws.webcontainer.webapp.WebApp$2@60d35d4a
      this$0 = class com.ibm.ws.webcontainer31.osgi.webapp.WebApp31@386c73c8
      serialVersionUID = 3801124242820219131
      head = null
      tail = null
      accessOrder = true
      serialVersionUID = 362498820763181265
      DEFAULT_INITIAL_CAPACITY = 16
      MAXIMUM_CAPACITY = 1073741824
      DEFAULT_LOAD_FACTOR = 0.75
      TREEIFY_THRESHOLD = 8
      UNTREEIFY_THRESHOLD = 6
      MIN_TREEIFY_CAPACITY = 64
      table = null
      entrySet = null
      size = 0
      modCount = 0
      threshold = 32
      loadFactor = 1.0
      keySet = null
      values = null
    useMetaInfCache = true
    SUN_CONFIGURE_LISTENER_CLASSNAME = "com.sun.faces.config.ConfigureListener"
    MYFACES_LIFECYCLE_LISTENER_CLASSNAME = "org.apache.myfaces.webapp.StartupServletContextListener"
    JSF_IMPL_ENABLED_PARAM = "com.ibm.ws.jsf.JSF_IMPL_ENABLED"
    JSF_IMPL_ENABLED_CUSTOM = "Custom"
    JSF_IMPL_ENABLED_NONE = "None"
    staticDocRoot = class com.ibm.ws.webcontainer.util.DocumentRootUtils@1c65ffb9
      logger = class com.ibm.ws.logging.internal.WsLogger@3ccfbed
      CLASS_NAME = "com.ibm.ws.webcontainer.util.DocumentRootUtils"
      useContentLength = false
      matchedFile = null
      matchedZipFile = null
      matchedEntry = null
      matchedURL = null
      edrRoot = null
      pfedrRoot = null
      ctxt = class com.ibm.ws.webcontainer31.osgi.webapp.WebApp31@386c73c8
      baseDir = null
      edr = null
      pfedr = null
      metaInfRes = null
      searchpfEDR = true
      searchEDR = true
      searchMetaInfRes = true
      matchFromEDR = false
      matchFromMetaInfRes = false
      matchIsADirectory = false
      appConfig = class com.ibm.ws.webcontainer.osgi.webapp.WebAppConfiguration@4f5a5881
      attributeType = "staticFile"
      STATIC_FILE = "staticFile"
      JSP = "jsp"
      PFEDR = "preFragmentExtendedDocumentRoot"
      EDR = "extendedDocumentRoot"
    jspDocRoot = class com.ibm.ws.webcontainer.util.DocumentRootUtils@5c1de8c5
      logger = class com.ibm.ws.logging.internal.WsLogger@3ccfbed
      CLASS_NAME = "com.ibm.ws.webcontainer.util.DocumentRootUtils"
      useContentLength = false
      matchedFile = null
      matchedZipFile = null
      matchedEntry = null
      matchedURL = null
      edrRoot = null
      pfedrRoot = null
      ctxt = class com.ibm.ws.webcontainer31.osgi.webapp.WebApp31@386c73c8
      baseDir = null
      edr = null
      pfedr = null
      metaInfRes = null
      searchpfEDR = true
      searchEDR = true
      searchMetaInfRes = true
      matchFromEDR = false
      matchFromMetaInfRes = false
      matchIsADirectory = false
      appConfig = class com.ibm.ws.webcontainer.osgi.webapp.WebAppConfiguration@4f5a5881
      attributeType = "jsp"
      STATIC_FILE = "staticFile"
      JSP = "jsp"
      PFEDR = "preFragmentExtendedDocumentRoot"
      EDR = "extendedDocumentRoot"
    container = class com.ibm.ws.adaptable.module.internal.AdaptableContainerImpl@69e0a7cc
      root = class com.ibm.ws.adaptable.module.internal.AdaptableContainerImpl@69e0a7cc
      rootOverlay = class com.ibm.ws.artifact.overlay.internal.DirectoryBasedOverlayContainerImpl@556213d7
      factoryHolder = class com.ibm.ws.adaptable.module.internal.AdaptableModuleFactoryImpl@59087814
      delegate = class com.ibm.ws.artifact.overlay.internal.DirectoryBasedOverlayContainerImpl@556213d7
      notifier = class com.ibm.ws.adaptable.module.internal.NotifierImpl@e12caf0
      serialVersionUID = -5621513278641113667
      $$$tc$$$ = class com.ibm.websphere.ras.TraceComponent@4dfddde0
    metaInfResourceFinder = class com.ibm.ws.webcontainer.util.MetaInfResourceFinder@6dd8ce27
      jarResourceContainers = class java.util.ArrayList@1c0e314a
      container = class com.ibm.ws.adaptable.module.internal.AdaptableContainerImpl@69e0a7cc
    postConstructMethods = class com.ibm.ws.webcontainer.webapp.WebApp$AnnotatedMethods@171bf7db
      annotationClass = class java.lang.Class@5269ff02
      noOpClassNames = class java.util.HashSet@6593b68a
      annotatedMethodNames = class java.util.concurrent.ConcurrentHashMap@167a4472
      EMPTY_METHODS = class java.lang.reflect.Method[0]
    preDestroyMethods = class com.ibm.ws.webcontainer.webapp.WebApp$AnnotatedMethods@24304ab6
      annotationClass = class java.lang.Class@e99c56c
      noOpClassNames = class java.util.HashSet@41cc4e8b
      annotatedMethodNames = class java.util.concurrent.ConcurrentHashMap@432d29bc
      EMPTY_METHODS = class java.lang.reflect.Method[0]
    OBJ_EMPTY = class java.lang.Object[0]
    CLASS_EMPTY = class java.lang.Class[0]
    DEFAULT_JSP_EXTENSIONS = class java.util.ArrayList@17d8d535
      serialVersionUID = 8683452581122892189
      DEFAULT_CAPACITY = 10
      EMPTY_ELEMENTDATA = class java.lang.Object[0]
      DEFAULTCAPACITY_EMPTY_ELEMENTDATA = class java.lang.Object[0]
      elementData = class java.lang.Object[10]
      size = 4
      MAX_ARRAY_SIZE = 2147483639
      modCount = 4
      MAX_ARRAY_SIZE = 2147483639
    DEFER_SERVLET_REQUEST_LISTENER_DESTROY_ON_ERROR = false
    DO_ACCEPT_PARTIAL = true
    DO_NOT_ACCEPT_PARTIAL = false
    DO_ACCEPT_EXCLUDED = true
    DO_NOT_ACCEPT_EXCLUDED = false
    commands = class java.util.ArrayList@74371570
      serialVersionUID = 8683452581122892189
      DEFAULT_CAPACITY = 10
      EMPTY_ELEMENTDATA = class java.lang.Object[0]
      DEFAULTCAPACITY_EMPTY_ELEMENTDATA = class java.lang.Object[0]
      elementData = class java.lang.Object[3]
      size = 0
      MAX_ARRAY_SIZE = 2147483639
      modCount = 0
      MAX_ARRAY_SIZE = 2147483639
    requestMapper = class com.ibm.wsspi.webcontainer.util.URIMapper@52f484ba
      matcher = class com.ibm.wsspi.webcontainer.util.URIMatcher@70f89973
    parent = class com.ibm.ws.webcontainer.osgi.webapp.WebGroup@3d492ac
      tc = class com.ibm.websphere.ras.TraceComponent@86e32a0
      logger = class com.ibm.ws.logging.internal.WsLogger@472f5092
      CLASS_NAME = "com.ibm.ws.webcontainer.webapp.WebGroup"
      sessUrlRewritePrefix = ";jsessionid="
      qMark = "?"
      config = class com.ibm.ws.webcontainer.osgi.webapp.WebGroupConfiguration@5496a687
      webApp = class com.ibm.ws.webcontainer31.osgi.webapp.WebApp31@386c73c8
      commands = class java.util.ArrayList@5ad8d1e0
      requestMapper = null
      parent = class com.ibm.ws.webcontainer.osgi.DynamicVirtualHost@20233350
      name = "/ChansyApp/*"
      isAlive = true
      subElements = class java.util.HashMap@227e709
      attributes = null
      config = null
      serialVersionUID = -8271459000149267764
      $$$tc$$$ = class com.ibm.websphere.ras.TraceComponent@3eb9c5bd
    name = "ChansyApp-1.0-SNAPSHOT"
    isAlive = true
    subElements = null
    attributes = class java.util.Collections$SynchronizedMap@2776fc28
      serialVersionUID = 1978198479659022715
      m = class java.util.HashMap@11caa46f
      mutex = class java.util.Collections$SynchronizedMap@2776fc28
      keySet = null
      entrySet = null
      values = null
    config = null
    serialVersionUID = -8271459000149267764
    $$$tc$$$ = class com.ibm.websphere.ras.TraceComponent@3eb9c5bd
      strings[0] = "TraceComponent[com.ibm.ws.container.AbstractContainer,class com.ibm.ws.container.AbstractContainer,[],null,null]"
  collabHelper = class com.ibm.ws.webcontainer.osgi.collaborator.CollaboratorHelperImpl@16729431
    webAppInvCollabs = class java.util.Collections$UnmodifiableSet@37a9e2c4
      serialVersionUID = -9215047833775013803
      serialVersionUID = 1820017752578914078
      c = class java.util.concurrent.CopyOnWriteArraySet@7baa681e
    securityDomainForApp = null
    logger = class com.ibm.ws.logging.internal.WsLogger@58113cc7
      tc = class com.ibm.websphere.ras.TraceComponent@28589449
      ivCachedResourceBundleName = null
      ivCachedResourceBundle = null
      ivComponent = null
      ivOrganization = null
      ivProduct = null
      ivMinimumLocalizationLevelIntValue = 625
      ivTC = class com.ibm.websphere.ras.TraceComponent@217fe58
      loggerRegistrationComponent = class java.lang.ThreadLocal@2f80036a
      emptyHandlers = class java.util.logging.Handler[0]
      offValue = 2147483647
      SYSTEM_LOGGER_RB_NAME = "sun.util.logging.resources.logging"
      SYSTEM_BUNDLE = class java.util.logging.Logger$LoggerBundle@23909ff4
      NO_RESOURCE_BUNDLE = class java.util.logging.Logger$LoggerBundle@681a7636
      manager = class com.ibm.ws.kernel.boot.logging.WsLogManager@472ea30c
      name = "com.ibm.ws.webcontainer.collaborator"
      handlers = class java.util.concurrent.CopyOnWriteArrayList@75a6e010
      loggerBundle = class java.util.logging.Logger$LoggerBundle@6c126df7
      useParentHandlers = true
      filter = null
      anonymous = false
      catalog = class com.ibm.ws.webcontainer.resources.Messages@6eafa4b6
      catalogName = "com.ibm.ws.webcontainer.resources.Messages"
      catalogLocale = class java.util.Locale@5cab5cac
      treeLock = class java.lang.Object@12f976e0
      parent = class com.ibm.ws.logging.internal.WsLogger@39728f95
      kids = null
      levelObject = class java.util.logging.Level@2aeb1619
      levelValue = 800
      callersClassLoaderRef = class java.lang.ref.WeakReference@778acc19
      isSystemLogger = false
      GLOBAL_LOGGER_NAME = "global"
      global = class java.util.logging.Logger@1da49c45
      $assertionsDisabled = true
    staticDefaultSecurityCollaborator = class com.ibm.ws.webcontainer.collaborator.WebAppSecurityCollaborator@292ce8fa
    logger = class com.ibm.ws.logging.internal.WsLogger@1590376a
      tc = class com.ibm.websphere.ras.TraceComponent@28589449
      ivCachedResourceBundleName = null
      ivCachedResourceBundle = null
      ivComponent = null
      ivOrganization = null
      ivProduct = null
      ivMinimumLocalizationLevelIntValue = 625
      ivTC = class com.ibm.websphere.ras.TraceComponent@895d99f
      loggerRegistrationComponent = class java.lang.ThreadLocal@2f80036a
      emptyHandlers = class java.util.logging.Handler[0]
      offValue = 2147483647
      SYSTEM_LOGGER_RB_NAME = "sun.util.logging.resources.logging"
      SYSTEM_BUNDLE = class java.util.logging.Logger$LoggerBundle@23909ff4
      NO_RESOURCE_BUNDLE = class java.util.logging.Logger$LoggerBundle@681a7636
      manager = class com.ibm.ws.kernel.boot.logging.WsLogManager@472ea30c
      name = "com.ibm.wsspi.webcontainer.collaborator"
      handlers = class java.util.concurrent.CopyOnWriteArrayList@17a7e9b4
      loggerBundle = class java.util.logging.Logger$LoggerBundle@2f8feb7f
      useParentHandlers = true
      filter = null
      anonymous = false
      catalog = class com.ibm.ws.webcontainer.resources.Messages@6eafa4b6
      catalogName = "com.ibm.ws.webcontainer.resources.Messages"
      catalogLocale = class java.util.Locale@5cab5cac
      treeLock = class java.lang.Object@12f976e0
      parent = class com.ibm.ws.logging.internal.WsLogger@58e6afea
      kids = null
      levelObject = class java.util.logging.Level@2aeb1619
      levelValue = 800
      callersClassLoaderRef = class java.lang.ref.WeakReference@64c840d3
      isSystemLogger = false
      GLOBAL_LOGGER_NAME = "global"
      global = class java.util.logging.Logger@1da49c45
      $assertionsDisabled = true
    CLASS_NAME = "com.ibm.wsspi.webcontainer.collaborator.CollaboratorHelper"
    webApp = class com.ibm.ws.webcontainer31.osgi.webapp.WebApp31@386c73c8
    securityCollaborator = class com.ibm.ws.webcontainer.collaborator.WebAppSecurityCollaborator@292ce8fa
    nameSpaceCollaborator = class com.ibm.ws.webcontainer.osgi.collaborator.WebAppNameSpaceCollaboratorImpl@2af4d9
    transactionCollaborator = class com.ibm.ws.webcontainer.collaborator.WebAppTransactionCollaborator@6dd758de
      logger = class com.ibm.ws.logging.internal.WsLogger@58113cc7
      CLASS_NAME = "com.ibm.ws.webcontainer.collaborator.WebAppTransactionCollaborator"
    connectionCollaborator = class com.ibm.ws.webcontainer.collaborator.ConnectionCollaborator@3cf1a6a7
    allCollabEnum = class java.util.RegularEnumSet@a6991fe
      serialVersionUID = 3411599620347842686
      elements = 511
      elementType = class java.lang.Class@2661510f
      universe = class com.ibm.wsspi.webcontainer.collaborator.CollaboratorInvocationEnum[9]
      ZERO_LENGTH_ENUM_ARRAY = class java.lang.Enum[0]
      MAX_ARRAY_SIZE = 2147483639
    servlet_23_or_greater = true
    DEFER_SERVLET_REQUEST_LISTENER_DESTROY_ON_ERROR = false
  webAppNameSpaceCollab = class com.ibm.ws.webcontainer.osgi.collaborator.WebAppNameSpaceCollaboratorImpl@2af4d9
    cmdai = class com.ibm.ws.threadContext.ComponentMetaDataAccessorImpl@28b018e7
      tc = class com.ibm.websphere.ras.TraceComponent@40713ca7
      cmdai = class com.ibm.ws.threadContext.ComponentMetaDataAccessorImpl@28b018e7
      threadContext = class com.ibm.ws.threadContext.ThreadContextImpl@795fc422
      defaultCMD = null
  secCollab = class com.ibm.ws.webcontainer.collaborator.WebAppSecurityCollaborator@292ce8fa
  sessionSecurityIntegrationEnabled = true
  assumeFilterSuccessOnSecurityError = false
  useOriginalRequestState = false
  _evtSource = class com.ibm.ws.webcontainer.webapp.WebAppEventSource@342f330e
    _invocationListeners = class com.ibm.ws.webcontainer.util.EventListeners@298b1ab6
      EMPTY_LISTENERS = interface java.util.EventListener[0]
      logger = class com.ibm.ws.logging.internal.WsLogger@3ccfbed
      CLASS_NAME = "com.ibm.ws.webcontainer.util.EventListeners"
      listeners = interface java.util.EventListener[1]
    _servletListeners = class com.ibm.ws.webcontainer.util.EventListeners@74c054cd
      EMPTY_LISTENERS = interface java.util.EventListener[0]
      logger = class com.ibm.ws.logging.internal.WsLogger@3ccfbed
      CLASS_NAME = "com.ibm.ws.webcontainer.util.EventListeners"
      listeners = interface java.util.EventListener[0]
    _errorListeners = class com.ibm.ws.webcontainer.util.EventListeners@4d3fa8a4
      EMPTY_LISTENERS = interface java.util.EventListener[0]
      logger = class com.ibm.ws.logging.internal.WsLogger@3ccfbed
      CLASS_NAME = "com.ibm.ws.webcontainer.util.EventListeners"
      listeners = interface java.util.EventListener[0]
    _applicationListeners = class com.ibm.ws.webcontainer.util.EventListeners@ed377a1
      EMPTY_LISTENERS = interface java.util.EventListener[0]
      logger = class com.ibm.ws.logging.internal.WsLogger@3ccfbed
      CLASS_NAME = "com.ibm.ws.webcontainer.util.EventListeners"
      listeners = interface java.util.EventListener[0]
    _filterInvocationListeners = class com.ibm.ws.webcontainer.util.EventListeners@7ffc9267
      EMPTY_LISTENERS = interface java.util.EventListener[0]
      logger = class com.ibm.ws.logging.internal.WsLogger@3ccfbed
      CLASS_NAME = "com.ibm.ws.webcontainer.util.EventListeners"
      listeners = interface java.util.EventListener[0]
    _filterListeners = class com.ibm.ws.webcontainer.util.EventListeners@9ecd769
      EMPTY_LISTENERS = interface java.util.EventListener[0]
      logger = class com.ibm.ws.logging.internal.WsLogger@3ccfbed
      CLASS_NAME = "com.ibm.ws.webcontainer.util.EventListeners"
      listeners = interface java.util.EventListener[0]
    _filterErrorListeners = class com.ibm.ws.webcontainer.util.EventListeners@39a63478
      EMPTY_LISTENERS = interface java.util.EventListener[0]
      logger = class com.ibm.ws.logging.internal.WsLogger@3ccfbed
      CLASS_NAME = "com.ibm.ws.webcontainer.util.EventListeners"
      listeners = interface java.util.EventListener[0]
  defaultComponentMetaData = class com.ibm.ws.webcontainer.osgi.metadata.WebComponentMetaDataImpl@367efaa6
    j2eeName = class com.ibm.ws.container.service.metadata.internal.J2EENameImpl@30b65d84
      serialVersionUID = 7488184044073147667
      application = "ChansyApp"
      module = "ChansyApp-1.0-SNAPSHOT"
      component = null
      string = "ChansyApp#ChansyApp-1.0-SNAPSHOT"
      j2eeNameBytes = null
      $$$tc$$$ = class com.ibm.websphere.ras.TraceComponent@7840eaf6
    webModuleMetaData = class com.ibm.ws.webcontainer.osgi.metadata.WebModuleMetaDataImpl@768bda89
      applicationMetaData = class com.ibm.ws.container.service.app.deploy.internal.ApplicationMetaDataImpl@49b7d3e8
      j2eeName = class com.ibm.ws.container.service.metadata.internal.J2EENameImpl@30b65d84
      wccmd = class com.ibm.ws.webcontainer.osgi.metadata.WebCollaboratorComponentMetaDataImpl@e56dcf8
      securityMetaData = null
      annotatedSecurityMetaData = null
      webAppConfig = class com.ibm.ws.webcontainer.osgi.webapp.WebAppConfiguration@4f5a5881
      _isServlet23OrHigher = false
      jspComponentMetaData = null
      sessionCookieNameInUse = null
      mBeanServiceReg = null
      tc = class com.ibm.websphere.ras.TraceComponent@1aab7224
      NUM_STATIC_SLOTS = 4
      ID_UNINITIALIZED = -1
      id = 0
      metaDataInterface = class java.lang.Class@3e4a0d4e
      staticSlots = class java.lang.Object[4]
      dynamicSlots = null
    mBeanServiceReg = null
    tc = class com.ibm.websphere.ras.TraceComponent@1aab7224
      strings[0] = "TraceComponent[com.ibm.ws.runtime.metadata.MetaDataImpl,class com.ibm.ws.runtime.metadata.MetaDataImpl,[Runtime],null,null]"
    NUM_STATIC_SLOTS = 4
    ID_UNINITIALIZED = -1
    id = 1
    metaDataInterface = class java.lang.Class@24b0f897
      ANNOTATION = 8192
      ENUM = 16384
      SYNTHETIC = 4096
      cachedConstructor = null
      newInstanceCallerCache = null
      name = null
      allPermDomain = class java.security.ProtectionDomain@53a9386f
      useCaches = true
      reflectionData = null
      classRedefinedCount = 0
      genericInfo = null
      serialVersionUID = 3206093459760846163
      serialPersistentFields = class java.io.ObjectStreamField[0]
      reflectionFactory = class sun.reflect.ReflectionFactory@4f033486
      initted = true
      enumConstants = null
      enumConstantDirectory = null
      annotationData = null
      annotationType = null
      classValueMap = null
    staticSlots = class java.lang.Object[4]
      staticSlots[0] = null
      staticSlots[1] = null
      staticSlots[2] = null
      staticSlots[3] = null
    dynamicSlots = null
  DEFER_SERVLET_REQUEST_LISTENER_DESTROY_ON_ERROR = false

