------Start of DE processing------ = [3/15/17 0:36:02:644 CST]
Exception = com.ibm.ws.container.service.metadata.MetaDataException
Source = com.ibm.ws.app.manager.module.internal.DeployedAppInfoBase
probeid = 365
Stack Dump = com.ibm.ws.container.service.metadata.MetaDataException: com.ibm.wsspi.adaptable.module.UnableToAdaptException: SRVE9016E: Unable to insert mapping [/SimpleServlet] for servlet named [wasdev.sample.servlet.LogClassifier]. The URL pattern is already defined for servlet named [wasdev.sample.servlet.SimpleServlet].
	at com.ibm.ws.webcontainer.osgi.WebContainer.createModuleMetaData(WebContainer.java:759)
	at com.ibm.ws.app.manager.module.internal.ModuleHandlerBase.createModuleMetaData(ModuleHandlerBase.java:64)
	at com.ibm.ws.app.manager.module.internal.SimpleDeployedAppInfoBase$ModuleContainerInfoBase.createModuleMetaData(SimpleDeployedAppInfoBase.java:169)
	at com.ibm.ws.app.manager.module.internal.DeployedAppInfoBase.preDeployApp(DeployedAppInfoBase.java:364)
	at com.ibm.ws.app.manager.module.internal.DeployedAppInfoBase.deployApp(DeployedAppInfoBase.java:403)
	at com.ibm.ws.app.manager.war.internal.WARApplicationHandlerImpl.install(WARApplicationHandlerImpl.java:66)
	at com.ibm.ws.app.manager.internal.statemachine.StartAction.execute(StartAction.java:141)
	at com.ibm.ws.app.manager.internal.statemachine.ApplicationStateMachineImpl.enterState(ApplicationStateMachineImpl.java:1191)
	at com.ibm.ws.app.manager.internal.statemachine.ApplicationStateMachineImpl.run(ApplicationStateMachineImpl.java:804)
	at java.util.concurrent.ThreadPoolExecutor.runWorker(ThreadPoolExecutor.java:1142)
	at java.util.concurrent.ThreadPoolExecutor$Worker.run(ThreadPoolExecutor.java:617)
	at java.lang.Thread.run(Thread.java:745)
Caused by: com.ibm.wsspi.adaptable.module.UnableToAdaptException: SRVE9016E: Unable to insert mapping [/SimpleServlet] for servlet named [wasdev.sample.servlet.LogClassifier]. The URL pattern is already defined for servlet named [wasdev.sample.servlet.SimpleServlet].
	at com.ibm.ws.webcontainer.osgi.container.config.WebAppConfiguratorHelper.configureWebServletAnnotation(WebAppConfiguratorHelper.java:2640)
	at com.ibm.ws.webcontainer.osgi.container.config.WebAppConfiguratorHelper.configureServletAnnotation(WebAppConfiguratorHelper.java:2411)
	at com.ibm.ws.webcontainer.osgi.container.config.WebAppConfiguratorHelper.configureFromAnnotations(WebAppConfiguratorHelper.java:779)
	at com.ibm.ws.webcontainer.osgi.container.config.WebAppConfigurator.configure(WebAppConfigurator.java:415)
	at com.ibm.ws.webcontainer.osgi.container.config.WebAppConfigurationAdapter.adapt(WebAppConfigurationAdapter.java:116)
	at com.ibm.ws.webcontainer.osgi.container.config.WebAppConfigurationAdapter.adapt(WebAppConfigurationAdapter.java:44)
	at com.ibm.ws.adaptable.module.internal.AdapterFactoryServiceImpl.adapt(AdapterFactoryServiceImpl.java:193)
	at com.ibm.ws.adaptable.module.internal.AdaptableContainerImpl.adapt(AdaptableContainerImpl.java:171)
	at com.ibm.ws.webcontainer.osgi.WebContainer.createModuleMetaData(WebContainer.java:744)
	... 11 more

Dump of callerThis
Object type = com.ibm.ws.app.manager.war.internal.WARDeployedAppInfo
  CONTEXT_ROOT = "context-root"
  webModuleHandler = class com.ibm.ws.app.manager.web.internal.WebModuleHandlerImpl@b1cc9fb
    serialVersionUID = 4795602325763828210
    $$$tc$$$ = class com.ibm.websphere.ras.TraceComponent@77d1338a
      strings[0] = "TraceComponent[com.ibm.ws.app.manager.web.internal.WebModuleHandlerImpl,class com.ibm.ws.app.manager.web.internal.WebModuleHandlerImpl,[webcontainer, applications, app.manager],com.ibm.ws.app.manager.war.internal.resources.Messages,null]"
    futureMonitor = class com.ibm.ws.threading.internal.FutureMonitorImpl@4884ecc6
    metaDataService = class com.ibm.ws.container.service.metadata.internal.MetaDataServiceImpl@1ffac9e3
    stateChangeService = class com.ibm.ws.container.service.state.internal.StateChangeServiceImpl@3aba11fa
    moduleRuntimeContainer = class com.ibm.ws.webcontainer.osgi.WebContainer@411e8198
      tc = class com.ibm.websphere.ras.TraceComponent@59ac85ca
      CLASS_NAME = "com.ibm.ws.webcontainer.osgi.WebContainer"
      initialized = true
      eventService = class com.ibm.ws.event.internal.EventEngineImpl@6257762c
      futureMonitor = class com.ibm.ws.threading.internal.FutureMonitorImpl@4884ecc6
      classLoadingSRRef = class com.ibm.wsspi.kernel.service.utils.AtomicServiceReference@64c0955e
      sessionHelperSRRef = class com.ibm.wsspi.kernel.service.utils.AtomicServiceReference@2e767c7b
      cacheManagerSRRef = class com.ibm.wsspi.kernel.service.utils.AtomicServiceReference@7749998f
      injectionEngineSRRef = class com.ibm.wsspi.kernel.service.utils.AtomicServiceReference@1844a97c
      managedObjectServiceSRRef = class com.ibm.wsspi.kernel.service.utils.AtomicServiceReference@78ceb54f
      REFERENCE_WEB_MBEAN_RUNTIME = "webMBeanRuntime"
      webMBeanRuntimeServiceRef = class com.ibm.wsspi.kernel.service.utils.AtomicServiceReference@65468b89
      servletContainerInitializers = class com.ibm.wsspi.kernel.service.utils.ConcurrentServiceReferenceSet@5ef8e34f
      es = class com.ibm.ws.threading.internal.ExecutorServiceImpl@634aaea5
      locationServiceRef = class java.util.concurrent.atomic.AtomicReference@6e231b4e
      transferContextServiceRef = class com.ibm.wsspi.kernel.service.utils.ConcurrentServiceReferenceSet@3f68dfc0
      encodingServiceRef = class java.util.concurrent.atomic.AtomicReference@2613b1f9
      instance = class java.util.concurrent.atomic.AtomicReference@109a0c18
      vhostManager = class com.ibm.ws.webcontainer.osgi.DynamicVirtualHostManager@66958c2e
      metaDataService = class com.ibm.ws.container.service.metadata.internal.MetaDataServiceImpl@1ffac9e3
      j2eeNameFactory = class com.ibm.ws.container.service.metadata.internal.J2EENameFactoryImpl@24dd3f9c
      context = class org.apache.felix.scr.impl.manager.ComponentContextImpl@64670dd3
      contextRoots = class java.util.Collections$SynchronizedSet@2e59098d
      pendingContextRoots = class java.util.HashMap@67a57874
      deployedModuleMap = class java.util.concurrent.ConcurrentHashMap@2a499ac3
      connContextPool = class com.ibm.ws.webcontainer31.osgi.srt.SRTConnectionContextPool31Impl@761c03cc
      DEFAULT_PORT = "*"
      DEFAULT_VHOST_NAME = "default_host"
      cachedServerInfo = null
      lock = class com.ibm.ws.webcontainer.osgi.WebContainer$1@106f79e3
      webAppFactory = class com.ibm.ws.webcontainer31.osgi.webapp.WebAppFactoryImpl31@5cc5c542
      requestFactory = class com.ibm.ws.webcontainer31.osgi.response.IRequestResponseFactory@3a3cc39b
      responseFactory = class com.ibm.ws.webcontainer31.osgi.response.IRequestResponseFactory@3a3cc39b
      asyncContextFactory = class com.ibm.ws.webcontainer31.async.AsyncContextFactory31Impl@2ca8b573
      DEFAULT_MAX_VERSION = 30
      versionRef = class org.eclipse.osgi.internal.serviceregistry.ServiceReferenceImpl@47637164
      SPEC_LEVEL_UNLOADED = -1
      SPEC_LEVEL_30 = 30
      SPEC_LEVEL_31 = 31
      DEFAULT_SPEC_LEVEL = 30
      loadedContainerSpecLevel = 31
      ISO = "ISO-8859-1"
      encoding = "UTF-8"
      decode = true
      wcconfig = class com.ibm.ws.webcontainer.osgi.WebContainerConfiguration@69026e30
      applicationListeners = class java.util.ArrayList@685d4e
      servletListeners = class java.util.ArrayList@5cdcf476
      servletErrorListeners = class java.util.ArrayList@1bfd3249
      servletInvocationListeners = class java.util.ArrayList@6174bce8
      filterInvocationListeners = class java.util.ArrayList@23341fa5
      filterErrorListeners = class java.util.ArrayList@187030f1
      filterListeners = class java.util.ArrayList@6a6d36cc
      servletRequestListeners = class java.util.ArrayList@2e3a4495
      servletRequestAttributeListeners = class java.util.ArrayList@2df0bfc0
      servletContextListeners = class java.util.ArrayList@341ef537
      servletContextAttributeListeners = class java.util.ArrayList@37467e2e
      sessionListeners = class java.util.ArrayList@4ba49abf
      sessionIdListeners = class java.util.ArrayList@630222b4
      sessionAttributeListeners = class java.util.ArrayList@2076c4ae
      DEFAULT_HOST = "default_host"
      _initialized = true
      logger = class com.ibm.ws.logging.internal.WsLogger@24457980
      CLASS_NAME = "com.ibm.ws.webcontainer.internal.WebContainer"
      nls = class com.ibm.ejs.ras.TraceNLS@4b5b7ed5
      self = class java.util.concurrent.atomic.AtomicReference@39bef288
      _cipherToBit = class java.util.HashMap@2f7b12a5
      cacheKeyStringBuilder = class com.ibm.ws.util.WSThreadLocal@207df7b3
      listenersInitialized = false
      webConProperties = class java.util.Properties@30c088bf
      sessionRegistry = null
      isStopped = false
      readWriteLockForStopping = class java.util.concurrent.locks.ReentrantReadWriteLock@7e24169d
      urlPrefix = ";jsessionid="
      extensionFactories = class java.util.ArrayList@9bdddc6
      postInitExtensionFactories = null
      httpResponseListeners = class java.util.ArrayList@46b2632d
      servletContainerInitializers = class java.util.ServiceLoader@72039e34
      invocationCacheSize = 500
      decodePlusSign = true
      _cacheMap = class java.util.concurrent.ConcurrentHashMap@2c4dfe17
      _cacheSize = class java.util.concurrent.atomic.AtomicInteger@4b7955b5
      vHostCompatFlag = false
      platformHelper = class com.ibm.ws.webcontainer.PlatformHelper@1e07ecfc
      isDefaultTempDir = true
      tempDir = null
      servletCachingInitNeeded = true
      appInstallBegun = false
      commands = class java.util.ArrayList@33e5d674
      requestMapper = class com.ibm.ws.webcontainer.util.VirtualHostContextRootMapper@3230e940
      parent = null
      name = "Was.webcontainer"
      isAlive = true
      subElements = null
      attributes = null
      config = null
      serialVersionUID = -8271459000149267764
      $$$tc$$$ = class com.ibm.websphere.ras.TraceComponent@8c85463
    firstFailure = null
    serialVersionUID = -4563697739413190872
    $$$tc$$$ = class com.ibm.websphere.ras.TraceComponent@18784e67
      strings[0] = "TraceComponent[com.ibm.ws.app.manager.module.internal.ModuleHandlerBase,class com.ibm.ws.app.manager.module.internal.ModuleHandlerBase,[applications, app.manager],,null]"
  webContainerModuleInfo = class com.ibm.ws.app.manager.module.internal.SimpleDeployedAppInfoBase$WebModuleContainerInfo@420d53a6
    contextRoot = "/ChansyApp"
    defaultContextRoot = "ChansyApp"
    serialVersionUID = -8158961796913348204
    $$$tc$$$ = class com.ibm.websphere.ras.TraceComponent@67ae2065
      strings[0] = "TraceComponent[com.ibm.ws.app.manager.module.internal.SimpleDeployedAppInfoBase$WebModuleContainerInfo,class com.ibm.ws.app.manager.module.internal.SimpleDeployedAppInfoBase$WebModuleContainerInfo,[applications, app.manager],,null]"
    moduleHandler = class com.ibm.ws.app.manager.web.internal.WebModuleHandlerImpl@b1cc9fb
    moduleMetaDataExtenders = class java.util.concurrent.CopyOnWriteArrayList@2e14591b
      serialVersionUID = 8673264195747942595
      lock = class java.util.concurrent.locks.ReentrantLock@7ed194c1
      array = class java.lang.Object[0]
      UNSAFE = class sun.misc.Unsafe@73256d1e
      lockOffset = 12
    nestedModuleMetaDataFactories = class java.util.concurrent.CopyOnWriteArrayList@bca0272
      serialVersionUID = 8673264195747942595
      lock = class java.util.concurrent.locks.ReentrantLock@9bac47e
      array = class java.lang.Object[0]
      UNSAFE = class sun.misc.Unsafe@73256d1e
      lockOffset = 12
    nestedModules = null
    moduleName = "ChansyApp-1.0-SNAPSHOT"
    moduleDD = null
    moduleInfo = class com.ibm.ws.app.manager.module.internal.WebModuleInfoImpl@373139b8
      contextRoot = "/ChansyApp"
      serialVersionUID = 4357952575365007841
      $$$tc$$$ = class com.ibm.websphere.ras.TraceComponent@2fa724ba
      tc = class com.ibm.websphere.ras.TraceComponent@628f8478
      appInfo = class com.ibm.ws.container.service.app.deploy.internal.ApplicationInfoImpl@d2fefa1
      moduleName = "ChansyApp-1.0-SNAPSHOT"
      path = "ChansyApp-1.0-SNAPSHOT"
      moduleContainer = class com.ibm.ws.adaptable.module.internal.AdaptableContainerImpl@26e11492
      altDDEntry = null
      moduleClassesContainers = class java.util.ArrayList@631a5d41
      classLoaderFactory = class com.ibm.ws.app.manager.war.internal.WARDeployedAppInfo@491a6c41
      containerInfoType = class com.ibm.ws.container.service.app.deploy.ContainerInfo$Type@2a267205
      classLoader = class com.ibm.ws.classloading.internal.AppClassLoader@21b3e113
      moduleMetaData = null
      nestedModuleMetaDataTypes = null
      nestedModuleMetaDataValues = null
      serialVersionUID = 3986734351620206554
    serialVersionUID = 8693907776607441911
    $$$tc$$$ = class com.ibm.websphere.ras.TraceComponent@5c857e2b
      strings[0] = "TraceComponent[com.ibm.ws.app.manager.module.internal.SimpleDeployedAppInfoBase$ModuleContainerInfoBase,class com.ibm.ws.app.manager.module.internal.SimpleDeployedAppInfoBase$ModuleContainerInfoBase,[applications, app.manager],,null]"
    type = class com.ibm.ws.container.service.app.deploy.ContainerInfo$Type@2a267205
      MANIFEST_CLASSPATH = class com.ibm.ws.container.service.app.deploy.ContainerInfo$Type@d0eda1
      WEB_INF_CLASSES = class com.ibm.ws.container.service.app.deploy.ContainerInfo$Type@6bc7d7ac
      WEB_INF_LIB = class com.ibm.ws.container.service.app.deploy.ContainerInfo$Type@599e612e
      EAR_LIB = class com.ibm.ws.container.service.app.deploy.ContainerInfo$Type@7a5508ac
      WEB_MODULE = class com.ibm.ws.container.service.app.deploy.ContainerInfo$Type@2a267205
      EJB_MODULE = class com.ibm.ws.container.service.app.deploy.ContainerInfo$Type@7d6f5fa2
      CLIENT_MODULE = class com.ibm.ws.container.service.app.deploy.ContainerInfo$Type@28c08d14
      RAR_MODULE = class com.ibm.ws.container.service.app.deploy.ContainerInfo$Type@2fd0e33
      JAR_MODULE = class com.ibm.ws.container.service.app.deploy.ContainerInfo$Type@503f66a8
      SHARED_LIB = class com.ibm.ws.container.service.app.deploy.ContainerInfo$Type@572ab142
      $VALUES = class com.ibm.ws.container.service.app.deploy.ContainerInfo$Type[10]
      serialVersionUID = -3226393626317575807
      $$$tc$$$ = class com.ibm.websphere.ras.TraceComponent@2022e978
      name = "WEB_MODULE"
      ordinal = 4
    name = "ChansyApp-1.0-SNAPSHOT"
    container = class com.ibm.ws.adaptable.module.internal.AdaptableContainerImpl@26e11492
      root = class com.ibm.ws.adaptable.module.internal.AdaptableContainerImpl@26e11492
      rootOverlay = class com.ibm.ws.artifact.overlay.internal.DirectoryBasedOverlayContainerImpl@3b43e798
      factoryHolder = class com.ibm.ws.adaptable.module.internal.AdaptableModuleFactoryImpl@6876a64b
      delegate = class com.ibm.ws.artifact.overlay.internal.DirectoryBasedOverlayContainerImpl@3b43e798
      notifier = class com.ibm.ws.adaptable.module.internal.NotifierImpl@5119fc74
      serialVersionUID = -5621513278641113667
      $$$tc$$$ = class com.ibm.websphere.ras.TraceComponent@3134b55c
    altDDEntry = null
    classesContainerInfo = class java.util.ArrayList@631a5d41
      serialVersionUID = 8683452581122892189
      DEFAULT_CAPACITY = 10
      EMPTY_ELEMENTDATA = class java.lang.Object[0]
      DEFAULTCAPACITY_EMPTY_ELEMENTDATA = class java.lang.Object[0]
      elementData = class java.lang.Object[33]
      size = 26
      MAX_ARRAY_SIZE = 2147483639
      modCount = 27
      MAX_ARRAY_SIZE = 2147483639
    serialVersionUID = 7427332431485745589
    $$$tc$$$ = class com.ibm.websphere.ras.TraceComponent@5bccc75a
      strings[0] = "TraceComponent[com.ibm.ws.app.manager.module.internal.SimpleDeployedAppInfoBase$ExtendedContainerInfo,class com.ibm.ws.app.manager.module.internal.SimpleDeployedAppInfoBase$ExtendedContainerInfo,[applications, app.manager],,null]"
  DYNAMIC_IMPORT_PACKAGE_LIST = class java.util.Collections$UnmodifiableRandomAccessList@2ab5f5cc
    serialVersionUID = -2542308836966382001
    serialVersionUID = -283967356065247728
    list = class java.util.Arrays$ArrayList@2dcb4e72
      serialVersionUID = -2764017481108945198
      a = class java.lang.String[1]
      modCount = 0
      MAX_ARRAY_SIZE = 2147483639
    serialVersionUID = 1820017752578914078
    c = class java.util.Arrays$ArrayList@2dcb4e72
  serialVersionUID = -6153587016903242961
  $$$tc$$$ = class com.ibm.websphere.ras.TraceComponent@54a0b733
    strings[0] = "TraceComponent[com.ibm.ws.app.manager.war.internal.WARDeployedAppInfo,class com.ibm.ws.app.manager.war.internal.WARDeployedAppInfo,[webcontainer, applications, app.manager],com.ibm.ws.app.manager.war.internal.resources.Messages,null]"
  _tc = class com.ibm.websphere.ras.TraceComponent@6b0841af
    strings[0] = "TraceComponent[com.ibm.ws.app.manager.module.internal.DeployedAppInfoBase,class com.ibm.ws.app.manager.module.internal.DeployedAppInfoBase,[app.manager],com.ibm.ws.app.manager.module.internal.resources.Messages,null]"
  PERMISSION_XML = "permissions.xml"
  applicationInformation = class com.ibm.ws.app.manager.internal.ApplicationInstallInfo@108e321
    _config = class com.ibm.ws.app.manager.internal.ApplicationConfig@208d6ec9
      _configPid = "com.ibm.ws.app.manager_8"
      _config = class com.ibm.ws.config.admin.ConfigurationDictionary@2657dcbd
      _location = "../../../../../ChansyApp-1.0-SNAPSHOT"
      _type = "war"
      _name = "ChansyApp"
      _notificationBroadcasterSupport = class javax.management.NotificationBroadcasterSupport@7991753d
    _handlerInfo = class java.util.concurrent.atomic.AtomicReference@39d51ca5
      serialVersionUID = -1848883965231344442
      unsafe = class sun.misc.Unsafe@73256d1e
      valueOffset = 12
      value = class com.ibm.ws.app.manager.war.internal.WARDeployedAppInfo@491a6c41
    _container = class java.util.concurrent.atomic.AtomicReference@1cbff159
      serialVersionUID = -1848883965231344442
      unsafe = class sun.misc.Unsafe@73256d1e
      valueOffset = 12
      value = class com.ibm.ws.adaptable.module.internal.AdaptableContainerImpl@26e11492
    _resolvedLocation = class java.util.concurrent.atomic.AtomicReference@59d3764e
      serialVersionUID = -1848883965231344442
      unsafe = class sun.misc.Unsafe@73256d1e
      valueOffset = 12
      value = class com.ibm.ws.kernel.service.location.internal.LocalFileResource@48c9a69c
    _handler = class com.ibm.ws.app.manager.war.internal.WARApplicationHandlerImpl@1263b09b
      futureMonitor = class com.ibm.ws.threading.internal.FutureMonitorImpl@4884ecc6
      deployedAppFactory = class com.ibm.ws.app.manager.war.internal.WARDeployedAppInfoFactoryImpl@1919ba49
      serialVersionUID = 4622845147410944782
      $$$tc$$$ = class com.ibm.websphere.ras.TraceComponent@637550bb
    _ami = class java.util.concurrent.atomic.AtomicReference@3c2a646
      serialVersionUID = -1848883965231344442
      unsafe = class sun.misc.Unsafe@73256d1e
      valueOffset = 12
      value = class com.ibm.wsspi.application.handler.DefaultApplicationMonitoringInformation@abdf0ff
    _updateHandler = class com.ibm.ws.app.manager.internal.statemachine.ApplicationStateMachineImpl@6014aa5e
      _tc = class com.ibm.websphere.ras.TraceComponent@34f51539
      EMPTY_FUTURE_ARRAY = interface java.util.concurrent.Future[0]
      asmSequenceNumber = class java.util.concurrent.atomic.AtomicLong@277e91d5
      _qscaCounter = class java.util.concurrent.atomic.AtomicInteger@7aca38ff
      _failedThrowable = null
      _interruptibleLock = class com.ibm.ws.app.manager.internal.statemachine.ApplicationStateMachineImpl$2@259cd0ad
      _interruptible = false
      _performingQueuedActions = true
      _queuedActions = class java.util.concurrent.ConcurrentLinkedQueue@7e4336d5
      _callbackState = class java.util.concurrent.atomic.AtomicReference@2d60e0f1
      blockAppStartingFutures = class java.util.Collections$SetFromMap@6c62862
      waitingForAppHandlerFuture = class java.util.concurrent.atomic.AtomicReference@451c99af
      waitingForExplicitStartFuture = class java.util.concurrent.atomic.AtomicReference@220efa47
      completionListener = class java.util.concurrent.atomic.AtomicReference@843e19f
      _notifyAppStopped = class java.util.concurrent.ConcurrentLinkedQueue@3f714dcd
      _notifyAppStarting = class java.util.concurrent.ConcurrentLinkedQueue@1e017a6d
      _notifyAppInstallCalled = class java.util.concurrent.ConcurrentLinkedQueue@4b087728
      _notifyAppStarted = class java.util.concurrent.ConcurrentLinkedQueue@5cd028cf
      _notifyAppRemoved = class java.util.concurrent.ConcurrentLinkedQueue@697a09bd
      _stateLock = class com.ibm.ws.app.manager.internal.statemachine.ApplicationStateMachineImpl$3@7c3dc4ed
      _internalState = class java.util.concurrent.atomic.AtomicReference@74845d75
      _currentAction = class java.util.concurrent.atomic.AtomicReference@294f857a
      _rfa = class java.util.concurrent.atomic.AtomicReference@10c1460f
      _appInstallInfo = class java.util.concurrent.atomic.AtomicReference@2c9f256
      _update = class java.util.concurrent.atomic.AtomicBoolean@5470688f
      _appConfig = class java.util.concurrent.atomic.AtomicReference@1c1432e
      _nextAppConfig = class java.util.concurrent.atomic.AtomicReference@1b2a8c27
      _appContainer = class java.util.concurrent.atomic.AtomicReference@563c9656
      _resolvedLocation = class java.util.concurrent.atomic.AtomicReference@15fb80e
      _handler = class java.util.concurrent.atomic.AtomicReference@a8c5338
      _asmSeqNo = 0
      _ctx = class org.eclipse.osgi.internal.framework.BundleContextImpl@258d11fe
      _locAdmin = class com.ibm.ws.kernel.service.location.internal.WsLocationAdminImpl@9799111
      _futureMonitor = class com.ibm.ws.threading.internal.FutureMonitorImpl@4884ecc6
      _artifactFactory = class com.ibm.ws.artifact.internal.ArtifactContainerFactoryService@66fc502b
      _moduleFactory = class com.ibm.ws.adaptable.module.internal.AdaptableModuleFactoryImpl@6876a64b
      _executorService = class com.ibm.ws.threading.internal.ExecutorServiceImpl@634aaea5
      _scheduledExecutorService = class com.ibm.ws.threading.internal.ScheduledExecutorImpl@2f84ea9
      _asmHelper = class com.ibm.ws.app.manager.internal.ApplicationConfigurator$NamedApplication@2d5ee25
      _appMonitor = class com.ibm.ws.app.manager.internal.monitor.ApplicationMonitor@4588adfa
      enterStateCalled = class java.util.concurrent.atomic.AtomicBoolean@77b40d3b
      serialVersionUID = -1399093980790866556
      serialVersionUID = 5501066335104962649
      $$$tc$$$ = class com.ibm.websphere.ras.TraceComponent@7a69dcb9
    serialVersionUID = 3995013949638210907
    $$$tc$$$ = class com.ibm.websphere.ras.TraceComponent@31b059e9
      strings[0] = "TraceComponent[com.ibm.ws.app.manager.internal.ApplicationInstallInfo,class com.ibm.ws.app.manager.internal.ApplicationInstallInfo,[applications, app.manager],com.ibm.ws.app.manager.internal.resources.AppManagerMessages,null]"
  location = "C:\Users\IBM_ADMIN\Documents\GitHub\chansyapp\target\ChansyApp-1.0-SNAPSHOT"
  classLoadingService = class com.ibm.ws.classloading.internal.ClassLoadingServiceImpl@293010c5
    tc = class com.ibm.websphere.ras.TraceComponent@15db2e0a
      strings[0] = "TraceComponent[com.ibm.ws.classloading.internal.ClassLoadingServiceImpl,class com.ibm.ws.classloading.internal.ClassLoadingServiceImpl,[ClassLoadingService],com.ibm.ws.classloading.internal.resources.ClassLoadingServiceMessages,null]"
    TCCL_LOCK_WAIT = 15000
    REFERENCE_GENERATORS = "generators"
    bundleContext = class org.eclipse.osgi.internal.framework.BundleContextImpl@227a02a6
    aclStore = class com.ibm.ws.classloading.internal.util.CanonicalStore@35d33781
      map = class java.util.concurrent.ConcurrentHashMap@59f39f99
      q = class com.ibm.ws.classloading.internal.util.RefQueue@22679b18
      serialVersionUID = 6715157558227169968
      $$$tc$$$ = class com.ibm.websphere.ras.TraceComponent@5574a5b3
    tcclStore = class com.ibm.ws.classloading.internal.util.CanonicalStore@1fff142a
      map = class java.util.concurrent.ConcurrentHashMap@28403a15
      q = class com.ibm.ws.classloading.internal.util.RefQueue@3cd277bf
      serialVersionUID = 6715157558227169968
      $$$tc$$$ = class com.ibm.websphere.ras.TraceComponent@5574a5b3
    tcclStoreLock = class java.util.concurrent.locks.ReentrantLock@22adef50
      serialVersionUID = 7373984872572414699
      sync = class java.util.concurrent.locks.ReentrantLock$NonfairSync@7192eb4a
    digraph = class org.eclipse.equinox.internal.region.StandardRegionDigraph@60566e45
      EMPTY_EDGE_SET = class java.util.Collections$UnmodifiableSet@7822f9cb
      monitor = class java.lang.Object@16e8df15
      regions = class java.util.HashMap@646d2695
      bundleIdToRegionMapping = class org.eclipse.equinox.internal.region.StandardBundleIdToRegionMapping@3055fd88
      edges = class java.util.HashMap@5f56b6e8
      bundleContext = class org.eclipse.osgi.internal.framework.BundleContextImpl@5467eea4
      threadLocal = class java.lang.ThreadLocal@f96ca60
      subgraphTraverser = class org.eclipse.equinox.internal.region.SubgraphTraverser@2c21c89
      bundleCollisionHook = class org.eclipse.equinox.internal.region.hook.RegionBundleCollisionHook@1de418e4
      bundleEventHook = class org.eclipse.equinox.internal.region.hook.RegionBundleEventHook@776f1c46
      bundleFindHook = class org.eclipse.equinox.internal.region.hook.RegionBundleFindHook@4e130d01
      serviceEventHook = class org.eclipse.equinox.internal.region.hook.RegionServiceEventHook@5c27761e
      serviceFindHook = class org.eclipse.equinox.internal.region.hook.RegionServiceFindHook@61b96646
      resolverHookFactory = class org.eclipse.equinox.internal.region.hook.RegionResolverHookFactory@6ebbdb1b
      origin = null
      originUpdateCount = -1
      updateCount = class java.util.concurrent.atomic.AtomicLong@3816a8c8
      defaultRegion = null
    redefiner = class com.ibm.ws.classloading.internal.util.ClassRedefiner@12c800a2
      tc = class com.ibm.websphere.ras.TraceComponent@76b7891e
      LS = "
"
      inst = class com.ibm.ws.kernel.launch.internal.TraceInstrumentation@2e3c51e3
      serialVersionUID = 2420101865139508526
    listener = class com.ibm.ws.classloading.internal.ClassLoadingServiceImpl$1@4c1522f1
      this$0 = class com.ibm.ws.classloading.internal.ClassLoadingServiceImpl@293010c5
      serialVersionUID = -9159707349812113172
      $$$tc$$$ = class com.ibm.websphere.ras.TraceComponent@5bc92f62
    classloaders = class java.util.Collections$SynchronizedMap@2bac211d
      serialVersionUID = 1978198479659022715
      m = class java.util.HashMap@6c7b8b99
      mutex = class java.util.Collections$SynchronizedMap@2bac211d
      keySet = null
      entrySet = null
      values = null
    resourceProviders = class com.ibm.ws.classloading.internal.CompositeResourceProvider@7b3be866
      lockFactory = class java.util.concurrent.locks.ReentrantReadWriteLock@2b33d21d
      providerMap = class com.ibm.ws.classloading.internal.util.MultiMap@2b460e6f
      serialVersionUID = -6866398128968222400
      $$$tc$$$ = class com.ibm.websphere.ras.TraceComponent@1a373400
    rememberedBundles = class java.util.concurrent.ConcurrentHashMap@66369c57
      serialVersionUID = 7249069246763182397
      MAXIMUM_CAPACITY = 1073741824
      DEFAULT_CAPACITY = 16
      MAX_ARRAY_SIZE = 2147483639
      DEFAULT_CONCURRENCY_LEVEL = 16
      LOAD_FACTOR = 0.75
      TREEIFY_THRESHOLD = 8
      UNTREEIFY_THRESHOLD = 6
      MIN_TREEIFY_CAPACITY = 64
      MIN_TRANSFER_STRIDE = 16
      RESIZE_STAMP_BITS = 16
      MAX_RESIZERS = 65535
      RESIZE_STAMP_SHIFT = 16
      MOVED = -1
      TREEBIN = -2
      RESERVED = -3
      HASH_BITS = 2147483647
      NCPU = 4
      serialPersistentFields = class java.io.ObjectStreamField[3]
      table = class java.util.concurrent.ConcurrentHashMap$Node[16]
      nextTable = null
      baseCount = 1
      sizeCtl = 12
      transferIndex = 0
      cellsBusy = 0
      counterCells = null
      keySet = null
      values = null
      entrySet = null
      U = class sun.misc.Unsafe@73256d1e
      SIZECTL = 20
      TRANSFERINDEX = 32
      BASECOUNT = 24
      CELLSBUSY = 36
      CELLVALUE = 144
      ABASE = 16
      ASHIFT = 2
      keySet = null
      values = null
    collectedBundles = class java.lang.ref.ReferenceQueue@3541f292
      NULL = class java.lang.ref.ReferenceQueue$Null@2dc2b42e
      ENQUEUED = class java.lang.ref.ReferenceQueue$Null@3f9ddafb
      lock = class java.lang.ref.ReferenceQueue$Lock@2dc34b9a
      head = null
      queueLength = 0
      $assertionsDisabled = true
    generatorRefs = class com.ibm.wsspi.kernel.service.utils.ConcurrentServiceReferenceSet@d6ad8e3
      referenceName = "generators"
      contextRef = class java.util.concurrent.atomic.AtomicReference@55aa1169
      elementMap = class java.util.LinkedHashMap@561aa9df
      elementSet = class java.util.concurrent.ConcurrentSkipListSet@1b8ea547
      elementSetUnsorted = false
      serialVersionUID = 756240983881166148
      $$$tc$$$ = class com.ibm.websphere.ras.TraceComponent@23bd8f06
    generatorManager = class com.ibm.ws.classloading.internal.ClassGeneratorManager@6827fb1b
      tc = class com.ibm.websphere.ras.TraceComponent@7c6e62a5
      generatorRefs = class com.ibm.wsspi.kernel.service.utils.ConcurrentServiceReferenceSet@d6ad8e3
      serialVersionUID = 4152663586056483310
    protectionDomainMap = class java.util.HashMap@50265c61
      serialVersionUID = 362498820763181265
      DEFAULT_INITIAL_CAPACITY = 16
      MAXIMUM_CAPACITY = 1073741824
      DEFAULT_LOAD_FACTOR = 0.75
      TREEIFY_THRESHOLD = 8
      UNTREEIFY_THRESHOLD = 6
      MIN_TREEIFY_CAPACITY = 64
      table = null
      entrySet = null
      size = 0
      modCount = 0
      threshold = 0
      loadFactor = 0.75
      keySet = null
      values = null
    metadataIdentifierService = class com.ibm.ws.container.service.metadata.internal.MetaDataServiceImpl@1ffac9e3
    serialVersionUID = -6576157393173485176
  globalSharedLibrary = class com.ibm.ws.library.internal.SharedLibraryImpl@2c2e8bba
    tc = class com.ibm.websphere.ras.TraceComponent@260b5189
      strings[0] = "TraceComponent[com.ibm.ws.library.internal.SharedLibraryImpl,class com.ibm.ws.library.internal.SharedLibraryImpl,[SharedLibrary],com.ibm.ws.classloading.internal.resources.ClassLoadingServiceMessages,null]"
    EMPTY_LIBRARY_LISTENERS = interface com.ibm.wsspi.library.LibraryChangeListener[0]
    deleted = false
    libraryListenersTracker = class org.osgi.util.tracker.ServiceTracker@3f65dd1e
      DEBUG = false
      context = class org.eclipse.osgi.internal.framework.BundleContextImpl@227a02a6
      filter = class org.osgi.framework.FrameworkUtil$FilterImpl@6faf6ba
      customizer = class org.osgi.util.tracker.ServiceTracker@3f65dd1e
      listenerFilter = "(&(objectClass=com.ibm.wsspi.library.LibraryChangeListener)(|(library=global)(libraryRef=*com.ibm.ws.classloading.sharedlibrary_9*)))"
      trackClass = null
      trackReference = null
      tracked = class org.osgi.util.tracker.ServiceTracker$Tracked@78dbb9b5
      cachedReference = null
      cachedService = null
    libraryReg = class org.eclipse.osgi.internal.serviceregistry.ServiceRegistrationImpl@59211d6e
      registry = class org.eclipse.osgi.internal.serviceregistry.ServiceRegistry@28ef4adb
      context = class org.eclipse.osgi.internal.framework.BundleContextImpl@227a02a6
      bundle = class org.eclipse.osgi.internal.framework.EquinoxBundle@4874287d
      clazzes = class java.lang.String[1]
      service = class com.ibm.ws.library.internal.SharedLibraryImpl@2c2e8bba
      reference = class org.eclipse.osgi.internal.serviceregistry.ServiceReferenceImpl@30000b59
      contextsUsing = class java.util.ArrayList@39edec64
      properties = class org.eclipse.osgi.internal.serviceregistry.ServiceProperties@37a998df
      serviceid = 177
      serviceranking = 0
      registrationLock = class java.lang.Object@3f4152b6
      state = 0
      REGISTERED = 0
      UNREGISTERING = 1
      UNREGISTERED = 2
      $assertionsDisabled = true
    ctx = class org.eclipse.osgi.internal.framework.BundleContextImpl@227a02a6
      findHookName = "org.osgi.framework.hooks.bundle.FindHook"
      valid = true
      bundle = class org.eclipse.osgi.internal.framework.EquinoxBundle@4874287d
      container = class org.eclipse.osgi.internal.framework.EquinoxContainer@250cd871
      debug = class org.eclipse.osgi.internal.debug.Debug@724c68ac
      servicesInUse = class java.util.HashMap@3106cb8
      activator = null
      contextLock = class java.lang.Object@67140e2b
    classLoadingService = class com.ibm.ws.classloading.internal.ClassLoadingServiceImpl@293010c5
    configAdmin = class com.ibm.ws.config.admin.internal.ConfigurationAdminImpl@653269d1
      bundle = class org.eclipse.osgi.internal.framework.EquinoxBundle@4874287d
      caFactory = class com.ibm.ws.config.admin.internal.ConfigAdminServiceFactory@7ec5ad9a
      serialVersionUID = -3783880043350273893
      $$$tc$$$ = class com.ibm.websphere.ras.TraceComponent@681b8285
    resolvedBasePath = "C:/Users/IBM_ADMIN/Documents/GitHub/chansyapp/target/liberty/wlp/usr/servers/defaultServer/"
    generationLock = class com.ibm.ws.library.internal.SharedLibraryImpl$1@d865f58
      this$0 = class com.ibm.ws.library.internal.SharedLibraryImpl@2c2e8bba
      serialVersionUID = 2483639803450672373
      $$$tc$$$ = class com.ibm.websphere.ras.TraceComponent@704c173
    currentGeneration = class com.ibm.ws.library.internal.LibraryGeneration@5c507318
      tc = class com.ibm.websphere.ras.TraceComponent@51b8af5c
      nextInt = class java.util.concurrent.atomic.AtomicInteger@1fde516c
      libraryId = "global"
      genId = 0
      libraryProps = class java.util.Hashtable@3c165317
      filesetRefs = class java.util.Collections$UnmodifiableRandomAccessList@3aa401b4
      apiTypeVisibility = class java.util.RegularEnumSet@70b1d017
      files = class java.util.Collections$EmptyList@391f3f51
      folders = class java.util.ArrayList@1d09aa5c
      fileAndFolderContainers = class java.util.Collections$EmptyList@391f3f51
      filesets = class java.util.concurrent.ArrayBlockingQueue@1309cc01
      filesetListenerRegs = class java.util.concurrent.ConcurrentLinkedQueue@93ad675
      cancelled = false
      library = class com.ibm.ws.library.internal.SharedLibraryImpl@2c2e8bba
      serialVersionUID = 6965220007121905717
    nextGeneration = class com.ibm.ws.library.internal.LibraryGeneration@5c507318
    artifactContainerFactory = class com.ibm.ws.library.internal.SharedLibraryFactory$1@4dccc8a1
      this$0 = class com.ibm.ws.library.internal.SharedLibraryFactory@1b6c1dcc
      serialVersionUID = 7730244564205089330
      $$$tc$$$ = class com.ibm.websphere.ras.TraceComponent@46a3117d
    packageExporter = class com.ibm.ws.library.internal.LibraryPackageExporter@3b464c28
      EXPORTER_POSTFIX = "_library_exporter"
      REGION_EXPORT_TO_LIBERTY = "liberty.library.export.to.liberty"
      REGION_EXPORT_TO_OSGI_APPS = "liberty.library.export.to.osgi.app"
      REGION_KERNEL = "org.eclipse.equinox.region.kernel"
      counter = class java.util.concurrent.atomic.AtomicLong@6e9e3dfb
      context = class org.eclipse.osgi.internal.framework.BundleContextImpl@227a02a6
      digraph = class org.eclipse.equinox.internal.region.StandardRegionDigraph@60566e45
      bundleToLibrary = class java.util.concurrent.ConcurrentHashMap@1e402210
      libraryToVisibility = class java.util.concurrent.ConcurrentHashMap@65b9ce69
      serialVersionUID = 8074378969667956573
      $$$tc$$$ = class com.ibm.websphere.ras.TraceComponent@d6b1fde
    serialVersionUID = 6288237618632180389
  sharedLibDeploymentInfo = class com.ibm.ws.app.manager.module.internal.DeployedAppInfoBase$SharedLibDeploymentInfo@75a30eb6
    bundleContext = class org.eclipse.osgi.internal.framework.BundleContextImpl@76ab716e
      findHookName = "org.osgi.framework.hooks.bundle.FindHook"
      valid = true
      bundle = class org.eclipse.osgi.internal.framework.EquinoxBundle@51cdd100
      container = class org.eclipse.osgi.internal.framework.EquinoxContainer@250cd871
      debug = class org.eclipse.osgi.internal.debug.Debug@724c68ac
      servicesInUse = class java.util.HashMap@6638ba6a
      activator = null
      contextLock = class java.lang.Object@753e6140
    locAdmin = class com.ibm.ws.kernel.service.location.internal.WsLocationAdminImpl@9799111
      tc = class com.ibm.websphere.ras.TraceComponent@718dd43b
      LOC_INTERNAL_LIB_DIR = "wlp.lib.dir"
      LOC_AREA_NAME_APPS = "shared/apps/"
      LOC_AREA_NAME_CONFIG = "shared/config/"
      LOC_AREA_NAME_RESC = "shared/resources/"
      LOC_AREA_NAME_STATE = "logs/state/"
      LOC_AREA_NAME_SERVERS = "servers/"
      LOC_AREA_NAME_CLIENTS = "clients/"
      LOC_AREA_NAME_WORKING = "workarea/"
      LOC_AREA_NAME_EXTENSION = "extension/"
      instance = class com.ibm.ws.kernel.service.location.internal.WsLocationAdminImpl@9799111
      installRoot = class com.ibm.ws.kernel.service.location.internal.SymbolicRootResource@3352d3a7
      installParentRoot = class com.ibm.ws.kernel.service.location.internal.SymbolicRootResource@7f2a88de
      userRoot = class com.ibm.ws.kernel.service.location.internal.SymbolicRootResource@50f82f13
      usrExtensionRoot = class com.ibm.ws.kernel.service.location.internal.SymbolicRootResource@4c3b4e3a
      serverConfigDir = class com.ibm.ws.kernel.service.location.internal.SymbolicRootResource@69d173f1
      serverOutputDir = class com.ibm.ws.kernel.service.location.internal.SymbolicRootResource@69d173f1
      bootstrapLib = class com.ibm.ws.kernel.service.location.internal.LocalFileResource@42967a6d
      serverWorkarea = class com.ibm.ws.kernel.service.location.internal.LocalFileResource@5307559b
      serverState = class com.ibm.ws.kernel.service.location.internal.LocalFileResource@455b9b5f
      sharedAppsRoot = class com.ibm.ws.kernel.service.location.internal.SymbolicRootResource@277736fe
      sharedConfigRoot = class com.ibm.ws.kernel.service.location.internal.SymbolicRootResource@5643756f
      sharedResourceRoot = class com.ibm.ws.kernel.service.location.internal.SymbolicRootResource@3f0149b1
      tmpRoot = class com.ibm.ws.kernel.service.location.internal.SymbolicRootResource@2699ac6d
      serverName = "defaultServer"
      resourcePaths = class java.util.ArrayList@3847ae86
      resourceGroups = class java.util.HashMap@75624cec
      commonRoot = class com.ibm.ws.kernel.service.location.internal.VirtualRootResource@401bdf30
      serialVersionUID = 7766352982799267432
    artifactFactory = class com.ibm.ws.artifact.internal.ArtifactContainerFactoryService@66fc502b
      CATEGORY_PROP_NAME = "category"
      ENTRY_KEY = "com.ibm.wsspi.artifact.ArtifactEntry"
      helperMap = class com.ibm.wsspi.kernel.service.utils.ConcurrentServiceReferenceSetMap@5a613164
      contributorMap = class com.ibm.wsspi.kernel.service.utils.ConcurrentServiceReferenceSetMap@73d828af
      helperCategoryMap = class com.ibm.wsspi.kernel.service.utils.ConcurrentServiceReferenceSetMap@5c98d6e4
      contributorCategoryMap = class com.ibm.wsspi.kernel.service.utils.ConcurrentServiceReferenceSetMap@78b38a63
      categories = class java.util.Collections$SynchronizedSet@2b8a7e00
      baseProperties = class org.apache.felix.scr.impl.helper.ReadOnlyDictionary@1925a68e
      serialVersionUID = -3101641399269402013
      $$$tc$$$ = class com.ibm.websphere.ras.TraceComponent@57aca8fe
    moduleFactory = class com.ibm.ws.adaptable.module.internal.AdaptableModuleFactoryImpl@6876a64b
      adapterFactoryService = class com.ibm.ws.adaptable.module.internal.AdapterFactoryServiceImpl@498f208b
      containerFactory = class com.ibm.ws.artifact.internal.ArtifactContainerFactoryService@66fc502b
      overlayContainerFactory = class com.ibm.ws.artifact.overlay.internal.OverlayContainerFactoryImpl@67be5c5c
      serialVersionUID = 4200251809856292987
      $$$tc$$$ = class com.ibm.websphere.ras.TraceComponent@4bc9107f
    classesContainerInfo = class java.util.ArrayList@4e93ce47
      serialVersionUID = 8683452581122892189
      DEFAULT_CAPACITY = 10
      EMPTY_ELEMENTDATA = class java.lang.Object[0]
      DEFAULTCAPACITY_EMPTY_ELEMENTDATA = class java.lang.Object[0]
      elementData = class java.lang.Object[0]
      size = 0
      MAX_ARRAY_SIZE = 2147483639
      modCount = 0
      MAX_ARRAY_SIZE = 2147483639
    serialVersionUID = -9033256786848720484
    $$$tc$$$ = class com.ibm.websphere.ras.TraceComponent@7ce7b704
      strings[0] = "TraceComponent[com.ibm.ws.app.manager.module.internal.DeployedAppInfoBase$SharedLibDeploymentInfo,class com.ibm.ws.app.manager.module.internal.DeployedAppInfoBase$SharedLibDeploymentInfo,[applications, app.manager],,null]"
  futureMonitor = class com.ibm.ws.threading.internal.FutureMonitorImpl@4884ecc6
    _monitor = class java.util.concurrent.ConcurrentLinkedQueue@43d04aa2
      serialVersionUID = 196745693267521676
      head = class java.util.concurrent.ConcurrentLinkedQueue$Node@173fac7d
      tail = class java.util.concurrent.ConcurrentLinkedQueue$Node@173fac7d
      UNSAFE = class sun.misc.Unsafe@73256d1e
      headOffset = 12
      tailOffset = 16
      MAX_ARRAY_SIZE = 2147483639
    _executor = class com.ibm.ws.threading.internal.ScheduledExecutorImpl@2f84ea9
      threadGroupName = "Scheduled Executor Thread Group"
      executor = class com.ibm.ws.threading.internal.ExecutorServiceImpl@634aaea5
      serialVersionUID = -9110693807503469597
      $$$tc$$$ = class com.ibm.websphere.ras.TraceComponent@5aa8213a
      continueExistingPeriodicTasksAfterShutdown = false
      executeExistingDelayedTasksAfterShutdown = true
      removeOnCancel = false
      sequencer = class java.util.concurrent.atomic.AtomicLong@3fe1e5c3
      ctl = class java.util.concurrent.atomic.AtomicInteger@3f19976b
      COUNT_BITS = 29
      CAPACITY = 536870911
      RUNNING = -536870912
      SHUTDOWN = 0
      STOP = 536870912
      TIDYING = 1073741824
      TERMINATED = 1610612736
      workQueue = class java.util.concurrent.ScheduledThreadPoolExecutor$DelayedWorkQueue@2aeb544
      mainLock = class java.util.concurrent.locks.ReentrantLock@3bc354d1
      workers = class java.util.HashSet@b3c6197
      termination = class java.util.concurrent.locks.AbstractQueuedSynchronizer$ConditionObject@786d0d54
      largestPoolSize = 1
      completedTaskCount = 0
      threadFactory = class com.ibm.ws.threading.internal.ThreadFactoryImpl@f9e8388
      handler = class java.util.concurrent.ThreadPoolExecutor$AbortPolicy@2eda3b76
      keepAliveTime = 0
      allowCoreThreadTimeOut = false
      corePoolSize = 1
      maximumPoolSize = 2147483647
      defaultHandler = class java.util.concurrent.ThreadPoolExecutor$AbortPolicy@2eda3b76
      shutdownPerm = class java.lang.RuntimePermission@4602d7e3
      ONLY_ONE = true
      $assertionsDisabled = true
    _threadRunning = class java.util.concurrent.atomic.AtomicBoolean@6e4bad0
      serialVersionUID = 4654671469794556979
      unsafe = class sun.misc.Unsafe@73256d1e
      valueOffset = 12
      value = 0
    _thread = class com.ibm.ws.threading.internal.FutureMonitorImpl$1@462931a3
      this$0 = class com.ibm.ws.threading.internal.FutureMonitorImpl@4884ecc6
      serialVersionUID = 2422512430832938099
      $$$tc$$$ = class com.ibm.websphere.ras.TraceComponent@468f83bd
    serialVersionUID = 2765238413969174390
    $$$tc$$$ = class com.ibm.websphere.ras.TraceComponent@66eb803e
      strings[0] = "TraceComponent[com.ibm.ws.threading.internal.FutureMonitorImpl,class com.ibm.ws.threading.internal.FutureMonitorImpl,[Threading],com.ibm.ws.threading.internal.resources.ThreadingMessages,null]"
  configAdmin = class com.ibm.ws.config.admin.internal.ConfigurationAdminImpl@33f4fac8
    bundle = class org.eclipse.osgi.internal.framework.EquinoxBundle@51cdd100
      equinoxContainer = class org.eclipse.osgi.internal.framework.EquinoxContainer@250cd871
      module = class org.eclipse.osgi.internal.framework.EquinoxBundle$EquinoxModule@63aac3da
      monitor = class java.lang.Object@634d5528
      context = class org.eclipse.osgi.internal.framework.BundleContextImpl@76ab716e
      signerInfos = null
      $SWITCH_TABLE$org$eclipse$osgi$container$Module$State = {1,2,3,4,5,6,7} /* array length = 7*/
    caFactory = class com.ibm.ws.config.admin.internal.ConfigAdminServiceFactory@7ec5ad9a
      tc = class com.ibm.websphere.ras.TraceComponent@731d2f5b
      configurationPermission = class org.osgi.service.cm.ConfigurationPermission@6d50f473
      INDEX_DICTIONARY = 0
      INDEX_LOCATION = 1
      INDEX_METATYPE_PROCESSED = 2
      INDEX_IN_OVERRIDES_FILE = 3
      INDEX_REFERENCES = 4
      INDEX_UNIQUES = 5
      bundleContext = class org.eclipse.osgi.internal.framework.BundleContextImpl@6e4d7635
      msTracker = class com.ibm.ws.config.admin.internal.ManagedServiceTracker@20ba364b
      msfTracker = class com.ibm.ws.config.admin.internal.ManagedServiceFactoryTracker@2297cdf3
      pluginManager = class com.ibm.ws.config.admin.internal.PluginManager@21a7eb95
      configurationStore = class com.ibm.ws.config.admin.internal.ConfigurationStore@4bbe60be
      updateQueue = class com.ibm.ws.config.admin.internal.UpdateQueue@3ac70fec
      ced = class com.ibm.ws.config.admin.internal.ConfigEventDispatcher@26a3a512
      idMap = class java.util.Collections$SynchronizedMap@38c60910
      referenceMap = class java.util.Collections$SynchronizedMap@c52526
      variableRegistryTracker = class org.osgi.util.tracker.ServiceTracker@27fe2bd
      variableRegistry = class com.ibm.ws.kernel.service.location.internal.VariableRegistryHelper@394f4cd5
      configurationAdminRef = class org.eclipse.osgi.internal.serviceregistry.ServiceRegistrationImpl@2c6949c2
      serialVersionUID = 6695202270027014725
    serialVersionUID = -3783880043350273893
    $$$tc$$$ = class com.ibm.websphere.ras.TraceComponent@681b8285
      strings[0] = "TraceComponent[com.ibm.ws.config.admin.internal.ConfigurationAdminImpl,class com.ibm.ws.config.admin.internal.ConfigurationAdminImpl,[config],com.ibm.ws.config.internal.resources.ConfigMessages,null]"
  libraryConfigHelper = class com.ibm.ws.classloading.ClassLoaderConfigHelper@1a6b724b
    tc = class com.ibm.websphere.ras.TraceComponent@5aa83f00
      strings[0] = "TraceComponent[com.ibm.ws.classloading.ClassLoaderConfigHelper,class com.ibm.ws.classloading.ClassLoaderConfigHelper,[ClassLoadingService],com.ibm.ws.classloading.internal.resources.ClassLoadingServiceMessages,null]"
    DEFAULT_API_TYPES = class java.util.RegularEnumSet@5f39256a
      serialVersionUID = 3411599620347842686
      elements = 7
      elementType = class java.lang.Class@94643e9
      universe = class com.ibm.wsspi.classloading.ApiType[4]
      ZERO_LENGTH_ENUM_ARRAY = class java.lang.Enum[0]
      MAX_ARRAY_SIZE = 2147483639
    sharedLibraries = class java.util.Collections$EmptyList@391f3f51
      serialVersionUID = 8842843931221139166
      modCount = 0
      MAX_ARRAY_SIZE = 2147483639
    commonLibraries = class java.util.Collections$EmptyList@391f3f51
    classProviders = class java.util.Collections$EmptyList@391f3f51
    sharedLibrariesPids = null
    commonLibrariesPids = null
    isDelegateLast = false
    apiTypes = class java.util.RegularEnumSet@5f39256a
    classLoaderConfigProps = null
    serialVersionUID = -4461331051796146154
  isDelegateLast = false
  permissionManager = class com.ibm.ws.security.java2sec.PermissionManager@42c059e7
    tc = class com.ibm.websphere.ras.TraceComponent@5fca02b5
      strings[0] = "TraceComponent[com.ibm.ws.security.java2sec.PermissionManager,class com.ibm.ws.security.java2sec.PermissionManager,[Java2SecurityUtil],com.ibm.ws.security.java2sec.resources.Java2SecurityUtilMessages,null]"
    classLoadingService = class com.ibm.ws.classloading.internal.ClassLoadingServiceImpl@293010c5
    DEFAULT_SERVER_RESTRICTABLE_PERMISSIONS = class java.security.Permission[4]
      DEFAULT_SERVER_RESTRICTABLE_PERMISSIONS[0] = class java.lang.RuntimePermission@6772d74
      DEFAULT_SERVER_RESTRICTABLE_PERMISSIONS[1] = class java.lang.RuntimePermission@19b8df08
      DEFAULT_SERVER_RESTRICTABLE_PERMISSIONS[2] = class java.security.SecurityPermission@325980d0
      DEFAULT_SERVER_RESTRICTABLE_PERMISSIONS[3] = class javax.security.auth.AuthPermission@6646af20
    DEFAULT_CLIENT_RESTRICTABLE_PERMISSIONS = class java.security.Permission[3]
      DEFAULT_CLIENT_RESTRICTABLE_PERMISSIONS[0] = class java.lang.RuntimePermission@a2c8e06
      DEFAULT_CLIENT_RESTRICTABLE_PERMISSIONS[1] = class java.security.SecurityPermission@2f1f88e7
      DEFAULT_CLIENT_RESTRICTABLE_PERMISSIONS[2] = class javax.security.auth.AuthPermission@3d0bb51b
    isServer = true
    wsjarUrlStreamHandlerAvailable = true
    restrictablePermissions = class java.util.ArrayList@3a3264b3
      serialVersionUID = 8683452581122892189
      DEFAULT_CAPACITY = 10
      EMPTY_ELEMENTDATA = class java.lang.Object[0]
      DEFAULTCAPACITY_EMPTY_ELEMENTDATA = class java.lang.Object[0]
      elementData = class java.lang.Object[10]
      size = 4
      MAX_ARRAY_SIZE = 2147483639
      modCount = 4
      MAX_ARRAY_SIZE = 2147483639
    grantedPermissions = class java.util.ArrayList@42a017b9
      serialVersionUID = 8683452581122892189
      DEFAULT_CAPACITY = 10
      EMPTY_ELEMENTDATA = class java.lang.Object[0]
      DEFAULTCAPACITY_EMPTY_ELEMENTDATA = class java.lang.Object[0]
      elementData = class java.lang.Object[0]
      size = 0
      MAX_ARRAY_SIZE = 2147483639
      modCount = 0
      MAX_ARRAY_SIZE = 2147483639
    KEY_PERMISSION = "permission"
    INCORRECT_PERMISSION_CONFIGURATION = "INCORRECT_PERMISSION_CONFIGURATION"
    SERVER_XML = "server.xml"
    CLIENT_XML = "client.xml"
    originationFile = "server.xml"
    permissions = class com.ibm.wsspi.kernel.service.utils.ConcurrentServiceReferenceSet@277817e5
      referenceName = "permission"
      contextRef = class java.util.concurrent.atomic.AtomicReference@5fe6ae52
      elementMap = class java.util.LinkedHashMap@754768be
      elementSet = class java.util.concurrent.ConcurrentSkipListSet@4594160e
      elementSetUnsorted = false
      serialVersionUID = 756240983881166148
      $$$tc$$$ = class com.ibm.websphere.ras.TraceComponent@23bd8f06
    codeBasePermissionMap = class java.util.HashMap@6b45916d
      serialVersionUID = 362498820763181265
      DEFAULT_INITIAL_CAPACITY = 16
      MAXIMUM_CAPACITY = 1073741824
      DEFAULT_LOAD_FACTOR = 0.75
      TREEIFY_THRESHOLD = 8
      UNTREEIFY_THRESHOLD = 6
      MIN_TREEIFY_CAPACITY = 64
      table = null
      entrySet = null
      size = 0
      modCount = 0
      threshold = 0
      loadFactor = 0.75
      keySet = class java.util.HashMap$KeySet@22b705e9
      values = null
    permissionXMLPermissionMap = class java.util.HashMap@427b674a
      serialVersionUID = 362498820763181265
      DEFAULT_INITIAL_CAPACITY = 16
      MAXIMUM_CAPACITY = 1073741824
      DEFAULT_LOAD_FACTOR = 0.75
      TREEIFY_THRESHOLD = 8
      UNTREEIFY_THRESHOLD = 6
      MIN_TREEIFY_CAPACITY = 64
      table = null
      entrySet = null
      size = 0
      modCount = 0
      threshold = 0
      loadFactor = 0.75
      keySet = null
      values = null
    serialVersionUID = -1314772785255050069
  permissionsConfig = null
  serialVersionUID = -6908382869835671687
  appInfo = class com.ibm.ws.container.service.app.deploy.internal.ApplicationInfoImpl@d2fefa1
    appName = "ChansyApp-1.0-SNAPSHOT"
    appMetaData = class com.ibm.ws.container.service.app.deploy.internal.ApplicationMetaDataImpl@55fb8c26
      j2eeName = class com.ibm.ws.container.service.metadata.internal.J2EENameImpl@22c288c7
      serialVersionUID = -7906531148367236579
      $$$tc$$$ = class com.ibm.websphere.ras.TraceComponent@47cf4b59
      tc = class com.ibm.websphere.ras.TraceComponent@4462b64d
      NUM_STATIC_SLOTS = 4
      ID_UNINITIALIZED = -1
      id = 0
      metaDataInterface = class java.lang.Class@48de18e0
      staticSlots = class java.lang.Object[4]
      dynamicSlots = null
    appContainer = class com.ibm.ws.adaptable.module.internal.AdaptableContainerImpl@26e11492
    configHelper = class com.ibm.ws.app.manager.module.ApplicationNestedConfigHelper@18fa60d0
      appInfo = class com.ibm.ws.app.manager.internal.ApplicationInstallInfo@108e321
      serialVersionUID = -3174031738676705046
      $$$tc$$$ = class com.ibm.websphere.ras.TraceComponent@4d73d42e
    serialVersionUID = 7091777744534637201
    $$$tc$$$ = class com.ibm.websphere.ras.TraceComponent@1954a331
      strings[0] = "TraceComponent[com.ibm.ws.container.service.app.deploy.internal.ApplicationInfoImpl,class com.ibm.ws.container.service.app.deploy.internal.ApplicationInfoImpl,[container.service],com.ibm.ws.container.service.resources.Messages,null]"
  modulesDeployed = class java.util.ArrayList@3bcda42a
    serialVersionUID = 8683452581122892189
    DEFAULT_CAPACITY = 10
    EMPTY_ELEMENTDATA = class java.lang.Object[0]
    DEFAULTCAPACITY_EMPTY_ELEMENTDATA = class java.lang.Object[0]
    elementData = class java.lang.Object[0]
    size = 0
    MAX_ARRAY_SIZE = 2147483639
    modCount = 0
    MAX_ARRAY_SIZE = 2147483639
  starting = false
  started = false
  appInfoFactory = class com.ibm.ws.container.service.app.deploy.internal.ApplicationInfoFactoryImpl@7a757032
    j2eeNameFactory = class com.ibm.wsspi.kernel.service.utils.AtomicServiceReference@14b537e3
      referenceName = "j2eeNameFactory"
      tuple = class java.util.concurrent.atomic.AtomicReference@6dc928dc
      serialVersionUID = 2226592364007985000
      $$$tc$$$ = class com.ibm.websphere.ras.TraceComponent@2520bbca
    names = class java.util.HashSet@61bb0de5
      serialVersionUID = -5024744406713321676
      map = class java.util.HashMap@6ce4387a
      PRESENT = class java.lang.Object@2b982ce7
      MAX_ARRAY_SIZE = 2147483639
    serialVersionUID = 6232436640731165768
    $$$tc$$$ = class com.ibm.websphere.ras.TraceComponent@30c3c832
      strings[0] = "TraceComponent[com.ibm.ws.container.service.app.deploy.internal.ApplicationInfoFactoryImpl,class com.ibm.ws.container.service.app.deploy.internal.ApplicationInfoFactoryImpl,[container.service],com.ibm.ws.container.service.resources.Messages,null]"
  metaDataService = class com.ibm.ws.container.service.metadata.internal.MetaDataServiceImpl@1ffac9e3
    applicationMetaDataManager = class com.ibm.ws.container.service.metadata.internal.ApplicationMetaDataManager@4d81a5e2
      serialVersionUID = 1843747281024490904
      $$$tc$$$ = class com.ibm.websphere.ras.TraceComponent@6cc56502
      listeners = class com.ibm.wsspi.kernel.service.utils.ConcurrentServiceReferenceSet@7336b32e
      metaDataIDs = class com.ibm.ws.container.service.metadata.internal.IndexList@1bb1e013
      metaDatas = class java.util.ArrayList@27c110f8
      slotIDs = class com.ibm.ws.container.service.metadata.internal.IndexList@43b714a1
      serialVersionUID = 5464421863354792977
      $$$tc$$$ = class com.ibm.websphere.ras.TraceComponent@db6da26
    moduleMetaDataManager = class com.ibm.ws.container.service.metadata.internal.ModuleMetaDataManager@44128ac8
      serialVersionUID = 2513574389899327209
      $$$tc$$$ = class com.ibm.websphere.ras.TraceComponent@caa26de
      listeners = class com.ibm.wsspi.kernel.service.utils.ConcurrentServiceReferenceSet@5be28580
      metaDataIDs = class com.ibm.ws.container.service.metadata.internal.IndexList@25637fb4
      metaDatas = class java.util.ArrayList@7968beae
      slotIDs = class com.ibm.ws.container.service.metadata.internal.IndexList@4c2d3c14
      serialVersionUID = 5464421863354792977
      $$$tc$$$ = class com.ibm.websphere.ras.TraceComponent@db6da26
    componentMetaDataManager = class com.ibm.ws.container.service.metadata.internal.ComponentMetaDataManager@f259e7a
      serialVersionUID = 8629793739641703882
      $$$tc$$$ = class com.ibm.websphere.ras.TraceComponent@45122a67
      listeners = class com.ibm.wsspi.kernel.service.utils.ConcurrentServiceReferenceSet@69c65a14
      metaDataIDs = class com.ibm.ws.container.service.metadata.internal.IndexList@f2355d4
      metaDatas = class java.util.ArrayList@47c5dbe2
      slotIDs = class com.ibm.ws.container.service.metadata.internal.IndexList@3cbc04e9
      serialVersionUID = 5464421863354792977
      $$$tc$$$ = class com.ibm.websphere.ras.TraceComponent@db6da26
    methodMetaDataManager = class com.ibm.ws.container.service.metadata.internal.MethodMetaDataManager@49bf443d
      serialVersionUID = -3308748211841563417
      $$$tc$$$ = class com.ibm.websphere.ras.TraceComponent@547f0a8f
      listeners = class com.ibm.wsspi.kernel.service.utils.ConcurrentServiceReferenceSet@3e434f72
      metaDataIDs = class com.ibm.ws.container.service.metadata.internal.IndexList@abb6077
      metaDatas = class java.util.ArrayList@5584fc21
      slotIDs = class com.ibm.ws.container.service.metadata.internal.IndexList@415a0308
      serialVersionUID = 5464421863354792977
      $$$tc$$$ = class com.ibm.websphere.ras.TraceComponent@db6da26
    appModuleNameToModuleContainer = class java.util.concurrent.ConcurrentHashMap@951565d
      serialVersionUID = 7249069246763182397
      MAXIMUM_CAPACITY = 1073741824
      DEFAULT_CAPACITY = 16
      MAX_ARRAY_SIZE = 2147483639
      DEFAULT_CONCURRENCY_LEVEL = 16
      LOAD_FACTOR = 0.75
      TREEIFY_THRESHOLD = 8
      UNTREEIFY_THRESHOLD = 6
      MIN_TREEIFY_CAPACITY = 64
      MIN_TRANSFER_STRIDE = 16
      RESIZE_STAMP_BITS = 16
      MAX_RESIZERS = 65535
      RESIZE_STAMP_SHIFT = 16
      MOVED = -1
      TREEBIN = -2
      RESERVED = -3
      HASH_BITS = 2147483647
      NCPU = 4
      serialPersistentFields = class java.io.ObjectStreamField[3]
      table = null
      nextTable = null
      baseCount = 0
      sizeCtl = 0
      transferIndex = 0
      cellsBusy = 0
      counterCells = null
      keySet = null
      values = null
      entrySet = null
      U = class sun.misc.Unsafe@73256d1e
      SIZECTL = 20
      TRANSFERINDEX = 32
      BASECOUNT = 24
      CELLSBUSY = 36
      CELLVALUE = 144
      ABASE = 16
      ASHIFT = 2
      keySet = null
      values = null
    jeeNameToComponentMetaData = class java.util.concurrent.ConcurrentHashMap@59c5d975
      serialVersionUID = 7249069246763182397
      MAXIMUM_CAPACITY = 1073741824
      DEFAULT_CAPACITY = 16
      MAX_ARRAY_SIZE = 2147483639
      DEFAULT_CONCURRENCY_LEVEL = 16
      LOAD_FACTOR = 0.75
      TREEIFY_THRESHOLD = 8
      UNTREEIFY_THRESHOLD = 6
      MIN_TREEIFY_CAPACITY = 64
      MIN_TRANSFER_STRIDE = 16
      RESIZE_STAMP_BITS = 16
      MAX_RESIZERS = 65535
      RESIZE_STAMP_SHIFT = 16
      MOVED = -1
      TREEBIN = -2
      RESERVED = -3
      HASH_BITS = 2147483647
      NCPU = 4
      serialPersistentFields = class java.io.ObjectStreamField[3]
      table = null
      nextTable = null
      baseCount = 0
      sizeCtl = 0
      transferIndex = 0
      cellsBusy = 0
      counterCells = null
      keySet = null
      values = null
      entrySet = null
      U = class sun.misc.Unsafe@73256d1e
      SIZECTL = 20
      TRANSFERINDEX = 32
      BASECOUNT = 24
      CELLSBUSY = 36
      CELLVALUE = 144
      ABASE = 16
      ASHIFT = 2
      keySet = null
      values = null
    deferredMetaDataFactories = class com.ibm.wsspi.kernel.service.utils.ConcurrentServiceReferenceSet@7ab05a79
      referenceName = "deferredMetaDataFactory"
      contextRef = class java.util.concurrent.atomic.AtomicReference@30cddb88
      elementMap = class java.util.LinkedHashMap@6d2d8e38
      elementSet = class java.util.concurrent.ConcurrentSkipListSet@21b24f16
      elementSetUnsorted = false
      serialVersionUID = 756240983881166148
      $$$tc$$$ = class com.ibm.websphere.ras.TraceComponent@23bd8f06
    deferredMetaDataInitializers = class com.ibm.wsspi.kernel.service.utils.ConcurrentServiceReferenceMap@499d67be
      referenceName = "deferredMetaDataFactory"
      context = class org.apache.felix.scr.impl.manager.ComponentContextImpl@586b9c06
      elementMap = class java.util.concurrent.ConcurrentHashMap@4e6fe014
      serialVersionUID = 6980924785166233786
      $$$tc$$$ = class com.ibm.websphere.ras.TraceComponent@13dbd373
    serialVersionUID = -2494605732980966097
    $$$tc$$$ = class com.ibm.websphere.ras.TraceComponent@5e9527ff
      strings[0] = "TraceComponent[com.ibm.ws.container.service.metadata.internal.MetaDataServiceImpl,class com.ibm.ws.container.service.metadata.internal.MetaDataServiceImpl,[Runtime],,null]"
  stateChangeService = class com.ibm.ws.container.service.state.internal.StateChangeServiceImpl@3aba11fa
    applicationStateManager = class com.ibm.ws.container.service.state.internal.ApplicationStateManager@4c25a0d9
      serialVersionUID = -6685368059484454124
      $$$tc$$$ = class com.ibm.websphere.ras.TraceComponent@747054cb
      listeners = class com.ibm.wsspi.kernel.service.utils.ConcurrentServiceReferenceSet@5b32ecfc
      serialVersionUID = 2284273176985484160
      $$$tc$$$ = class com.ibm.websphere.ras.TraceComponent@30260122
    moduleStateManager = class com.ibm.ws.container.service.state.internal.ModuleStateManager@8b1aad3
      serialVersionUID = -5540260902341249963
      $$$tc$$$ = class com.ibm.websphere.ras.TraceComponent@17c2b809
      listeners = class com.ibm.wsspi.kernel.service.utils.ConcurrentServiceReferenceSet@26f1114b
      serialVersionUID = 2284273176985484160
      $$$tc$$$ = class com.ibm.websphere.ras.TraceComponent@30260122
    serialVersionUID = -537917915330350560
    $$$tc$$$ = class com.ibm.websphere.ras.TraceComponent@3db408c7
      strings[0] = "TraceComponent[com.ibm.ws.container.service.state.internal.StateChangeServiceImpl,class com.ibm.ws.container.service.state.internal.StateChangeServiceImpl,[Runtime],,null]"
  moduleClassesInfo = class com.ibm.ws.app.manager.module.internal.SimpleDeployedAppInfoBase$ModuleClassesInfoProvider@4cfaa18b
    entryContainerInfosMap = class java.util.HashMap@2ff03583
      serialVersionUID = 362498820763181265
      DEFAULT_INITIAL_CAPACITY = 16
      MAXIMUM_CAPACITY = 1073741824
      DEFAULT_LOAD_FACTOR = 0.75
      TREEIFY_THRESHOLD = 8
      UNTREEIFY_THRESHOLD = 6
      MIN_TREEIFY_CAPACITY = 64
      table = null
      entrySet = null
      size = 0
      modCount = 0
      threshold = 0
      loadFactor = 0.75
      keySet = null
      values = null
    serialVersionUID = -70332790531324534
    $$$tc$$$ = class com.ibm.websphere.ras.TraceComponent@235b2d4e
      strings[0] = "TraceComponent[com.ibm.ws.app.manager.module.internal.SimpleDeployedAppInfoBase$ModuleClassesInfoProvider,class com.ibm.ws.app.manager.module.internal.SimpleDeployedAppInfoBase$ModuleClassesInfoProvider,[applications, app.manager],,null]"
  moduleContainerInfos = class java.util.ArrayList@1a40a0ca
    serialVersionUID = 8683452581122892189
    DEFAULT_CAPACITY = 10
    EMPTY_ELEMENTDATA = class java.lang.Object[0]
    DEFAULTCAPACITY_EMPTY_ELEMENTDATA = class java.lang.Object[0]
    elementData = class java.lang.Object[10]
      elementData[0] = class com.ibm.ws.app.manager.module.internal.SimpleDeployedAppInfoBase$WebModuleContainerInfo@420d53a6
      elementData[1] = null
      elementData[2] = null
      elementData[3] = null
      elementData[4] = null
      elementData[5] = null
      elementData[6] = null
      elementData[7] = null
      elementData[8] = null
      elementData[9] = null
    size = 1
    MAX_ARRAY_SIZE = 2147483639
    modCount = 1
    MAX_ARRAY_SIZE = 2147483639
  activeModuleHandlers = class java.util.IdentityHashMap@4b65a750
    DEFAULT_CAPACITY = 32
    MINIMUM_CAPACITY = 4
    MAXIMUM_CAPACITY = 536870912
    table = class java.lang.Object[16]
      table[0] = null
      table[1] = null
      table[2] = null
      table[3] = null
      table[4] = null
      table[5] = null
      table[6] = null
      table[7] = null
      table[8] = null
      table[9] = null
      table[10] = null
      table[11] = null
      table[12] = null
      table[13] = null
      table[14] = null
      table[15] = null
    size = 0
    modCount = 0
    NULL_KEY = class java.lang.Object@572ba8dc
    entrySet = null
    serialVersionUID = 8188218128353913216
    keySet = null
    values = null
  serialVersionUID = 7078125893012250887
  $$$tc$$$ = class com.ibm.websphere.ras.TraceComponent@5cc4d17a
    strings[0] = "TraceComponent[com.ibm.ws.app.manager.module.internal.SimpleDeployedAppInfoBase,class com.ibm.ws.app.manager.module.internal.SimpleDeployedAppInfoBase,[applications, app.manager],,null]"

Dump of objectArray[0]
Object type = com.ibm.ws.threading.internal.NonCancelableResultFuture
  _done = false
  _result = null
  _failure = null
  _listeners = class java.util.concurrent.ConcurrentLinkedQueue@78fc20ba
    serialVersionUID = 196745693267521676
    head = class java.util.concurrent.ConcurrentLinkedQueue$Node@3995e3ff
      item = null
      next = null
      UNSAFE = class sun.misc.Unsafe@73256d1e
      itemOffset = 12
      nextOffset = 16
    tail = class java.util.concurrent.ConcurrentLinkedQueue$Node@3995e3ff
    UNSAFE = class sun.misc.Unsafe@73256d1e
    headOffset = 12
    tailOffset = 16
    MAX_ARRAY_SIZE = 2147483639
  _notifiedListeners = class java.util.concurrent.atomic.AtomicBoolean@bfd9c08
    serialVersionUID = 4654671469794556979
    unsafe = class sun.misc.Unsafe@73256d1e
      theUnsafe = class sun.misc.Unsafe@73256d1e
      INVALID_FIELD_OFFSET = -1
      ARRAY_BOOLEAN_BASE_OFFSET = 16
      ARRAY_BYTE_BASE_OFFSET = 16
      ARRAY_SHORT_BASE_OFFSET = 16
      ARRAY_CHAR_BASE_OFFSET = 16
      ARRAY_INT_BASE_OFFSET = 16
      ARRAY_LONG_BASE_OFFSET = 16
      ARRAY_FLOAT_BASE_OFFSET = 16
      ARRAY_DOUBLE_BASE_OFFSET = 16
      ARRAY_OBJECT_BASE_OFFSET = 16
      ARRAY_BOOLEAN_INDEX_SCALE = 1
      ARRAY_BYTE_INDEX_SCALE = 1
      ARRAY_SHORT_INDEX_SCALE = 2
      ARRAY_CHAR_INDEX_SCALE = 2
      ARRAY_INT_INDEX_SCALE = 4
      ARRAY_LONG_INDEX_SCALE = 8
      ARRAY_FLOAT_INDEX_SCALE = 4
      ARRAY_DOUBLE_INDEX_SCALE = 8
      ARRAY_OBJECT_INDEX_SCALE = 4
      ADDRESS_SIZE = 8
    valueOffset = 12
    value = 0
  serialVersionUID = -296387658814354272
  $$$tc$$$ = class com.ibm.websphere.ras.TraceComponent@14c4732d
    strings[0] = "TraceComponent[com.ibm.ws.threading.internal.NonCancelableResultFuture,class com.ibm.ws.threading.internal.NonCancelableResultFuture,[Threading],com.ibm.ws.threading.internal.resources.ThreadingMessages,null]"

