------Start of DE processing------ = [3/15/17 0:27:13:252 CST]
Exception = com.ibm.ws.container.service.metadata.MetaDataException
Source = com.ibm.ws.app.manager.module.internal.DeployedAppInfoBase
probeid = 365
Stack Dump = com.ibm.ws.container.service.metadata.MetaDataException: com.ibm.wsspi.adaptable.module.UnableToAdaptException: SRVE9016E: Unable to insert mapping [/SimpleServlet] for servlet named [wasdev.sample.servlet.LogClassifier]. The URL pattern is already defined for servlet named [wasdev.sample.servlet.SimpleServlet].
	at com.ibm.ws.webcontainer.osgi.WebContainer.createModuleMetaData(WebContainer.java:759)
	at com.ibm.ws.app.manager.module.internal.ModuleHandlerBase.createModuleMetaData(ModuleHandlerBase.java:64)
	at com.ibm.ws.app.manager.module.internal.SimpleDeployedAppInfoBase$ModuleContainerInfoBase.createModuleMetaData(SimpleDeployedAppInfoBase.java:169)
	at com.ibm.ws.app.manager.module.internal.DeployedAppInfoBase.preDeployApp(DeployedAppInfoBase.java:364)
	at com.ibm.ws.app.manager.module.internal.DeployedAppInfoBase.deployApp(DeployedAppInfoBase.java:403)
	at com.ibm.ws.app.manager.war.internal.WARApplicationHandlerImpl.install(WARApplicationHandlerImpl.java:66)
	at com.ibm.ws.app.manager.internal.statemachine.StartAction.execute(StartAction.java:141)
	at com.ibm.ws.app.manager.internal.statemachine.ApplicationStateMachineImpl.enterState(ApplicationStateMachineImpl.java:1191)
	at com.ibm.ws.app.manager.internal.statemachine.ApplicationStateMachineImpl.run(ApplicationStateMachineImpl.java:804)
	at java.util.concurrent.ThreadPoolExecutor.runWorker(ThreadPoolExecutor.java:1142)
	at java.util.concurrent.ThreadPoolExecutor$Worker.run(ThreadPoolExecutor.java:617)
	at java.lang.Thread.run(Thread.java:745)
Caused by: com.ibm.wsspi.adaptable.module.UnableToAdaptException: SRVE9016E: Unable to insert mapping [/SimpleServlet] for servlet named [wasdev.sample.servlet.LogClassifier]. The URL pattern is already defined for servlet named [wasdev.sample.servlet.SimpleServlet].
	at com.ibm.ws.webcontainer.osgi.container.config.WebAppConfiguratorHelper.configureWebServletAnnotation(WebAppConfiguratorHelper.java:2640)
	at com.ibm.ws.webcontainer.osgi.container.config.WebAppConfiguratorHelper.configureServletAnnotation(WebAppConfiguratorHelper.java:2411)
	at com.ibm.ws.webcontainer.osgi.container.config.WebAppConfiguratorHelper.configureFromAnnotations(WebAppConfiguratorHelper.java:779)
	at com.ibm.ws.webcontainer.osgi.container.config.WebAppConfigurator.configure(WebAppConfigurator.java:415)
	at com.ibm.ws.webcontainer.osgi.container.config.WebAppConfigurationAdapter.adapt(WebAppConfigurationAdapter.java:116)
	at com.ibm.ws.webcontainer.osgi.container.config.WebAppConfigurationAdapter.adapt(WebAppConfigurationAdapter.java:44)
	at com.ibm.ws.adaptable.module.internal.AdapterFactoryServiceImpl.adapt(AdapterFactoryServiceImpl.java:193)
	at com.ibm.ws.adaptable.module.internal.AdaptableContainerImpl.adapt(AdaptableContainerImpl.java:171)
	at com.ibm.ws.webcontainer.osgi.WebContainer.createModuleMetaData(WebContainer.java:744)
	... 11 more

Dump of callerThis
Object type = com.ibm.ws.app.manager.war.internal.WARDeployedAppInfo
  CONTEXT_ROOT = "context-root"
  webModuleHandler = class com.ibm.ws.app.manager.web.internal.WebModuleHandlerImpl@677ff1bf
    serialVersionUID = 4795602325763828210
    $$$tc$$$ = class com.ibm.websphere.ras.TraceComponent@5f82b346
      strings[0] = "TraceComponent[com.ibm.ws.app.manager.web.internal.WebModuleHandlerImpl,class com.ibm.ws.app.manager.web.internal.WebModuleHandlerImpl,[webcontainer, applications, app.manager],com.ibm.ws.app.manager.war.internal.resources.Messages,null]"
    futureMonitor = class com.ibm.ws.threading.internal.FutureMonitorImpl@2559608c
    metaDataService = class com.ibm.ws.container.service.metadata.internal.MetaDataServiceImpl@60a7b4b7
    stateChangeService = class com.ibm.ws.container.service.state.internal.StateChangeServiceImpl@63df2061
    moduleRuntimeContainer = class com.ibm.ws.webcontainer.osgi.WebContainer@1974b1b0
      tc = class com.ibm.websphere.ras.TraceComponent@3d03f3f
      CLASS_NAME = "com.ibm.ws.webcontainer.osgi.WebContainer"
      initialized = true
      eventService = class com.ibm.ws.event.internal.EventEngineImpl@11dfb0e2
      futureMonitor = class com.ibm.ws.threading.internal.FutureMonitorImpl@2559608c
      classLoadingSRRef = class com.ibm.wsspi.kernel.service.utils.AtomicServiceReference@50dc0745
      sessionHelperSRRef = class com.ibm.wsspi.kernel.service.utils.AtomicServiceReference@3dc87fe
      cacheManagerSRRef = class com.ibm.wsspi.kernel.service.utils.AtomicServiceReference@6f686fc7
      injectionEngineSRRef = class com.ibm.wsspi.kernel.service.utils.AtomicServiceReference@1db3fa6
      managedObjectServiceSRRef = class com.ibm.wsspi.kernel.service.utils.AtomicServiceReference@318de6f7
      REFERENCE_WEB_MBEAN_RUNTIME = "webMBeanRuntime"
      webMBeanRuntimeServiceRef = class com.ibm.wsspi.kernel.service.utils.AtomicServiceReference@5609744f
      servletContainerInitializers = class com.ibm.wsspi.kernel.service.utils.ConcurrentServiceReferenceSet@7a333f1e
      es = class com.ibm.ws.threading.internal.ExecutorServiceImpl@224d19f1
      locationServiceRef = class java.util.concurrent.atomic.AtomicReference@7ca9f911
      transferContextServiceRef = class com.ibm.wsspi.kernel.service.utils.ConcurrentServiceReferenceSet@611f51c7
      encodingServiceRef = class java.util.concurrent.atomic.AtomicReference@2375935
      instance = class java.util.concurrent.atomic.AtomicReference@48ff5a13
      vhostManager = class com.ibm.ws.webcontainer.osgi.DynamicVirtualHostManager@7bad536c
      metaDataService = class com.ibm.ws.container.service.metadata.internal.MetaDataServiceImpl@60a7b4b7
      j2eeNameFactory = class com.ibm.ws.container.service.metadata.internal.J2EENameFactoryImpl@5861b767
      context = class org.apache.felix.scr.impl.manager.ComponentContextImpl@6a7c51ba
      contextRoots = class java.util.Collections$SynchronizedSet@7bdb59aa
      pendingContextRoots = class java.util.HashMap@2684486a
      deployedModuleMap = class java.util.concurrent.ConcurrentHashMap@730b0952
      connContextPool = class com.ibm.ws.webcontainer31.osgi.srt.SRTConnectionContextPool31Impl@7b726708
      DEFAULT_PORT = "*"
      DEFAULT_VHOST_NAME = "default_host"
      cachedServerInfo = null
      lock = class com.ibm.ws.webcontainer.osgi.WebContainer$1@5a4577c5
      webAppFactory = class com.ibm.ws.webcontainer31.osgi.webapp.WebAppFactoryImpl31@5e06a3ff
      requestFactory = class com.ibm.ws.webcontainer31.osgi.response.IRequestResponseFactory@75ec60f4
      responseFactory = class com.ibm.ws.webcontainer31.osgi.response.IRequestResponseFactory@75ec60f4
      asyncContextFactory = class com.ibm.ws.webcontainer31.async.AsyncContextFactory31Impl@1d4e0366
      DEFAULT_MAX_VERSION = 30
      versionRef = class org.eclipse.osgi.internal.serviceregistry.ServiceReferenceImpl@6cc4b455
      SPEC_LEVEL_UNLOADED = -1
      SPEC_LEVEL_30 = 30
      SPEC_LEVEL_31 = 31
      DEFAULT_SPEC_LEVEL = 30
      loadedContainerSpecLevel = 31
      ISO = "ISO-8859-1"
      encoding = "UTF-8"
      decode = true
      wcconfig = class com.ibm.ws.webcontainer.osgi.WebContainerConfiguration@11cbc0bb
      applicationListeners = class java.util.ArrayList@7c73a4d7
      servletListeners = class java.util.ArrayList@35dcc110
      servletErrorListeners = class java.util.ArrayList@5010961
      servletInvocationListeners = class java.util.ArrayList@4a80cf62
      filterInvocationListeners = class java.util.ArrayList@2bb49ff9
      filterErrorListeners = class java.util.ArrayList@78b31fde
      filterListeners = class java.util.ArrayList@75745ba8
      servletRequestListeners = class java.util.ArrayList@394361bb
      servletRequestAttributeListeners = class java.util.ArrayList@36077a3d
      servletContextListeners = class java.util.ArrayList@56aadecc
      servletContextAttributeListeners = class java.util.ArrayList@15476aa
      sessionListeners = class java.util.ArrayList@23389182
      sessionIdListeners = class java.util.ArrayList@2ee3c14a
      sessionAttributeListeners = class java.util.ArrayList@2e3f36e4
      DEFAULT_HOST = "default_host"
      _initialized = true
      logger = class com.ibm.ws.logging.internal.WsLogger@cfcf4af
      CLASS_NAME = "com.ibm.ws.webcontainer.internal.WebContainer"
      nls = class com.ibm.ejs.ras.TraceNLS@6b2fc033
      self = class java.util.concurrent.atomic.AtomicReference@5b76b58d
      _cipherToBit = class java.util.HashMap@c293011
      cacheKeyStringBuilder = class com.ibm.ws.util.WSThreadLocal@679be4b7
      listenersInitialized = false
      webConProperties = class java.util.Properties@72a08e2f
      sessionRegistry = null
      isStopped = false
      readWriteLockForStopping = class java.util.concurrent.locks.ReentrantReadWriteLock@1c14972b
      urlPrefix = ";jsessionid="
      extensionFactories = class java.util.ArrayList@59f89500
      postInitExtensionFactories = null
      httpResponseListeners = class java.util.ArrayList@617e6cd4
      servletContainerInitializers = class java.util.ServiceLoader@17595722
      invocationCacheSize = 500
      decodePlusSign = true
      _cacheMap = class java.util.concurrent.ConcurrentHashMap@2fcc372d
      _cacheSize = class java.util.concurrent.atomic.AtomicInteger@3281f741
      vHostCompatFlag = false
      platformHelper = class com.ibm.ws.webcontainer.PlatformHelper@208b2509
      isDefaultTempDir = true
      tempDir = null
      servletCachingInitNeeded = true
      appInstallBegun = false
      commands = class java.util.ArrayList@338db3b9
      requestMapper = class com.ibm.ws.webcontainer.util.VirtualHostContextRootMapper@e8b6176
      parent = null
      name = "Was.webcontainer"
      isAlive = true
      subElements = null
      attributes = null
      config = null
      serialVersionUID = -8271459000149267764
      $$$tc$$$ = class com.ibm.websphere.ras.TraceComponent@693a6e89
    firstFailure = null
    serialVersionUID = -4563697739413190872
    $$$tc$$$ = class com.ibm.websphere.ras.TraceComponent@686a07e1
      strings[0] = "TraceComponent[com.ibm.ws.app.manager.module.internal.ModuleHandlerBase,class com.ibm.ws.app.manager.module.internal.ModuleHandlerBase,[applications, app.manager],,null]"
  webContainerModuleInfo = class com.ibm.ws.app.manager.module.internal.SimpleDeployedAppInfoBase$WebModuleContainerInfo@796e1e18
    contextRoot = "/ChansyApp"
    defaultContextRoot = "ChansyApp"
    serialVersionUID = -8158961796913348204
    $$$tc$$$ = class com.ibm.websphere.ras.TraceComponent@e28b786
      strings[0] = "TraceComponent[com.ibm.ws.app.manager.module.internal.SimpleDeployedAppInfoBase$WebModuleContainerInfo,class com.ibm.ws.app.manager.module.internal.SimpleDeployedAppInfoBase$WebModuleContainerInfo,[applications, app.manager],,null]"
    moduleHandler = class com.ibm.ws.app.manager.web.internal.WebModuleHandlerImpl@677ff1bf
    moduleMetaDataExtenders = class java.util.concurrent.CopyOnWriteArrayList@305bf50c
      serialVersionUID = 8673264195747942595
      lock = class java.util.concurrent.locks.ReentrantLock@23ebcc45
      array = class java.lang.Object[0]
      UNSAFE = class sun.misc.Unsafe@32f89feb
      lockOffset = 12
    nestedModuleMetaDataFactories = class java.util.concurrent.CopyOnWriteArrayList@2be9c315
      serialVersionUID = 8673264195747942595
      lock = class java.util.concurrent.locks.ReentrantLock@453b20a9
      array = class java.lang.Object[0]
      UNSAFE = class sun.misc.Unsafe@32f89feb
      lockOffset = 12
    nestedModules = null
    moduleName = "ChansyApp-1.0-SNAPSHOT"
    moduleDD = null
    moduleInfo = class com.ibm.ws.app.manager.module.internal.WebModuleInfoImpl@7151108e
      contextRoot = "/ChansyApp"
      serialVersionUID = 4357952575365007841
      $$$tc$$$ = class com.ibm.websphere.ras.TraceComponent@4ed8a821
      tc = class com.ibm.websphere.ras.TraceComponent@45e036dd
      appInfo = class com.ibm.ws.container.service.app.deploy.internal.ApplicationInfoImpl@4fdb7d43
      moduleName = "ChansyApp-1.0-SNAPSHOT"
      path = "ChansyApp-1.0-SNAPSHOT"
      moduleContainer = class com.ibm.ws.adaptable.module.internal.AdaptableContainerImpl@6a11a035
      altDDEntry = null
      moduleClassesContainers = class java.util.ArrayList@1b4b3b19
      classLoaderFactory = class com.ibm.ws.app.manager.war.internal.WARDeployedAppInfo@6258ad34
      containerInfoType = class com.ibm.ws.container.service.app.deploy.ContainerInfo$Type@648ca9a3
      classLoader = class com.ibm.ws.classloading.internal.AppClassLoader@6807e984
      moduleMetaData = null
      nestedModuleMetaDataTypes = null
      nestedModuleMetaDataValues = null
      serialVersionUID = 3986734351620206554
    serialVersionUID = 8693907776607441911
    $$$tc$$$ = class com.ibm.websphere.ras.TraceComponent@1f6a7b87
      strings[0] = "TraceComponent[com.ibm.ws.app.manager.module.internal.SimpleDeployedAppInfoBase$ModuleContainerInfoBase,class com.ibm.ws.app.manager.module.internal.SimpleDeployedAppInfoBase$ModuleContainerInfoBase,[applications, app.manager],,null]"
    type = class com.ibm.ws.container.service.app.deploy.ContainerInfo$Type@648ca9a3
      MANIFEST_CLASSPATH = class com.ibm.ws.container.service.app.deploy.ContainerInfo$Type@784cb72a
      WEB_INF_CLASSES = class com.ibm.ws.container.service.app.deploy.ContainerInfo$Type@75aa9180
      WEB_INF_LIB = class com.ibm.ws.container.service.app.deploy.ContainerInfo$Type@6aea12b
      EAR_LIB = class com.ibm.ws.container.service.app.deploy.ContainerInfo$Type@4c135230
      WEB_MODULE = class com.ibm.ws.container.service.app.deploy.ContainerInfo$Type@648ca9a3
      EJB_MODULE = class com.ibm.ws.container.service.app.deploy.ContainerInfo$Type@517b597f
      CLIENT_MODULE = class com.ibm.ws.container.service.app.deploy.ContainerInfo$Type@707ce441
      RAR_MODULE = class com.ibm.ws.container.service.app.deploy.ContainerInfo$Type@3a8b49c
      JAR_MODULE = class com.ibm.ws.container.service.app.deploy.ContainerInfo$Type@557ce40b
      SHARED_LIB = class com.ibm.ws.container.service.app.deploy.ContainerInfo$Type@5e47ff7a
      $VALUES = class com.ibm.ws.container.service.app.deploy.ContainerInfo$Type[10]
      serialVersionUID = -3226393626317575807
      $$$tc$$$ = class com.ibm.websphere.ras.TraceComponent@38790ea1
      name = "WEB_MODULE"
      ordinal = 4
    name = "ChansyApp-1.0-SNAPSHOT"
    container = class com.ibm.ws.adaptable.module.internal.AdaptableContainerImpl@6a11a035
      root = class com.ibm.ws.adaptable.module.internal.AdaptableContainerImpl@6a11a035
      rootOverlay = class com.ibm.ws.artifact.overlay.internal.DirectoryBasedOverlayContainerImpl@620a5a92
      factoryHolder = class com.ibm.ws.adaptable.module.internal.AdaptableModuleFactoryImpl@7b3b912d
      delegate = class com.ibm.ws.artifact.overlay.internal.DirectoryBasedOverlayContainerImpl@620a5a92
      notifier = class com.ibm.ws.adaptable.module.internal.NotifierImpl@16bf61d1
      serialVersionUID = -5621513278641113667
      $$$tc$$$ = class com.ibm.websphere.ras.TraceComponent@66fd0867
    altDDEntry = null
    classesContainerInfo = class java.util.ArrayList@1b4b3b19
      serialVersionUID = 8683452581122892189
      DEFAULT_CAPACITY = 10
      EMPTY_ELEMENTDATA = class java.lang.Object[0]
      DEFAULTCAPACITY_EMPTY_ELEMENTDATA = class java.lang.Object[0]
      elementData = class java.lang.Object[33]
      size = 26
      MAX_ARRAY_SIZE = 2147483639
      modCount = 27
      MAX_ARRAY_SIZE = 2147483639
    serialVersionUID = 7427332431485745589
    $$$tc$$$ = class com.ibm.websphere.ras.TraceComponent@1e05599e
      strings[0] = "TraceComponent[com.ibm.ws.app.manager.module.internal.SimpleDeployedAppInfoBase$ExtendedContainerInfo,class com.ibm.ws.app.manager.module.internal.SimpleDeployedAppInfoBase$ExtendedContainerInfo,[applications, app.manager],,null]"
  DYNAMIC_IMPORT_PACKAGE_LIST = class java.util.Collections$UnmodifiableRandomAccessList@467129c6
    serialVersionUID = -2542308836966382001
    serialVersionUID = -283967356065247728
    list = class java.util.Arrays$ArrayList@7b2e2ae1
      serialVersionUID = -2764017481108945198
      a = class java.lang.String[1]
      modCount = 0
      MAX_ARRAY_SIZE = 2147483639
    serialVersionUID = 1820017752578914078
    c = class java.util.Arrays$ArrayList@7b2e2ae1
  serialVersionUID = -6153587016903242961
  $$$tc$$$ = class com.ibm.websphere.ras.TraceComponent@4b1fa4f0
    strings[0] = "TraceComponent[com.ibm.ws.app.manager.war.internal.WARDeployedAppInfo,class com.ibm.ws.app.manager.war.internal.WARDeployedAppInfo,[webcontainer, applications, app.manager],com.ibm.ws.app.manager.war.internal.resources.Messages,null]"
  _tc = class com.ibm.websphere.ras.TraceComponent@6e4081a5
    strings[0] = "TraceComponent[com.ibm.ws.app.manager.module.internal.DeployedAppInfoBase,class com.ibm.ws.app.manager.module.internal.DeployedAppInfoBase,[app.manager],com.ibm.ws.app.manager.module.internal.resources.Messages,null]"
  PERMISSION_XML = "permissions.xml"
  applicationInformation = class com.ibm.ws.app.manager.internal.ApplicationInstallInfo@4223ea4e
    _config = class com.ibm.ws.app.manager.internal.ApplicationConfig@dcd3856
      _configPid = "com.ibm.ws.app.manager_7"
      _config = class com.ibm.ws.config.admin.ConfigurationDictionary@199d179f
      _location = "../../../../../ChansyApp-1.0-SNAPSHOT"
      _type = "war"
      _name = "ChansyApp"
      _notificationBroadcasterSupport = class javax.management.NotificationBroadcasterSupport@37ba0772
    _handlerInfo = class java.util.concurrent.atomic.AtomicReference@779b08bf
      serialVersionUID = -1848883965231344442
      unsafe = class sun.misc.Unsafe@32f89feb
      valueOffset = 12
      value = class com.ibm.ws.app.manager.war.internal.WARDeployedAppInfo@6258ad34
    _container = class java.util.concurrent.atomic.AtomicReference@2ae02e31
      serialVersionUID = -1848883965231344442
      unsafe = class sun.misc.Unsafe@32f89feb
      valueOffset = 12
      value = class com.ibm.ws.adaptable.module.internal.AdaptableContainerImpl@6a11a035
    _resolvedLocation = class java.util.concurrent.atomic.AtomicReference@2acccf39
      serialVersionUID = -1848883965231344442
      unsafe = class sun.misc.Unsafe@32f89feb
      valueOffset = 12
      value = class com.ibm.ws.kernel.service.location.internal.LocalFileResource@640f1fbf
    _handler = class com.ibm.ws.app.manager.war.internal.WARApplicationHandlerImpl@4ea74dbe
      futureMonitor = class com.ibm.ws.threading.internal.FutureMonitorImpl@2559608c
      deployedAppFactory = class com.ibm.ws.app.manager.war.internal.WARDeployedAppInfoFactoryImpl@81f9260
      serialVersionUID = 4622845147410944782
      $$$tc$$$ = class com.ibm.websphere.ras.TraceComponent@73dade71
    _ami = class java.util.concurrent.atomic.AtomicReference@61d66a25
      serialVersionUID = -1848883965231344442
      unsafe = class sun.misc.Unsafe@32f89feb
      valueOffset = 12
      value = class com.ibm.wsspi.application.handler.DefaultApplicationMonitoringInformation@6676bf6c
    _updateHandler = class com.ibm.ws.app.manager.internal.statemachine.ApplicationStateMachineImpl@4a6c4188
      _tc = class com.ibm.websphere.ras.TraceComponent@2d32e9e9
      EMPTY_FUTURE_ARRAY = interface java.util.concurrent.Future[0]
      asmSequenceNumber = class java.util.concurrent.atomic.AtomicLong@7c0ed7e2
      _qscaCounter = class java.util.concurrent.atomic.AtomicInteger@6203ddbb
      _failedThrowable = null
      _interruptibleLock = class com.ibm.ws.app.manager.internal.statemachine.ApplicationStateMachineImpl$2@7a517a0e
      _interruptible = false
      _performingQueuedActions = true
      _queuedActions = class java.util.concurrent.ConcurrentLinkedQueue@3c4ee97c
      _callbackState = class java.util.concurrent.atomic.AtomicReference@36f598d0
      blockAppStartingFutures = class java.util.Collections$SetFromMap@4a6775b0
      waitingForAppHandlerFuture = class java.util.concurrent.atomic.AtomicReference@3b17f7f8
      waitingForExplicitStartFuture = class java.util.concurrent.atomic.AtomicReference@7059ecef
      completionListener = class java.util.concurrent.atomic.AtomicReference@6af0d92c
      _notifyAppStopped = class java.util.concurrent.ConcurrentLinkedQueue@1b4beb37
      _notifyAppStarting = class java.util.concurrent.ConcurrentLinkedQueue@1fe77791
      _notifyAppInstallCalled = class java.util.concurrent.ConcurrentLinkedQueue@20e6de16
      _notifyAppStarted = class java.util.concurrent.ConcurrentLinkedQueue@4c335a9f
      _notifyAppRemoved = class java.util.concurrent.ConcurrentLinkedQueue@865027d
      _stateLock = class com.ibm.ws.app.manager.internal.statemachine.ApplicationStateMachineImpl$3@2c1ab71f
      _internalState = class java.util.concurrent.atomic.AtomicReference@3a1adae4
      _currentAction = class java.util.concurrent.atomic.AtomicReference@6cab889a
      _rfa = class java.util.concurrent.atomic.AtomicReference@4c7d0998
      _appInstallInfo = class java.util.concurrent.atomic.AtomicReference@35a6ed47
      _update = class java.util.concurrent.atomic.AtomicBoolean@5907dced
      _appConfig = class java.util.concurrent.atomic.AtomicReference@6958600f
      _nextAppConfig = class java.util.concurrent.atomic.AtomicReference@4dcd8575
      _appContainer = class java.util.concurrent.atomic.AtomicReference@4f03955e
      _resolvedLocation = class java.util.concurrent.atomic.AtomicReference@2884c8e7
      _handler = class java.util.concurrent.atomic.AtomicReference@2f68de0
      _asmSeqNo = 0
      _ctx = class org.eclipse.osgi.internal.framework.BundleContextImpl@3e5ca8ea
      _locAdmin = class com.ibm.ws.kernel.service.location.internal.WsLocationAdminImpl@3d2ae6a9
      _futureMonitor = class com.ibm.ws.threading.internal.FutureMonitorImpl@2559608c
      _artifactFactory = class com.ibm.ws.artifact.internal.ArtifactContainerFactoryService@6e21a5ca
      _moduleFactory = class com.ibm.ws.adaptable.module.internal.AdaptableModuleFactoryImpl@7b3b912d
      _executorService = class com.ibm.ws.threading.internal.ExecutorServiceImpl@224d19f1
      _scheduledExecutorService = class com.ibm.ws.threading.internal.ScheduledExecutorImpl@1e4e82fc
      _asmHelper = class com.ibm.ws.app.manager.internal.ApplicationConfigurator$NamedApplication@7f43982d
      _appMonitor = class com.ibm.ws.app.manager.internal.monitor.ApplicationMonitor@233146e6
      enterStateCalled = class java.util.concurrent.atomic.AtomicBoolean@70cb8ebb
      serialVersionUID = -1399093980790866556
      serialVersionUID = 5501066335104962649
      $$$tc$$$ = class com.ibm.websphere.ras.TraceComponent@2c7ae70c
    serialVersionUID = 3995013949638210907
    $$$tc$$$ = class com.ibm.websphere.ras.TraceComponent@31ad92dd
      strings[0] = "TraceComponent[com.ibm.ws.app.manager.internal.ApplicationInstallInfo,class com.ibm.ws.app.manager.internal.ApplicationInstallInfo,[applications, app.manager],com.ibm.ws.app.manager.internal.resources.AppManagerMessages,null]"
  location = "C:\Users\IBM_ADMIN\Documents\GitHub\chansyapp\target\ChansyApp-1.0-SNAPSHOT"
  classLoadingService = class com.ibm.ws.classloading.internal.ClassLoadingServiceImpl@4b34b2cc
    tc = class com.ibm.websphere.ras.TraceComponent@5f4d36b
      strings[0] = "TraceComponent[com.ibm.ws.classloading.internal.ClassLoadingServiceImpl,class com.ibm.ws.classloading.internal.ClassLoadingServiceImpl,[ClassLoadingService],com.ibm.ws.classloading.internal.resources.ClassLoadingServiceMessages,null]"
    TCCL_LOCK_WAIT = 15000
    REFERENCE_GENERATORS = "generators"
    bundleContext = class org.eclipse.osgi.internal.framework.BundleContextImpl@51a7cddc
    aclStore = class com.ibm.ws.classloading.internal.util.CanonicalStore@3cf79a65
      map = class java.util.concurrent.ConcurrentHashMap@36ed8909
      q = class com.ibm.ws.classloading.internal.util.RefQueue@535faad4
      serialVersionUID = 6715157558227169968
      $$$tc$$$ = class com.ibm.websphere.ras.TraceComponent@5e762b0e
    tcclStore = class com.ibm.ws.classloading.internal.util.CanonicalStore@5d22455a
      map = class java.util.concurrent.ConcurrentHashMap@52c02e6f
      q = class com.ibm.ws.classloading.internal.util.RefQueue@136b3429
      serialVersionUID = 6715157558227169968
      $$$tc$$$ = class com.ibm.websphere.ras.TraceComponent@5e762b0e
    tcclStoreLock = class java.util.concurrent.locks.ReentrantLock@5f4505fd
      serialVersionUID = 7373984872572414699
      sync = class java.util.concurrent.locks.ReentrantLock$NonfairSync@2262b7a7
    digraph = class org.eclipse.equinox.internal.region.StandardRegionDigraph@65a3b682
      EMPTY_EDGE_SET = class java.util.Collections$UnmodifiableSet@213298cb
      monitor = class java.lang.Object@5a1b47dc
      regions = class java.util.HashMap@26ac88db
      bundleIdToRegionMapping = class org.eclipse.equinox.internal.region.StandardBundleIdToRegionMapping@567e2db8
      edges = class java.util.HashMap@63bf137c
      bundleContext = class org.eclipse.osgi.internal.framework.BundleContextImpl@4bdc8b5d
      threadLocal = class java.lang.ThreadLocal@639a9d70
      subgraphTraverser = class org.eclipse.equinox.internal.region.SubgraphTraverser@21322b88
      bundleCollisionHook = class org.eclipse.equinox.internal.region.hook.RegionBundleCollisionHook@686d1fb
      bundleEventHook = class org.eclipse.equinox.internal.region.hook.RegionBundleEventHook@1d3916a4
      bundleFindHook = class org.eclipse.equinox.internal.region.hook.RegionBundleFindHook@2aff796e
      serviceEventHook = class org.eclipse.equinox.internal.region.hook.RegionServiceEventHook@1a2169d2
      serviceFindHook = class org.eclipse.equinox.internal.region.hook.RegionServiceFindHook@2a986a64
      resolverHookFactory = class org.eclipse.equinox.internal.region.hook.RegionResolverHookFactory@7fc1c5a5
      origin = null
      originUpdateCount = -1
      updateCount = class java.util.concurrent.atomic.AtomicLong@2ea4f73a
      defaultRegion = null
    redefiner = class com.ibm.ws.classloading.internal.util.ClassRedefiner@43b7318f
      tc = class com.ibm.websphere.ras.TraceComponent@5c1e7da7
      LS = "
"
      inst = class com.ibm.ws.kernel.launch.internal.TraceInstrumentation@65134f4
      serialVersionUID = 2420101865139508526
    listener = class com.ibm.ws.classloading.internal.ClassLoadingServiceImpl$1@65872ce1
      this$0 = class com.ibm.ws.classloading.internal.ClassLoadingServiceImpl@4b34b2cc
      serialVersionUID = -9159707349812113172
      $$$tc$$$ = class com.ibm.websphere.ras.TraceComponent@5437962e
    classloaders = class java.util.Collections$SynchronizedMap@2ac0bd9e
      serialVersionUID = 1978198479659022715
      m = class java.util.HashMap@a424114
      mutex = class java.util.Collections$SynchronizedMap@2ac0bd9e
      keySet = null
      entrySet = null
      values = null
    resourceProviders = class com.ibm.ws.classloading.internal.CompositeResourceProvider@5f58e8d4
      lockFactory = class java.util.concurrent.locks.ReentrantReadWriteLock@6240f2e2
      providerMap = class com.ibm.ws.classloading.internal.util.MultiMap@7b5409e6
      serialVersionUID = -6866398128968222400
      $$$tc$$$ = class com.ibm.websphere.ras.TraceComponent@73190088
    rememberedBundles = class java.util.concurrent.ConcurrentHashMap@5d5d3fd6
      serialVersionUID = 7249069246763182397
      MAXIMUM_CAPACITY = 1073741824
      DEFAULT_CAPACITY = 16
      MAX_ARRAY_SIZE = 2147483639
      DEFAULT_CONCURRENCY_LEVEL = 16
      LOAD_FACTOR = 0.75
      TREEIFY_THRESHOLD = 8
      UNTREEIFY_THRESHOLD = 6
      MIN_TREEIFY_CAPACITY = 64
      MIN_TRANSFER_STRIDE = 16
      RESIZE_STAMP_BITS = 16
      MAX_RESIZERS = 65535
      RESIZE_STAMP_SHIFT = 16
      MOVED = -1
      TREEBIN = -2
      RESERVED = -3
      HASH_BITS = 2147483647
      NCPU = 4
      serialPersistentFields = class java.io.ObjectStreamField[3]
      table = class java.util.concurrent.ConcurrentHashMap$Node[16]
      nextTable = null
      baseCount = 1
      sizeCtl = 12
      transferIndex = 0
      cellsBusy = 0
      counterCells = null
      keySet = null
      values = null
      entrySet = null
      U = class sun.misc.Unsafe@32f89feb
      SIZECTL = 20
      TRANSFERINDEX = 32
      BASECOUNT = 24
      CELLSBUSY = 36
      CELLVALUE = 144
      ABASE = 16
      ASHIFT = 2
      keySet = null
      values = null
    collectedBundles = class java.lang.ref.ReferenceQueue@25329559
      NULL = class java.lang.ref.ReferenceQueue$Null@72449e77
      ENQUEUED = class java.lang.ref.ReferenceQueue$Null@10122a17
      lock = class java.lang.ref.ReferenceQueue$Lock@2087698b
      head = null
      queueLength = 0
      $assertionsDisabled = true
    generatorRefs = class com.ibm.wsspi.kernel.service.utils.ConcurrentServiceReferenceSet@4e9ea79b
      referenceName = "generators"
      contextRef = class java.util.concurrent.atomic.AtomicReference@42e3d9f
      elementMap = class java.util.LinkedHashMap@4ba4a0c5
      elementSet = class java.util.concurrent.ConcurrentSkipListSet@7fdcca36
      elementSetUnsorted = false
      serialVersionUID = 756240983881166148
      $$$tc$$$ = class com.ibm.websphere.ras.TraceComponent@5612a847
    generatorManager = class com.ibm.ws.classloading.internal.ClassGeneratorManager@152d952
      tc = class com.ibm.websphere.ras.TraceComponent@60667f07
      generatorRefs = class com.ibm.wsspi.kernel.service.utils.ConcurrentServiceReferenceSet@4e9ea79b
      serialVersionUID = 4152663586056483310
    protectionDomainMap = class java.util.HashMap@798e453a
      serialVersionUID = 362498820763181265
      DEFAULT_INITIAL_CAPACITY = 16
      MAXIMUM_CAPACITY = 1073741824
      DEFAULT_LOAD_FACTOR = 0.75
      TREEIFY_THRESHOLD = 8
      UNTREEIFY_THRESHOLD = 6
      MIN_TREEIFY_CAPACITY = 64
      table = null
      entrySet = null
      size = 0
      modCount = 0
      threshold = 0
      loadFactor = 0.75
      keySet = null
      values = null
    metadataIdentifierService = class com.ibm.ws.container.service.metadata.internal.MetaDataServiceImpl@60a7b4b7
    serialVersionUID = -6576157393173485176
  globalSharedLibrary = class com.ibm.ws.library.internal.SharedLibraryImpl@4449d75
    tc = class com.ibm.websphere.ras.TraceComponent@7fdbe224
      strings[0] = "TraceComponent[com.ibm.ws.library.internal.SharedLibraryImpl,class com.ibm.ws.library.internal.SharedLibraryImpl,[SharedLibrary],com.ibm.ws.classloading.internal.resources.ClassLoadingServiceMessages,null]"
    EMPTY_LIBRARY_LISTENERS = interface com.ibm.wsspi.library.LibraryChangeListener[0]
    deleted = false
    libraryListenersTracker = class org.osgi.util.tracker.ServiceTracker@5caa0e8e
      DEBUG = false
      context = class org.eclipse.osgi.internal.framework.BundleContextImpl@51a7cddc
      filter = class org.osgi.framework.FrameworkUtil$FilterImpl@5bb982aa
      customizer = class org.osgi.util.tracker.ServiceTracker@5caa0e8e
      listenerFilter = "(&(objectClass=com.ibm.wsspi.library.LibraryChangeListener)(|(library=global)(libraryRef=*com.ibm.ws.classloading.sharedlibrary_9*)))"
      trackClass = null
      trackReference = null
      tracked = class org.osgi.util.tracker.ServiceTracker$Tracked@7b53a4cc
      cachedReference = null
      cachedService = null
    libraryReg = class org.eclipse.osgi.internal.serviceregistry.ServiceRegistrationImpl@62785192
      registry = class org.eclipse.osgi.internal.serviceregistry.ServiceRegistry@3590fdf5
      context = class org.eclipse.osgi.internal.framework.BundleContextImpl@51a7cddc
      bundle = class org.eclipse.osgi.internal.framework.EquinoxBundle@746e4643
      clazzes = class java.lang.String[1]
      service = class com.ibm.ws.library.internal.SharedLibraryImpl@4449d75
      reference = class org.eclipse.osgi.internal.serviceregistry.ServiceReferenceImpl@4d142550
      contextsUsing = class java.util.ArrayList@6c4ac5c
      properties = class org.eclipse.osgi.internal.serviceregistry.ServiceProperties@328adf4
      serviceid = 177
      serviceranking = 0
      registrationLock = class java.lang.Object@54f59eb5
      state = 0
      REGISTERED = 0
      UNREGISTERING = 1
      UNREGISTERED = 2
      $assertionsDisabled = true
    ctx = class org.eclipse.osgi.internal.framework.BundleContextImpl@51a7cddc
      findHookName = "org.osgi.framework.hooks.bundle.FindHook"
      valid = true
      bundle = class org.eclipse.osgi.internal.framework.EquinoxBundle@746e4643
      container = class org.eclipse.osgi.internal.framework.EquinoxContainer@281d6038
      debug = class org.eclipse.osgi.internal.debug.Debug@7f9c6e1e
      servicesInUse = class java.util.HashMap@403574f7
      activator = null
      contextLock = class java.lang.Object@5c5b69a9
    classLoadingService = class com.ibm.ws.classloading.internal.ClassLoadingServiceImpl@4b34b2cc
    configAdmin = class com.ibm.ws.config.admin.internal.ConfigurationAdminImpl@59cbfbd9
      bundle = class org.eclipse.osgi.internal.framework.EquinoxBundle@746e4643
      caFactory = class com.ibm.ws.config.admin.internal.ConfigAdminServiceFactory@257a6b88
      serialVersionUID = -3783880043350273893
      $$$tc$$$ = class com.ibm.websphere.ras.TraceComponent@15dd4ee1
    resolvedBasePath = "C:/Users/IBM_ADMIN/Documents/GitHub/chansyapp/target/liberty/wlp/usr/servers/defaultServer/"
    generationLock = class com.ibm.ws.library.internal.SharedLibraryImpl$1@60d8e1e0
      this$0 = class com.ibm.ws.library.internal.SharedLibraryImpl@4449d75
      serialVersionUID = 2483639803450672373
      $$$tc$$$ = class com.ibm.websphere.ras.TraceComponent@5c4d1242
    currentGeneration = class com.ibm.ws.library.internal.LibraryGeneration@661a43e5
      tc = class com.ibm.websphere.ras.TraceComponent@5f13e56e
      nextInt = class java.util.concurrent.atomic.AtomicInteger@7a039d0b
      libraryId = "global"
      genId = 0
      libraryProps = class java.util.Hashtable@6621d48a
      filesetRefs = class java.util.Collections$UnmodifiableRandomAccessList@5b6f75b5
      apiTypeVisibility = class java.util.RegularEnumSet@682c6251
      files = class java.util.Collections$EmptyList@60cb70b7
      folders = class java.util.ArrayList@e21419a
      fileAndFolderContainers = class java.util.Collections$EmptyList@60cb70b7
      filesets = class java.util.concurrent.ArrayBlockingQueue@664c5150
      filesetListenerRegs = class java.util.concurrent.ConcurrentLinkedQueue@462e42f1
      cancelled = false
      library = class com.ibm.ws.library.internal.SharedLibraryImpl@4449d75
      serialVersionUID = 6965220007121905717
    nextGeneration = class com.ibm.ws.library.internal.LibraryGeneration@661a43e5
    artifactContainerFactory = class com.ibm.ws.library.internal.SharedLibraryFactory$1@6ac8efd6
      this$0 = class com.ibm.ws.library.internal.SharedLibraryFactory@567547db
      serialVersionUID = 7730244564205089330
      $$$tc$$$ = class com.ibm.websphere.ras.TraceComponent@3db10a80
    packageExporter = class com.ibm.ws.library.internal.LibraryPackageExporter@6cdbc465
      EXPORTER_POSTFIX = "_library_exporter"
      REGION_EXPORT_TO_LIBERTY = "liberty.library.export.to.liberty"
      REGION_EXPORT_TO_OSGI_APPS = "liberty.library.export.to.osgi.app"
      REGION_KERNEL = "org.eclipse.equinox.region.kernel"
      counter = class java.util.concurrent.atomic.AtomicLong@534a6a30
      context = class org.eclipse.osgi.internal.framework.BundleContextImpl@51a7cddc
      digraph = class org.eclipse.equinox.internal.region.StandardRegionDigraph@65a3b682
      bundleToLibrary = class java.util.concurrent.ConcurrentHashMap@304c4cfd
      libraryToVisibility = class java.util.concurrent.ConcurrentHashMap@7241adc
      serialVersionUID = 8074378969667956573
      $$$tc$$$ = class com.ibm.websphere.ras.TraceComponent@7d574fc6
    serialVersionUID = 6288237618632180389
  sharedLibDeploymentInfo = class com.ibm.ws.app.manager.module.internal.DeployedAppInfoBase$SharedLibDeploymentInfo@16ca93de
    bundleContext = class org.eclipse.osgi.internal.framework.BundleContextImpl@3651ccae
      findHookName = "org.osgi.framework.hooks.bundle.FindHook"
      valid = true
      bundle = class org.eclipse.osgi.internal.framework.EquinoxBundle@4ec1f963
      container = class org.eclipse.osgi.internal.framework.EquinoxContainer@281d6038
      debug = class org.eclipse.osgi.internal.debug.Debug@7f9c6e1e
      servicesInUse = class java.util.HashMap@4d1b8e8f
      activator = null
      contextLock = class java.lang.Object@49b22b27
    locAdmin = class com.ibm.ws.kernel.service.location.internal.WsLocationAdminImpl@3d2ae6a9
      tc = class com.ibm.websphere.ras.TraceComponent@44bd8278
      LOC_INTERNAL_LIB_DIR = "wlp.lib.dir"
      LOC_AREA_NAME_APPS = "shared/apps/"
      LOC_AREA_NAME_CONFIG = "shared/config/"
      LOC_AREA_NAME_RESC = "shared/resources/"
      LOC_AREA_NAME_STATE = "logs/state/"
      LOC_AREA_NAME_SERVERS = "servers/"
      LOC_AREA_NAME_CLIENTS = "clients/"
      LOC_AREA_NAME_WORKING = "workarea/"
      LOC_AREA_NAME_EXTENSION = "extension/"
      instance = class com.ibm.ws.kernel.service.location.internal.WsLocationAdminImpl@3d2ae6a9
      installRoot = class com.ibm.ws.kernel.service.location.internal.SymbolicRootResource@3e27a893
      installParentRoot = class com.ibm.ws.kernel.service.location.internal.SymbolicRootResource@1447fe39
      userRoot = class com.ibm.ws.kernel.service.location.internal.SymbolicRootResource@23ced6d4
      usrExtensionRoot = class com.ibm.ws.kernel.service.location.internal.SymbolicRootResource@1aabf90e
      serverConfigDir = class com.ibm.ws.kernel.service.location.internal.SymbolicRootResource@194bb9f8
      serverOutputDir = class com.ibm.ws.kernel.service.location.internal.SymbolicRootResource@194bb9f8
      bootstrapLib = class com.ibm.ws.kernel.service.location.internal.LocalFileResource@32d63ade
      serverWorkarea = class com.ibm.ws.kernel.service.location.internal.LocalFileResource@67fb3226
      serverState = class com.ibm.ws.kernel.service.location.internal.LocalFileResource@225dd45e
      sharedAppsRoot = class com.ibm.ws.kernel.service.location.internal.SymbolicRootResource@669d3d94
      sharedConfigRoot = class com.ibm.ws.kernel.service.location.internal.SymbolicRootResource@651eeb53
      sharedResourceRoot = class com.ibm.ws.kernel.service.location.internal.SymbolicRootResource@5bca8fd4
      tmpRoot = class com.ibm.ws.kernel.service.location.internal.SymbolicRootResource@17794fd7
      serverName = "defaultServer"
      resourcePaths = class java.util.ArrayList@1807b131
      resourceGroups = class java.util.HashMap@ad19511
      commonRoot = class com.ibm.ws.kernel.service.location.internal.VirtualRootResource@5ea0fb0
      serialVersionUID = 7766352982799267432
    artifactFactory = class com.ibm.ws.artifact.internal.ArtifactContainerFactoryService@6e21a5ca
      CATEGORY_PROP_NAME = "category"
      ENTRY_KEY = "com.ibm.wsspi.artifact.ArtifactEntry"
      helperMap = class com.ibm.wsspi.kernel.service.utils.ConcurrentServiceReferenceSetMap@38271fde
      contributorMap = class com.ibm.wsspi.kernel.service.utils.ConcurrentServiceReferenceSetMap@1ba2f2ca
      helperCategoryMap = class com.ibm.wsspi.kernel.service.utils.ConcurrentServiceReferenceSetMap@5d23bb47
      contributorCategoryMap = class com.ibm.wsspi.kernel.service.utils.ConcurrentServiceReferenceSetMap@255b9660
      categories = class java.util.Collections$SynchronizedSet@2582b4fa
      baseProperties = class org.apache.felix.scr.impl.helper.ReadOnlyDictionary@29ba3622
      serialVersionUID = -3101641399269402013
      $$$tc$$$ = class com.ibm.websphere.ras.TraceComponent@4b5acf8f
    moduleFactory = class com.ibm.ws.adaptable.module.internal.AdaptableModuleFactoryImpl@7b3b912d
      adapterFactoryService = class com.ibm.ws.adaptable.module.internal.AdapterFactoryServiceImpl@44424242
      containerFactory = class com.ibm.ws.artifact.internal.ArtifactContainerFactoryService@6e21a5ca
      overlayContainerFactory = class com.ibm.ws.artifact.overlay.internal.OverlayContainerFactoryImpl@6c3bd98e
      serialVersionUID = 4200251809856292987
      $$$tc$$$ = class com.ibm.websphere.ras.TraceComponent@2799eff9
    classesContainerInfo = class java.util.ArrayList@2be78fb8
      serialVersionUID = 8683452581122892189
      DEFAULT_CAPACITY = 10
      EMPTY_ELEMENTDATA = class java.lang.Object[0]
      DEFAULTCAPACITY_EMPTY_ELEMENTDATA = class java.lang.Object[0]
      elementData = class java.lang.Object[0]
      size = 0
      MAX_ARRAY_SIZE = 2147483639
      modCount = 0
      MAX_ARRAY_SIZE = 2147483639
    serialVersionUID = -9033256786848720484
    $$$tc$$$ = class com.ibm.websphere.ras.TraceComponent@156cf259
      strings[0] = "TraceComponent[com.ibm.ws.app.manager.module.internal.DeployedAppInfoBase$SharedLibDeploymentInfo,class com.ibm.ws.app.manager.module.internal.DeployedAppInfoBase$SharedLibDeploymentInfo,[applications, app.manager],,null]"
  futureMonitor = class com.ibm.ws.threading.internal.FutureMonitorImpl@2559608c
    _monitor = class java.util.concurrent.ConcurrentLinkedQueue@157aa1c3
      serialVersionUID = 196745693267521676
      head = class java.util.concurrent.ConcurrentLinkedQueue$Node@1e1b3232
      tail = class java.util.concurrent.ConcurrentLinkedQueue$Node@1e1b3232
      UNSAFE = class sun.misc.Unsafe@32f89feb
      headOffset = 12
      tailOffset = 16
      MAX_ARRAY_SIZE = 2147483639
    _executor = class com.ibm.ws.threading.internal.ScheduledExecutorImpl@1e4e82fc
      threadGroupName = "Scheduled Executor Thread Group"
      executor = class com.ibm.ws.threading.internal.ExecutorServiceImpl@224d19f1
      serialVersionUID = -9110693807503469597
      $$$tc$$$ = class com.ibm.websphere.ras.TraceComponent@6aed075d
      continueExistingPeriodicTasksAfterShutdown = false
      executeExistingDelayedTasksAfterShutdown = true
      removeOnCancel = false
      sequencer = class java.util.concurrent.atomic.AtomicLong@60b0c37e
      ctl = class java.util.concurrent.atomic.AtomicInteger@244565dd
      COUNT_BITS = 29
      CAPACITY = 536870911
      RUNNING = -536870912
      SHUTDOWN = 0
      STOP = 536870912
      TIDYING = 1073741824
      TERMINATED = 1610612736
      workQueue = class java.util.concurrent.ScheduledThreadPoolExecutor$DelayedWorkQueue@6b351f18
      mainLock = class java.util.concurrent.locks.ReentrantLock@55db954
      workers = class java.util.HashSet@639021b2
      termination = class java.util.concurrent.locks.AbstractQueuedSynchronizer$ConditionObject@6cf4cb90
      largestPoolSize = 1
      completedTaskCount = 0
      threadFactory = class com.ibm.ws.threading.internal.ThreadFactoryImpl@2f7ad4c9
      handler = class java.util.concurrent.ThreadPoolExecutor$AbortPolicy@140e1ae2
      keepAliveTime = 0
      allowCoreThreadTimeOut = false
      corePoolSize = 1
      maximumPoolSize = 2147483647
      defaultHandler = class java.util.concurrent.ThreadPoolExecutor$AbortPolicy@140e1ae2
      shutdownPerm = class java.lang.RuntimePermission@37b65a58
      ONLY_ONE = true
      $assertionsDisabled = true
    _threadRunning = class java.util.concurrent.atomic.AtomicBoolean@3fbe457d
      serialVersionUID = 4654671469794556979
      unsafe = class sun.misc.Unsafe@32f89feb
      valueOffset = 12
      value = 0
    _thread = class com.ibm.ws.threading.internal.FutureMonitorImpl$1@154f1d67
      this$0 = class com.ibm.ws.threading.internal.FutureMonitorImpl@2559608c
      serialVersionUID = 2422512430832938099
      $$$tc$$$ = class com.ibm.websphere.ras.TraceComponent@3445a3a1
    serialVersionUID = 2765238413969174390
    $$$tc$$$ = class com.ibm.websphere.ras.TraceComponent@338853db
      strings[0] = "TraceComponent[com.ibm.ws.threading.internal.FutureMonitorImpl,class com.ibm.ws.threading.internal.FutureMonitorImpl,[Threading],com.ibm.ws.threading.internal.resources.ThreadingMessages,null]"
  configAdmin = class com.ibm.ws.config.admin.internal.ConfigurationAdminImpl@4b667ad3
    bundle = class org.eclipse.osgi.internal.framework.EquinoxBundle@4ec1f963
      equinoxContainer = class org.eclipse.osgi.internal.framework.EquinoxContainer@281d6038
      module = class org.eclipse.osgi.internal.framework.EquinoxBundle$EquinoxModule@3fda64c5
      monitor = class java.lang.Object@5678e210
      context = class org.eclipse.osgi.internal.framework.BundleContextImpl@3651ccae
      signerInfos = null
      $SWITCH_TABLE$org$eclipse$osgi$container$Module$State = {1,2,3,4,5,6,7} /* array length = 7*/
    caFactory = class com.ibm.ws.config.admin.internal.ConfigAdminServiceFactory@257a6b88
      tc = class com.ibm.websphere.ras.TraceComponent@4f84a5ca
      configurationPermission = class org.osgi.service.cm.ConfigurationPermission@2bcad781
      INDEX_DICTIONARY = 0
      INDEX_LOCATION = 1
      INDEX_METATYPE_PROCESSED = 2
      INDEX_IN_OVERRIDES_FILE = 3
      INDEX_REFERENCES = 4
      INDEX_UNIQUES = 5
      bundleContext = class org.eclipse.osgi.internal.framework.BundleContextImpl@43dee0c4
      msTracker = class com.ibm.ws.config.admin.internal.ManagedServiceTracker@2a09127d
      msfTracker = class com.ibm.ws.config.admin.internal.ManagedServiceFactoryTracker@3159ed86
      pluginManager = class com.ibm.ws.config.admin.internal.PluginManager@4b53239a
      configurationStore = class com.ibm.ws.config.admin.internal.ConfigurationStore@36d893ae
      updateQueue = class com.ibm.ws.config.admin.internal.UpdateQueue@5420f5f2
      ced = class com.ibm.ws.config.admin.internal.ConfigEventDispatcher@2a6b172d
      idMap = class java.util.Collections$SynchronizedMap@7876ae09
      referenceMap = class java.util.Collections$SynchronizedMap@ac1074a
      variableRegistryTracker = class org.osgi.util.tracker.ServiceTracker@591dfc85
      variableRegistry = class com.ibm.ws.kernel.service.location.internal.VariableRegistryHelper@2bbd4af4
      configurationAdminRef = class org.eclipse.osgi.internal.serviceregistry.ServiceRegistrationImpl@4ec93cf8
      serialVersionUID = 6695202270027014725
    serialVersionUID = -3783880043350273893
    $$$tc$$$ = class com.ibm.websphere.ras.TraceComponent@15dd4ee1
      strings[0] = "TraceComponent[com.ibm.ws.config.admin.internal.ConfigurationAdminImpl,class com.ibm.ws.config.admin.internal.ConfigurationAdminImpl,[config],com.ibm.ws.config.internal.resources.ConfigMessages,null]"
  libraryConfigHelper = class com.ibm.ws.classloading.ClassLoaderConfigHelper@252a13a1
    tc = class com.ibm.websphere.ras.TraceComponent@7b7c7117
      strings[0] = "TraceComponent[com.ibm.ws.classloading.ClassLoaderConfigHelper,class com.ibm.ws.classloading.ClassLoaderConfigHelper,[ClassLoadingService],com.ibm.ws.classloading.internal.resources.ClassLoadingServiceMessages,null]"
    DEFAULT_API_TYPES = class java.util.RegularEnumSet@682c13fe
      serialVersionUID = 3411599620347842686
      elements = 7
      elementType = class java.lang.Class@437b88f3
      universe = class com.ibm.wsspi.classloading.ApiType[4]
      ZERO_LENGTH_ENUM_ARRAY = class java.lang.Enum[0]
      MAX_ARRAY_SIZE = 2147483639
    sharedLibraries = class java.util.Collections$EmptyList@60cb70b7
      serialVersionUID = 8842843931221139166
      modCount = 0
      MAX_ARRAY_SIZE = 2147483639
    commonLibraries = class java.util.Collections$EmptyList@60cb70b7
    classProviders = class java.util.Collections$EmptyList@60cb70b7
    sharedLibrariesPids = null
    commonLibrariesPids = null
    isDelegateLast = false
    apiTypes = class java.util.RegularEnumSet@682c13fe
    classLoaderConfigProps = null
    serialVersionUID = -4461331051796146154
  isDelegateLast = false
  permissionManager = class com.ibm.ws.security.java2sec.PermissionManager@5a58d44
    tc = class com.ibm.websphere.ras.TraceComponent@277c978d
      strings[0] = "TraceComponent[com.ibm.ws.security.java2sec.PermissionManager,class com.ibm.ws.security.java2sec.PermissionManager,[Java2SecurityUtil],com.ibm.ws.security.java2sec.resources.Java2SecurityUtilMessages,null]"
    classLoadingService = class com.ibm.ws.classloading.internal.ClassLoadingServiceImpl@4b34b2cc
    DEFAULT_SERVER_RESTRICTABLE_PERMISSIONS = class java.security.Permission[4]
      DEFAULT_SERVER_RESTRICTABLE_PERMISSIONS[0] = class java.lang.RuntimePermission@429b87d7
      DEFAULT_SERVER_RESTRICTABLE_PERMISSIONS[1] = class java.lang.RuntimePermission@6a666b55
      DEFAULT_SERVER_RESTRICTABLE_PERMISSIONS[2] = class java.security.SecurityPermission@6c74620b
      DEFAULT_SERVER_RESTRICTABLE_PERMISSIONS[3] = class javax.security.auth.AuthPermission@3d504107
    DEFAULT_CLIENT_RESTRICTABLE_PERMISSIONS = class java.security.Permission[3]
      DEFAULT_CLIENT_RESTRICTABLE_PERMISSIONS[0] = class java.lang.RuntimePermission@95d8989
      DEFAULT_CLIENT_RESTRICTABLE_PERMISSIONS[1] = class java.security.SecurityPermission@22cbafc6
      DEFAULT_CLIENT_RESTRICTABLE_PERMISSIONS[2] = class javax.security.auth.AuthPermission@566b23ea
    isServer = true
    wsjarUrlStreamHandlerAvailable = true
    restrictablePermissions = class java.util.ArrayList@3d5f5f96
      serialVersionUID = 8683452581122892189
      DEFAULT_CAPACITY = 10
      EMPTY_ELEMENTDATA = class java.lang.Object[0]
      DEFAULTCAPACITY_EMPTY_ELEMENTDATA = class java.lang.Object[0]
      elementData = class java.lang.Object[10]
      size = 4
      MAX_ARRAY_SIZE = 2147483639
      modCount = 4
      MAX_ARRAY_SIZE = 2147483639
    grantedPermissions = class java.util.ArrayList@5f541d59
      serialVersionUID = 8683452581122892189
      DEFAULT_CAPACITY = 10
      EMPTY_ELEMENTDATA = class java.lang.Object[0]
      DEFAULTCAPACITY_EMPTY_ELEMENTDATA = class java.lang.Object[0]
      elementData = class java.lang.Object[0]
      size = 0
      MAX_ARRAY_SIZE = 2147483639
      modCount = 0
      MAX_ARRAY_SIZE = 2147483639
    KEY_PERMISSION = "permission"
    INCORRECT_PERMISSION_CONFIGURATION = "INCORRECT_PERMISSION_CONFIGURATION"
    SERVER_XML = "server.xml"
    CLIENT_XML = "client.xml"
    originationFile = "server.xml"
    permissions = class com.ibm.wsspi.kernel.service.utils.ConcurrentServiceReferenceSet@5e37db93
      referenceName = "permission"
      contextRef = class java.util.concurrent.atomic.AtomicReference@27e5e997
      elementMap = class java.util.LinkedHashMap@2ef1d776
      elementSet = class java.util.concurrent.ConcurrentSkipListSet@42e16221
      elementSetUnsorted = false
      serialVersionUID = 756240983881166148
      $$$tc$$$ = class com.ibm.websphere.ras.TraceComponent@5612a847
    codeBasePermissionMap = class java.util.HashMap@46ffdc22
      serialVersionUID = 362498820763181265
      DEFAULT_INITIAL_CAPACITY = 16
      MAXIMUM_CAPACITY = 1073741824
      DEFAULT_LOAD_FACTOR = 0.75
      TREEIFY_THRESHOLD = 8
      UNTREEIFY_THRESHOLD = 6
      MIN_TREEIFY_CAPACITY = 64
      table = null
      entrySet = null
      size = 0
      modCount = 0
      threshold = 0
      loadFactor = 0.75
      keySet = class java.util.HashMap$KeySet@352566ce
      values = null
    permissionXMLPermissionMap = class java.util.HashMap@11b9884
      serialVersionUID = 362498820763181265
      DEFAULT_INITIAL_CAPACITY = 16
      MAXIMUM_CAPACITY = 1073741824
      DEFAULT_LOAD_FACTOR = 0.75
      TREEIFY_THRESHOLD = 8
      UNTREEIFY_THRESHOLD = 6
      MIN_TREEIFY_CAPACITY = 64
      table = null
      entrySet = null
      size = 0
      modCount = 0
      threshold = 0
      loadFactor = 0.75
      keySet = null
      values = null
    serialVersionUID = -1314772785255050069
  permissionsConfig = null
  serialVersionUID = -6908382869835671687
  appInfo = class com.ibm.ws.container.service.app.deploy.internal.ApplicationInfoImpl@4fdb7d43
    appName = "ChansyApp-1.0-SNAPSHOT"
    appMetaData = class com.ibm.ws.container.service.app.deploy.internal.ApplicationMetaDataImpl@6b4d084f
      j2eeName = class com.ibm.ws.container.service.metadata.internal.J2EENameImpl@a03dab4
      serialVersionUID = -7906531148367236579
      $$$tc$$$ = class com.ibm.websphere.ras.TraceComponent@b5fcdee
      tc = class com.ibm.websphere.ras.TraceComponent@7d5a3a82
      NUM_STATIC_SLOTS = 4
      ID_UNINITIALIZED = -1
      id = 0
      metaDataInterface = class java.lang.Class@6186ede9
      staticSlots = class java.lang.Object[4]
      dynamicSlots = null
    appContainer = class com.ibm.ws.adaptable.module.internal.AdaptableContainerImpl@6a11a035
    configHelper = class com.ibm.ws.app.manager.module.ApplicationNestedConfigHelper@ce660bf
      appInfo = class com.ibm.ws.app.manager.internal.ApplicationInstallInfo@4223ea4e
      serialVersionUID = -3174031738676705046
      $$$tc$$$ = class com.ibm.websphere.ras.TraceComponent@100d7845
    serialVersionUID = 7091777744534637201
    $$$tc$$$ = class com.ibm.websphere.ras.TraceComponent@354086fe
      strings[0] = "TraceComponent[com.ibm.ws.container.service.app.deploy.internal.ApplicationInfoImpl,class com.ibm.ws.container.service.app.deploy.internal.ApplicationInfoImpl,[container.service],com.ibm.ws.container.service.resources.Messages,null]"
  modulesDeployed = class java.util.ArrayList@3ffbe08a
    serialVersionUID = 8683452581122892189
    DEFAULT_CAPACITY = 10
    EMPTY_ELEMENTDATA = class java.lang.Object[0]
    DEFAULTCAPACITY_EMPTY_ELEMENTDATA = class java.lang.Object[0]
    elementData = class java.lang.Object[0]
    size = 0
    MAX_ARRAY_SIZE = 2147483639
    modCount = 0
    MAX_ARRAY_SIZE = 2147483639
  starting = false
  started = false
  appInfoFactory = class com.ibm.ws.container.service.app.deploy.internal.ApplicationInfoFactoryImpl@4a395bcf
    j2eeNameFactory = class com.ibm.wsspi.kernel.service.utils.AtomicServiceReference@4d0c6ad
      referenceName = "j2eeNameFactory"
      tuple = class java.util.concurrent.atomic.AtomicReference@2e426635
      serialVersionUID = 2226592364007985000
      $$$tc$$$ = class com.ibm.websphere.ras.TraceComponent@37f267a5
    names = class java.util.HashSet@453fec63
      serialVersionUID = -5024744406713321676
      map = class java.util.HashMap@7a8e27ae
      PRESENT = class java.lang.Object@2ba4ab6d
      MAX_ARRAY_SIZE = 2147483639
    serialVersionUID = 6232436640731165768
    $$$tc$$$ = class com.ibm.websphere.ras.TraceComponent@686ae4cb
      strings[0] = "TraceComponent[com.ibm.ws.container.service.app.deploy.internal.ApplicationInfoFactoryImpl,class com.ibm.ws.container.service.app.deploy.internal.ApplicationInfoFactoryImpl,[container.service],com.ibm.ws.container.service.resources.Messages,null]"
  metaDataService = class com.ibm.ws.container.service.metadata.internal.MetaDataServiceImpl@60a7b4b7
    applicationMetaDataManager = class com.ibm.ws.container.service.metadata.internal.ApplicationMetaDataManager@15ce4588
      serialVersionUID = 1843747281024490904
      $$$tc$$$ = class com.ibm.websphere.ras.TraceComponent@1ea386ec
      listeners = class com.ibm.wsspi.kernel.service.utils.ConcurrentServiceReferenceSet@16694211
      metaDataIDs = class com.ibm.ws.container.service.metadata.internal.IndexList@ec75c37
      metaDatas = class java.util.ArrayList@58b04778
      slotIDs = class com.ibm.ws.container.service.metadata.internal.IndexList@40a2ed16
      serialVersionUID = 5464421863354792977
      $$$tc$$$ = class com.ibm.websphere.ras.TraceComponent@52c3e072
    moduleMetaDataManager = class com.ibm.ws.container.service.metadata.internal.ModuleMetaDataManager@6d36672e
      serialVersionUID = 2513574389899327209
      $$$tc$$$ = class com.ibm.websphere.ras.TraceComponent@552df34e
      listeners = class com.ibm.wsspi.kernel.service.utils.ConcurrentServiceReferenceSet@4edcfb30
      metaDataIDs = class com.ibm.ws.container.service.metadata.internal.IndexList@7c19bccc
      metaDatas = class java.util.ArrayList@4a898bf7
      slotIDs = class com.ibm.ws.container.service.metadata.internal.IndexList@5cdbb2f
      serialVersionUID = 5464421863354792977
      $$$tc$$$ = class com.ibm.websphere.ras.TraceComponent@52c3e072
    componentMetaDataManager = class com.ibm.ws.container.service.metadata.internal.ComponentMetaDataManager@5cd1c033
      serialVersionUID = 8629793739641703882
      $$$tc$$$ = class com.ibm.websphere.ras.TraceComponent@c0a1f96
      listeners = class com.ibm.wsspi.kernel.service.utils.ConcurrentServiceReferenceSet@7b75e6f6
      metaDataIDs = class com.ibm.ws.container.service.metadata.internal.IndexList@529f9118
      metaDatas = class java.util.ArrayList@467bbfbf
      slotIDs = class com.ibm.ws.container.service.metadata.internal.IndexList@5cbe5dd1
      serialVersionUID = 5464421863354792977
      $$$tc$$$ = class com.ibm.websphere.ras.TraceComponent@52c3e072
    methodMetaDataManager = class com.ibm.ws.container.service.metadata.internal.MethodMetaDataManager@e543f8e
      serialVersionUID = -3308748211841563417
      $$$tc$$$ = class com.ibm.websphere.ras.TraceComponent@27d0ffe0
      listeners = class com.ibm.wsspi.kernel.service.utils.ConcurrentServiceReferenceSet@50bf1eb8
      metaDataIDs = class com.ibm.ws.container.service.metadata.internal.IndexList@45dff7ee
      metaDatas = class java.util.ArrayList@1dd8a77c
      slotIDs = class com.ibm.ws.container.service.metadata.internal.IndexList@4872a9c0
      serialVersionUID = 5464421863354792977
      $$$tc$$$ = class com.ibm.websphere.ras.TraceComponent@52c3e072
    appModuleNameToModuleContainer = class java.util.concurrent.ConcurrentHashMap@6951c9c9
      serialVersionUID = 7249069246763182397
      MAXIMUM_CAPACITY = 1073741824
      DEFAULT_CAPACITY = 16
      MAX_ARRAY_SIZE = 2147483639
      DEFAULT_CONCURRENCY_LEVEL = 16
      LOAD_FACTOR = 0.75
      TREEIFY_THRESHOLD = 8
      UNTREEIFY_THRESHOLD = 6
      MIN_TREEIFY_CAPACITY = 64
      MIN_TRANSFER_STRIDE = 16
      RESIZE_STAMP_BITS = 16
      MAX_RESIZERS = 65535
      RESIZE_STAMP_SHIFT = 16
      MOVED = -1
      TREEBIN = -2
      RESERVED = -3
      HASH_BITS = 2147483647
      NCPU = 4
      serialPersistentFields = class java.io.ObjectStreamField[3]
      table = null
      nextTable = null
      baseCount = 0
      sizeCtl = 0
      transferIndex = 0
      cellsBusy = 0
      counterCells = null
      keySet = null
      values = null
      entrySet = null
      U = class sun.misc.Unsafe@32f89feb
      SIZECTL = 20
      TRANSFERINDEX = 32
      BASECOUNT = 24
      CELLSBUSY = 36
      CELLVALUE = 144
      ABASE = 16
      ASHIFT = 2
      keySet = null
      values = null
    jeeNameToComponentMetaData = class java.util.concurrent.ConcurrentHashMap@3700dcda
      serialVersionUID = 7249069246763182397
      MAXIMUM_CAPACITY = 1073741824
      DEFAULT_CAPACITY = 16
      MAX_ARRAY_SIZE = 2147483639
      DEFAULT_CONCURRENCY_LEVEL = 16
      LOAD_FACTOR = 0.75
      TREEIFY_THRESHOLD = 8
      UNTREEIFY_THRESHOLD = 6
      MIN_TREEIFY_CAPACITY = 64
      MIN_TRANSFER_STRIDE = 16
      RESIZE_STAMP_BITS = 16
      MAX_RESIZERS = 65535
      RESIZE_STAMP_SHIFT = 16
      MOVED = -1
      TREEBIN = -2
      RESERVED = -3
      HASH_BITS = 2147483647
      NCPU = 4
      serialPersistentFields = class java.io.ObjectStreamField[3]
      table = null
      nextTable = null
      baseCount = 0
      sizeCtl = 0
      transferIndex = 0
      cellsBusy = 0
      counterCells = null
      keySet = null
      values = null
      entrySet = null
      U = class sun.misc.Unsafe@32f89feb
      SIZECTL = 20
      TRANSFERINDEX = 32
      BASECOUNT = 24
      CELLSBUSY = 36
      CELLVALUE = 144
      ABASE = 16
      ASHIFT = 2
      keySet = null
      values = null
    deferredMetaDataFactories = class com.ibm.wsspi.kernel.service.utils.ConcurrentServiceReferenceSet@65825251
      referenceName = "deferredMetaDataFactory"
      contextRef = class java.util.concurrent.atomic.AtomicReference@60e0721a
      elementMap = class java.util.LinkedHashMap@2c073e47
      elementSet = class java.util.concurrent.ConcurrentSkipListSet@6be6772e
      elementSetUnsorted = false
      serialVersionUID = 756240983881166148
      $$$tc$$$ = class com.ibm.websphere.ras.TraceComponent@5612a847
    deferredMetaDataInitializers = class com.ibm.wsspi.kernel.service.utils.ConcurrentServiceReferenceMap@4a05b920
      referenceName = "deferredMetaDataFactory"
      context = class org.apache.felix.scr.impl.manager.ComponentContextImpl@60ce4dd8
      elementMap = class java.util.concurrent.ConcurrentHashMap@2aa8bb88
      serialVersionUID = 6980924785166233786
      $$$tc$$$ = class com.ibm.websphere.ras.TraceComponent@4a9a641f
    serialVersionUID = -2494605732980966097
    $$$tc$$$ = class com.ibm.websphere.ras.TraceComponent@1f213ab3
      strings[0] = "TraceComponent[com.ibm.ws.container.service.metadata.internal.MetaDataServiceImpl,class com.ibm.ws.container.service.metadata.internal.MetaDataServiceImpl,[Runtime],,null]"
  stateChangeService = class com.ibm.ws.container.service.state.internal.StateChangeServiceImpl@63df2061
    applicationStateManager = class com.ibm.ws.container.service.state.internal.ApplicationStateManager@791d84d8
      serialVersionUID = -6685368059484454124
      $$$tc$$$ = class com.ibm.websphere.ras.TraceComponent@386b5202
      listeners = class com.ibm.wsspi.kernel.service.utils.ConcurrentServiceReferenceSet@7c7104b9
      serialVersionUID = 2284273176985484160
      $$$tc$$$ = class com.ibm.websphere.ras.TraceComponent@1c3b00ba
    moduleStateManager = class com.ibm.ws.container.service.state.internal.ModuleStateManager@44bacaa6
      serialVersionUID = -5540260902341249963
      $$$tc$$$ = class com.ibm.websphere.ras.TraceComponent@32e922b
      listeners = class com.ibm.wsspi.kernel.service.utils.ConcurrentServiceReferenceSet@6279d302
      serialVersionUID = 2284273176985484160
      $$$tc$$$ = class com.ibm.websphere.ras.TraceComponent@1c3b00ba
    serialVersionUID = -537917915330350560
    $$$tc$$$ = class com.ibm.websphere.ras.TraceComponent@2ed266fb
      strings[0] = "TraceComponent[com.ibm.ws.container.service.state.internal.StateChangeServiceImpl,class com.ibm.ws.container.service.state.internal.StateChangeServiceImpl,[Runtime],,null]"
  moduleClassesInfo = class com.ibm.ws.app.manager.module.internal.SimpleDeployedAppInfoBase$ModuleClassesInfoProvider@39648f85
    entryContainerInfosMap = class java.util.HashMap@1ed14430
      serialVersionUID = 362498820763181265
      DEFAULT_INITIAL_CAPACITY = 16
      MAXIMUM_CAPACITY = 1073741824
      DEFAULT_LOAD_FACTOR = 0.75
      TREEIFY_THRESHOLD = 8
      UNTREEIFY_THRESHOLD = 6
      MIN_TREEIFY_CAPACITY = 64
      table = null
      entrySet = null
      size = 0
      modCount = 0
      threshold = 0
      loadFactor = 0.75
      keySet = null
      values = null
    serialVersionUID = -70332790531324534
    $$$tc$$$ = class com.ibm.websphere.ras.TraceComponent@72dc12d4
      strings[0] = "TraceComponent[com.ibm.ws.app.manager.module.internal.SimpleDeployedAppInfoBase$ModuleClassesInfoProvider,class com.ibm.ws.app.manager.module.internal.SimpleDeployedAppInfoBase$ModuleClassesInfoProvider,[applications, app.manager],,null]"
  moduleContainerInfos = class java.util.ArrayList@59fbc793
    serialVersionUID = 8683452581122892189
    DEFAULT_CAPACITY = 10
    EMPTY_ELEMENTDATA = class java.lang.Object[0]
    DEFAULTCAPACITY_EMPTY_ELEMENTDATA = class java.lang.Object[0]
    elementData = class java.lang.Object[10]
      elementData[0] = class com.ibm.ws.app.manager.module.internal.SimpleDeployedAppInfoBase$WebModuleContainerInfo@796e1e18
      elementData[1] = null
      elementData[2] = null
      elementData[3] = null
      elementData[4] = null
      elementData[5] = null
      elementData[6] = null
      elementData[7] = null
      elementData[8] = null
      elementData[9] = null
    size = 1
    MAX_ARRAY_SIZE = 2147483639
    modCount = 1
    MAX_ARRAY_SIZE = 2147483639
  activeModuleHandlers = class java.util.IdentityHashMap@591c0840
    DEFAULT_CAPACITY = 32
    MINIMUM_CAPACITY = 4
    MAXIMUM_CAPACITY = 536870912
    table = class java.lang.Object[16]
      table[0] = null
      table[1] = null
      table[2] = null
      table[3] = null
      table[4] = null
      table[5] = null
      table[6] = null
      table[7] = null
      table[8] = null
      table[9] = null
      table[10] = null
      table[11] = null
      table[12] = null
      table[13] = null
      table[14] = null
      table[15] = null
    size = 0
    modCount = 0
    NULL_KEY = class java.lang.Object@2aeef257
    entrySet = null
    serialVersionUID = 8188218128353913216
    keySet = null
    values = null
  serialVersionUID = 7078125893012250887
  $$$tc$$$ = class com.ibm.websphere.ras.TraceComponent@7c30a80e
    strings[0] = "TraceComponent[com.ibm.ws.app.manager.module.internal.SimpleDeployedAppInfoBase,class com.ibm.ws.app.manager.module.internal.SimpleDeployedAppInfoBase,[applications, app.manager],,null]"

Dump of objectArray[0]
Object type = com.ibm.ws.threading.internal.NonCancelableResultFuture
  _done = false
  _result = null
  _failure = null
  _listeners = class java.util.concurrent.ConcurrentLinkedQueue@25adfee2
    serialVersionUID = 196745693267521676
    head = class java.util.concurrent.ConcurrentLinkedQueue$Node@1d0506d
      item = null
      next = null
      UNSAFE = class sun.misc.Unsafe@32f89feb
      itemOffset = 12
      nextOffset = 16
    tail = class java.util.concurrent.ConcurrentLinkedQueue$Node@1d0506d
    UNSAFE = class sun.misc.Unsafe@32f89feb
    headOffset = 12
    tailOffset = 16
    MAX_ARRAY_SIZE = 2147483639
  _notifiedListeners = class java.util.concurrent.atomic.AtomicBoolean@5287a6b3
    serialVersionUID = 4654671469794556979
    unsafe = class sun.misc.Unsafe@32f89feb
      theUnsafe = class sun.misc.Unsafe@32f89feb
      INVALID_FIELD_OFFSET = -1
      ARRAY_BOOLEAN_BASE_OFFSET = 16
      ARRAY_BYTE_BASE_OFFSET = 16
      ARRAY_SHORT_BASE_OFFSET = 16
      ARRAY_CHAR_BASE_OFFSET = 16
      ARRAY_INT_BASE_OFFSET = 16
      ARRAY_LONG_BASE_OFFSET = 16
      ARRAY_FLOAT_BASE_OFFSET = 16
      ARRAY_DOUBLE_BASE_OFFSET = 16
      ARRAY_OBJECT_BASE_OFFSET = 16
      ARRAY_BOOLEAN_INDEX_SCALE = 1
      ARRAY_BYTE_INDEX_SCALE = 1
      ARRAY_SHORT_INDEX_SCALE = 2
      ARRAY_CHAR_INDEX_SCALE = 2
      ARRAY_INT_INDEX_SCALE = 4
      ARRAY_LONG_INDEX_SCALE = 8
      ARRAY_FLOAT_INDEX_SCALE = 4
      ARRAY_DOUBLE_INDEX_SCALE = 8
      ARRAY_OBJECT_INDEX_SCALE = 4
      ADDRESS_SIZE = 8
    valueOffset = 12
    value = 0
  serialVersionUID = -296387658814354272
  $$$tc$$$ = class com.ibm.websphere.ras.TraceComponent@56f7f5fc
    strings[0] = "TraceComponent[com.ibm.ws.threading.internal.NonCancelableResultFuture,class com.ibm.ws.threading.internal.NonCancelableResultFuture,[Threading],com.ibm.ws.threading.internal.resources.ThreadingMessages,null]"

