------Start of DE processing------ = [3/15/17 0:27:13:088 CST]
Exception = com.ibm.wsspi.adaptable.module.UnableToAdaptException
Source = com.ibm.ws.webcontainer.osgi.WebContainer
probeid = createModuleMetaData
Stack Dump = com.ibm.wsspi.adaptable.module.UnableToAdaptException: SRVE9016E: Unable to insert mapping [/SimpleServlet] for servlet named [wasdev.sample.servlet.LogClassifier]. The URL pattern is already defined for servlet named [wasdev.sample.servlet.SimpleServlet].
	at com.ibm.ws.webcontainer.osgi.container.config.WebAppConfiguratorHelper.configureWebServletAnnotation(WebAppConfiguratorHelper.java:2640)
	at com.ibm.ws.webcontainer.osgi.container.config.WebAppConfiguratorHelper.configureServletAnnotation(WebAppConfiguratorHelper.java:2411)
	at com.ibm.ws.webcontainer.osgi.container.config.WebAppConfiguratorHelper.configureFromAnnotations(WebAppConfiguratorHelper.java:779)
	at com.ibm.ws.webcontainer.osgi.container.config.WebAppConfigurator.configure(WebAppConfigurator.java:415)
	at com.ibm.ws.webcontainer.osgi.container.config.WebAppConfigurationAdapter.adapt(WebAppConfigurationAdapter.java:116)
	at com.ibm.ws.webcontainer.osgi.container.config.WebAppConfigurationAdapter.adapt(WebAppConfigurationAdapter.java:44)
	at com.ibm.ws.adaptable.module.internal.AdapterFactoryServiceImpl.adapt(AdapterFactoryServiceImpl.java:193)
	at com.ibm.ws.adaptable.module.internal.AdaptableContainerImpl.adapt(AdaptableContainerImpl.java:171)
	at com.ibm.ws.webcontainer.osgi.WebContainer.createModuleMetaData(WebContainer.java:744)
	at com.ibm.ws.app.manager.module.internal.ModuleHandlerBase.createModuleMetaData(ModuleHandlerBase.java:64)
	at com.ibm.ws.app.manager.module.internal.SimpleDeployedAppInfoBase$ModuleContainerInfoBase.createModuleMetaData(SimpleDeployedAppInfoBase.java:169)
	at com.ibm.ws.app.manager.module.internal.DeployedAppInfoBase.preDeployApp(DeployedAppInfoBase.java:364)
	at com.ibm.ws.app.manager.module.internal.DeployedAppInfoBase.deployApp(DeployedAppInfoBase.java:403)
	at com.ibm.ws.app.manager.war.internal.WARApplicationHandlerImpl.install(WARApplicationHandlerImpl.java:66)
	at com.ibm.ws.app.manager.internal.statemachine.StartAction.execute(StartAction.java:141)
	at com.ibm.ws.app.manager.internal.statemachine.ApplicationStateMachineImpl.enterState(ApplicationStateMachineImpl.java:1191)
	at com.ibm.ws.app.manager.internal.statemachine.ApplicationStateMachineImpl.run(ApplicationStateMachineImpl.java:804)
	at java.util.concurrent.ThreadPoolExecutor.runWorker(ThreadPoolExecutor.java:1142)
	at java.util.concurrent.ThreadPoolExecutor$Worker.run(ThreadPoolExecutor.java:617)
	at java.lang.Thread.run(Thread.java:745)

Dump of callerThis
Object type = [Ljava.lang.Object;
  Object type[0] = class com.ibm.ws.app.manager.module.internal.WebModuleInfoImpl@7151108e
    contextRoot = "/ChansyApp"
    serialVersionUID = 4357952575365007841
    $$$tc$$$ = class com.ibm.websphere.ras.TraceComponent@4ed8a821
      strings[0] = "TraceComponent[com.ibm.ws.app.manager.module.internal.WebModuleInfoImpl,class com.ibm.ws.app.manager.module.internal.WebModuleInfoImpl,[applications, app.manager],,null]"
    tc = class com.ibm.websphere.ras.TraceComponent@45e036dd
      strings[0] = "TraceComponent[com.ibm.ws.app.manager.module.internal.ExtendedModuleInfoImpl,class com.ibm.ws.app.manager.module.internal.ExtendedModuleInfoImpl,[app.manager],com.ibm.ws.app.manager.module.internal.resources.Messages,null]"
    appInfo = class com.ibm.ws.container.service.app.deploy.internal.ApplicationInfoImpl@4fdb7d43
      appName = "ChansyApp-1.0-SNAPSHOT"
      appMetaData = class com.ibm.ws.container.service.app.deploy.internal.ApplicationMetaDataImpl@6b4d084f
      appContainer = class com.ibm.ws.adaptable.module.internal.AdaptableContainerImpl@6a11a035
      configHelper = class com.ibm.ws.app.manager.module.ApplicationNestedConfigHelper@ce660bf
      serialVersionUID = 7091777744534637201
      $$$tc$$$ = class com.ibm.websphere.ras.TraceComponent@354086fe
    moduleName = "ChansyApp-1.0-SNAPSHOT"
    path = "ChansyApp-1.0-SNAPSHOT"
    moduleContainer = class com.ibm.ws.adaptable.module.internal.AdaptableContainerImpl@6a11a035
      root = class com.ibm.ws.adaptable.module.internal.AdaptableContainerImpl@6a11a035
      rootOverlay = class com.ibm.ws.artifact.overlay.internal.DirectoryBasedOverlayContainerImpl@620a5a92
      factoryHolder = class com.ibm.ws.adaptable.module.internal.AdaptableModuleFactoryImpl@7b3b912d
      delegate = class com.ibm.ws.artifact.overlay.internal.DirectoryBasedOverlayContainerImpl@620a5a92
      notifier = class com.ibm.ws.adaptable.module.internal.NotifierImpl@16bf61d1
      serialVersionUID = -5621513278641113667
      $$$tc$$$ = class com.ibm.websphere.ras.TraceComponent@66fd0867
    altDDEntry = null
    moduleClassesContainers = class java.util.ArrayList@1b4b3b19
      serialVersionUID = 8683452581122892189
      DEFAULT_CAPACITY = 10
      EMPTY_ELEMENTDATA = class java.lang.Object[0]
      DEFAULTCAPACITY_EMPTY_ELEMENTDATA = class java.lang.Object[0]
      elementData = class java.lang.Object[33]
      size = 26
      MAX_ARRAY_SIZE = 2147483639
      modCount = 27
      MAX_ARRAY_SIZE = 2147483639
    classLoaderFactory = class com.ibm.ws.app.manager.war.internal.WARDeployedAppInfo@6258ad34
      CONTEXT_ROOT = "context-root"
      webModuleHandler = class com.ibm.ws.app.manager.web.internal.WebModuleHandlerImpl@677ff1bf
      webContainerModuleInfo = class com.ibm.ws.app.manager.module.internal.SimpleDeployedAppInfoBase$WebModuleContainerInfo@796e1e18
      DYNAMIC_IMPORT_PACKAGE_LIST = class java.util.Collections$UnmodifiableRandomAccessList@467129c6
      serialVersionUID = -6153587016903242961
      $$$tc$$$ = class com.ibm.websphere.ras.TraceComponent@4b1fa4f0
      _tc = class com.ibm.websphere.ras.TraceComponent@6e4081a5
      PERMISSION_XML = "permissions.xml"
      applicationInformation = class com.ibm.ws.app.manager.internal.ApplicationInstallInfo@4223ea4e
      location = "C:\Users\IBM_ADMIN\Documents\GitHub\chansyapp\target\ChansyApp-1.0-SNAPSHOT"
      classLoadingService = class com.ibm.ws.classloading.internal.ClassLoadingServiceImpl@4b34b2cc
      globalSharedLibrary = class com.ibm.ws.library.internal.SharedLibraryImpl@4449d75
      sharedLibDeploymentInfo = class com.ibm.ws.app.manager.module.internal.DeployedAppInfoBase$SharedLibDeploymentInfo@16ca93de
      futureMonitor = class com.ibm.ws.threading.internal.FutureMonitorImpl@2559608c
      configAdmin = class com.ibm.ws.config.admin.internal.ConfigurationAdminImpl@4b667ad3
      libraryConfigHelper = class com.ibm.ws.classloading.ClassLoaderConfigHelper@252a13a1
      isDelegateLast = false
      permissionManager = class com.ibm.ws.security.java2sec.PermissionManager@5a58d44
      permissionsConfig = null
      serialVersionUID = -6908382869835671687
      appInfo = class com.ibm.ws.container.service.app.deploy.internal.ApplicationInfoImpl@4fdb7d43
      modulesDeployed = class java.util.ArrayList@3ffbe08a
      starting = false
      started = false
      appInfoFactory = class com.ibm.ws.container.service.app.deploy.internal.ApplicationInfoFactoryImpl@4a395bcf
      metaDataService = class com.ibm.ws.container.service.metadata.internal.MetaDataServiceImpl@60a7b4b7
      stateChangeService = class com.ibm.ws.container.service.state.internal.StateChangeServiceImpl@63df2061
      moduleClassesInfo = class com.ibm.ws.app.manager.module.internal.SimpleDeployedAppInfoBase$ModuleClassesInfoProvider@39648f85
      moduleContainerInfos = class java.util.ArrayList@59fbc793
      activeModuleHandlers = class java.util.IdentityHashMap@591c0840
      serialVersionUID = 7078125893012250887
      $$$tc$$$ = class com.ibm.websphere.ras.TraceComponent@7c30a80e
    containerInfoType = class com.ibm.ws.container.service.app.deploy.ContainerInfo$Type@648ca9a3
      MANIFEST_CLASSPATH = class com.ibm.ws.container.service.app.deploy.ContainerInfo$Type@784cb72a
      WEB_INF_CLASSES = class com.ibm.ws.container.service.app.deploy.ContainerInfo$Type@75aa9180
      WEB_INF_LIB = class com.ibm.ws.container.service.app.deploy.ContainerInfo$Type@6aea12b
      EAR_LIB = class com.ibm.ws.container.service.app.deploy.ContainerInfo$Type@4c135230
      WEB_MODULE = class com.ibm.ws.container.service.app.deploy.ContainerInfo$Type@648ca9a3
      EJB_MODULE = class com.ibm.ws.container.service.app.deploy.ContainerInfo$Type@517b597f
      CLIENT_MODULE = class com.ibm.ws.container.service.app.deploy.ContainerInfo$Type@707ce441
      RAR_MODULE = class com.ibm.ws.container.service.app.deploy.ContainerInfo$Type@3a8b49c
      JAR_MODULE = class com.ibm.ws.container.service.app.deploy.ContainerInfo$Type@557ce40b
      SHARED_LIB = class com.ibm.ws.container.service.app.deploy.ContainerInfo$Type@5e47ff7a
      $VALUES = class com.ibm.ws.container.service.app.deploy.ContainerInfo$Type[10]
      serialVersionUID = -3226393626317575807
      $$$tc$$$ = class com.ibm.websphere.ras.TraceComponent@38790ea1
      name = "WEB_MODULE"
      ordinal = 4
    classLoader = class com.ibm.ws.classloading.internal.AppClassLoader@6807e984
      tc = class com.ibm.websphere.ras.TraceComponent@53bfab56
      PARENT_FIRST_SEARCH_ORDER = class java.util.Collections$UnmodifiableRandomAccessList@2b3025e2
      CLASS_LOADING_TRACE_PREFIX = "com.ibm.ws.class.load."
      DEFAULT_PACKAGE = "default.package"
      perPackageClassLoadingTraceComponents = class java.util.concurrent.ConcurrentHashMap@5dc1f0a8
      config = class com.ibm.ws.classloading.internal.ClassLoaderConfigurationImpl@3d637450
      privateLibraries = null
      delegateLoaders = class com.ibm.ws.classloading.internal.util.CompositeIterable@5f162399
      nativeLibraryFiles = class java.util.ArrayList@752312ac
      transformers = class java.util.ArrayList@2735f810
      apiAccess = class com.ibm.ws.classloading.internal.GatewayClassLoader@23fc6744
      generator = class com.ibm.ws.classloading.internal.ClassGeneratorManager@152d952
      protectionDomains = class java.util.concurrent.ConcurrentHashMap@6f36380a
      parent = class com.ibm.ws.classloading.internal.GatewayClassLoader@23fc6744
      serialVersionUID = -2240525179349384666
      tc = class com.ibm.websphere.ras.TraceComponent@51b83d21
      EMPTY_URL_ARRAY = class java.net.URL[0]
      smartClassPath = class com.ibm.ws.classloading.internal.ContainerClassLoader$SmartClassPathImpl@a906c17
      nativeLibraryContainers = class java.util.ArrayList@1d9fac5e
      redefiner = class com.ibm.ws.classloading.internal.util.ClassRedefiner@43b7318f
      mapCreationQueue = class java.util.concurrent.Executors$FinalizableDelegatedExecutorService@2ebeacaa
      serialVersionUID = 7249739282446266343
      serialVersionUID = -7411549862368381758
      $$$tc$$$ = class com.ibm.websphere.ras.TraceComponent@614fb5b
      serialVersionUID = -4868702105808481416
      $$$tc$$$ = class com.ibm.websphere.ras.TraceComponent@4b5bd4ee
      serialVersionUID = 2596921220292114344
      $$$tc$$$ = class com.ibm.websphere.ras.TraceComponent@b5d5486
      initialized = true
      pdcache = class java.util.HashMap@661b728c
      debug = null
      parent = class com.ibm.ws.classloading.internal.GatewayClassLoader@23fc6744
      parallelLockMap = null
      package2certs = class java.util.Hashtable@7d2a298c
      nocerts = class java.security.cert.Certificate[0]
      classes = class java.util.Vector@6b24b6f5
      defaultDomain = class java.security.ProtectionDomain@c4b3962
      domains = class java.util.HashSet@3179a575
      packages = class java.util.HashMap@1d339c9f
      scl = class sun.misc.Launcher$AppClassLoader@18b4aac2
      sclSet = true
      loadedLibraryNames = class java.util.Vector@53ee02d2
      systemNativeLibraries = class java.util.Vector@63bb1e4
      nativeLibraries = class java.util.Vector@7a15fe5b
      nativeLibraryContext = class java.util.Stack@7bc352e2
      usr_paths = class java.lang.String[32]
      sys_paths = class java.lang.String[1]
      assertionLock = class com.ibm.ws.classloading.internal.AppClassLoader@6807e984
      defaultAssertionStatus = false
      packageAssertionStatus = null
      classAssertionStatus = null
    moduleMetaData = null
    nestedModuleMetaDataTypes = null
    nestedModuleMetaDataValues = null
    serialVersionUID = 3986734351620206554
  Object type[1] = class com.ibm.ws.webcontainer.osgi.WebContainer@1974b1b0
    tc = class com.ibm.websphere.ras.TraceComponent@3d03f3f
      strings[0] = "TraceComponent[com.ibm.ws.webcontainer.osgi.WebContainer,class com.ibm.ws.webcontainer.osgi.WebContainer,[webcontainer],com.ibm.ws.webcontainer.resources.LShimMessages,null]"
    CLASS_NAME = "com.ibm.ws.webcontainer.osgi.WebContainer"
    initialized = true
    eventService = class com.ibm.ws.event.internal.EventEngineImpl@11dfb0e2
      tc = class com.ibm.websphere.ras.TraceComponent@6538d5ea
      OSGI_EVENT_HANDLER_REFERENCE_NAME = "OsgiEventHandler"
      WS_EVENT_HANDLER_REFERENCE_NAME = "WsEventHandler"
      CFG_KEY_REENTRANT_HANDLER_DEFAULT = "reentrant.handler.default"
      CFG_KEY_STAGE_PREFIX = "stage.topics."
      topicCache = class com.ibm.ws.event.internal.TopicBasedCache@45d15af3
      componentContext = class org.apache.felix.scr.impl.manager.ComponentContextImpl@359822e6
      bundleContext = class org.eclipse.osgi.internal.framework.BundleContextImpl@2f7c77b1
      logService = class com.ibm.ws.logging.internal.osgi.TrLogServiceImpl@4c8da9fd
      frameworkEventAdapter = class com.ibm.ws.event.internal.adapter.FrameworkEventAdapter@72ea38f7
      bundleEventAdapter = class com.ibm.ws.event.internal.adapter.BundleEventAdapter@3d23e29b
      serviceEventAdapter = class com.ibm.ws.event.internal.adapter.ServiceEventAdapter@49d878cb
      executorServiceFactory = class com.ibm.ws.event.internal.WorkStageExecutorServiceFactory@68bbf24c
      defaultReentrancy = true
      skipSchedule = false
      serialVersionUID = -3714378010555321089
    futureMonitor = class com.ibm.ws.threading.internal.FutureMonitorImpl@2559608c
      _monitor = class java.util.concurrent.ConcurrentLinkedQueue@157aa1c3
      _executor = class com.ibm.ws.threading.internal.ScheduledExecutorImpl@1e4e82fc
      _threadRunning = class java.util.concurrent.atomic.AtomicBoolean@3fbe457d
      _thread = class com.ibm.ws.threading.internal.FutureMonitorImpl$1@154f1d67
      serialVersionUID = 2765238413969174390
      $$$tc$$$ = class com.ibm.websphere.ras.TraceComponent@338853db
    classLoadingSRRef = class com.ibm.wsspi.kernel.service.utils.AtomicServiceReference@50dc0745
      referenceName = "classLoadingService"
      tuple = class java.util.concurrent.atomic.AtomicReference@244f3f8
      serialVersionUID = 2226592364007985000
      $$$tc$$$ = class com.ibm.websphere.ras.TraceComponent@37f267a5
    sessionHelperSRRef = class com.ibm.wsspi.kernel.service.utils.AtomicServiceReference@3dc87fe
      referenceName = "sessionHelper"
      tuple = class java.util.concurrent.atomic.AtomicReference@29dee9d
      serialVersionUID = 2226592364007985000
      $$$tc$$$ = class com.ibm.websphere.ras.TraceComponent@37f267a5
    cacheManagerSRRef = class com.ibm.wsspi.kernel.service.utils.AtomicServiceReference@6f686fc7
      referenceName = "cacheManager"
      tuple = class java.util.concurrent.atomic.AtomicReference@1cfdf157
      serialVersionUID = 2226592364007985000
      $$$tc$$$ = class com.ibm.websphere.ras.TraceComponent@37f267a5
    injectionEngineSRRef = class com.ibm.wsspi.kernel.service.utils.AtomicServiceReference@1db3fa6
      referenceName = "injectionEngine"
      tuple = class java.util.concurrent.atomic.AtomicReference@65baa982
      serialVersionUID = 2226592364007985000
      $$$tc$$$ = class com.ibm.websphere.ras.TraceComponent@37f267a5
    managedObjectServiceSRRef = class com.ibm.wsspi.kernel.service.utils.AtomicServiceReference@318de6f7
      referenceName = "managedObjectService"
      tuple = class java.util.concurrent.atomic.AtomicReference@748f569d
      serialVersionUID = 2226592364007985000
      $$$tc$$$ = class com.ibm.websphere.ras.TraceComponent@37f267a5
    REFERENCE_WEB_MBEAN_RUNTIME = "webMBeanRuntime"
    webMBeanRuntimeServiceRef = class com.ibm.wsspi.kernel.service.utils.AtomicServiceReference@5609744f
      referenceName = "webMBeanRuntime"
      tuple = class java.util.concurrent.atomic.AtomicReference@57a677f4
      serialVersionUID = 2226592364007985000
      $$$tc$$$ = class com.ibm.websphere.ras.TraceComponent@37f267a5
    servletContainerInitializers = class com.ibm.wsspi.kernel.service.utils.ConcurrentServiceReferenceSet@7a333f1e
      referenceName = "servletContainerInitializers"
      contextRef = class java.util.concurrent.atomic.AtomicReference@66e3c664
      elementMap = class java.util.LinkedHashMap@1351ea90
      elementSet = class java.util.concurrent.ConcurrentSkipListSet@6bbcdaf1
      elementSetUnsorted = false
      serialVersionUID = 756240983881166148
      $$$tc$$$ = class com.ibm.websphere.ras.TraceComponent@5612a847
    es = class com.ibm.ws.threading.internal.ExecutorServiceImpl@224d19f1
      JAVA_6 = false
      threadPool = class java.util.concurrent.ThreadPoolExecutor@5c776259
      threadPoolController = class com.ibm.ws.threading.internal.ThreadPoolController@6772f966
      poolName = "Default Executor"
      componentConfig = class org.apache.felix.scr.impl.helper.ReadOnlyDictionary@48a63959
      interceptorsActive = false
      interceptors = class java.util.concurrent.CopyOnWriteArraySet@2253814a
      threadFactory = null
      serialVersionUID = 4947246897844900590
      $$$tc$$$ = class com.ibm.websphere.ras.TraceComponent@65ff42c3
    locationServiceRef = class java.util.concurrent.atomic.AtomicReference@7ca9f911
      serialVersionUID = -1848883965231344442
      unsafe = class sun.misc.Unsafe@32f89feb
      valueOffset = 12
      value = class com.ibm.ws.kernel.service.location.internal.WsLocationAdminImpl@3d2ae6a9
    transferContextServiceRef = class com.ibm.wsspi.kernel.service.utils.ConcurrentServiceReferenceSet@611f51c7
      referenceName = "transferService"
      contextRef = class java.util.concurrent.atomic.AtomicReference@6182a198
      elementMap = class java.util.LinkedHashMap@213660d2
      elementSet = class java.util.concurrent.ConcurrentSkipListSet@6cee4c24
      elementSetUnsorted = false
      serialVersionUID = 756240983881166148
      $$$tc$$$ = class com.ibm.websphere.ras.TraceComponent@5612a847
    encodingServiceRef = class java.util.concurrent.atomic.AtomicReference@2375935
      serialVersionUID = -1848883965231344442
      unsafe = class sun.misc.Unsafe@32f89feb
      valueOffset = 12
      value = class com.ibm.ws.http.internal.EncodingUtilsImpl@156ea58d
    instance = class java.util.concurrent.atomic.AtomicReference@48ff5a13
      serialVersionUID = -1848883965231344442
      unsafe = class sun.misc.Unsafe@32f89feb
      valueOffset = 12
      value = class com.ibm.ws.webcontainer.osgi.WebContainer@1974b1b0
    vhostManager = class com.ibm.ws.webcontainer.osgi.DynamicVirtualHostManager@7bad536c
      tc = class com.ibm.websphere.ras.TraceComponent@6823a6ff
      hostMap = class java.util.concurrent.ConcurrentHashMap@356fce17
      transportMap = class java.util.concurrent.ConcurrentHashMap@5e13c14f
      locationService = class com.ibm.ws.kernel.service.location.internal.WsLocationAdminImpl@3d2ae6a9
      schedExecutor = class com.ibm.ws.threading.internal.ScheduledExecutorImpl@1e4e82fc
      pluginCfgVhostUris = class java.util.HashMap@1cf20d0b
      PLUGIN_CFG = "plugin-cfg.xml"
    metaDataService = class com.ibm.ws.container.service.metadata.internal.MetaDataServiceImpl@60a7b4b7
      applicationMetaDataManager = class com.ibm.ws.container.service.metadata.internal.ApplicationMetaDataManager@15ce4588
      moduleMetaDataManager = class com.ibm.ws.container.service.metadata.internal.ModuleMetaDataManager@6d36672e
      componentMetaDataManager = class com.ibm.ws.container.service.metadata.internal.ComponentMetaDataManager@5cd1c033
      methodMetaDataManager = class com.ibm.ws.container.service.metadata.internal.MethodMetaDataManager@e543f8e
      appModuleNameToModuleContainer = class java.util.concurrent.ConcurrentHashMap@6951c9c9
      jeeNameToComponentMetaData = class java.util.concurrent.ConcurrentHashMap@3700dcda
      deferredMetaDataFactories = class com.ibm.wsspi.kernel.service.utils.ConcurrentServiceReferenceSet@65825251
      deferredMetaDataInitializers = class com.ibm.wsspi.kernel.service.utils.ConcurrentServiceReferenceMap@4a05b920
      serialVersionUID = -2494605732980966097
      $$$tc$$$ = class com.ibm.websphere.ras.TraceComponent@1f213ab3
    j2eeNameFactory = class com.ibm.ws.container.service.metadata.internal.J2EENameFactoryImpl@5861b767
      serialVersionUID = 3486344295038028821
      $$$tc$$$ = class com.ibm.websphere.ras.TraceComponent@22b4bea0
    context = class org.apache.felix.scr.impl.manager.ComponentContextImpl@6a7c51ba
      m_componentManager = class org.apache.felix.scr.impl.manager.SingleComponentManager@7d4cf487
      edgeInfos = class org.apache.felix.scr.impl.manager.EdgeInfo[25]
      m_componentInstance = class org.apache.felix.scr.impl.manager.ComponentContextImpl$ComponentInstanceImpl@1527f468
      m_usingBundle = class org.eclipse.osgi.internal.framework.EquinoxBundle@1ab4b925
      m_serviceRegistration = class org.eclipse.osgi.internal.serviceregistry.ServiceRegistrationImpl@5ffd5146
      m_implementationObject = class com.ibm.ws.webcontainer.osgi.WebContainer@1974b1b0
      m_implementationAccessible = true
      accessibleLatch = class java.util.concurrent.CountDownLatch@7cde8b47
      serviceObjectsHelper = class org.apache.felix.scr.impl.helper.ComponentServiceObjectsHelper@662ca097
    contextRoots = class java.util.Collections$SynchronizedSet@7bdb59aa
      serialVersionUID = 487447009682186044
      serialVersionUID = 3053995032091335093
      c = class java.util.HashSet@60789e1f
      mutex = class java.util.Collections$SynchronizedSet@7bdb59aa
    pendingContextRoots = class java.util.HashMap@2684486a
      serialVersionUID = 362498820763181265
      DEFAULT_INITIAL_CAPACITY = 16
      MAXIMUM_CAPACITY = 1073741824
      DEFAULT_LOAD_FACTOR = 0.75
      TREEIFY_THRESHOLD = 8
      UNTREEIFY_THRESHOLD = 6
      MIN_TREEIFY_CAPACITY = 64
      table = null
      entrySet = null
      size = 0
      modCount = 0
      threshold = 0
      loadFactor = 0.75
      keySet = null
      values = null
    deployedModuleMap = class java.util.concurrent.ConcurrentHashMap@730b0952
      serialVersionUID = 7249069246763182397
      MAXIMUM_CAPACITY = 1073741824
      DEFAULT_CAPACITY = 16
      MAX_ARRAY_SIZE = 2147483639
      DEFAULT_CONCURRENCY_LEVEL = 16
      LOAD_FACTOR = 0.75
      TREEIFY_THRESHOLD = 8
      UNTREEIFY_THRESHOLD = 6
      MIN_TREEIFY_CAPACITY = 64
      MIN_TRANSFER_STRIDE = 16
      RESIZE_STAMP_BITS = 16
      MAX_RESIZERS = 65535
      RESIZE_STAMP_SHIFT = 16
      MOVED = -1
      TREEBIN = -2
      RESERVED = -3
      HASH_BITS = 2147483647
      NCPU = 4
      serialPersistentFields = class java.io.ObjectStreamField[3]
      table = null
      nextTable = null
      baseCount = 0
      sizeCtl = 0
      transferIndex = 0
      cellsBusy = 0
      counterCells = null
      keySet = null
      values = null
      entrySet = null
      U = class sun.misc.Unsafe@32f89feb
      SIZECTL = 20
      TRANSFERINDEX = 32
      BASECOUNT = 24
      CELLSBUSY = 36
      CELLVALUE = 144
      ABASE = 16
      ASHIFT = 2
      keySet = null
      values = null
    connContextPool = class com.ibm.ws.webcontainer31.osgi.srt.SRTConnectionContextPool31Impl@7b726708
      head = class java.lang.ThreadLocal@50f74ca7
    DEFAULT_PORT = "*"
    DEFAULT_VHOST_NAME = "default_host"
    cachedServerInfo = null
    lock = class com.ibm.ws.webcontainer.osgi.WebContainer$1@5a4577c5
      this$0 = class com.ibm.ws.webcontainer.osgi.WebContainer@1974b1b0
    webAppFactory = class com.ibm.ws.webcontainer31.osgi.webapp.WebAppFactoryImpl31@5e06a3ff
    requestFactory = class com.ibm.ws.webcontainer31.osgi.response.IRequestResponseFactory@75ec60f4
    responseFactory = class com.ibm.ws.webcontainer31.osgi.response.IRequestResponseFactory@75ec60f4
    asyncContextFactory = class com.ibm.ws.webcontainer31.async.AsyncContextFactory31Impl@1d4e0366
    DEFAULT_MAX_VERSION = 30
    versionRef = class org.eclipse.osgi.internal.serviceregistry.ServiceReferenceImpl@6cc4b455
      registration = class org.eclipse.osgi.internal.serviceregistry.ServiceRegistrationImpl@2fe34d1f
    SPEC_LEVEL_UNLOADED = -1
    SPEC_LEVEL_30 = 30
    SPEC_LEVEL_31 = 31
    DEFAULT_SPEC_LEVEL = 30
    loadedContainerSpecLevel = 31
    ISO = "ISO-8859-1"
    encoding = "UTF-8"
    decode = true
    wcconfig = class com.ibm.ws.webcontainer.osgi.WebContainerConfiguration@11cbc0bb
      properties = class org.apache.felix.scr.impl.helper.ReadOnlyDictionary@5edf4073
      CFG_KEY_ENFORCE_SEC = "enforce.security"
      logger = class com.ibm.ws.logging.internal.WsLogger@cfcf4af
      CLASS_NAME = "com.ibm.ws.webcontainer.WebContainerConfiguration"
      _localeProps = null
      _jvmProps = null
      enableServletCaching = false
      defaultVirtualHostName = "default_host"
      ardEnabled = false
      ardIncludeTimeout = 0
      poolingDisabled = false
      maximumExpiredEntries = 0
      maximumResponseStoreSize = 0
      useAsyncRunnableWorkManager = false
      asyncRunnableWorkManagerName = null
      numAsyncTimerThreads = 2
      defaultAsyncServletTimeout = 30000
    applicationListeners = class java.util.ArrayList@7c73a4d7
      serialVersionUID = 8683452581122892189
      DEFAULT_CAPACITY = 10
      EMPTY_ELEMENTDATA = class java.lang.Object[0]
      DEFAULTCAPACITY_EMPTY_ELEMENTDATA = class java.lang.Object[0]
      elementData = class java.lang.Object[0]
      size = 0
      MAX_ARRAY_SIZE = 2147483639
      modCount = 0
      MAX_ARRAY_SIZE = 2147483639
    servletListeners = class java.util.ArrayList@35dcc110
      serialVersionUID = 8683452581122892189
      DEFAULT_CAPACITY = 10
      EMPTY_ELEMENTDATA = class java.lang.Object[0]
      DEFAULTCAPACITY_EMPTY_ELEMENTDATA = class java.lang.Object[0]
      elementData = class java.lang.Object[0]
      size = 0
      MAX_ARRAY_SIZE = 2147483639
      modCount = 0
      MAX_ARRAY_SIZE = 2147483639
    servletErrorListeners = class java.util.ArrayList@5010961
      serialVersionUID = 8683452581122892189
      DEFAULT_CAPACITY = 10
      EMPTY_ELEMENTDATA = class java.lang.Object[0]
      DEFAULTCAPACITY_EMPTY_ELEMENTDATA = class java.lang.Object[0]
      elementData = class java.lang.Object[0]
      size = 0
      MAX_ARRAY_SIZE = 2147483639
      modCount = 0
      MAX_ARRAY_SIZE = 2147483639
    servletInvocationListeners = class java.util.ArrayList@4a80cf62
      serialVersionUID = 8683452581122892189
      DEFAULT_CAPACITY = 10
      EMPTY_ELEMENTDATA = class java.lang.Object[0]
      DEFAULTCAPACITY_EMPTY_ELEMENTDATA = class java.lang.Object[0]
      elementData = class java.lang.Object[0]
      size = 0
      MAX_ARRAY_SIZE = 2147483639
      modCount = 0
      MAX_ARRAY_SIZE = 2147483639
    filterInvocationListeners = class java.util.ArrayList@2bb49ff9
      serialVersionUID = 8683452581122892189
      DEFAULT_CAPACITY = 10
      EMPTY_ELEMENTDATA = class java.lang.Object[0]
      DEFAULTCAPACITY_EMPTY_ELEMENTDATA = class java.lang.Object[0]
      elementData = class java.lang.Object[0]
      size = 0
      MAX_ARRAY_SIZE = 2147483639
      modCount = 0
      MAX_ARRAY_SIZE = 2147483639
    filterErrorListeners = class java.util.ArrayList@78b31fde
      serialVersionUID = 8683452581122892189
      DEFAULT_CAPACITY = 10
      EMPTY_ELEMENTDATA = class java.lang.Object[0]
      DEFAULTCAPACITY_EMPTY_ELEMENTDATA = class java.lang.Object[0]
      elementData = class java.lang.Object[0]
      size = 0
      MAX_ARRAY_SIZE = 2147483639
      modCount = 0
      MAX_ARRAY_SIZE = 2147483639
    filterListeners = class java.util.ArrayList@75745ba8
      serialVersionUID = 8683452581122892189
      DEFAULT_CAPACITY = 10
      EMPTY_ELEMENTDATA = class java.lang.Object[0]
      DEFAULTCAPACITY_EMPTY_ELEMENTDATA = class java.lang.Object[0]
      elementData = class java.lang.Object[0]
      size = 0
      MAX_ARRAY_SIZE = 2147483639
      modCount = 0
      MAX_ARRAY_SIZE = 2147483639
    servletRequestListeners = class java.util.ArrayList@394361bb
      serialVersionUID = 8683452581122892189
      DEFAULT_CAPACITY = 10
      EMPTY_ELEMENTDATA = class java.lang.Object[0]
      DEFAULTCAPACITY_EMPTY_ELEMENTDATA = class java.lang.Object[0]
      elementData = class java.lang.Object[0]
      size = 0
      MAX_ARRAY_SIZE = 2147483639
      modCount = 0
      MAX_ARRAY_SIZE = 2147483639
    servletRequestAttributeListeners = class java.util.ArrayList@36077a3d
      serialVersionUID = 8683452581122892189
      DEFAULT_CAPACITY = 10
      EMPTY_ELEMENTDATA = class java.lang.Object[0]
      DEFAULTCAPACITY_EMPTY_ELEMENTDATA = class java.lang.Object[0]
      elementData = class java.lang.Object[0]
      size = 0
      MAX_ARRAY_SIZE = 2147483639
      modCount = 0
      MAX_ARRAY_SIZE = 2147483639
    servletContextListeners = class java.util.ArrayList@56aadecc
      serialVersionUID = 8683452581122892189
      DEFAULT_CAPACITY = 10
      EMPTY_ELEMENTDATA = class java.lang.Object[0]
      DEFAULTCAPACITY_EMPTY_ELEMENTDATA = class java.lang.Object[0]
      elementData = class java.lang.Object[0]
      size = 0
      MAX_ARRAY_SIZE = 2147483639
      modCount = 0
      MAX_ARRAY_SIZE = 2147483639
    servletContextAttributeListeners = class java.util.ArrayList@15476aa
      serialVersionUID = 8683452581122892189
      DEFAULT_CAPACITY = 10
      EMPTY_ELEMENTDATA = class java.lang.Object[0]
      DEFAULTCAPACITY_EMPTY_ELEMENTDATA = class java.lang.Object[0]
      elementData = class java.lang.Object[0]
      size = 0
      MAX_ARRAY_SIZE = 2147483639
      modCount = 0
      MAX_ARRAY_SIZE = 2147483639
    sessionListeners = class java.util.ArrayList@23389182
      serialVersionUID = 8683452581122892189
      DEFAULT_CAPACITY = 10
      EMPTY_ELEMENTDATA = class java.lang.Object[0]
      DEFAULTCAPACITY_EMPTY_ELEMENTDATA = class java.lang.Object[0]
      elementData = class java.lang.Object[0]
      size = 0
      MAX_ARRAY_SIZE = 2147483639
      modCount = 0
      MAX_ARRAY_SIZE = 2147483639
    sessionIdListeners = class java.util.ArrayList@2ee3c14a
      serialVersionUID = 8683452581122892189
      DEFAULT_CAPACITY = 10
      EMPTY_ELEMENTDATA = class java.lang.Object[0]
      DEFAULTCAPACITY_EMPTY_ELEMENTDATA = class java.lang.Object[0]
      elementData = class java.lang.Object[0]
      size = 0
      MAX_ARRAY_SIZE = 2147483639
      modCount = 0
      MAX_ARRAY_SIZE = 2147483639
    sessionAttributeListeners = class java.util.ArrayList@2e3f36e4
      serialVersionUID = 8683452581122892189
      DEFAULT_CAPACITY = 10
      EMPTY_ELEMENTDATA = class java.lang.Object[0]
      DEFAULTCAPACITY_EMPTY_ELEMENTDATA = class java.lang.Object[0]
      elementData = class java.lang.Object[0]
      size = 0
      MAX_ARRAY_SIZE = 2147483639
      modCount = 0
      MAX_ARRAY_SIZE = 2147483639
    DEFAULT_HOST = "default_host"
    _initialized = true
    logger = class com.ibm.ws.logging.internal.WsLogger@cfcf4af
      tc = class com.ibm.websphere.ras.TraceComponent@677c1402
      ivCachedResourceBundleName = null
      ivCachedResourceBundle = null
      ivComponent = null
      ivOrganization = null
      ivProduct = null
      ivMinimumLocalizationLevelIntValue = 625
      ivTC = class com.ibm.websphere.ras.TraceComponent@3a7c31b6
      loggerRegistrationComponent = class java.lang.ThreadLocal@64d773fb
      emptyHandlers = class java.util.logging.Handler[0]
      offValue = 2147483647
      SYSTEM_LOGGER_RB_NAME = "sun.util.logging.resources.logging"
      SYSTEM_BUNDLE = class java.util.logging.Logger$LoggerBundle@a686b56
      NO_RESOURCE_BUNDLE = class java.util.logging.Logger$LoggerBundle@3c490466
      manager = class com.ibm.ws.kernel.boot.logging.WsLogManager@635ee0bf
      name = "com.ibm.ws.webcontainer"
      handlers = class java.util.concurrent.CopyOnWriteArrayList@6658c015
      loggerBundle = class java.util.logging.Logger$LoggerBundle@2fa32553
      useParentHandlers = true
      filter = null
      anonymous = false
      catalog = class com.ibm.ws.webcontainer.resources.Messages@5bbd6ef5
      catalogName = "com.ibm.ws.webcontainer.resources.Messages"
      catalogLocale = class java.util.Locale@4f723625
      treeLock = class java.lang.Object@6f8a0fb6
      parent = class java.util.logging.Logger@59b526a9
      kids = class java.util.ArrayList@694f21ac
      levelObject = class java.util.logging.Level@3752f1be
      levelValue = 800
      callersClassLoaderRef = class java.lang.ref.WeakReference@81aaf5d
      isSystemLogger = false
      GLOBAL_LOGGER_NAME = "global"
      global = class java.util.logging.Logger@48c79fc1
      $assertionsDisabled = true
    CLASS_NAME = "com.ibm.ws.webcontainer.internal.WebContainer"
    nls = class com.ibm.ejs.ras.TraceNLS@6b2fc033
      resolver = class com.ibm.ws.logging.internal.TraceNLSResolver@3e94e791
      finder = null
      ivBundleName = "com.ibm.ws.webcontainer.resources.Messages"
      caller = class java.lang.Class@736eb69
    self = class java.util.concurrent.atomic.AtomicReference@5b76b58d
      serialVersionUID = -1848883965231344442
      unsafe = class sun.misc.Unsafe@32f89feb
      valueOffset = 12
      value = class com.ibm.ws.webcontainer.osgi.WebContainer@1974b1b0
    _cipherToBit = class java.util.HashMap@c293011
      serialVersionUID = 362498820763181265
      DEFAULT_INITIAL_CAPACITY = 16
      MAXIMUM_CAPACITY = 1073741824
      DEFAULT_LOAD_FACTOR = 0.75
      TREEIFY_THRESHOLD = 8
      UNTREEIFY_THRESHOLD = 6
      MIN_TREEIFY_CAPACITY = 64
      table = null
      entrySet = null
      size = 0
      modCount = 0
      threshold = 0
      loadFactor = 0.75
      keySet = null
      values = null
    cacheKeyStringBuilder = class com.ibm.ws.util.WSThreadLocal@679be4b7
      tc = class com.ibm.ejs.ras.TraceComponent@472cc980
      count = 1
      index = 0
      SUSPECTED_MISUSAGE_THRESHOLD = 200
      threadLocalHashCode = -1522430612
      nextHashCode = class java.util.concurrent.atomic.AtomicInteger@3ea8c7ac
      HASH_INCREMENT = 1640531527
    listenersInitialized = false
    webConProperties = class java.util.Properties@72a08e2f
      serialVersionUID = 4112578634029874840
      defaults = null
      hexDigit = {0123456789ABCDEF} /* array length = 16*/
      table = class java.util.Hashtable$Entry[95]
      count = 55
      threshold = 71
      loadFactor = 0.75
      modCount = 58
      serialVersionUID = 1421746759512286392
      MAX_ARRAY_SIZE = 2147483639
      keySet = null
      entrySet = null
      values = null
      KEYS = 0
      VALUES = 1
      ENTRIES = 2
    sessionRegistry = null
    isStopped = false
    readWriteLockForStopping = class java.util.concurrent.locks.ReentrantReadWriteLock@1c14972b
      serialVersionUID = -6992448646407690164
      readerLock = class java.util.concurrent.locks.ReentrantReadWriteLock$ReadLock@692046eb
      writerLock = class java.util.concurrent.locks.ReentrantReadWriteLock$WriteLock@63b47524
      sync = class java.util.concurrent.locks.ReentrantReadWriteLock$NonfairSync@54aad28c
      UNSAFE = class sun.misc.Unsafe@32f89feb
      TID_OFFSET = 40
    urlPrefix = ";jsessionid="
    extensionFactories = class java.util.ArrayList@59f89500
      serialVersionUID = 8683452581122892189
      DEFAULT_CAPACITY = 10
      EMPTY_ELEMENTDATA = class java.lang.Object[0]
      DEFAULTCAPACITY_EMPTY_ELEMENTDATA = class java.lang.Object[0]
      elementData = class java.lang.Object[0]
      size = 0
      MAX_ARRAY_SIZE = 2147483639
      modCount = 0
      MAX_ARRAY_SIZE = 2147483639
    postInitExtensionFactories = null
    httpResponseListeners = class java.util.ArrayList@617e6cd4
      serialVersionUID = 8683452581122892189
      DEFAULT_CAPACITY = 10
      EMPTY_ELEMENTDATA = class java.lang.Object[0]
      DEFAULTCAPACITY_EMPTY_ELEMENTDATA = class java.lang.Object[0]
      elementData = class java.lang.Object[0]
      size = 0
      MAX_ARRAY_SIZE = 2147483639
      modCount = 0
      MAX_ARRAY_SIZE = 2147483639
    servletContainerInitializers = class java.util.ServiceLoader@17595722
      PREFIX = "META-INF/services/"
      service = class java.lang.Class@53f851ad
      loader = class org.eclipse.osgi.internal.loader.EquinoxClassLoader@7a8b0c74
      acc = null
      providers = class java.util.LinkedHashMap@5d4dcef1
      lookupIterator = class java.util.ServiceLoader$LazyIterator@3735238b
    invocationCacheSize = 500
    decodePlusSign = true
    _cacheMap = class java.util.concurrent.ConcurrentHashMap@2fcc372d
      serialVersionUID = 7249069246763182397
      MAXIMUM_CAPACITY = 1073741824
      DEFAULT_CAPACITY = 16
      MAX_ARRAY_SIZE = 2147483639
      DEFAULT_CONCURRENCY_LEVEL = 16
      LOAD_FACTOR = 0.75
      TREEIFY_THRESHOLD = 8
      UNTREEIFY_THRESHOLD = 6
      MIN_TREEIFY_CAPACITY = 64
      MIN_TRANSFER_STRIDE = 16
      RESIZE_STAMP_BITS = 16
      MAX_RESIZERS = 65535
      RESIZE_STAMP_SHIFT = 16
      MOVED = -1
      TREEBIN = -2
      RESERVED = -3
      HASH_BITS = 2147483647
      NCPU = 4
      serialPersistentFields = class java.io.ObjectStreamField[3]
      table = null
      nextTable = null
      baseCount = 0
      sizeCtl = 1024
      transferIndex = 0
      cellsBusy = 0
      counterCells = null
      keySet = null
      values = null
      entrySet = null
      U = class sun.misc.Unsafe@32f89feb
      SIZECTL = 20
      TRANSFERINDEX = 32
      BASECOUNT = 24
      CELLSBUSY = 36
      CELLVALUE = 144
      ABASE = 16
      ASHIFT = 2
      keySet = null
      values = null
    _cacheSize = class java.util.concurrent.atomic.AtomicInteger@3281f741
      serialVersionUID = 6214790243416807050
      unsafe = class sun.misc.Unsafe@32f89feb
      valueOffset = 12
      value = 0
      serialVersionUID = -8742448824652078965
    vHostCompatFlag = false
    platformHelper = class com.ibm.ws.webcontainer.PlatformHelper@208b2509
    isDefaultTempDir = true
    tempDir = null
    servletCachingInitNeeded = true
    appInstallBegun = false
    commands = class java.util.ArrayList@338db3b9
      serialVersionUID = 8683452581122892189
      DEFAULT_CAPACITY = 10
      EMPTY_ELEMENTDATA = class java.lang.Object[0]
      DEFAULTCAPACITY_EMPTY_ELEMENTDATA = class java.lang.Object[0]
      elementData = class java.lang.Object[3]
      size = 0
      MAX_ARRAY_SIZE = 2147483639
      modCount = 0
      MAX_ARRAY_SIZE = 2147483639
    requestMapper = class com.ibm.ws.webcontainer.util.VirtualHostContextRootMapper@e8b6176
      cachedMappers = class java.util.Collections$SynchronizedMap@47d79b8d
      nls = class com.ibm.ejs.ras.TraceNLS@59e0c187
      logger = class com.ibm.ws.logging.internal.WsLogger@69a68580
      CLASS_NAME = "com.ibm.ws.webcontainer.util.VirtualHostContextRootMapper"
      CLASSNAME = "com.ibm.ws.util.VirtualHostMapper"
      tc = class com.ibm.ejs.ras.TraceComponent@363e1033
      vHostTable = class java.util.concurrent.ConcurrentHashMap@4ef5188a
    parent = null
    name = "Was.webcontainer"
    isAlive = true
    subElements = null
    attributes = null
    config = null
    serialVersionUID = -8271459000149267764
    $$$tc$$$ = class com.ibm.websphere.ras.TraceComponent@693a6e89
      strings[0] = "TraceComponent[com.ibm.ws.container.AbstractContainer,class com.ibm.ws.container.AbstractContainer,[],null,null]"

