------Start of DE processing------ = [3/14/17 2:01:39:428 CST]
Exception = com.ibm.ws.kernel.boot.LaunchException
Source = com.ibm.ws.kernel.launch.internal.LauncherDelegateImpl
probeid = 102
Stack Dump = com.ibm.ws.kernel.boot.LaunchException: Can not create or write to command directory, check server directory permissions
	at com.ibm.ws.kernel.launch.internal.ServerCommandListener.securityError(ServerCommandListener.java:175)
	at com.ibm.ws.kernel.launch.internal.ServerCommandListener.<init>(ServerCommandListener.java:144)
	at com.ibm.ws.kernel.launch.internal.FrameworkManager.startServerCommandListener(FrameworkManager.java:702)
	at com.ibm.ws.kernel.launch.internal.FrameworkManager.launchFramework(FrameworkManager.java:281)
	at com.ibm.ws.kernel.launch.internal.LauncherDelegateImpl.doFrameworkLaunch(LauncherDelegateImpl.java:115)
	at com.ibm.ws.kernel.launch.internal.LauncherDelegateImpl.launchFramework(LauncherDelegateImpl.java:101)
	at com.ibm.ws.kernel.boot.internal.KernelBootstrap.go(KernelBootstrap.java:200)
	at com.ibm.ws.kernel.boot.Launcher.handleActions(Launcher.java:245)
	at com.ibm.ws.kernel.boot.Launcher.createPlatform(Launcher.java:120)
	at com.ibm.ws.kernel.boot.cmdline.EnvCheck.main(EnvCheck.java:60)
	at com.ibm.ws.kernel.boot.cmdline.EnvCheck.main(EnvCheck.java:36)

Dump of callerThis
Object type = com.ibm.ws.kernel.launch.internal.LauncherDelegateImpl
  config = class com.ibm.ws.kernel.boot.BootstrapConfig@595b007d
    SYMBOL_DEF = class java.util.regex.Pattern@478190fc
      UNIX_LINES = 1
      CASE_INSENSITIVE = 2
      COMMENTS = 4
      MULTILINE = 8
      LITERAL = 16
      DOTALL = 32
      UNICODE_CASE = 64
      CANON_EQ = 128
      UNICODE_CHARACTER_CLASS = 256
      serialVersionUID = 5073258162644648461
      pattern = "\$\{([^\$\{\}]*?)\}"
      flags = 0
      compiled = true
      normalizedPattern = "\$\{([^\$\{\}]*?)\}"
      root = class java.util.regex.Pattern$Start@4d5d943d
      matchRoot = class java.util.regex.Pattern$Slice@368f2016
      buffer = null
      namedGroups = null
      groupNodes = null
      temp = null
      capturingGroupCount = 2
      localCount = 1
      cursor = 19
      patternLength = 0
      hasSupplementary = false
      MAX_REPS = 2147483647
      GREEDY = 0
      LAZY = 1
      POSSESSIVE = 2
      INDEPENDENT = 3
      lookbehindEnd = class java.util.regex.Pattern$4@4c583ecf
      accept = class java.util.regex.Pattern$Node@692f203f
      lastAccept = class java.util.regex.Pattern$LastNode@48f2bd5b
      $assertionsDisabled = true
    bootstrapLib = class java.io.File@79e2c065
      fs = class java.io.WinNTFileSystem@6adbc9d
      path = "C:\Users\IBM_ADMIN\Documents\GitHub\chansyapp\target\liberty\wlp\lib"
      status = null
      prefixLength = 3
      separatorChar = \
      separator = "\"
      pathSeparatorChar = ;
      pathSeparator = ";"
      PATH_OFFSET = 16
      PREFIX_LENGTH_OFFSET = 12
      UNSAFE = class sun.misc.Unsafe@4550bb58
      serialVersionUID = 301077366599181567
      filePath = null
      $assertionsDisabled = true
    installRoot = class java.io.File@3a93b025
      fs = class java.io.WinNTFileSystem@6adbc9d
      path = "C:\Users\IBM_ADMIN\Documents\GitHub\chansyapp\target\liberty\wlp"
      status = class java.io.File$PathStatus@4ec4f3a0
      prefixLength = 3
      separatorChar = \
      separator = "\"
      pathSeparatorChar = ;
      pathSeparator = ";"
      PATH_OFFSET = 16
      PREFIX_LENGTH_OFFSET = 12
      UNSAFE = class sun.misc.Unsafe@4550bb58
      serialVersionUID = 301077366599181567
      filePath = null
      $assertionsDisabled = true
    userRoot = class java.io.File@35cabb2a
      fs = class java.io.WinNTFileSystem@6adbc9d
      path = "C:\Users\IBM_ADMIN\Documents\GitHub\chansyapp\target\liberty\wlp\usr"
      status = class java.io.File$PathStatus@4ec4f3a0
      prefixLength = 3
      separatorChar = \
      separator = "\"
      pathSeparatorChar = ;
      pathSeparator = ";"
      PATH_OFFSET = 16
      PREFIX_LENGTH_OFFSET = 12
      UNSAFE = class sun.misc.Unsafe@4550bb58
      serialVersionUID = 301077366599181567
      filePath = null
      $assertionsDisabled = true
    processesRoot = class java.io.File@7e07db1f
      fs = class java.io.WinNTFileSystem@6adbc9d
      path = "C:\Users\IBM_ADMIN\Documents\GitHub\chansyapp\target\liberty\wlp\usr\servers"
      status = null
      prefixLength = 3
      separatorChar = \
      separator = "\"
      pathSeparatorChar = ;
      pathSeparator = ";"
      PATH_OFFSET = 16
      PREFIX_LENGTH_OFFSET = 12
      UNSAFE = class sun.misc.Unsafe@4550bb58
      serialVersionUID = 301077366599181567
      filePath = null
      $assertionsDisabled = true
    outputRoot = class java.io.File@1189dd52
      fs = class java.io.WinNTFileSystem@6adbc9d
      path = "C:\Users\IBM_ADMIN\Documents\GitHub\chansyapp\target\liberty\wlp\usr\servers"
      status = class java.io.File$PathStatus@4ec4f3a0
      prefixLength = 3
      separatorChar = \
      separator = "\"
      pathSeparatorChar = ;
      pathSeparator = ";"
      PATH_OFFSET = 16
      PREFIX_LENGTH_OFFSET = 12
      UNSAFE = class sun.misc.Unsafe@4550bb58
      serialVersionUID = 301077366599181567
      filePath = null
      $assertionsDisabled = true
    configDir = class java.io.File@36bc55de
      fs = class java.io.WinNTFileSystem@6adbc9d
      path = "C:\Users\IBM_ADMIN\Documents\GitHub\chansyapp\target\liberty\wlp\usr\servers\defaultServer"
      status = class java.io.File$PathStatus@4ec4f3a0
      prefixLength = 3
      separatorChar = \
      separator = "\"
      pathSeparatorChar = ;
      pathSeparator = ";"
      PATH_OFFSET = 16
      PREFIX_LENGTH_OFFSET = 12
      UNSAFE = class sun.misc.Unsafe@4550bb58
      serialVersionUID = 301077366599181567
      filePath = null
      $assertionsDisabled = true
    outputDir = class java.io.File@564fabc8
      fs = class java.io.WinNTFileSystem@6adbc9d
      path = "C:\Users\IBM_ADMIN\Documents\GitHub\chansyapp\target\liberty\wlp\usr\servers\defaultServer"
      status = class java.io.File$PathStatus@4ec4f3a0
      prefixLength = 3
      separatorChar = \
      separator = "\"
      pathSeparatorChar = ;
      pathSeparator = ";"
      PATH_OFFSET = 16
      PREFIX_LENGTH_OFFSET = 12
      UNSAFE = class sun.misc.Unsafe@4550bb58
      serialVersionUID = 301077366599181567
      filePath = null
      $assertionsDisabled = true
    logDir = class java.io.File@16d04d3d
      fs = class java.io.WinNTFileSystem@6adbc9d
      path = "C:\Users\IBM_ADMIN\Documents\GitHub\chansyapp\target\liberty\wlp\usr\servers\defaultServer\logs"
      status = class java.io.File$PathStatus@4ec4f3a0
      prefixLength = 3
      separatorChar = \
      separator = "\"
      pathSeparatorChar = ;
      pathSeparator = ";"
      PATH_OFFSET = 16
      PREFIX_LENGTH_OFFSET = 12
      UNSAFE = class sun.misc.Unsafe@4550bb58
      serialVersionUID = 301077366599181567
      filePath = null
      $assertionsDisabled = true
    consoleLogFile = class java.io.File@49ec71f8
      fs = class java.io.WinNTFileSystem@6adbc9d
      path = "C:\Users\IBM_ADMIN\Documents\GitHub\chansyapp\target\liberty\wlp\usr\servers\defaultServer\logs\console.log"
      status = null
      prefixLength = 3
      separatorChar = \
      separator = "\"
      pathSeparatorChar = ;
      pathSeparator = ";"
      PATH_OFFSET = 16
      PREFIX_LENGTH_OFFSET = 12
      UNSAFE = class sun.misc.Unsafe@4550bb58
      serialVersionUID = 301077366599181567
      filePath = null
      $assertionsDisabled = true
    workarea = class java.io.File@1d2adfbe
      fs = class java.io.WinNTFileSystem@6adbc9d
      path = "C:\Users\IBM_ADMIN\Documents\GitHub\chansyapp\target\liberty\wlp\usr\servers\defaultServer\workarea"
      status = class java.io.File$PathStatus@4ec4f3a0
      prefixLength = 3
      separatorChar = \
      separator = "\"
      pathSeparatorChar = ;
      pathSeparator = ";"
      PATH_OFFSET = 16
      PREFIX_LENGTH_OFFSET = 12
      UNSAFE = class sun.misc.Unsafe@4550bb58
      serialVersionUID = 301077366599181567
      filePath = null
      $assertionsDisabled = true
    processName = "defaultServer"
    initProps = class java.util.HashMap@36902638
      serialVersionUID = 362498820763181265
      DEFAULT_INITIAL_CAPACITY = 16
      MAXIMUM_CAPACITY = 1073741824
      DEFAULT_LOAD_FACTOR = 0.75
      TREEIFY_THRESHOLD = 8
      UNTREEIFY_THRESHOLD = 6
      MIN_TREEIFY_CAPACITY = 64
      table = class java.util.HashMap$Node[64]
      entrySet = class java.util.HashMap$EntrySet@2a4fb17b
      size = 42
      modCount = 44
      threshold = 48
      loadFactor = 0.75
      keySet = null
      values = null
    cmdArgs = class java.util.ArrayList@223d2c72
      serialVersionUID = 8683452581122892189
      DEFAULT_CAPACITY = 10
      EMPTY_ELEMENTDATA = class java.lang.Object[0]
      DEFAULTCAPACITY_EMPTY_ELEMENTDATA = class java.lang.Object[0]
      elementData = class java.lang.Object[3]
      size = 0
      MAX_ARRAY_SIZE = 2147483639
      modCount = 3
      MAX_ARRAY_SIZE = 2147483639
    frameworkLaunchClassloader = class com.ibm.ws.kernel.internal.classloader.BootstrapChildFirstJarClassloader@7cd84586
      KERNEL_BOOT_CLASS_PREFIX = "com.ibm.ws.kernel.boot."
      KERNEL_BOOT_RESOURCE_PREFIX = "com/ibm/ws/kernel/boot/"
      urls = class java.util.concurrent.CopyOnWriteArrayList@42a48628
      resourceHandlers = class java.util.concurrent.CopyOnWriteArrayList@293a5bf6
      verify = false
      ucp = class sun.misc.URLClassPath@6aeb35e6
      acc = class java.security.AccessControlContext@1283bb96
      closeables = class java.util.WeakHashMap@74f0ea28
      initialized = true
      pdcache = class java.util.HashMap@f6efaab
      debug = null
      parent = class sun.misc.Launcher$AppClassLoader@18b4aac2
      parallelLockMap = null
      package2certs = class java.util.Hashtable@3c19aaa5
      nocerts = class java.security.cert.Certificate[0]
      classes = class java.util.Vector@3349e9bb
      defaultDomain = class java.security.ProtectionDomain@409bf450
      domains = class java.util.HashSet@38d8f54a
      packages = class java.util.HashMap@49e53c76
      scl = class sun.misc.Launcher$AppClassLoader@18b4aac2
      sclSet = true
      loadedLibraryNames = class java.util.Vector@351d00c0
      systemNativeLibraries = class java.util.Vector@2a3b5b47
      nativeLibraries = class java.util.Vector@55b699ef
      nativeLibraryContext = class java.util.Stack@35d019a3
      usr_paths = class java.lang.String[32]
      sys_paths = class java.lang.String[1]
      assertionLock = class com.ibm.ws.kernel.internal.classloader.BootstrapChildFirstJarClassloader@7cd84586
      defaultAssertionStatus = false
      packageAssertionStatus = null
      classAssertionStatus = null
    instrumentation = class sun.instrument.InstrumentationImpl@8f4ea7c
      mTransformerManager = class sun.instrument.TransformerManager@49139829
      mRetransfomableTransformerManager = null
      mNativeAgent = 36030512
      mEnvironmentSupportsRedefineClasses = false
      mEnvironmentSupportsRetransformClassesKnown = false
      mEnvironmentSupportsRetransformClasses = false
      mEnvironmentSupportsNativeMethodPrefix = false
    kernelResolver = class com.ibm.ws.kernel.boot.internal.KernelResolver@436813f3
      CACHE_FILE = "platform/kernel.cache"
      LOG_PROVIDER = "WebSphere-LogProvider"
      SUBSYSTEM_CONTENT = "Subsystem-Content"
      INCLUDED_FILE = "osgi.subsystem.feature"
      MANIFEST_EXPORT_PACKAGE = "Export-Package"
      INUSE_KERNEL_FEATURES = "@="
      TYPE = "type="
      BOOT_JAR_TYPE = "boot.jar"
      BUNDLE_TYPE = "osgi.bundle"
      BUNDLE_LINE = "--|"
      LOCATION = "location:="
      VERSION = "version="
      START_PHASE = "start-phase:="
      NL = "
"
      emptyList = class java.util.Collections$EmptyList@1bd4fdd
      SPLIT_CHAR = ";"
      splitPattern = class java.util.regex.Pattern@55183b20
      repo = class com.ibm.ws.kernel.provisioning.NameBasedLocalBundleRepository@4f83df68
      cache = class com.ibm.ws.kernel.boot.internal.KernelResolver$ResolverCache@6cf0e0ba
      logProviderClass = "com.ibm.ws.logging.internal.impl.LogProviderImpl"
      kernelMf = class java.io.File@7d8995e
      logProviderMf = class java.io.File@130d63be
      osExtensionMf = null
      forceCleanStart = false
  manager = class com.ibm.ws.kernel.launch.internal.FrameworkManager@72d1ad2e
    tc = class com.ibm.websphere.ras.TraceComponent@759ebb3d
      strings[0] = "TraceComponent[com.ibm.ws.kernel.launch.internal.FrameworkManager,class com.ibm.ws.kernel.launch.internal.FrameworkManager,[bootstrap],com.ibm.ws.kernel.boot.resources.LauncherMessages,null]"
    licLangs = class java.util.Arrays$ArrayList@2b662a77
      serialVersionUID = -2764017481108945198
      a = class java.lang.String[17]
      modCount = 0
      MAX_ARRAY_SIZE = 2147483639
    sc = null
    shutdownHook = class com.ibm.ws.kernel.launch.internal.FrameworkManager$ShutdownHook@7c729a55
      isClient = false
      this$0 = class com.ibm.ws.kernel.launch.internal.FrameworkManager@72d1ad2e
      serialVersionUID = 3707675224966209439
      $$$tc$$$ = class com.ibm.websphere.ras.TraceComponent@47af7f3d
      name = {WS-ShutdownHook} /* array length = 15*/
      priority = 5
      threadQ = null
      eetop = 0
      single_step = false
      daemon = false
      stillborn = false
      target = null
      group = class java.lang.ThreadGroup@145f66e3
      contextClassLoader = class org.eclipse.osgi.internal.framework.ContextFinder@3023df74
      inheritedAccessControlContext = class java.security.AccessControlContext@313ac989
      threadInitNumber = 1
      threadLocals = null
      inheritableThreadLocals = null
      stackSize = 0
      nativeParkEventPointer = 0
      tid = 14
      threadSeqNumber = 15
      threadStatus = 0
      parkBlocker = null
      blocker = null
      blockerLock = class java.lang.Object@4562e04d
      MIN_PRIORITY = 1
      NORM_PRIORITY = 5
      MAX_PRIORITY = 10
      EMPTY_STACK_TRACE = class java.lang.StackTraceElement[0]
      SUBCLASS_IMPLEMENTATION_PERMISSION = class java.lang.RuntimePermission@2a65fe7c
      uncaughtExceptionHandler = null
      defaultUncaughtExceptionHandler = null
      threadLocalRandomSeed = 0
      threadLocalRandomProbe = 0
      threadLocalRandomSecondarySeed = 0
    config = class com.ibm.ws.kernel.boot.BootstrapConfig@595b007d
    fwkClassloader = class com.ibm.ws.kernel.internal.classloader.BootstrapChildFirstJarClassloader@7cd84586
    framework = class org.eclipse.osgi.launch.Equinox@7f0eb4b4
      systemBundle = class org.eclipse.osgi.internal.framework.EquinoxBundle$SystemBundle@6069db50
    frameworkLatch = class java.util.concurrent.CountDownLatch@5c33f1a9
      sync = class java.util.concurrent.CountDownLatch$Sync@747ddf94
    frameworkLaunchSuccess = false
    frameworkLaunched = class java.util.concurrent.CountDownLatch@1623b78d
      sync = class java.util.concurrent.CountDownLatch$Sync@6f1de4c7
    frameworkShutdownLatch = class java.util.concurrent.CountDownLatch@c8c12ac
      sync = class java.util.concurrent.CountDownLatch$Sync@799f10e1
    systemBundleCtx = class org.eclipse.osgi.internal.framework.BundleContextImpl@49c386c8
      findHookName = "org.osgi.framework.hooks.bundle.FindHook"
      valid = false
      bundle = class org.eclipse.osgi.internal.framework.EquinoxBundle$SystemBundle@6069db50
      container = class org.eclipse.osgi.internal.framework.EquinoxContainer@4efbca5a
      debug = class org.eclipse.osgi.internal.debug.Debug@1b7cc17c
      servicesInUse = null
      activator = null
      contextLock = class java.lang.Object@59662a0b
    startTime = 98267722421915
    threadIdentityManagerTracker = null
    clientRunner = null
    MANAGER_DIR_NAME = ".manager"
    OSGI_DIR_NAME = "org.eclipse.osgi"
    serialVersionUID = -274052415260748487
  managerLatch = class java.util.concurrent.CountDownLatch@2d7275fc
    sync = class java.util.concurrent.CountDownLatch$Sync@3febb011
      serialVersionUID = 4982264981922014374
      serialVersionUID = 7373984972572414691
      head = null
      tail = null
      state = 0
      spinForTimeoutThreshold = 1000
      unsafe = class sun.misc.Unsafe@4550bb58
      stateOffset = 16
      headOffset = 20
      tailOffset = 24
      waitStatusOffset = 12
      nextOffset = 20
      serialVersionUID = 3737899427754241961
      exclusiveOwnerThread = null
  fileStreamFactory = class com.ibm.ws.kernel.launch.internal.LauncherDelegateImpl$1@399f45b1
    this$0 = class com.ibm.ws.kernel.launch.internal.LauncherDelegateImpl@515aebb0
    serialVersionUID = 5581222731678888457
    $$$tc$$$ = class com.ibm.websphere.ras.TraceComponent@306a30c7
      strings[0] = "TraceComponent[com.ibm.ws.kernel.launch.internal.LauncherDelegateImpl$1,class com.ibm.ws.kernel.launch.internal.LauncherDelegateImpl$1,[bootstrap],com.ibm.ws.kernel.boot.resources.LauncherMessages,null]"
  serialVersionUID = 8440277898012016538
  $$$tc$$$ = class com.ibm.websphere.ras.TraceComponent@41cf53f9
    strings[0] = "TraceComponent[com.ibm.ws.kernel.launch.internal.LauncherDelegateImpl,class com.ibm.ws.kernel.launch.internal.LauncherDelegateImpl,[bootstrap],com.ibm.ws.kernel.boot.resources.LauncherMessages,null]"

