********************************************************************************
product = WebSphere Application Server 16.0.0.4 (wlp-1.0.15.cl160420161113-0206)
wlp.install.dir = C:/Users/IBM_ADMIN/Documents/GitHub/chansyapp/target/liberty/wlp/
java.home = C:\Program Files\Java\jdk1.8.0_101\jre
java.version = 1.8.0_101
java.runtime = Java(TM) SE Runtime Environment (1.8.0_101-b13)
os = Windows 7 (6.1; amd64) (en_US)
process = 1684@ISD-PC0BRTVW
********************************************************************************
[3/21/17 20:39:34:741 CST] 00000001 com.ibm.ws.kernel.launch.internal.FrameworkManager           A CWWKE0001I: The server defaultServer has been launched.
[3/21/17 20:39:34:807 CST] 00000001 com.ibm.ws.kernel.launch.internal.FrameworkManager           A CWWKE0100I: This product is licensed for development, and limited production use. The full license terms can be viewed here: https://public.dhe.ibm.com/ibmdl/export/pub/software/websphere/wasdev/license/base_ilan/ilan/16.0.0.4/lafiles/en.html
[3/21/17 20:39:40:162 CST] 00000001 com.ibm.ws.kernel.launch.internal.FrameworkManager           I CWWKE0002I: The kernel started after 6.697 seconds
[3/21/17 20:39:40:343 CST] 0000002f com.ibm.ws.kernel.feature.internal.FeatureManager            I CWWKF0007I: Feature update started.
[3/21/17 20:39:42:442 CST] 00000028 com.ibm.ws.app.manager.internal.monitor.DropinMonitor        A CWWKZ0058I: Monitoring dropins for applications. 
[3/21/17 20:39:43:128 CST] 00000035 com.ibm.ws.tcpchannel.internal.TCPChannel                    I CWWKO0219I: TCP Channel defaultHttpEndpoint has been started and is now listening for requests on host *  (IPv6) port 9080.
[3/21/17 20:39:43:897 CST] 00000034 com.ibm.ws.app.manager.AppMessageHelper                      I CWWKZ0018I: Starting application ChansyApp.
[3/21/17 20:39:50:220 CST] 00000034 com.ibm.ws.session.WASSessionCore                            I SESN8501I: The session manager did not find a persistent storage location; HttpSession objects will be stored in the local application server's memory.
[3/21/17 20:39:50:302 CST] 00000034 com.ibm.ws.webcontainer.osgi.webapp.WebGroup                 I SRVE0169I: Loading Web Module: ChansyApp-1.0-SNAPSHOT.
[3/21/17 20:39:50:306 CST] 00000034 com.ibm.ws.webcontainer                                      I SRVE0250I: Web Module ChansyApp-1.0-SNAPSHOT has been bound to default_host.
[3/21/17 20:39:50:308 CST] 00000034 com.ibm.ws.http.internal.VirtualHostImpl                     A CWWKT0016I: Web application available (default_host): http://isd-pc0brtvw.ad.qintra.com:9080/ChansyApp/
[3/21/17 20:39:50:327 CST] 00000034 com.ibm.ws.app.manager.AppMessageHelper                      A CWWKZ0001I: Application ChansyApp started in 6.430 seconds.
[3/21/17 20:39:50:598 CST] 0000002f com.ibm.ws.kernel.feature.internal.FeatureManager            A CWWKF0012I: The server installed the following features: [servlet-3.1].
[3/21/17 20:39:50:599 CST] 0000002f com.ibm.ws.kernel.feature.internal.FeatureManager            I CWWKF0008I: Feature update completed in 10.432 seconds.
[3/21/17 20:39:50:602 CST] 0000002f com.ibm.ws.kernel.feature.internal.FeatureManager            A CWWKF0011I: The server defaultServer is ready to run a smarter planet.
[3/21/17 20:39:52:260 CST] 00000034 com.ibm.ws.webcontainer.osgi.mbeans.PluginGenerator          I SRVE9103I: A configuration file for a web server plugin was automatically generated for this server at C:\Users\IBM_ADMIN\Documents\GitHub\chansyapp\target\liberty\wlp\usr\servers\defaultServer\logs\state\plugin-cfg.xml.
[3/21/17 20:40:16:218 CST] 00000045 com.ibm.ws.session.WASSessionCore                            I SESN0176I: A new session context will be created for application key default_host/ChansyApp
[3/21/17 20:40:16:241 CST] 00000045 com.ibm.ws.util                                              I SESN0172I: The session manager is using the Java default SecureRandom implementation for session ID generation.
[3/21/17 20:40:16:392 CST] 00000045 SystemErr                                                    R SLF4J: Failed to load class "org.slf4j.impl.StaticLoggerBinder".
[3/21/17 20:40:16:395 CST] 00000045 SystemErr                                                    R SLF4J: Defaulting to no-operation (NOP) logger implementation
[3/21/17 20:40:16:395 CST] 00000045 SystemErr                                                    R SLF4J: See http://www.slf4j.org/codes.html#StaticLoggerBinder for further details.
[3/21/17 20:40:17:098 CST] 0000003c com.ibm.ws.webcontainer.servlet                              I SRVE0242I: [ChansyApp] [/ChansyApp] [wasdev.sample.servlet.SimpleServlet]: Initialization successful.
[3/21/17 20:40:20:543 CST] 00000035 com.ibm.ws.webcontainer.servlet                              I SRVE0242I: [ChansyApp] [/ChansyApp] [wasdev.sample.servlet.LogClassifier]: Initialization successful.
[3/21/17 20:40:20:546 CST] 00000035 SystemOut                                                    O Posting loglinePOST
[3/21/17 20:40:20:563 CST] 00000035 SystemOut                                                    O 09:54:44.565 [main] ERROR java ClassCastExceptionTest java.lang.ClassCastException: java.lang.String incompatible with java.lang.Integer at ClassCastExceptionTest.storeItem(ClassCastExceptionTest.java:6)
[3/21/17 20:40:20:564 CST] 00000035 SystemOut                                                    O ajax
[3/21/17 20:40:20:568 CST] 00000035 SystemOut                                                    O Get log details
[3/21/17 20:40:20:570 CST] 00000035 SystemOut                                                    O 09:54:44.565
[3/21/17 20:40:20:574 CST] 00000035 SystemOut                                                    O N
[3/21/17 20:40:20:574 CST] 00000035 SystemOut                                                    O N
[3/21/17 20:40:20:575 CST] 00000035 SystemOut                                                    O [main]
[3/21/17 20:40:20:575 CST] 00000035 SystemOut                                                    O N
[3/21/17 20:40:20:575 CST] 00000035 SystemOut                                                    O N
[3/21/17 20:40:20:576 CST] 00000035 SystemOut                                                    O N
[3/21/17 20:40:20:576 CST] 00000035 SystemOut                                                    O ERROR
[3/21/17 20:40:20:576 CST] 00000035 SystemOut                                                    O N
[3/21/17 20:40:20:578 CST] 00000035 SystemOut                                                    O N
[3/21/17 20:40:20:579 CST] 00000035 SystemOut                                                    O N
[3/21/17 20:40:20:579 CST] 00000035 SystemOut                                                    O java
[3/21/17 20:40:20:580 CST] 00000035 SystemOut                                                    O N
[3/21/17 20:40:20:580 CST] 00000035 SystemOut                                                    O N
[3/21/17 20:40:20:580 CST] 00000035 SystemOut                                                    O N
[3/21/17 20:40:20:581 CST] 00000035 SystemOut                                                    O ClassCastExceptionTest
[3/21/17 20:40:20:582 CST] 00000035 SystemOut                                                    O N
[3/21/17 20:40:20:582 CST] 00000035 SystemOut                                                    O N
[3/21/17 20:40:20:582 CST] 00000035 SystemOut                                                    O N
[3/21/17 20:40:20:584 CST] 00000035 SystemOut                                                    O java.lang.ClassCastException:
[3/21/17 20:40:20:585 CST] 00000035 SystemOut                                                    O Found match java.lang.ClassCastException:
[3/21/17 20:40:20:586 CST] 00000035 SystemOut                                                    O N
[3/21/17 20:40:20:586 CST] 00000035 SystemOut                                                    O N
[3/21/17 20:40:20:586 CST] 00000035 SystemOut                                                    O java.lang.String
[3/21/17 20:40:20:586 CST] 00000035 SystemOut                                                    O N
[3/21/17 20:40:20:586 CST] 00000035 SystemOut                                                    O N
[3/21/17 20:40:20:587 CST] 00000035 SystemOut                                                    O N
[3/21/17 20:40:20:587 CST] 00000035 SystemOut                                                    O incompatible
[3/21/17 20:40:20:587 CST] 00000035 SystemOut                                                    O N
[3/21/17 20:40:20:587 CST] 00000035 SystemOut                                                    O N
[3/21/17 20:40:20:587 CST] 00000035 SystemOut                                                    O N
[3/21/17 20:40:20:587 CST] 00000035 SystemOut                                                    O with
[3/21/17 20:40:20:588 CST] 00000035 SystemOut                                                    O N
[3/21/17 20:40:20:588 CST] 00000035 SystemOut                                                    O N
[3/21/17 20:40:20:588 CST] 00000035 SystemOut                                                    O N
[3/21/17 20:40:20:588 CST] 00000035 SystemOut                                                    O java.lang.Integer
[3/21/17 20:40:20:588 CST] 00000035 SystemOut                                                    O N
[3/21/17 20:40:20:589 CST] 00000035 SystemOut                                                    O N
[3/21/17 20:40:20:589 CST] 00000035 SystemOut                                                    O N
[3/21/17 20:40:20:590 CST] 00000035 SystemOut                                                    O at
[3/21/17 20:40:20:590 CST] 00000035 SystemOut                                                    O N
[3/21/17 20:40:20:590 CST] 00000035 SystemOut                                                    O N
[3/21/17 20:40:20:590 CST] 00000035 SystemOut                                                    O N
[3/21/17 20:40:20:590 CST] 00000035 SystemOut                                                    O ClassCastExceptionTest.storeItem(ClassCastExceptionTest.java:6)
[3/21/17 20:40:20:590 CST] 00000035 SystemOut                                                    O Method:ClassCastExceptionTest.storeItem
[3/21/17 20:40:20:591 CST] 00000035 SystemOut                                                    O N
[3/21/17 20:40:20:592 CST] 00000035 SystemOut                                                    O N
[3/21/17 20:40:20:592 CST] 00000035 SystemOut                                                    O N
[3/21/17 20:40:20:592 CST] 00000035 SystemOut                                                    O 	{exception=java.lang.ClassCastException:, filename=ClassCastExceptionTest.java, method=ClassCastExceptionTest.storeItem, logdate=not found, linenum=6, logtime=09:54:44.565}
[3/21/17 20:40:20:592 CST] 00000035 SystemOut                                                    O Classify log
[3/21/17 20:40:23:446 CST] 00000035 SystemOut                                                    O {
  "classes": [
    {
      "confidence": 0.995957434288418,
      "class_name": "JavaError"
    },
    {
      "confidence": 0.004042565711582037,
      "class_name": "JavaWarning"
    }
  ],
  "classifier_id": "90e7acx197-nlc-2434",
  "text": "09:54:44.565 [main] ERROR java ClassCastExceptionTest java.lang.ClassCastException: java.lang.String incompatible with java.lang.Integer at ClassCastExceptionTest.storeItem(ClassCastExceptionTest.java:6)",
  "top_class": "JavaError",
  "url": "https://gateway.watsonplatform.net/natural-language-classifier/api/v1/classifiers/90e7acx197-nlc-2434"
}
[3/21/17 20:40:23:446 CST] 00000035 SystemOut                                                    O 0.995957434288418
[3/21/17 21:50:29:550 CST] 00000026 com.ibm.ws.kernel.launch.internal.ServerCommandListener      A CWWKE0055I: Server shutdown requested on Tuesday, March 21, 2017 at 9:50 PM. The server defaultServer is shutting down.
[3/21/17 21:50:29:558 CST] 00000469 com.ibm.ws.runtime.update.internal.RuntimeUpdateManagerImpl  A CWWKE1100I: Waiting for up to 30 seconds for the server to quiesce.
[3/21/17 21:50:29:563 CST] 0000046a com.ibm.ws.tcpchannel.internal.TCPChannel                    I CWWKO0220I: TCP Channel defaultHttpEndpoint has stopped listening for requests on host *  (IPv6) port 9080.
[3/21/17 21:50:29:565 CST] 0000046a com.ibm.ws.http.internal.VirtualHostImpl                     A CWWKT0017I: Web application removed (default_host): http://isd-pc0brtvw.ad.qintra.com:9080/ChansyApp/
[3/21/17 21:50:29:568 CST] 00000469 com.ibm.ws.runtime.update.internal.RuntimeUpdateManagerImpl  I CWWKE1101I: Server quiesce complete.
[3/21/17 21:50:29:585 CST] 0000044a com.ibm.ws.webcontainer.servlet                              I SRVE0253I: [ChansyApp] [/ChansyApp] [wasdev.sample.servlet.SimpleServlet]: Destroy successful.
[3/21/17 21:50:29:587 CST] 0000044a com.ibm.ws.webcontainer.servlet                              I SRVE0253I: [ChansyApp] [/ChansyApp] [wasdev.sample.servlet.LogClassifier]: Destroy successful.
[3/21/17 21:50:29:602 CST] 0000044a com.ibm.ws.app.manager.AppMessageHelper                      A CWWKZ0009I: The application ChansyApp has stopped successfully.
[3/21/17 21:50:29:909 CST] 00000001 com.ibm.ws.kernel.launch.internal.FrameworkManager           A CWWKE0036I: The server defaultServer stopped after 1 hours, 10 minutes, 56.423 seconds.
