********************************************************************************
product = WebSphere Application Server 17.0.0.1 (wlp-1.0.16.cl170120170227-0220)
wlp.install.dir = C:/Users/IBM_ADMIN/Documents/GitHub/chansyapp/target/liberty/wlp/
java.home = C:\Program Files\Java\jdk1.8.0_101\jre
java.version = 1.8.0_101
java.runtime = Java(TM) SE Runtime Environment (1.8.0_101-b13)
os = Windows 7 (6.1; amd64) (en_US)
process = 11020@ISD-PC0BRTVW
********************************************************************************
[6/9/17 17:00:37:661 CST] 00000001 com.ibm.ws.kernel.launch.internal.FrameworkManager           A CWWKE0001I: The server defaultServer has been launched.
[6/9/17 17:00:37:680 CST] 00000001 com.ibm.ws.kernel.launch.internal.FrameworkManager           A CWWKE0100I: This product is licensed for development, and limited production use. The full license terms can be viewed here: https://public.dhe.ibm.com/ibmdl/export/pub/software/websphere/wasdev/license/base_ilan/ilan/17.0.0.1/lafiles/en.html
[6/9/17 17:00:39:774 CST] 00000001 com.ibm.ws.kernel.launch.internal.FrameworkManager           I CWWKE0002I: The kernel started after 2.367 seconds
[6/9/17 17:00:39:943 CST] 00000018 com.ibm.ws.kernel.feature.internal.FeatureManager            I CWWKF0007I: Feature update started.
[6/9/17 17:00:41:542 CST] 00000011 com.ibm.ws.app.manager.internal.monitor.DropinMonitor        A CWWKZ0058I: Monitoring dropins for applications. 
[6/9/17 17:00:41:734 CST] 0000001d com.ibm.ws.tcpchannel.internal.TCPChannel                    I CWWKO0219I: TCP Channel defaultHttpEndpoint has been started and is now listening for requests on host *  (IPv6) port 9080.
[6/9/17 17:00:41:923 CST] 00000023 com.ibm.ws.app.manager.AppMessageHelper                      I CWWKZ0018I: Starting application ChansyApp.
[6/9/17 17:00:44:165 CST] 00000023 com.ibm.ws.session.WASSessionCore                            I SESN8501I: The session manager did not find a persistent storage location; HttpSession objects will be stored in the local application server's memory.
[6/9/17 17:00:44:205 CST] 00000023 com.ibm.ws.webcontainer.osgi.webapp.WebGroup                 I SRVE0169I: Loading Web Module: ChansyApp-1.2.
[6/9/17 17:00:44:213 CST] 00000023 com.ibm.ws.webcontainer                                      I SRVE0250I: Web Module ChansyApp-1.2 has been bound to default_host.
[6/9/17 17:00:44:216 CST] 00000023 com.ibm.ws.http.internal.VirtualHostImpl                     A CWWKT0016I: Web application available (default_host): http://isd-pc0brtvw.ad.qintra.com:9080/ChansyApp/
[6/9/17 17:00:44:225 CST] 00000023 com.ibm.ws.app.manager.AppMessageHelper                      A CWWKZ0001I: Application ChansyApp started in 2.303 seconds.
[6/9/17 17:00:44:640 CST] 00000019 com.ibm.ws.session.WASSessionCore                            I SESN0176I: A new session context will be created for application key default_host/ChansyApp
[6/9/17 17:00:44:673 CST] 00000018 com.ibm.ws.kernel.feature.internal.FeatureManager            A CWWKF0012I: The server installed the following features: [servlet-3.1].
[6/9/17 17:00:44:674 CST] 00000018 com.ibm.ws.kernel.feature.internal.FeatureManager            I CWWKF0008I: Feature update completed in 4.911 seconds.
[6/9/17 17:00:44:674 CST] 00000018 com.ibm.ws.kernel.feature.internal.FeatureManager            A CWWKF0011I: The server defaultServer is ready to run a smarter planet.
[6/9/17 17:00:44:692 CST] 00000019 com.ibm.ws.util                                              I SESN0172I: The session manager is using the Java default SecureRandom implementation for session ID generation.
[6/9/17 17:00:44:770 CST] 00000019 SystemErr                                                    R SLF4J: Failed to load class "org.slf4j.impl.StaticLoggerBinder".
[6/9/17 17:00:44:771 CST] 00000019 SystemErr                                                    R SLF4J: Defaulting to no-operation (NOP) logger implementation
[6/9/17 17:00:44:773 CST] 00000019 SystemErr                                                    R SLF4J: See http://www.slf4j.org/codes.html#StaticLoggerBinder for further details.
[6/9/17 17:00:46:133 CST] 00000025 com.ibm.ws.webcontainer.osgi.mbeans.PluginGenerator          I SRVE9103I: A configuration file for a web server plugin was automatically generated for this server at C:\Users\IBM_ADMIN\Documents\GitHub\chansyapp\target\liberty\wlp\usr\servers\defaultServer\logs\state\plugin-cfg.xml.
[6/9/17 17:00:49:133 CST] 00000019 com.ibm.ws.webcontainer.servlet                              I SRVE0242I: [ChansyApp] [/ChansyApp] [wasdev.sample.servlet.SimpleServlet]: Initialization successful.
[6/9/17 21:37:08:284 CST] 0000000f com.ibm.ws.kernel.launch.internal.ServerCommandListener      A CWWKE0055I: Server shutdown requested on Friday, June 9, 2017 at 9:37 PM. The server defaultServer is shutting down.
[6/9/17 21:37:08:289 CST] 0000096c com.ibm.ws.runtime.update.internal.RuntimeUpdateManagerImpl  A CWWKE1100I: Waiting for up to 30 seconds for the server to quiesce.
[6/9/17 21:37:08:294 CST] 0000096d com.ibm.ws.tcpchannel.internal.TCPChannel                    I CWWKO0220I: TCP Channel defaultHttpEndpoint has stopped listening for requests on host *  (IPv6) port 9080.
[6/9/17 21:37:08:298 CST] 0000096d com.ibm.ws.http.internal.VirtualHostImpl                     A CWWKT0017I: Web application removed (default_host): http://isd-pc0brtvw.ad.qintra.com:9080/ChansyApp/
[6/9/17 21:37:08:301 CST] 0000096c com.ibm.ws.runtime.update.internal.RuntimeUpdateManagerImpl  I CWWKE1101I: Server quiesce complete.
[6/9/17 21:37:08:314 CST] 00000967 com.ibm.ws.webcontainer.servlet                              I SRVE0253I: [ChansyApp] [/ChansyApp] [wasdev.sample.servlet.SimpleServlet]: Destroy successful.
[6/9/17 21:37:08:331 CST] 00000967 com.ibm.ws.app.manager.AppMessageHelper                      A CWWKZ0009I: The application ChansyApp has stopped successfully.
[6/9/17 21:37:08:610 CST] 00000001 com.ibm.ws.kernel.launch.internal.FrameworkManager           A CWWKE0036I: The server defaultServer stopped after 4 hours, 36 minutes, 30.862 seconds.
