********************************************************************************
product = WebSphere Application Server 16.0.0.4 (wlp-1.0.15.cl160420161113-0206)
wlp.install.dir = C:/Users/IBM_ADMIN/Documents/GitHub/chansyapp/target/liberty/wlp/
java.home = C:\Program Files\Java\jdk1.8.0_101\jre
java.version = 1.8.0_101
java.runtime = Java(TM) SE Runtime Environment (1.8.0_101-b13)
os = Windows 7 (6.1; amd64) (en_US)
process = 5036@ISD-PC0BRTVW
********************************************************************************
[3/20/17 23:20:39:925 CST] 00000001 com.ibm.ws.kernel.launch.internal.FrameworkManager           A CWWKE0001I: The server defaultServer has been launched.
[3/20/17 23:20:39:967 CST] 00000001 com.ibm.ws.kernel.launch.internal.FrameworkManager           A CWWKE0100I: This product is licensed for development, and limited production use. The full license terms can be viewed here: https://public.dhe.ibm.com/ibmdl/export/pub/software/websphere/wasdev/license/base_ilan/ilan/16.0.0.4/lafiles/en.html
[3/20/17 23:20:45:519 CST] 00000001 com.ibm.ws.kernel.launch.internal.FrameworkManager           I CWWKE0002I: The kernel started after 9.02 seconds
[3/20/17 23:20:45:960 CST] 0000002f com.ibm.ws.kernel.feature.internal.FeatureManager            I CWWKF0007I: Feature update started.
[3/20/17 23:20:50:855 CST] 00000028 com.ibm.ws.app.manager.internal.monitor.DropinMonitor        A CWWKZ0058I: Monitoring dropins for applications. 
[3/20/17 23:20:51:159 CST] 00000031 com.ibm.ws.tcpchannel.internal.TCPChannel                    I CWWKO0219I: TCP Channel defaultHttpEndpoint has been started and is now listening for requests on host *  (IPv6) port 9080.
[3/20/17 23:20:51:987 CST] 00000035 com.ibm.ws.app.manager.AppMessageHelper                      I CWWKZ0018I: Starting application ChansyApp.
[3/20/17 23:20:56:869 CST] 00000035 com.ibm.ws.session.WASSessionCore                            I SESN8501I: The session manager did not find a persistent storage location; HttpSession objects will be stored in the local application server's memory.
[3/20/17 23:20:57:540 CST] 00000035 com.ibm.ws.webcontainer.osgi.webapp.WebGroup                 I SRVE0169I: Loading Web Module: ChansyApp-1.0-SNAPSHOT.
[3/20/17 23:20:57:584 CST] 00000035 com.ibm.ws.webcontainer                                      I SRVE0250I: Web Module ChansyApp-1.0-SNAPSHOT has been bound to default_host.
[3/20/17 23:20:57:586 CST] 00000035 com.ibm.ws.http.internal.VirtualHostImpl                     A CWWKT0016I: Web application available (default_host): http://isd-pc0brtvw.ad.qintra.com:9080/ChansyApp/
[3/20/17 23:20:57:720 CST] 00000035 com.ibm.ws.app.manager.AppMessageHelper                      A CWWKZ0001I: Application ChansyApp started in 5.733 seconds.
[3/20/17 23:20:57:902 CST] 0000002f com.ibm.ws.kernel.feature.internal.FeatureManager            A CWWKF0012I: The server installed the following features: [servlet-3.1].
[3/20/17 23:20:57:907 CST] 0000002f com.ibm.ws.kernel.feature.internal.FeatureManager            I CWWKF0008I: Feature update completed in 12.320 seconds.
[3/20/17 23:20:57:907 CST] 0000002f com.ibm.ws.kernel.feature.internal.FeatureManager            A CWWKF0011I: The server defaultServer is ready to run a smarter planet.
[3/20/17 23:20:59:643 CST] 00000035 com.ibm.ws.webcontainer.osgi.mbeans.PluginGenerator          I SRVE9103I: A configuration file for a web server plugin was automatically generated for this server at C:\Users\IBM_ADMIN\Documents\GitHub\chansyapp\target\liberty\wlp\usr\servers\defaultServer\logs\state\plugin-cfg.xml.
[3/20/17 23:50:56:118 CST] 0000026d com.ibm.ws.session.WASSessionCore                            I SESN0176I: A new session context will be created for application key default_host/ChansyApp
[3/20/17 23:50:56:151 CST] 0000026d com.ibm.ws.util                                              I SESN0172I: The session manager is using the Java default SecureRandom implementation for session ID generation.
[3/20/17 23:50:56:315 CST] 0000026d SystemErr                                                    R SLF4J: Failed to load class "org.slf4j.impl.StaticLoggerBinder".
[3/20/17 23:50:56:316 CST] 0000026d SystemErr                                                    R SLF4J: Defaulting to no-operation (NOP) logger implementation
[3/20/17 23:50:56:317 CST] 0000026d SystemErr                                                    R SLF4J: See http://www.slf4j.org/codes.html#StaticLoggerBinder for further details.
[3/20/17 23:50:57:706 CST] 0000028a com.ibm.ws.webcontainer.servlet                              I SRVE0242I: [ChansyApp] [/ChansyApp] [wasdev.sample.servlet.SimpleServlet]: Initialization successful.
[3/20/17 23:50:58:165 CST] 00000285 com.ibm.ws.webcontainer.extension                            W SRVE0190E: File not found: /img/favicon.png
[3/21/17 0:14:23:926 CST] 00000026 com.ibm.ws.kernel.launch.internal.ServerCommandListener      A CWWKE0055I: Server shutdown requested on Tuesday, March 21, 2017 at 12:14 AM. The server defaultServer is shutting down.
[3/21/17 0:14:23:936 CST] 00000461 com.ibm.ws.runtime.update.internal.RuntimeUpdateManagerImpl  A CWWKE1100I: Waiting for up to 30 seconds for the server to quiesce.
[3/21/17 0:14:23:940 CST] 00000462 com.ibm.ws.tcpchannel.internal.TCPChannel                    I CWWKO0220I: TCP Channel defaultHttpEndpoint has stopped listening for requests on host *  (IPv6) port 9080.
[3/21/17 0:14:23:942 CST] 00000462 com.ibm.ws.http.internal.VirtualHostImpl                     A CWWKT0017I: Web application removed (default_host): http://isd-pc0brtvw.ad.qintra.com:9080/ChansyApp/
[3/21/17 0:14:23:944 CST] 00000461 com.ibm.ws.runtime.update.internal.RuntimeUpdateManagerImpl  I CWWKE1101I: Server quiesce complete.
[3/21/17 0:14:23:956 CST] 00000440 com.ibm.ws.webcontainer.servlet                              I SRVE0253I: [ChansyApp] [/ChansyApp] [wasdev.sample.servlet.SimpleServlet]: Destroy successful.
[3/21/17 0:14:23:970 CST] 00000440 com.ibm.ws.app.manager.AppMessageHelper                      A CWWKZ0009I: The application ChansyApp has stopped successfully.
[3/21/17 0:14:24:258 CST] 00000001 com.ibm.ws.kernel.launch.internal.FrameworkManager           A CWWKE0036I: The server defaultServer stopped after 53 minutes, 47.708 seconds.
