********************************************************************************
product = WebSphere Application Server 16.0.0.4 (wlp-1.0.15.cl160420161113-0206)
wlp.install.dir = C:/Users/IBM_ADMIN/Documents/GitHub/chansyapp/target/liberty/wlp/
java.home = C:\Program Files\Java\jdk1.8.0_101\jre
java.version = 1.8.0_101
java.runtime = Java(TM) SE Runtime Environment (1.8.0_101-b13)
os = Windows 7 (6.1; amd64) (en_US)
process = 10424@ISD-PC0BRTVW
********************************************************************************
[3/21/17 22:39:29:594 CST] 00000001 com.ibm.ws.kernel.launch.internal.FrameworkManager           A CWWKE0001I: The server defaultServer has been launched.
[3/21/17 22:39:29:638 CST] 00000001 com.ibm.ws.kernel.launch.internal.FrameworkManager           A CWWKE0100I: This product is licensed for development, and limited production use. The full license terms can be viewed here: https://public.dhe.ibm.com/ibmdl/export/pub/software/websphere/wasdev/license/base_ilan/ilan/16.0.0.4/lafiles/en.html
[3/21/17 22:39:33:008 CST] 00000001 com.ibm.ws.kernel.launch.internal.FrameworkManager           I CWWKE0002I: The kernel started after 4.138 seconds
[3/21/17 22:39:33:183 CST] 0000002f com.ibm.ws.kernel.feature.internal.FeatureManager            I CWWKF0007I: Feature update started.
[3/21/17 22:39:35:956 CST] 00000028 com.ibm.ws.app.manager.internal.monitor.DropinMonitor        A CWWKZ0058I: Monitoring dropins for applications. 
[3/21/17 22:39:36:082 CST] 00000035 com.ibm.ws.tcpchannel.internal.TCPChannel                    I CWWKO0219I: TCP Channel defaultHttpEndpoint has been started and is now listening for requests on host *  (IPv6) port 9080.
[3/21/17 22:39:36:767 CST] 00000030 com.ibm.ws.app.manager.AppMessageHelper                      I CWWKZ0018I: Starting application ChansyApp.
[3/21/17 22:39:39:244 CST] 00000030 com.ibm.ws.session.WASSessionCore                            I SESN8501I: The session manager did not find a persistent storage location; HttpSession objects will be stored in the local application server's memory.
[3/21/17 22:39:39:365 CST] 00000030 com.ibm.ws.webcontainer.osgi.webapp.WebGroup                 I SRVE0169I: Loading Web Module: ChansyApp-1.0-SNAPSHOT.
[3/21/17 22:39:39:377 CST] 00000030 com.ibm.ws.webcontainer                                      I SRVE0250I: Web Module ChansyApp-1.0-SNAPSHOT has been bound to default_host.
[3/21/17 22:39:39:379 CST] 00000030 com.ibm.ws.http.internal.VirtualHostImpl                     A CWWKT0016I: Web application available (default_host): http://isd-pc0brtvw.ad.qintra.com:9080/ChansyApp/
[3/21/17 22:39:39:394 CST] 00000030 com.ibm.ws.app.manager.AppMessageHelper                      A CWWKZ0001I: Application ChansyApp started in 2.628 seconds.
[3/21/17 22:39:39:658 CST] 0000002f com.ibm.ws.kernel.feature.internal.FeatureManager            A CWWKF0012I: The server installed the following features: [servlet-3.1].
[3/21/17 22:39:39:659 CST] 0000002f com.ibm.ws.kernel.feature.internal.FeatureManager            I CWWKF0008I: Feature update completed in 6.644 seconds.
[3/21/17 22:39:39:660 CST] 0000002f com.ibm.ws.kernel.feature.internal.FeatureManager            A CWWKF0011I: The server defaultServer is ready to run a smarter planet.
[3/21/17 22:39:41:764 CST] 00000030 com.ibm.ws.webcontainer.osgi.mbeans.PluginGenerator          I SRVE9103I: A configuration file for a web server plugin was automatically generated for this server at C:\Users\IBM_ADMIN\Documents\GitHub\chansyapp\target\liberty\wlp\usr\servers\defaultServer\logs\state\plugin-cfg.xml.
[3/21/17 22:56:29:468 CST] 00000026 com.ibm.ws.kernel.launch.internal.ServerCommandListener      A CWWKE0055I: Server shutdown requested on Tuesday, March 21, 2017 at 10:56 PM. The server defaultServer is shutting down.
[3/21/17 22:56:29:477 CST] 000000b5 com.ibm.ws.runtime.update.internal.RuntimeUpdateManagerImpl  A CWWKE1100I: Waiting for up to 30 seconds for the server to quiesce.
[3/21/17 22:56:29:481 CST] 000000b6 com.ibm.ws.tcpchannel.internal.TCPChannel                    I CWWKO0220I: TCP Channel defaultHttpEndpoint has stopped listening for requests on host *  (IPv6) port 9080.
[3/21/17 22:56:29:483 CST] 000000b6 com.ibm.ws.http.internal.VirtualHostImpl                     A CWWKT0017I: Web application removed (default_host): http://isd-pc0brtvw.ad.qintra.com:9080/ChansyApp/
[3/21/17 22:56:29:485 CST] 000000b5 com.ibm.ws.runtime.update.internal.RuntimeUpdateManagerImpl  I CWWKE1101I: Server quiesce complete.
[3/21/17 22:56:29:524 CST] 000000aa com.ibm.ws.app.manager.AppMessageHelper                      A CWWKZ0009I: The application ChansyApp has stopped successfully.
[3/21/17 22:56:29:807 CST] 00000001 com.ibm.ws.kernel.launch.internal.FrameworkManager           A CWWKE0036I: The server defaultServer stopped after 17 minutes, 0.931 seconds.
